Error downloading file: https://github.com/NiharikaCNR/STAT605-Project/raw/main/data/tracks/Ambient/6Qyy9fqDBBZyl90snerjl0.pickle
Error downloading file: https://github.com/NiharikaCNR/STAT605-Project/raw/main/data/tracks/Ambient/2cRQA17KKBy0pklGxGZ699.pickle
Error downloading file: https://github.com/NiharikaCNR/STAT605-Project/raw/main/data/tracks/Ambient/2CxBaNFCjYVi0Iv2PpeZDG.pickle
Error downloading file: https://github.com/NiharikaCNR/STAT605-Project/raw/main/data/tracks/Ambient/0DuKfzPUyHNS92DuruNqpK.pickle
Error downloading file: https://github.com/NiharikaCNR/STAT605-Project/raw/main/data/tracks/Ambient/0DuKfzPUyHNS92DuruNqpK.pickle
Error downloading file: https://github.com/NiharikaCNR/STAT605-Project/raw/main/data/tracks/Ambient/0DuKfzPUyHNS92DuruNqpK.pickle
Error downloading file: https://github.com/NiharikaCNR/STAT605-Project/raw/main/data/tracks/Ambient/0DuKfzPUyHNS92DuruNqpK.pickle
Error downloading file: https://github.com/NiharikaCNR/STAT605-Project/raw/main/data/tracks/Ambient/5XflWKyyLrg3HlvjlDn6Rk.pickle
Error downloading file: https://github.com/NiharikaCNR/STAT605-Project/raw/main/data/tracks/Ambient/3dX87nGdE9AdBbFPBN6JyD.pickle
Error downloading file: https://github.com/NiharikaCNR/STAT605-Project/raw/main/data/tracks/Ambient/3dX87nGdE9AdBbFPBN6JyD.pickle
Error downloading file: https://github.com/NiharikaCNR/STAT605-Project/raw/main/data/tracks/Ambient/3dX87nGdE9AdBbFPBN6JyD.pickle
Error downloading file: https://github.com/NiharikaCNR/STAT605-Project/raw/main/data/tracks/Ambient/3dX87nGdE9AdBbFPBN6JyD.pickle
Error downloading file: https://github.com/NiharikaCNR/STAT605-Project/raw/main/data/tracks/Ambient/4iVfo86kIOT4ylKfJVDKvj.pickle
Error downloading file: https://github.com/NiharikaCNR/STAT605-Project/raw/main/data/tracks/Ambient/575blCgesVtCu0HEYaIcas.pickle
Error downloading file: https://github.com/NiharikaCNR/STAT605-Project/raw/main/data/tracks/Ambient/575blCgesVtCu0HEYaIcas.pickle
Error downloading file: https://github.com/NiharikaCNR/STAT605-Project/raw/main/data/tracks/Ambient/575blCgesVtCu0HEYaIcas.pickle
Error downloading file: https://github.com/NiharikaCNR/STAT605-Project/raw/main/data/tracks/Ambient/575blCgesVtCu0HEYaIcas.pickle
Error downloading file: https://github.com/NiharikaCNR/STAT605-Project/raw/main/data/tracks/Ambient/5DhUiqa8Fc48J17GZtAs7i.pickle
Error downloading file: https://github.com/NiharikaCNR/STAT605-Project/raw/main/data/tracks/Ambient/2LFvHkgLws1Qb6kQA1CQHi.pickle
Error downloading file: https://github.com/NiharikaCNR/STAT605-Project/raw/main/data/tracks/Ambient/1XWKSNngAvp3hs6w3cFWAs.pickle
Error downloading file: https://github.com/NiharikaCNR/STAT605-Project/raw/main/data/tracks/Ambient/426vkEldQjsWIMCEx26Wee.pickle
Error downloading file: https://github.com/NiharikaCNR/STAT605-Project/raw/main/data/tracks/Ambient/3Z9PWaE8d55XcOxEHwx6U8.pickle
Error downloading file: https://github.com/NiharikaCNR/STAT605-Project/raw/main/data/tracks/Ambient/4o6vJWuNT0w01fPMISWOVV.pickle
Error downloading file: https://github.com/NiharikaCNR/STAT605-Project/raw/main/data/tracks/Ambient/7K390g1jaEEG634ILDD4mW.pickle
Error downloading file: https://github.com/NiharikaCNR/STAT605-Project/raw/main/data/tracks/Ambient/77J5YZNzyRlIfmfx1iYGRE.pickle
Error downloading file: https://github.com/NiharikaCNR/STAT605-Project/raw/main/data/tracks/Ambient/6Ywas6l9JyqXWDS1PKmzj6.pickle
Error downloading file: https://github.com/NiharikaCNR/STAT605-Project/raw/main/data/tracks/Ambient/7IYrIgIgomCRgXCNkHOXMX.pickle
Error downloading file: https://github.com/NiharikaCNR/STAT605-Project/raw/main/data/tracks/Ambient/6Q5uDNuuFYa8ToL3CCoHPC.pickle
Error downloading file: https://github.com/NiharikaCNR/STAT605-Project/raw/main/data/tracks/Ambient/5KIGU2oWqXFjXdQKTIhfmZ.pickle
Error downloading file: https://github.com/NiharikaCNR/STAT605-Project/raw/main/data/tracks/Ambient/796V9eHMoj2rmZnVuxWly8.pickle
Error downloading file: https://github.com/NiharikaCNR/STAT605-Project/raw/main/data/tracks/Ambient/0FVuyC9RP5MACjp4lgU3qZ.pickle
Error downloading file: https://github.com/NiharikaCNR/STAT605-Project/raw/main/data/tracks/Ambient/7Cwt68khwNZg4yc9enbjsY.pickle
Error downloading file: https://github.com/NiharikaCNR/STAT605-Project/raw/main/data/tracks/Ambient/5soViX7uPUyYaPT6EJJD5e.pickle
Error downloading file: https://github.com/NiharikaCNR/STAT605-Project/raw/main/data/tracks/Ambient/75c7B7CF7n06YFSgnoxVMm.pickle
Error downloading file: https://github.com/NiharikaCNR/STAT605-Project/raw/main/data/tracks/Ambient/1SH1h3tfQFWvlMtW6F30DM.pickle
Error downloading file: https://github.com/NiharikaCNR/STAT605-Project/raw/main/data/tracks/Ambient/3sXpdvzLk3dsop4otSaeJV.pickle
Error downloading file: https://github.com/NiharikaCNR/STAT605-Project/raw/main/data/tracks/Ambient/0OF6WSdeVmYEGBZlxvwvLq.pickle
Error downloading file: https://github.com/NiharikaCNR/STAT605-Project/raw/main/data/tracks/Ambient/11n8LudggXuZXmldSlAadR.pickle
Error downloading file: https://github.com/NiharikaCNR/STAT605-Project/raw/main/data/tracks/Ambient/2FGsWazGl3pdFX1kNk2NY1.pickle
Error downloading file: https://github.com/NiharikaCNR/STAT605-Project/raw/main/data/tracks/Ambient/3cIG78oBauowzEbkBwWADN.pickle
Error downloading file: https://github.com/NiharikaCNR/STAT605-Project/raw/main/data/tracks/Ambient/4sYn64V9gqP6bpkOGw5B9k.pickle
Error downloading file: https://github.com/NiharikaCNR/STAT605-Project/raw/main/data/tracks/Ambient/5pie01PYzPuRexCyFilLGU.pickle
Error downloading file: https://github.com/NiharikaCNR/STAT605-Project/raw/main/data/tracks/Ambient/4N92mYGzWCFp8X925TUdSI.pickle
Error downloading file: https://github.com/NiharikaCNR/STAT605-Project/raw/main/data/tracks/Ambient/4macbsL1U1qhQD9Ixj5OVa.pickle
Error downloading file: https://github.com/NiharikaCNR/STAT605-Project/raw/main/data/tracks/Ambient/5xYR2G6YOEzX2X9asFUrOE.pickle
Error downloading file: https://github.com/NiharikaCNR/STAT605-Project/raw/main/data/tracks/Ambient/5xYR2G6YOEzX2X9asFUrOE.pickle
Error downloading file: https://github.com/NiharikaCNR/STAT605-Project/raw/main/data/tracks/Ambient/5xYR2G6YOEzX2X9asFUrOE.pickle
Error downloading file: https://github.com/NiharikaCNR/STAT605-Project/raw/main/data/tracks/Ambient/5xYR2G6YOEzX2X9asFUrOE.pickle
Error downloading file: https://github.com/NiharikaCNR/STAT605-Project/raw/main/data/tracks/Ambient/5JTRbD6x9nnYh3mrrK3kcR.pickle
Error downloading file: https://github.com/NiharikaCNR/STAT605-Project/raw/main/data/tracks/Ambient/5GkwLJY8HC4L0lUUAXqaBS.pickle
Error downloading file: https://github.com/NiharikaCNR/STAT605-Project/raw/main/data/tracks/Ambient/4GGdwZABjIFSnFGavhd7Ge.pickle
Error downloading file: https://github.com/NiharikaCNR/STAT605-Project/raw/main/data/tracks/Ambient/4GGdwZABjIFSnFGavhd7Ge.pickle
Error downloading file: https://github.com/NiharikaCNR/STAT605-Project/raw/main/data/tracks/Ambient/4GGdwZABjIFSnFGavhd7Ge.pickle
Error downloading file: https://github.com/NiharikaCNR/STAT605-Project/raw/main/data/tracks/Ambient/4GGdwZABjIFSnFGavhd7Ge.pickle
Error downloading file: https://github.com/NiharikaCNR/STAT605-Project/raw/main/data/tracks/Ambient/3AVrVz5rK8Hrqo9YGiVGN5.pickle
Error downloading file: https://github.com/NiharikaCNR/STAT605-Project/raw/main/data/tracks/Ambient/5YqpHuXpFjDVZ7tY1ClFll.pickle
Error downloading file: https://github.com/NiharikaCNR/STAT605-Project/raw/main/data/tracks/Ambient/7qH9Z4dJEN0l9bidizW7fq.pickle
Error downloading file: https://github.com/NiharikaCNR/STAT605-Project/raw/main/data/tracks/Ambient/5Z6Xn3H7uoleoSAQZcWCGb.pickle
Error downloading file: https://github.com/NiharikaCNR/STAT605-Project/raw/main/data/tracks/Ambient/2quE9M1AL9B7T6iSjzeT0o.pickle
Error downloading file: https://github.com/NiharikaCNR/STAT605-Project/raw/main/data/tracks/Ambient/4rEHRykxSQvP6mA23Umt71.pickle
Error downloading file: https://github.com/NiharikaCNR/STAT605-Project/raw/main/data/tracks/Ambient/3DjhYKmRHk0fq0fpb103nY.pickle
Error downloading file: https://github.com/NiharikaCNR/STAT605-Project/raw/main/data/tracks/Ambient/1B62o4CbdL9ckGvwsz2cgn.pickle
Error downloading file: https://github.com/NiharikaCNR/STAT605-Project/raw/main/data/tracks/Ambient/0gKiONJeEtwb3hps4sUgyn.pickle
Error downloading file: https://github.com/NiharikaCNR/STAT605-Project/raw/main/data/tracks/Ambient/7BSMSvK0WxrDeI98bswYa8.pickle
Error downloading file: https://github.com/NiharikaCNR/STAT605-Project/raw/main/data/tracks/Ambient/0Y1fueUFu8jQtUxdUmOojf.pickle
Error downloading file: https://github.com/NiharikaCNR/STAT605-Project/raw/main/data/tracks/Ambient/6LGoGD6GV9BadApTSaUqcv.pickle
Error downloading file: https://github.com/NiharikaCNR/STAT605-Project/raw/main/data/tracks/Ambient/0zDfYXlgOZMA2leT4Slz4m.pickle
Error downloading file: https://github.com/NiharikaCNR/STAT605-Project/raw/main/data/tracks/Ambient/2Fa5PjvjXH1qKWI0umk4oY.pickle
Error downloading file: https://github.com/NiharikaCNR/STAT605-Project/raw/main/data/tracks/Ambient/2WCCyU7CazujWXYOqNjsLW.pickle
Error downloading file: https://github.com/NiharikaCNR/STAT605-Project/raw/main/data/tracks/Ambient/2W0bzuej3umee9qrmJ9oYL.pickle
Error downloading file: https://github.com/NiharikaCNR/STAT605-Project/raw/main/data/tracks/Ambient/39hJ5R7L6AvL4DyApOPRmH.pickle
Error downloading file: https://github.com/NiharikaCNR/STAT605-Project/raw/main/data/tracks/Ambient/5xGPWuqxOJbw2xs6FRI59G.pickle
Error downloading file: https://github.com/NiharikaCNR/STAT605-Project/raw/main/data/tracks/Ambient/6pWgRkpqVfxnj3WuIcJ7WP.pickle
