Error downloading file: https://github.com/NiharikaCNR/STAT605-Project/raw/main/data/tracks/Nightclubs/60ynsPSSKe6O3sfwRnIBRf.pickle
Error downloading file: https://github.com/NiharikaCNR/STAT605-Project/raw/main/data/tracks/Nightclubs/09mEdoA6zrmBPgTEN5qXmN.pickle
Error downloading file: https://github.com/NiharikaCNR/STAT605-Project/raw/main/data/tracks/Nightclubs/5H3TCfiw0CQTX1XU7A9TXM.pickle
Error downloading file: https://github.com/NiharikaCNR/STAT605-Project/raw/main/data/tracks/Nightclubs/2jQiSYrwJehQAcuaaQrXnS.pickle
Error downloading file: https://github.com/NiharikaCNR/STAT605-Project/raw/main/data/tracks/Nightclubs/64j3Bd62HTe0pclk8Aq9BE.pickle
Error downloading file: https://github.com/NiharikaCNR/STAT605-Project/raw/main/data/tracks/Nightclubs/0UzymivvUH5s8z4PeWZJaK.pickle
Error downloading file: https://github.com/NiharikaCNR/STAT605-Project/raw/main/data/tracks/Nightclubs/0dkvbYmXYEPK7gGMdytmfI.pickle
Error downloading file: https://github.com/NiharikaCNR/STAT605-Project/raw/main/data/tracks/Nightclubs/2prnn41CblB8B4yWACDljP.pickle
Error downloading file: https://github.com/NiharikaCNR/STAT605-Project/raw/main/data/tracks/Nightclubs/2GXOmuU3kApsq2TWqOU5Bm.pickle
Error downloading file: https://github.com/NiharikaCNR/STAT605-Project/raw/main/data/tracks/Nightclubs/6Im9k8u9iIzKMrmV7BWtlF.pickle
Error downloading file: https://github.com/NiharikaCNR/STAT605-Project/raw/main/data/tracks/Nightclubs/7aonAWn0J0AJ47ZU9WHCXC.pickle
Error downloading file: https://github.com/NiharikaCNR/STAT605-Project/raw/main/data/tracks/Nightclubs/5zNW5ARjYhJQJz1AChP33n.pickle
Error downloading file: https://github.com/NiharikaCNR/STAT605-Project/raw/main/data/tracks/Nightclubs/3Vi5XqYrmQgOYBajMWSvCi.pickle
Error downloading file: https://github.com/NiharikaCNR/STAT605-Project/raw/main/data/tracks/Nightclubs/2PcJoVkfjcbvoqBxV1Nj7y.pickle
Error downloading file: https://github.com/NiharikaCNR/STAT605-Project/raw/main/data/tracks/Nightclubs/21a1k8q3DJtsF8GorRfcL8.pickle
Error downloading file: https://github.com/NiharikaCNR/STAT605-Project/raw/main/data/tracks/Nightclubs/09gysnJpfQ3ublBmJDfcEC.pickle
Error downloading file: https://github.com/NiharikaCNR/STAT605-Project/raw/main/data/tracks/Nightclubs/11ZulcYY4lowvcQm4oe3VJ.pickle
Error downloading file: https://github.com/NiharikaCNR/STAT605-Project/raw/main/data/tracks/Nightclubs/3aA6xB0tOilDDX17fIJ0Bl.pickle
Error downloading file: https://github.com/NiharikaCNR/STAT605-Project/raw/main/data/tracks/Nightclubs/2VT56hhAcF0D3lGx9PUthf.pickle
Error downloading file: https://github.com/NiharikaCNR/STAT605-Project/raw/main/data/tracks/Nightclubs/0g4fzRkbLeCDUCoe5iUOcf.pickle
Error downloading file: https://github.com/NiharikaCNR/STAT605-Project/raw/main/data/tracks/Nightclubs/4pt5fDVTg5GhEvEtlz9dKk.pickle
Error downloading file: https://github.com/NiharikaCNR/STAT605-Project/raw/main/data/tracks/Nightclubs/0sci7ppTZFm4mjcH3nu8yO.pickle
Error downloading file: https://github.com/NiharikaCNR/STAT605-Project/raw/main/data/tracks/Nightclubs/6SRsiMl7w1USE4mFqrOhHC.pickle
Error downloading file: https://github.com/NiharikaCNR/STAT605-Project/raw/main/data/tracks/Nightclubs/0WSjVLITbxV6kVXndziQDm.pickle
Error downloading file: https://github.com/NiharikaCNR/STAT605-Project/raw/main/data/tracks/Nightclubs/6Yis2VwVcABCNVEutLgAf7.pickle
Error downloading file: https://github.com/NiharikaCNR/STAT605-Project/raw/main/data/tracks/Nightclubs/6lYdV7rTtv3dVpQ89htlRU.pickle
Error downloading file: https://github.com/NiharikaCNR/STAT605-Project/raw/main/data/tracks/Nightclubs/1ghvzmzpx2nnrbx7wtpMgo.pickle
Error downloading file: https://github.com/NiharikaCNR/STAT605-Project/raw/main/data/tracks/Nightclubs/3ggtU1ZOKO8ZNiqPNyXGcm.pickle
Error downloading file: https://github.com/NiharikaCNR/STAT605-Project/raw/main/data/tracks/Nightclubs/5PX4uS1LqlWEPL69phPVQQ.pickle
Error downloading file: https://github.com/NiharikaCNR/STAT605-Project/raw/main/data/tracks/Nightclubs/389MC596K4IN35zaHAyuYz.pickle
Error downloading file: https://github.com/NiharikaCNR/STAT605-Project/raw/main/data/tracks/Nightclubs/2tpIAmAq9orm1Owh5pja1w.pickle
Error downloading file: https://github.com/NiharikaCNR/STAT605-Project/raw/main/data/tracks/Nightclubs/4FVcGYFGstfGbL4aZZkqIc.pickle
Error downloading file: https://github.com/NiharikaCNR/STAT605-Project/raw/main/data/tracks/Nightclubs/6KpwFKnUdpF98NSi81YUdH.pickle
Error downloading file: https://github.com/NiharikaCNR/STAT605-Project/raw/main/data/tracks/Nightclubs/5lByoyTJti3jYo22bLQKOH.pickle
Error downloading file: https://github.com/NiharikaCNR/STAT605-Project/raw/main/data/tracks/Nightclubs/6rMwYjoFvxKiaEH4If8ZpZ.pickle
Error downloading file: https://github.com/NiharikaCNR/STAT605-Project/raw/main/data/tracks/Nightclubs/3qPXWPkEZgUhUgPifbE99z.pickle
Error downloading file: https://github.com/NiharikaCNR/STAT605-Project/raw/main/data/tracks/Nightclubs/1Q4jb2UjtWUDUojHsB8mLY.pickle
Error downloading file: https://github.com/NiharikaCNR/STAT605-Project/raw/main/data/tracks/Nightclubs/7yJzk64ul9PFgVFUYbEzZL.pickle
Error downloading file: https://github.com/NiharikaCNR/STAT605-Project/raw/main/data/tracks/Nightclubs/2h3t3Foxd1VrOMEM7smWZM.pickle
Error downloading file: https://github.com/NiharikaCNR/STAT605-Project/raw/main/data/tracks/Nightclubs/4f6ONJ2iOgnSe64MDHizHh.pickle
Error downloading file: https://github.com/NiharikaCNR/STAT605-Project/raw/main/data/tracks/Nightclubs/1bFgMkoazsyZGSflpCzYm6.pickle
Error downloading file: https://github.com/NiharikaCNR/STAT605-Project/raw/main/data/tracks/Nightclubs/5YCPqMoXNlPeUJ9fm1dlz3.pickle
Error downloading file: https://github.com/NiharikaCNR/STAT605-Project/raw/main/data/tracks/Nightclubs/3K1y89UHuAEZbpiSPbtAae.pickle
Error downloading file: https://github.com/NiharikaCNR/STAT605-Project/raw/main/data/tracks/Nightclubs/4SRyrhBJ5mq8fEa3bsdZn6.pickle
Error downloading file: https://github.com/NiharikaCNR/STAT605-Project/raw/main/data/tracks/Nightclubs/0qgZvYWLIqDn0tXimF8gPa.pickle
Error downloading file: https://github.com/NiharikaCNR/STAT605-Project/raw/main/data/tracks/Nightclubs/1TMWcbxL5YF8rKsFHv5hAP.pickle
Error downloading file: https://github.com/NiharikaCNR/STAT605-Project/raw/main/data/tracks/Nightclubs/2g1KggY9PKvsoEAOaiz4xx.pickle
Error downloading file: https://github.com/NiharikaCNR/STAT605-Project/raw/main/data/tracks/Nightclubs/35mvY5S1H3J2QZyna3TFe0.pickle
Error downloading file: https://github.com/NiharikaCNR/STAT605-Project/raw/main/data/tracks/Nightclubs/3UoULw70kMsiVXxW0L3A33.pickle
Error downloading file: https://github.com/NiharikaCNR/STAT605-Project/raw/main/data/tracks/Nightclubs/51ODNNDZm21HU7wI7cccRr.pickle
Error downloading file: https://github.com/NiharikaCNR/STAT605-Project/raw/main/data/tracks/Nightclubs/5ln5yQdUywVbf8HhFsOcd6.pickle
Error downloading file: https://github.com/NiharikaCNR/STAT605-Project/raw/main/data/tracks/Nightclubs/6ic8OlLUNEATToEFU3xmaH.pickle
Error downloading file: https://github.com/NiharikaCNR/STAT605-Project/raw/main/data/tracks/Nightclubs/7fBv7CLKzipRk6EC6TWHOB.pickle
Error downloading file: https://github.com/NiharikaCNR/STAT605-Project/raw/main/data/tracks/Nightclubs/3M0lSi5WW79CXQamgSBIjx.pickle
Error downloading file: https://github.com/NiharikaCNR/STAT605-Project/raw/main/data/tracks/Nightclubs/58HvfVOeJY7lUuCqF0m3ly.pickle
Error downloading file: https://github.com/NiharikaCNR/STAT605-Project/raw/main/data/tracks/Nightclubs/0MMyJUC3WNnFS1lit5pTjk.pickle
Error downloading file: https://github.com/NiharikaCNR/STAT605-Project/raw/main/data/tracks/Nightclubs/6tDDoYIxWvMLTdKpjFkc1B.pickle
Error downloading file: https://github.com/NiharikaCNR/STAT605-Project/raw/main/data/tracks/Nightclubs/5GkQIP5mWPi4KZLLXeuFTT.pickle
Error downloading file: https://github.com/NiharikaCNR/STAT605-Project/raw/main/data/tracks/Nightclubs/5OCJzvD7sykQEKHH7qAC3C.pickle
