Error downloading file: https://github.com/NiharikaCNR/STAT605-Project/raw/main/data/tracks/Rap/2eN0rxTtgxKkmVCNgizayr.pickle
Error downloading file: https://github.com/NiharikaCNR/STAT605-Project/raw/main/data/tracks/Rap/4iUNFztAZqeaKvxvJQ8J2V.pickle
Error downloading file: https://github.com/NiharikaCNR/STAT605-Project/raw/main/data/tracks/Rap/2JBk2XZLjS0N4x3mFHINM6.pickle
Error downloading file: https://github.com/NiharikaCNR/STAT605-Project/raw/main/data/tracks/Rap/4CiVz4bw7X1zjCaJ5ZwxUS.pickle
Error downloading file: https://github.com/NiharikaCNR/STAT605-Project/raw/main/data/tracks/Rap/0HDaKOlVAfUWXdFR2RhBtN.pickle
Error downloading file: https://github.com/NiharikaCNR/STAT605-Project/raw/main/data/tracks/Rap/4eRfCcicjpjoCaYWylRU7m.pickle
Error downloading file: https://github.com/NiharikaCNR/STAT605-Project/raw/main/data/tracks/Rap/52NGJPcLUzQq5w7uv4e5gf.pickle
Error downloading file: https://github.com/NiharikaCNR/STAT605-Project/raw/main/data/tracks/Rap/65iyI1iybyv5ecsfBHSdUf.pickle
Error downloading file: https://github.com/NiharikaCNR/STAT605-Project/raw/main/data/tracks/Rap/7JeKXMQKm6GoLGTkNy2jZ0.pickle
Error downloading file: https://github.com/NiharikaCNR/STAT605-Project/raw/main/data/tracks/Rap/3IrkbGQCoEPAkzJ0Tkv8nm.pickle
Error downloading file: https://github.com/NiharikaCNR/STAT605-Project/raw/main/data/tracks/Rap/252ZECHopILLs10pMfE76N.pickle
Error downloading file: https://github.com/NiharikaCNR/STAT605-Project/raw/main/data/tracks/Rap/252ZECHopILLs10pMfE76N.pickle
Error downloading file: https://github.com/NiharikaCNR/STAT605-Project/raw/main/data/tracks/Rap/252ZECHopILLs10pMfE76N.pickle
Error downloading file: https://github.com/NiharikaCNR/STAT605-Project/raw/main/data/tracks/Rap/252ZECHopILLs10pMfE76N.pickle
Error downloading file: https://github.com/NiharikaCNR/STAT605-Project/raw/main/data/tracks/Rap/2i2qDe3dnTl6maUE31FO7c.pickle
Error downloading file: https://github.com/NiharikaCNR/STAT605-Project/raw/main/data/tracks/Rap/2i2qDe3dnTl6maUE31FO7c.pickle
Error downloading file: https://github.com/NiharikaCNR/STAT605-Project/raw/main/data/tracks/Rap/2i2qDe3dnTl6maUE31FO7c.pickle
Error downloading file: https://github.com/NiharikaCNR/STAT605-Project/raw/main/data/tracks/Rap/2i2qDe3dnTl6maUE31FO7c.pickle
Error downloading file: https://github.com/NiharikaCNR/STAT605-Project/raw/main/data/tracks/Rap/0jQ4mEnWB1AuSVqnFLhxT6.pickle
Error downloading file: https://github.com/NiharikaCNR/STAT605-Project/raw/main/data/tracks/Rap/0jQ4mEnWB1AuSVqnFLhxT6.pickle
Error downloading file: https://github.com/NiharikaCNR/STAT605-Project/raw/main/data/tracks/Rap/0jQ4mEnWB1AuSVqnFLhxT6.pickle
Error downloading file: https://github.com/NiharikaCNR/STAT605-Project/raw/main/data/tracks/Rap/0jQ4mEnWB1AuSVqnFLhxT6.pickle
Error downloading file: https://github.com/NiharikaCNR/STAT605-Project/raw/main/data/tracks/Rap/0UMqDSXk4xvoCNRrIEPf7T.pickle
Error downloading file: https://github.com/NiharikaCNR/STAT605-Project/raw/main/data/tracks/Rap/0UMqDSXk4xvoCNRrIEPf7T.pickle
Error downloading file: https://github.com/NiharikaCNR/STAT605-Project/raw/main/data/tracks/Rap/0UMqDSXk4xvoCNRrIEPf7T.pickle
Error downloading file: https://github.com/NiharikaCNR/STAT605-Project/raw/main/data/tracks/Rap/0UMqDSXk4xvoCNRrIEPf7T.pickle
Error downloading file: https://github.com/NiharikaCNR/STAT605-Project/raw/main/data/tracks/Rap/1a7tOEheXeaSNathZW4Gzk.pickle
Error downloading file: https://github.com/NiharikaCNR/STAT605-Project/raw/main/data/tracks/Rap/5Sm1X46tna50RstHZvw072.pickle
Error downloading file: https://github.com/NiharikaCNR/STAT605-Project/raw/main/data/tracks/Rap/6sAysiKvW3slpYkPH90uCg.pickle
Error downloading file: https://github.com/NiharikaCNR/STAT605-Project/raw/main/data/tracks/Rap/47wZfF4OdME3xkIPhhpSSF.pickle
Error downloading file: https://github.com/NiharikaCNR/STAT605-Project/raw/main/data/tracks/Rap/0T0vseuNB4KC8opkrCLNbc.pickle
Error downloading file: https://github.com/NiharikaCNR/STAT605-Project/raw/main/data/tracks/Rap/7qAwnjc2qPbpK1gB4VRwXW.pickle
Error downloading file: https://github.com/NiharikaCNR/STAT605-Project/raw/main/data/tracks/Rap/4MUlNqSrMeFAHA6VpJKMo8.pickle
Error downloading file: https://github.com/NiharikaCNR/STAT605-Project/raw/main/data/tracks/Rap/6w9GrSUaQQIaMBYtabge7p.pickle
Error downloading file: https://github.com/NiharikaCNR/STAT605-Project/raw/main/data/tracks/Rap/2fpTRcMLt4aKlqULOwuXUP.pickle
Error downloading file: https://github.com/NiharikaCNR/STAT605-Project/raw/main/data/tracks/Rap/1iQxvF3AQ7Bs3RTBuXqZOA.pickle
Error downloading file: https://github.com/NiharikaCNR/STAT605-Project/raw/main/data/tracks/Rap/7M3h8JeDhIQIsdQdMrWohi.pickle
Error downloading file: https://github.com/NiharikaCNR/STAT605-Project/raw/main/data/tracks/Rap/2NV0mpU5YbyJXydzYPgw5O.pickle
Error downloading file: https://github.com/NiharikaCNR/STAT605-Project/raw/main/data/tracks/Rap/39uEuUEWsAZtozSQRPlf62.pickle
Error downloading file: https://github.com/NiharikaCNR/STAT605-Project/raw/main/data/tracks/Rap/7k5lDslyLbcykzUOPGEdKR.pickle
Error downloading file: https://github.com/NiharikaCNR/STAT605-Project/raw/main/data/tracks/Rap/5k3xP19vac82Kweo4mOvlw.pickle
Error downloading file: https://github.com/NiharikaCNR/STAT605-Project/raw/main/data/tracks/Rap/1T4k0sw0HldDg004Kw4Oct.pickle
Error downloading file: https://github.com/NiharikaCNR/STAT605-Project/raw/main/data/tracks/Rap/3084aAzars6DR26nCWO9Ep.pickle
Error downloading file: https://github.com/NiharikaCNR/STAT605-Project/raw/main/data/tracks/Rap/12Us8e6NFesdkXKf4StU1I.pickle
Error downloading file: https://github.com/NiharikaCNR/STAT605-Project/raw/main/data/tracks/Rap/12Us8e6NFesdkXKf4StU1I.pickle
Error downloading file: https://github.com/NiharikaCNR/STAT605-Project/raw/main/data/tracks/Rap/12Us8e6NFesdkXKf4StU1I.pickle
Error downloading file: https://github.com/NiharikaCNR/STAT605-Project/raw/main/data/tracks/Rap/12Us8e6NFesdkXKf4StU1I.pickle
Error downloading file: https://github.com/NiharikaCNR/STAT605-Project/raw/main/data/tracks/Rap/5ht9obvnnWeW4eoRtPAoQD.pickle
Error downloading file: https://github.com/NiharikaCNR/STAT605-Project/raw/main/data/tracks/Rap/1cdqNRXIRrvT4HnApj6yw6.pickle
Error downloading file: https://github.com/NiharikaCNR/STAT605-Project/raw/main/data/tracks/Rap/7cQ0LAxT5HHCLGbxcjaxac.pickle
Error downloading file: https://github.com/NiharikaCNR/STAT605-Project/raw/main/data/tracks/Rap/1vmRfKejQWsWnE3arhhEit.pickle
Error downloading file: https://github.com/NiharikaCNR/STAT605-Project/raw/main/data/tracks/Rap/0JhonNQL2ixH1JcsgEj4Hn.pickle
Error downloading file: https://github.com/NiharikaCNR/STAT605-Project/raw/main/data/tracks/Rap/2YaAk5IAyTMk40RMqCPP87.pickle
Error downloading file: https://github.com/NiharikaCNR/STAT605-Project/raw/main/data/tracks/Rap/497xqIv6ndofwfQ65sfXPP.pickle
Error downloading file: https://github.com/NiharikaCNR/STAT605-Project/raw/main/data/tracks/Rap/4Dl8bEzhAEGbcwkQawS1XG.pickle
Error downloading file: https://github.com/NiharikaCNR/STAT605-Project/raw/main/data/tracks/Rap/285pBltuF7vW8TeWk8hdRR.pickle
Error downloading file: https://github.com/NiharikaCNR/STAT605-Project/raw/main/data/tracks/Rap/7sO5G9EABYOXQKNPNiE9NR.pickle
Error downloading file: https://github.com/NiharikaCNR/STAT605-Project/raw/main/data/tracks/Rap/7sO5G9EABYOXQKNPNiE9NR.pickle
Error downloading file: https://github.com/NiharikaCNR/STAT605-Project/raw/main/data/tracks/Rap/7sO5G9EABYOXQKNPNiE9NR.pickle
Error downloading file: https://github.com/NiharikaCNR/STAT605-Project/raw/main/data/tracks/Rap/7sO5G9EABYOXQKNPNiE9NR.pickle
Error downloading file: https://github.com/NiharikaCNR/STAT605-Project/raw/main/data/tracks/Rap/1tkg4EHVoqnhR6iFEXb60y.pickle
Error downloading file: https://github.com/NiharikaCNR/STAT605-Project/raw/main/data/tracks/Rap/75lcPkAkUsKWHGBlGM476R.pickle
Error downloading file: https://github.com/NiharikaCNR/STAT605-Project/raw/main/data/tracks/Rap/1fewSx2d5KIZ04wsooEBOz.pickle
Error downloading file: https://github.com/NiharikaCNR/STAT605-Project/raw/main/data/tracks/Rap/19gEmPjfqSZT0ulDRfjl0m.pickle
Error downloading file: https://github.com/NiharikaCNR/STAT605-Project/raw/main/data/tracks/Rap/7eBqSVxrzQZtK2mmgRG6lC.pickle
Error downloading file: https://github.com/NiharikaCNR/STAT605-Project/raw/main/data/tracks/Rap/6uFn47ACjqYkc0jADwEdj1.pickle
Error downloading file: https://github.com/NiharikaCNR/STAT605-Project/raw/main/data/tracks/Rap/1wJRveJZLSb1rjhnUHQiv6.pickle
Error downloading file: https://github.com/NiharikaCNR/STAT605-Project/raw/main/data/tracks/Rap/1lOe9qE0vR9zwWQAOk6CoO.pickle
Error downloading file: https://github.com/NiharikaCNR/STAT605-Project/raw/main/data/tracks/Rap/6Gg1gjgKi2AK4e0qzsR7sd.pickle
Error downloading file: https://github.com/NiharikaCNR/STAT605-Project/raw/main/data/tracks/Rap/1e1JKLEDKP7hEQzJfNAgPl.pickle
Error downloading file: https://github.com/NiharikaCNR/STAT605-Project/raw/main/data/tracks/Rap/4XvcHTUfIlWfyJTRG0aqlo.pickle
Error downloading file: https://github.com/NiharikaCNR/STAT605-Project/raw/main/data/tracks/Rap/4XoP1AkbOurU9CeZ2rMEz2.pickle
Error downloading file: https://github.com/NiharikaCNR/STAT605-Project/raw/main/data/tracks/Rap/4XoP1AkbOurU9CeZ2rMEz2.pickle
Error downloading file: https://github.com/NiharikaCNR/STAT605-Project/raw/main/data/tracks/Rap/4XoP1AkbOurU9CeZ2rMEz2.pickle
Error downloading file: https://github.com/NiharikaCNR/STAT605-Project/raw/main/data/tracks/Rap/4XoP1AkbOurU9CeZ2rMEz2.pickle
Error downloading file: https://github.com/NiharikaCNR/STAT605-Project/raw/main/data/tracks/Rap/0z5ZPs57J2KERwM1tBM2GF.pickle
Error downloading file: https://github.com/NiharikaCNR/STAT605-Project/raw/main/data/tracks/Rap/2Zb7wnGUnNPCas2E0wWSQ5.pickle
Error downloading file: https://github.com/NiharikaCNR/STAT605-Project/raw/main/data/tracks/Rap/2Zb7wnGUnNPCas2E0wWSQ5.pickle
Error downloading file: https://github.com/NiharikaCNR/STAT605-Project/raw/main/data/tracks/Rap/2Zb7wnGUnNPCas2E0wWSQ5.pickle
Error downloading file: https://github.com/NiharikaCNR/STAT605-Project/raw/main/data/tracks/Rap/2Zb7wnGUnNPCas2E0wWSQ5.pickle
Error downloading file: https://github.com/NiharikaCNR/STAT605-Project/raw/main/data/tracks/Rap/6ScJMrlpiLfZUGtWp4QIVt.pickle
Error downloading file: https://github.com/NiharikaCNR/STAT605-Project/raw/main/data/tracks/Rap/1PS1QMdUqOal0ai3Gt7sDQ.pickle
Error downloading file: https://github.com/NiharikaCNR/STAT605-Project/raw/main/data/tracks/Rap/1fLibtVj3MrNTwRZq5yUOs.pickle
Error downloading file: https://github.com/NiharikaCNR/STAT605-Project/raw/main/data/tracks/Rap/0Puj4YlTm6xNzDDADXHMI9.pickle
Error downloading file: https://github.com/NiharikaCNR/STAT605-Project/raw/main/data/tracks/Rap/5wG3HvLhF6Y5KTGlK0IW3J.pickle
Error downloading file: https://github.com/NiharikaCNR/STAT605-Project/raw/main/data/tracks/Rap/6UN73IYd0hZxLi8wFPMQij.pickle
Error downloading file: https://github.com/NiharikaCNR/STAT605-Project/raw/main/data/tracks/Rap/7KXjTSCq5nL1LoYtL7XAwS.pickle
Error downloading file: https://github.com/NiharikaCNR/STAT605-Project/raw/main/data/tracks/Rap/7lQ8MOhq6IN2w8EYcFNSUk.pickle
Error downloading file: https://github.com/NiharikaCNR/STAT605-Project/raw/main/data/tracks/Rap/7lQ8MOhq6IN2w8EYcFNSUk.pickle
Error downloading file: https://github.com/NiharikaCNR/STAT605-Project/raw/main/data/tracks/Rap/7lQ8MOhq6IN2w8EYcFNSUk.pickle
Error downloading file: https://github.com/NiharikaCNR/STAT605-Project/raw/main/data/tracks/Rap/7lQ8MOhq6IN2w8EYcFNSUk.pickle
Error downloading file: https://github.com/NiharikaCNR/STAT605-Project/raw/main/data/tracks/Rap/7GX5flRQZVHRAGd6B4TmDO.pickle
Error downloading file: https://github.com/NiharikaCNR/STAT605-Project/raw/main/data/tracks/Rap/5qHirGR7M9tdm6C17DlzSY.pickle
Error downloading file: https://github.com/NiharikaCNR/STAT605-Project/raw/main/data/tracks/Rap/7FGdjbZ32vMybPuP0IuE7d.pickle
Error downloading file: https://github.com/NiharikaCNR/STAT605-Project/raw/main/data/tracks/Rap/1C8ux1YWLMHCenYJFiIV4Z.pickle
Error downloading file: https://github.com/NiharikaCNR/STAT605-Project/raw/main/data/tracks/Rap/2JvzF1RMd7lE3KmFlsyZD8.pickle
Error downloading file: https://github.com/NiharikaCNR/STAT605-Project/raw/main/data/tracks/Rap/4ZYAU4A2YBtlNdqOUtc7T2.pickle
Error downloading file: https://github.com/NiharikaCNR/STAT605-Project/raw/main/data/tracks/Rap/3iVcZ5G6tvkXZkZKlMpIUs.pickle
Error downloading file: https://github.com/NiharikaCNR/STAT605-Project/raw/main/data/tracks/Rap/2UVbBKQOdFAekPTRsnkzcf.pickle
Error downloading file: https://github.com/NiharikaCNR/STAT605-Project/raw/main/data/tracks/Rap/5iNRPN7oYQvdB9AmeSW6d3.pickle
Error downloading file: https://github.com/NiharikaCNR/STAT605-Project/raw/main/data/tracks/Rap/7iXF2W9vKmDoGAhlHdpyIa.pickle
Error downloading file: https://github.com/NiharikaCNR/STAT605-Project/raw/main/data/tracks/Rap/7iXF2W9vKmDoGAhlHdpyIa.pickle
Error downloading file: https://github.com/NiharikaCNR/STAT605-Project/raw/main/data/tracks/Rap/7iXF2W9vKmDoGAhlHdpyIa.pickle
Error downloading file: https://github.com/NiharikaCNR/STAT605-Project/raw/main/data/tracks/Rap/7iXF2W9vKmDoGAhlHdpyIa.pickle
Error downloading file: https://github.com/NiharikaCNR/STAT605-Project/raw/main/data/tracks/Rap/0I3q5fE6wg7LIfHGngUTnV.pickle
Error downloading file: https://github.com/NiharikaCNR/STAT605-Project/raw/main/data/tracks/Rap/4anqYZt4APNlFwQixpbdZR.pickle
Error downloading file: https://github.com/NiharikaCNR/STAT605-Project/raw/main/data/tracks/Rap/3QzAOrNlsabgbMwlZt7TAY.pickle
Error downloading file: https://github.com/NiharikaCNR/STAT605-Project/raw/main/data/tracks/Rap/1rDQ4oMwGJI7B4tovsBOxc.pickle
Error downloading file: https://github.com/NiharikaCNR/STAT605-Project/raw/main/data/tracks/Rap/2eU63GLRBeMOszGRTCEE9E.pickle
Error downloading file: https://github.com/NiharikaCNR/STAT605-Project/raw/main/data/tracks/Rap/7KccdUP4IslFXUNNseqBc7.pickle
Error downloading file: https://github.com/NiharikaCNR/STAT605-Project/raw/main/data/tracks/Rap/5Z01UMMf7V1o0MzF86s6WJ.pickle
Error downloading file: https://github.com/NiharikaCNR/STAT605-Project/raw/main/data/tracks/Rap/2xLMifQCjDGFmkHkpNLD9h.pickle
Error downloading file: https://github.com/NiharikaCNR/STAT605-Project/raw/main/data/tracks/Rap/0FZ4Dmg8jJJAPJnvBIzD9z.pickle
Error downloading file: https://github.com/NiharikaCNR/STAT605-Project/raw/main/data/tracks/Rap/3j84U36KvLeXNDPv4t5pI8.pickle
Error downloading file: https://github.com/NiharikaCNR/STAT605-Project/raw/main/data/tracks/Rap/33ZXjLCpiINn8eQIDYEPTD.pickle
Error downloading file: https://github.com/NiharikaCNR/STAT605-Project/raw/main/data/tracks/Rap/33ZXjLCpiINn8eQIDYEPTD.pickle
Error downloading file: https://github.com/NiharikaCNR/STAT605-Project/raw/main/data/tracks/Rap/33ZXjLCpiINn8eQIDYEPTD.pickle
Error downloading file: https://github.com/NiharikaCNR/STAT605-Project/raw/main/data/tracks/Rap/33ZXjLCpiINn8eQIDYEPTD.pickle
Error downloading file: https://github.com/NiharikaCNR/STAT605-Project/raw/main/data/tracks/Rap/2IRZnDFmlqMuOrYOLnZZyc.pickle
Error downloading file: https://github.com/NiharikaCNR/STAT605-Project/raw/main/data/tracks/Rap/5BJMeoCXXgbRAWfp6fTulr.pickle
Error downloading file: https://github.com/NiharikaCNR/STAT605-Project/raw/main/data/tracks/Rap/7ycWLEP1GsNjVvcjawXz3z.pickle
Error downloading file: https://github.com/NiharikaCNR/STAT605-Project/raw/main/data/tracks/Rap/5zwz05jkQVT68CjUpPwFZe.pickle
Error downloading file: https://github.com/NiharikaCNR/STAT605-Project/raw/main/data/tracks/Rap/30oTS7bm0aH3p7lqjEIu8q.pickle
Error downloading file: https://github.com/NiharikaCNR/STAT605-Project/raw/main/data/tracks/Rap/1EiLrPd8JMTcQUr1aLEUKi.pickle
Error downloading file: https://github.com/NiharikaCNR/STAT605-Project/raw/main/data/tracks/Rap/2g8HN35AnVGIk7B8yMucww.pickle
Error downloading file: https://github.com/NiharikaCNR/STAT605-Project/raw/main/data/tracks/Rap/27AHAtAirQapVldIm4c9ZX.pickle
Error downloading file: https://github.com/NiharikaCNR/STAT605-Project/raw/main/data/tracks/Rap/27NovPIUIRrOZoCHxABJwK.pickle
Error downloading file: https://github.com/NiharikaCNR/STAT605-Project/raw/main/data/tracks/Rap/27NovPIUIRrOZoCHxABJwK.pickle
Error downloading file: https://github.com/NiharikaCNR/STAT605-Project/raw/main/data/tracks/Rap/27NovPIUIRrOZoCHxABJwK.pickle
Error downloading file: https://github.com/NiharikaCNR/STAT605-Project/raw/main/data/tracks/Rap/27NovPIUIRrOZoCHxABJwK.pickle
Error downloading file: https://github.com/NiharikaCNR/STAT605-Project/raw/main/data/tracks/Rap/5D2mYZuzcgjpchVY1pmTPh.pickle
Error downloading file: https://github.com/NiharikaCNR/STAT605-Project/raw/main/data/tracks/Rap/4RY96Asd9IefaL3X4LOLZ8.pickle
Error downloading file: https://github.com/NiharikaCNR/STAT605-Project/raw/main/data/tracks/Rap/1DIXPcTDzTj8ZMHt3PDt8p.pickle
Error downloading file: https://github.com/NiharikaCNR/STAT605-Project/raw/main/data/tracks/Rap/7oLKoGzQVwjZ91AzCn560T.pickle
Error downloading file: https://github.com/NiharikaCNR/STAT605-Project/raw/main/data/tracks/Rap/2Qr5PWUt8XycAAv338LicY.pickle
Error downloading file: https://github.com/NiharikaCNR/STAT605-Project/raw/main/data/tracks/Rap/7nYvUtkQMx1v80S2FH2s9J.pickle
Error downloading file: https://github.com/NiharikaCNR/STAT605-Project/raw/main/data/tracks/Rap/503OTo2dSqe7qk76rgsbep.pickle
Error downloading file: https://github.com/NiharikaCNR/STAT605-Project/raw/main/data/tracks/Rap/503OTo2dSqe7qk76rgsbep.pickle
Error downloading file: https://github.com/NiharikaCNR/STAT605-Project/raw/main/data/tracks/Rap/503OTo2dSqe7qk76rgsbep.pickle
Error downloading file: https://github.com/NiharikaCNR/STAT605-Project/raw/main/data/tracks/Rap/503OTo2dSqe7qk76rgsbep.pickle
Error downloading file: https://github.com/NiharikaCNR/STAT605-Project/raw/main/data/tracks/Rap/0FA4wrjDJvJTTU8AepZTup.pickle
Error downloading file: https://github.com/NiharikaCNR/STAT605-Project/raw/main/data/tracks/Rap/3ssX20QT5c3nA9wk78V1LQ.pickle
Error downloading file: https://github.com/NiharikaCNR/STAT605-Project/raw/main/data/tracks/Rap/3ssX20QT5c3nA9wk78V1LQ.pickle
Error downloading file: https://github.com/NiharikaCNR/STAT605-Project/raw/main/data/tracks/Rap/3ssX20QT5c3nA9wk78V1LQ.pickle
Error downloading file: https://github.com/NiharikaCNR/STAT605-Project/raw/main/data/tracks/Rap/3ssX20QT5c3nA9wk78V1LQ.pickle
Error downloading file: https://github.com/NiharikaCNR/STAT605-Project/raw/main/data/tracks/Rap/4akCwzFRS8Syu5uFy7L1sG.pickle
Error downloading file: https://github.com/NiharikaCNR/STAT605-Project/raw/main/data/tracks/Rap/20LxTsa6936zOlzTWqoPVt.pickle
Error downloading file: https://github.com/NiharikaCNR/STAT605-Project/raw/main/data/tracks/Rap/5A6OHHy73AR5tLxgTc98zz.pickle
Error downloading file: https://github.com/NiharikaCNR/STAT605-Project/raw/main/data/tracks/Rap/5BbdKBZO0TH0GhfxUfyhL9.pickle
Error downloading file: https://github.com/NiharikaCNR/STAT605-Project/raw/main/data/tracks/Rap/4WuOWVnAqvEQxgSRrspBgt.pickle
Error downloading file: https://github.com/NiharikaCNR/STAT605-Project/raw/main/data/tracks/Rap/0vjeOZ3Ft5jvAi9SBFJm1j.pickle
Error downloading file: https://github.com/NiharikaCNR/STAT605-Project/raw/main/data/tracks/Rap/0vjeOZ3Ft5jvAi9SBFJm1j.pickle
Error downloading file: https://github.com/NiharikaCNR/STAT605-Project/raw/main/data/tracks/Rap/0vjeOZ3Ft5jvAi9SBFJm1j.pickle
Error downloading file: https://github.com/NiharikaCNR/STAT605-Project/raw/main/data/tracks/Rap/0vjeOZ3Ft5jvAi9SBFJm1j.pickle
Error downloading file: https://github.com/NiharikaCNR/STAT605-Project/raw/main/data/tracks/Rap/2NBQmPrOEEjA8VbeWOQGxO.pickle
Error downloading file: https://github.com/NiharikaCNR/STAT605-Project/raw/main/data/tracks/Rap/4h7bZNHnYP2umOomPbnfxG.pickle
Error downloading file: https://github.com/NiharikaCNR/STAT605-Project/raw/main/data/tracks/Rap/2QpGZOhTCHHiKmpSO9FW4h.pickle
Error downloading file: https://github.com/NiharikaCNR/STAT605-Project/raw/main/data/tracks/Rap/4lqU4WByDFKDGrHknQV6ZC.pickle
Error downloading file: https://github.com/NiharikaCNR/STAT605-Project/raw/main/data/tracks/Rap/1j6kDJttn6wbVyMaM42Nxm.pickle
Error downloading file: https://github.com/NiharikaCNR/STAT605-Project/raw/main/data/tracks/Rap/0uppYCG86ajpV2hSR3dJJ0.pickle
Error downloading file: https://github.com/NiharikaCNR/STAT605-Project/raw/main/data/tracks/Rap/7wBJfHzpfI3032CSD7CE2m.pickle
Error downloading file: https://github.com/NiharikaCNR/STAT605-Project/raw/main/data/tracks/Rap/69bHJ9qs5FrUJbKP8xU8uZ.pickle
Error downloading file: https://github.com/NiharikaCNR/STAT605-Project/raw/main/data/tracks/Rap/6GQ3WTaNHMFlVmN4burGat.pickle
Error downloading file: https://github.com/NiharikaCNR/STAT605-Project/raw/main/data/tracks/Rap/4IYKjN1DrYzxKXt0umJqsG.pickle
Error downloading file: https://github.com/NiharikaCNR/STAT605-Project/raw/main/data/tracks/Rap/5NLuC70kZQv8q34QyQa1DP.pickle
Error downloading file: https://github.com/NiharikaCNR/STAT605-Project/raw/main/data/tracks/Rap/0yUaLqhsVsguBpoOPL4cO7.pickle
Error downloading file: https://github.com/NiharikaCNR/STAT605-Project/raw/main/data/tracks/Rap/4dVpf9jZjcORqGTLUaeYj9.pickle
Error downloading file: https://github.com/NiharikaCNR/STAT605-Project/raw/main/data/tracks/Rap/0DFRrABd2ppHhS3QaZuCJ1.pickle
Error downloading file: https://github.com/NiharikaCNR/STAT605-Project/raw/main/data/tracks/Rap/0Z2J91b2iTGLVTZC4fKgxf.pickle
Error downloading file: https://github.com/NiharikaCNR/STAT605-Project/raw/main/data/tracks/Rap/5NtIprYDaflAuu3Pko0rjR.pickle
Error downloading file: https://github.com/NiharikaCNR/STAT605-Project/raw/main/data/tracks/Rap/1BKT2I9x4RGKaKqW4up34s.pickle
Error downloading file: https://github.com/NiharikaCNR/STAT605-Project/raw/main/data/tracks/Rap/7jIujRjK5JKNrMCcAvYUTN.pickle
Error downloading file: https://github.com/NiharikaCNR/STAT605-Project/raw/main/data/tracks/Rap/1SRw5p2lVAi7RGlHEmZg66.pickle
Error downloading file: https://github.com/NiharikaCNR/STAT605-Project/raw/main/data/tracks/Rap/6yDPFrHZLQbQa9Itd2J4Gp.pickle
Error downloading file: https://github.com/NiharikaCNR/STAT605-Project/raw/main/data/tracks/Rap/7CZyCXKG6d5ALeq41sLzbw.pickle
Error downloading file: https://github.com/NiharikaCNR/STAT605-Project/raw/main/data/tracks/Rap/6KIKRz9eSTXdNsGUnomdtW.pickle
Error downloading file: https://github.com/NiharikaCNR/STAT605-Project/raw/main/data/tracks/Rap/1Y5Jvi3eLi4Chwqch9GMem.pickle
Error downloading file: https://github.com/NiharikaCNR/STAT605-Project/raw/main/data/tracks/Rap/0tyR7Bu9P086aWBFZ4QJoo.pickle
Error downloading file: https://github.com/NiharikaCNR/STAT605-Project/raw/main/data/tracks/Rap/2ehLKvUsJq3EUAPpvT5GOM.pickle
Error downloading file: https://github.com/NiharikaCNR/STAT605-Project/raw/main/data/tracks/Rap/2qOm7ukLyHUXWyR4ZWLwxA.pickle
Error downloading file: https://github.com/NiharikaCNR/STAT605-Project/raw/main/data/tracks/Rap/41bIQPBE1lFN0mmw6Lmssz.pickle
Error downloading file: https://github.com/NiharikaCNR/STAT605-Project/raw/main/data/tracks/Rap/4INDiWSKvqSKDEu7mh8HFz.pickle
Error downloading file: https://github.com/NiharikaCNR/STAT605-Project/raw/main/data/tracks/Rap/59nOXPmaKlBfGMDeOVGrIK.pickle
Error downloading file: https://github.com/NiharikaCNR/STAT605-Project/raw/main/data/tracks/Rap/5ByAIlEEnxYdvpnezg7HTX.pickle
Error downloading file: https://github.com/NiharikaCNR/STAT605-Project/raw/main/data/tracks/Rap/6iaSML1PIYq936g62BDtBq.pickle
Error downloading file: https://github.com/NiharikaCNR/STAT605-Project/raw/main/data/tracks/Rap/7m97yKVzPpXV9Z4ezEziOD.pickle
Error downloading file: https://github.com/NiharikaCNR/STAT605-Project/raw/main/data/tracks/Rap/561jH07mF1jHuk7KlaeF0s.pickle
Error downloading file: https://github.com/NiharikaCNR/STAT605-Project/raw/main/data/tracks/Rap/78QR3Wp35dqAhFEc2qAGjE.pickle
Error downloading file: https://github.com/NiharikaCNR/STAT605-Project/raw/main/data/tracks/Rap/62vpWI1CHwFy7tMIcSStl8.pickle
Error downloading file: https://github.com/NiharikaCNR/STAT605-Project/raw/main/data/tracks/Rap/62vpWI1CHwFy7tMIcSStl8.pickle
Error downloading file: https://github.com/NiharikaCNR/STAT605-Project/raw/main/data/tracks/Rap/62vpWI1CHwFy7tMIcSStl8.pickle
Error downloading file: https://github.com/NiharikaCNR/STAT605-Project/raw/main/data/tracks/Rap/62vpWI1CHwFy7tMIcSStl8.pickle
Error downloading file: https://github.com/NiharikaCNR/STAT605-Project/raw/main/data/tracks/Rap/1bDbXMyjaUIooNwFE9wn0N.pickle
Error downloading file: https://github.com/NiharikaCNR/STAT605-Project/raw/main/data/tracks/Rap/1bDbXMyjaUIooNwFE9wn0N.pickle
Error downloading file: https://github.com/NiharikaCNR/STAT605-Project/raw/main/data/tracks/Rap/1bDbXMyjaUIooNwFE9wn0N.pickle
Error downloading file: https://github.com/NiharikaCNR/STAT605-Project/raw/main/data/tracks/Rap/1bDbXMyjaUIooNwFE9wn0N.pickle
Error downloading file: https://github.com/NiharikaCNR/STAT605-Project/raw/main/data/tracks/Rap/1bDbXMyjaUIooNwFE9wn0N.pickle
Error downloading file: https://github.com/NiharikaCNR/STAT605-Project/raw/main/data/tracks/Rap/1bDbXMyjaUIooNwFE9wn0N.pickle
Error downloading file: https://github.com/NiharikaCNR/STAT605-Project/raw/main/data/tracks/Rap/1bDbXMyjaUIooNwFE9wn0N.pickle
Error downloading file: https://github.com/NiharikaCNR/STAT605-Project/raw/main/data/tracks/Rap/1bDbXMyjaUIooNwFE9wn0N.pickle
Error downloading file: https://github.com/NiharikaCNR/STAT605-Project/raw/main/data/tracks/Rap/1bDbXMyjaUIooNwFE9wn0N.pickle
Error downloading file: https://github.com/NiharikaCNR/STAT605-Project/raw/main/data/tracks/Rap/2ZL7WZcjuYKi1KUDtp4kCC.pickle
Error downloading file: https://github.com/NiharikaCNR/STAT605-Project/raw/main/data/tracks/Rap/4FyesJzVpA39hbYvcseO2d.pickle
Error downloading file: https://github.com/NiharikaCNR/STAT605-Project/raw/main/data/tracks/Rap/4FyesJzVpA39hbYvcseO2d.pickle
Error downloading file: https://github.com/NiharikaCNR/STAT605-Project/raw/main/data/tracks/Rap/4FyesJzVpA39hbYvcseO2d.pickle
Error downloading file: https://github.com/NiharikaCNR/STAT605-Project/raw/main/data/tracks/Rap/4FyesJzVpA39hbYvcseO2d.pickle
