Error downloading file: https://github.com/NiharikaCNR/STAT605-Project/raw/main/data/tracks/Parkour/5HQEmiV2lKnSO6qa2fsR7x.pickle
Error downloading file: https://github.com/NiharikaCNR/STAT605-Project/raw/main/data/tracks/Parkour/1xzBco0xcoJEDXktl7Jxrr.pickle
Error downloading file: https://github.com/NiharikaCNR/STAT605-Project/raw/main/data/tracks/Parkour/0RLLvYBopDwooCyvnTwgYu.pickle
Error downloading file: https://github.com/NiharikaCNR/STAT605-Project/raw/main/data/tracks/Parkour/6uFn47ACjqYkc0jADwEdj1.pickle
Error downloading file: https://github.com/NiharikaCNR/STAT605-Project/raw/main/data/tracks/Parkour/6piAUJJQFD8oHDUr0b7l7q.pickle
Error downloading file: https://github.com/NiharikaCNR/STAT605-Project/raw/main/data/tracks/Parkour/6Gg1gjgKi2AK4e0qzsR7sd.pickle
Error downloading file: https://github.com/NiharikaCNR/STAT605-Project/raw/main/data/tracks/Parkour/3oDkdAySo1VQQG0ptV7uwa.pickle
Error downloading file: https://github.com/NiharikaCNR/STAT605-Project/raw/main/data/tracks/Parkour/5wujBwqG7INdStqGd4tRMX.pickle
Error downloading file: https://github.com/NiharikaCNR/STAT605-Project/raw/main/data/tracks/Parkour/1ZAyjvIk9YiD76yYy0TEG6.pickle
Error downloading file: https://github.com/NiharikaCNR/STAT605-Project/raw/main/data/tracks/Parkour/18vXApRmJSgQ6wG2ll9AOg.pickle
Error downloading file: https://github.com/NiharikaCNR/STAT605-Project/raw/main/data/tracks/Parkour/4eNOLmx8r2IJAVKvBBL1jv.pickle
Error downloading file: https://github.com/NiharikaCNR/STAT605-Project/raw/main/data/tracks/Parkour/5FZxsHWIvUsmSK1IAvm2pp.pickle
Error downloading file: https://github.com/NiharikaCNR/STAT605-Project/raw/main/data/tracks/Parkour/4XoP1AkbOurU9CeZ2rMEz2.pickle
Error downloading file: https://github.com/NiharikaCNR/STAT605-Project/raw/main/data/tracks/Parkour/7xVLFuuYdAvcTfcP3IG3dS.pickle
Error downloading file: https://github.com/NiharikaCNR/STAT605-Project/raw/main/data/tracks/Parkour/6gBFPUFcJLzWGx4lenP6h2.pickle
Error downloading file: https://github.com/NiharikaCNR/STAT605-Project/raw/main/data/tracks/Parkour/3LnOF5n1GOs01siYZXzS3p.pickle
Error downloading file: https://github.com/NiharikaCNR/STAT605-Project/raw/main/data/tracks/Parkour/6HZILIRieu8S0iqY8kIKhj.pickle
Error downloading file: https://github.com/NiharikaCNR/STAT605-Project/raw/main/data/tracks/Parkour/6KigD0mlF4VGDYiSEzAyYw.pickle
Error downloading file: https://github.com/NiharikaCNR/STAT605-Project/raw/main/data/tracks/Parkour/3q8ms2oRMFsyxUYYKDiXIP.pickle
Error downloading file: https://github.com/NiharikaCNR/STAT605-Project/raw/main/data/tracks/Parkour/3RiPr603aXAoi4GHyXx0uy.pickle
Error downloading file: https://github.com/NiharikaCNR/STAT605-Project/raw/main/data/tracks/Parkour/0u4htORODiTK9vHVA89MQX.pickle
Error downloading file: https://github.com/NiharikaCNR/STAT605-Project/raw/main/data/tracks/Parkour/6ho0GyrWZN3mhi9zVRW7xi.pickle
Error downloading file: https://github.com/NiharikaCNR/STAT605-Project/raw/main/data/tracks/Parkour/7lQ8MOhq6IN2w8EYcFNSUk.pickle
Error downloading file: https://github.com/NiharikaCNR/STAT605-Project/raw/main/data/tracks/Parkour/7GX5flRQZVHRAGd6B4TmDO.pickle
Error downloading file: https://github.com/NiharikaCNR/STAT605-Project/raw/main/data/tracks/Parkour/527k23H0A4Q0UJN3vGs0Da.pickle
Error downloading file: https://github.com/NiharikaCNR/STAT605-Project/raw/main/data/tracks/Parkour/2t8yVaLvJ0RenpXUIAC52d.pickle
Error downloading file: https://github.com/NiharikaCNR/STAT605-Project/raw/main/data/tracks/Parkour/1C8ux1YWLMHCenYJFiIV4Z.pickle
Error downloading file: https://github.com/NiharikaCNR/STAT605-Project/raw/main/data/tracks/Parkour/25zlnOAzbVoOzIeXSvQFf1.pickle
Error downloading file: https://github.com/NiharikaCNR/STAT605-Project/raw/main/data/tracks/Parkour/2JvzF1RMd7lE3KmFlsyZD8.pickle
Error downloading file: https://github.com/NiharikaCNR/STAT605-Project/raw/main/data/tracks/Parkour/3eekarcy7kvN4yt5ZFzltW.pickle
Error downloading file: https://github.com/NiharikaCNR/STAT605-Project/raw/main/data/tracks/Parkour/0N3W5peJUQtI4eyR6GJT5O.pickle
Error downloading file: https://github.com/NiharikaCNR/STAT605-Project/raw/main/data/tracks/Parkour/6PGoSes0D9eUDeeAafB2As.pickle
Error downloading file: https://github.com/NiharikaCNR/STAT605-Project/raw/main/data/tracks/Parkour/70eDxAyAraNTiD6lx2ZEnH.pickle
Error downloading file: https://github.com/NiharikaCNR/STAT605-Project/raw/main/data/tracks/Parkour/2DQ1ITjI0YoLFzuADN1ZBW.pickle
Error downloading file: https://github.com/NiharikaCNR/STAT605-Project/raw/main/data/tracks/Parkour/03EuhmMsEHVFI9ytainStU.pickle
Error downloading file: https://github.com/NiharikaCNR/STAT605-Project/raw/main/data/tracks/Parkour/3tjFYV6RSFtuktYl3ZtYcq.pickle
Error downloading file: https://github.com/NiharikaCNR/STAT605-Project/raw/main/data/tracks/Parkour/0e7ipj03S05BNilyu5bRzt.pickle
Error downloading file: https://github.com/NiharikaCNR/STAT605-Project/raw/main/data/tracks/Parkour/7dt6x5M1jzdTEt8oCbisTK.pickle
Error downloading file: https://github.com/NiharikaCNR/STAT605-Project/raw/main/data/tracks/Parkour/2Z8WuEywRWYTKe1NybPQEW.pickle
Error downloading file: https://github.com/NiharikaCNR/STAT605-Project/raw/main/data/tracks/Parkour/7xB3TwyZMOnKcF50RIXh5b.pickle
Error downloading file: https://github.com/NiharikaCNR/STAT605-Project/raw/main/data/tracks/Parkour/7ytR5pFWmSjzHJIeQkgog4.pickle
Error downloading file: https://github.com/NiharikaCNR/STAT605-Project/raw/main/data/tracks/Parkour/3a1lNhkSLSkpJE4MSHpDu9.pickle
Error downloading file: https://github.com/NiharikaCNR/STAT605-Project/raw/main/data/tracks/Parkour/3a1lNhkSLSkpJE4MSHpDu9.pickle
Error downloading file: https://github.com/NiharikaCNR/STAT605-Project/raw/main/data/tracks/Parkour/3a1lNhkSLSkpJE4MSHpDu9.pickle
Error downloading file: https://github.com/NiharikaCNR/STAT605-Project/raw/main/data/tracks/Parkour/3a1lNhkSLSkpJE4MSHpDu9.pickle
Error downloading file: https://github.com/NiharikaCNR/STAT605-Project/raw/main/data/tracks/Parkour/4ZT9FnbFu1PaBfV3itxiqT.pickle
Error downloading file: https://github.com/NiharikaCNR/STAT605-Project/raw/main/data/tracks/Parkour/1jaTQ3nqY3oAAYyCTbIvnM.pickle
Error downloading file: https://github.com/NiharikaCNR/STAT605-Project/raw/main/data/tracks/Parkour/4dASQiO1Eoo3RJvt74FtXB.pickle
Error downloading file: https://github.com/NiharikaCNR/STAT605-Project/raw/main/data/tracks/Parkour/7gUpO6td4OOnu0Lf9vhcIV.pickle
Error downloading file: https://github.com/NiharikaCNR/STAT605-Project/raw/main/data/tracks/Parkour/3to5UxKsozb4T6CfwHuhLJ.pickle
Error downloading file: https://github.com/NiharikaCNR/STAT605-Project/raw/main/data/tracks/Parkour/2IRZnDFmlqMuOrYOLnZZyc.pickle
Error downloading file: https://github.com/NiharikaCNR/STAT605-Project/raw/main/data/tracks/Parkour/6DCZcSspjsKoFjzjrWoCdn.pickle
Error downloading file: https://github.com/NiharikaCNR/STAT605-Project/raw/main/data/tracks/Parkour/4guBZjUyrGoHsTahO3IHdj.pickle
Error downloading file: https://github.com/NiharikaCNR/STAT605-Project/raw/main/data/tracks/Parkour/7ycWLEP1GsNjVvcjawXz3z.pickle
Error downloading file: https://github.com/NiharikaCNR/STAT605-Project/raw/main/data/tracks/Parkour/5uDASfU19gDxSjW8cnCaBp.pickle
Error downloading file: https://github.com/NiharikaCNR/STAT605-Project/raw/main/data/tracks/Parkour/3oqWr0jDWNXxWufNogGREp.pickle
Error downloading file: https://github.com/NiharikaCNR/STAT605-Project/raw/main/data/tracks/Parkour/6gwaa6ElIixNTvu6RwkMyo.pickle
Error downloading file: https://github.com/NiharikaCNR/STAT605-Project/raw/main/data/tracks/Parkour/0yqrhHrcWLMjBylHReDN5u.pickle
Error downloading file: https://github.com/NiharikaCNR/STAT605-Project/raw/main/data/tracks/Parkour/75IN3CtuZwTHTnZvYM4qnJ.pickle
Error downloading file: https://github.com/NiharikaCNR/STAT605-Project/raw/main/data/tracks/Parkour/42YNobZ4HN3tRVEA47wLT6.pickle
Error downloading file: https://github.com/NiharikaCNR/STAT605-Project/raw/main/data/tracks/Parkour/4EAV2cKiqKP5UPZmY6dejk.pickle
Error downloading file: https://github.com/NiharikaCNR/STAT605-Project/raw/main/data/tracks/Parkour/4EAV2cKiqKP5UPZmY6dejk.pickle
Error downloading file: https://github.com/NiharikaCNR/STAT605-Project/raw/main/data/tracks/Parkour/4EAV2cKiqKP5UPZmY6dejk.pickle
Error downloading file: https://github.com/NiharikaCNR/STAT605-Project/raw/main/data/tracks/Parkour/4EAV2cKiqKP5UPZmY6dejk.pickle
Error downloading file: https://github.com/NiharikaCNR/STAT605-Project/raw/main/data/tracks/Parkour/1SWVDBtw6h3tm9OehOkDhv.pickle
Error downloading file: https://github.com/NiharikaCNR/STAT605-Project/raw/main/data/tracks/Parkour/60SdxE8apGAxMiRrpbmLY0.pickle
Error downloading file: https://github.com/NiharikaCNR/STAT605-Project/raw/main/data/tracks/Parkour/7hxHWCCAIIxFLCzvDgnQHX.pickle
Error downloading file: https://github.com/NiharikaCNR/STAT605-Project/raw/main/data/tracks/Parkour/27a1mYSG5tYg7dmEjWBcmL.pickle
Error downloading file: https://github.com/NiharikaCNR/STAT605-Project/raw/main/data/tracks/Parkour/0xUvi7wldroBzaZCengPa5.pickle
Error downloading file: https://github.com/NiharikaCNR/STAT605-Project/raw/main/data/tracks/Parkour/7xQAfvXzm3AkraOtGPWIZg.pickle
Error downloading file: https://github.com/NiharikaCNR/STAT605-Project/raw/main/data/tracks/Parkour/5yY9lUy8nbvjM1Uyo1Uqoc.pickle
Error downloading file: https://github.com/NiharikaCNR/STAT605-Project/raw/main/data/tracks/Parkour/4bJygwUKrRgq1stlNXcgMg.pickle
Error downloading file: https://github.com/NiharikaCNR/STAT605-Project/raw/main/data/tracks/Parkour/1dg3qy5DjoJodawfOCgrTP.pickle
Error downloading file: https://github.com/NiharikaCNR/STAT605-Project/raw/main/data/tracks/Parkour/2Qdnk7tbc4onLOIPd1eSNE.pickle
Error downloading file: https://github.com/NiharikaCNR/STAT605-Project/raw/main/data/tracks/Parkour/2Vx8E3K5icPZR7OCklWBXX.pickle
Error downloading file: https://github.com/NiharikaCNR/STAT605-Project/raw/main/data/tracks/Parkour/1lgN0A2Vki2FTON5PYq42m.pickle
Error downloading file: https://github.com/NiharikaCNR/STAT605-Project/raw/main/data/tracks/Parkour/2Y0wPrPQBrGhoLn14xRYCG.pickle
Error downloading file: https://github.com/NiharikaCNR/STAT605-Project/raw/main/data/tracks/Parkour/3muBQDekYAg7jm6hDu6R0Z.pickle
Error downloading file: https://github.com/NiharikaCNR/STAT605-Project/raw/main/data/tracks/Parkour/1cBxAm8a0fENn2ix3Dfm3u.pickle
Error downloading file: https://github.com/NiharikaCNR/STAT605-Project/raw/main/data/tracks/Parkour/6Ac4NVYYl2U73QiTt11ZKd.pickle
Error downloading file: https://github.com/NiharikaCNR/STAT605-Project/raw/main/data/tracks/Parkour/3BEZCNZSmVv30vsMNSOCri.pickle
Error downloading file: https://github.com/NiharikaCNR/STAT605-Project/raw/main/data/tracks/Parkour/525GY0mXYnxajolwgS8Eaz.pickle
Error downloading file: https://github.com/NiharikaCNR/STAT605-Project/raw/main/data/tracks/Parkour/5ry2OE6R2zPQFDO85XkgRb.pickle
Error downloading file: https://github.com/NiharikaCNR/STAT605-Project/raw/main/data/tracks/Parkour/6IaieqiCVvsNvEt6Y7yOFa.pickle
Error downloading file: https://github.com/NiharikaCNR/STAT605-Project/raw/main/data/tracks/Parkour/5eSllZgRWCIJsDTAqFRwQw.pickle
Error downloading file: https://github.com/NiharikaCNR/STAT605-Project/raw/main/data/tracks/Parkour/39Yp9wwQiSRIDOvrVg7mbk.pickle
Error downloading file: https://github.com/NiharikaCNR/STAT605-Project/raw/main/data/tracks/Parkour/5oMkgWZqmKjaJHrsXcsZZy.pickle
Error downloading file: https://github.com/NiharikaCNR/STAT605-Project/raw/main/data/tracks/Parkour/0eqH0ALoDQevq59YcQ53KE.pickle
Error downloading file: https://github.com/NiharikaCNR/STAT605-Project/raw/main/data/tracks/Parkour/1s70cjkrdj9lpEeQQlmS9l.pickle
Error downloading file: https://github.com/NiharikaCNR/STAT605-Project/raw/main/data/tracks/Parkour/7DcvwMAiqKJQD1rrdfxSDx.pickle
Error downloading file: https://github.com/NiharikaCNR/STAT605-Project/raw/main/data/tracks/Parkour/2iP3unJbxZvRuqyrS0ocZy.pickle
Error downloading file: https://github.com/NiharikaCNR/STAT605-Project/raw/main/data/tracks/Parkour/7iHHxY2NLlJRAmlAmC4ahQ.pickle
Error downloading file: https://github.com/NiharikaCNR/STAT605-Project/raw/main/data/tracks/Parkour/3JKgcAa7r07ocVWcV8bS0H.pickle
Error downloading file: https://github.com/NiharikaCNR/STAT605-Project/raw/main/data/tracks/Parkour/2WRFD9WczJ975X2K1Y9YVs.pickle
Error downloading file: https://github.com/NiharikaCNR/STAT605-Project/raw/main/data/tracks/Parkour/0cOyO6VSiOdVms21hSHHEL.pickle
Error downloading file: https://github.com/NiharikaCNR/STAT605-Project/raw/main/data/tracks/Parkour/0P6AWOA4LG1XOctzaVu5tt.pickle
Error downloading file: https://github.com/NiharikaCNR/STAT605-Project/raw/main/data/tracks/Parkour/5yuShbu70mtHXY0yLzCQLQ.pickle
Error downloading file: https://github.com/NiharikaCNR/STAT605-Project/raw/main/data/tracks/Parkour/0DiWol3AO6WpXZgp0goxAV.pickle
Error downloading file: https://github.com/NiharikaCNR/STAT605-Project/raw/main/data/tracks/Parkour/40MkEbKzuSW9ET6HBngqnK.pickle
Error downloading file: https://github.com/NiharikaCNR/STAT605-Project/raw/main/data/tracks/Parkour/7zv0i1f8kTy8hPapkm28kz.pickle
Error downloading file: https://github.com/NiharikaCNR/STAT605-Project/raw/main/data/tracks/Parkour/3BvheqhKGQgFMSiiJh6ayj.pickle
Error downloading file: https://github.com/NiharikaCNR/STAT605-Project/raw/main/data/tracks/Parkour/6lbhkPbkKj6jnPTt1FelVo.pickle
Error downloading file: https://github.com/NiharikaCNR/STAT605-Project/raw/main/data/tracks/Parkour/4dVpf9jZjcORqGTLUaeYj9.pickle
Error downloading file: https://github.com/NiharikaCNR/STAT605-Project/raw/main/data/tracks/Parkour/4rwpZEcnalkuhPyGkEdhu0.pickle
Error downloading file: https://github.com/NiharikaCNR/STAT605-Project/raw/main/data/tracks/Parkour/0L7loeTIg6akW84aEQZpCT.pickle
Error downloading file: https://github.com/NiharikaCNR/STAT605-Project/raw/main/data/tracks/Parkour/4QlzkaRHtU8gAdwqjWmO8n.pickle
Error downloading file: https://github.com/NiharikaCNR/STAT605-Project/raw/main/data/tracks/Parkour/5CeL9C3bsoe4yzYS1Qz8cw.pickle
Error downloading file: https://github.com/NiharikaCNR/STAT605-Project/raw/main/data/tracks/Parkour/2VSbEXqs6NbNiZSTcHlIDR.pickle
Error downloading file: https://github.com/NiharikaCNR/STAT605-Project/raw/main/data/tracks/Parkour/0RWqE2ZaulvnN1i40qIhDh.pickle
Error downloading file: https://github.com/NiharikaCNR/STAT605-Project/raw/main/data/tracks/Parkour/2M71Inc9camxaIGtmQ6I87.pickle
Error downloading file: https://github.com/NiharikaCNR/STAT605-Project/raw/main/data/tracks/Parkour/1CireMJYXN8Rw4u1HG5GFZ.pickle
Error downloading file: https://github.com/NiharikaCNR/STAT605-Project/raw/main/data/tracks/Parkour/0N5x5UmYcbBeHFJtCCqf62.pickle
Error downloading file: https://github.com/NiharikaCNR/STAT605-Project/raw/main/data/tracks/Parkour/4XLm8FNvaTlmTAZmSrrV82.pickle
Error downloading file: https://github.com/NiharikaCNR/STAT605-Project/raw/main/data/tracks/Parkour/1CtAzw53AIXKjAemxy4b1j.pickle
Error downloading file: https://github.com/NiharikaCNR/STAT605-Project/raw/main/data/tracks/Parkour/2NeyJbL3ROKCjRkAjs77ya.pickle
Error downloading file: https://github.com/NiharikaCNR/STAT605-Project/raw/main/data/tracks/Parkour/2QqJTIlGKRLJC3onkavYEz.pickle
Error downloading file: https://github.com/NiharikaCNR/STAT605-Project/raw/main/data/tracks/Parkour/3Qe0dJkQXx7jJWXRxuVqJ0.pickle
Error downloading file: https://github.com/NiharikaCNR/STAT605-Project/raw/main/data/tracks/Parkour/3fpVWegR6YOS1Yk5HSMYIq.pickle
Error downloading file: https://github.com/NiharikaCNR/STAT605-Project/raw/main/data/tracks/Parkour/40oKW22ZNNkEdZLJTScaQI.pickle
Error downloading file: https://github.com/NiharikaCNR/STAT605-Project/raw/main/data/tracks/Parkour/2gStKyyyGk6axwpTbEuRnA.pickle
Error downloading file: https://github.com/NiharikaCNR/STAT605-Project/raw/main/data/tracks/Parkour/7AODNxFNPnKaz4hURLzw5l.pickle
Error downloading file: https://github.com/NiharikaCNR/STAT605-Project/raw/main/data/tracks/Parkour/6VRhkROS2SZHGlp0pxndbJ.pickle
Error downloading file: https://github.com/NiharikaCNR/STAT605-Project/raw/main/data/tracks/Parkour/7ev2lOXMdzyJ5qCXUnrRns.pickle
Error downloading file: https://github.com/NiharikaCNR/STAT605-Project/raw/main/data/tracks/Parkour/3VUvBY6FV7ImIfN5cNK4oX.pickle
Error downloading file: https://github.com/NiharikaCNR/STAT605-Project/raw/main/data/tracks/Parkour/4ua0IepBEISCWwF8dTJvcU.pickle
Error downloading file: https://github.com/NiharikaCNR/STAT605-Project/raw/main/data/tracks/Parkour/2HsSzwrvvgiYSCdsYLiJWB.pickle
Error downloading file: https://github.com/NiharikaCNR/STAT605-Project/raw/main/data/tracks/Parkour/4yMUywwLJwsWd1v9zow2MH.pickle
Error downloading file: https://github.com/NiharikaCNR/STAT605-Project/raw/main/data/tracks/Parkour/2b1kUfie7igxbXB70V8mMF.pickle
Error downloading file: https://github.com/NiharikaCNR/STAT605-Project/raw/main/data/tracks/Parkour/6cREm4bV7V79Yxdilx9HDo.pickle
Error downloading file: https://github.com/NiharikaCNR/STAT605-Project/raw/main/data/tracks/Parkour/7M5THIX4FKiNOTOpOHoXHL.pickle
Error downloading file: https://github.com/NiharikaCNR/STAT605-Project/raw/main/data/tracks/Parkour/2LxyITcslKIKdMyYdHdA5l.pickle
Error downloading file: https://github.com/NiharikaCNR/STAT605-Project/raw/main/data/tracks/Parkour/2xIZ74gMY794yuZir9zwgc.pickle
Error downloading file: https://github.com/NiharikaCNR/STAT605-Project/raw/main/data/tracks/Parkour/6jrFTDTF8VWnxuPPRGCf9k.pickle
Error downloading file: https://github.com/NiharikaCNR/STAT605-Project/raw/main/data/tracks/Parkour/7fI96JHMnvd3Ft70Zzv74G.pickle
Error downloading file: https://github.com/NiharikaCNR/STAT605-Project/raw/main/data/tracks/Parkour/0Txbn46ZPEuHUrafScSWLr.pickle
Error downloading file: https://github.com/NiharikaCNR/STAT605-Project/raw/main/data/tracks/Parkour/6rg1MBZqggsQ5olFGTw0rr.pickle
Error downloading file: https://github.com/NiharikaCNR/STAT605-Project/raw/main/data/tracks/Parkour/4WL18zolDiPToRXggigJwg.pickle
Error downloading file: https://github.com/NiharikaCNR/STAT605-Project/raw/main/data/tracks/Parkour/24fQpRwKFkC3Fe8QtvvrNw.pickle
Error downloading file: https://github.com/NiharikaCNR/STAT605-Project/raw/main/data/tracks/Parkour/0HoaLXRp7jJtdQFunUyUGc.pickle
Error downloading file: https://github.com/NiharikaCNR/STAT605-Project/raw/main/data/tracks/Parkour/6AUYnTv5LXbWm2oHxN3QAw.pickle
Error downloading file: https://github.com/NiharikaCNR/STAT605-Project/raw/main/data/tracks/Parkour/0LhILIVhWTJz6eEsbEreZG.pickle
Error downloading file: https://github.com/NiharikaCNR/STAT605-Project/raw/main/data/tracks/Parkour/5jbneWgeNyiKnNjsPwpWUp.pickle
Error downloading file: https://github.com/NiharikaCNR/STAT605-Project/raw/main/data/tracks/Parkour/0VZ2rAa5ceRaMPMufTVmqd.pickle
Error downloading file: https://github.com/NiharikaCNR/STAT605-Project/raw/main/data/tracks/Parkour/0VgkVdmE4gld66l8iyGjgx.pickle
Error downloading file: https://github.com/NiharikaCNR/STAT605-Project/raw/main/data/tracks/Parkour/0aym2LBJBk9DAYuHHutrIl.pickle
Error downloading file: https://github.com/NiharikaCNR/STAT605-Project/raw/main/data/tracks/Parkour/0utlOiJy2weVl9WTkcEWHy.pickle
Error downloading file: https://github.com/NiharikaCNR/STAT605-Project/raw/main/data/tracks/Parkour/22mek4IiqubGD9ctzxc69s.pickle
Error downloading file: https://github.com/NiharikaCNR/STAT605-Project/raw/main/data/tracks/Parkour/2cGxRwrMyEAp8dEbuZaVv6.pickle
Error downloading file: https://github.com/NiharikaCNR/STAT605-Project/raw/main/data/tracks/Parkour/33pDmPx2pkJ7JCAQpRDQ9B.pickle
Error downloading file: https://github.com/NiharikaCNR/STAT605-Project/raw/main/data/tracks/Parkour/3swc6WTsr7rl9DqQKQA55C.pickle
Error downloading file: https://github.com/NiharikaCNR/STAT605-Project/raw/main/data/tracks/Parkour/4G8gkOterJn0Ywt6uhqbhp.pickle
Error downloading file: https://github.com/NiharikaCNR/STAT605-Project/raw/main/data/tracks/Parkour/4RNpfZR9Zm7efzuMghkPKb.pickle
Error downloading file: https://github.com/NiharikaCNR/STAT605-Project/raw/main/data/tracks/Parkour/51Fjme0JiitpyXKuyQiCDo.pickle
Error downloading file: https://github.com/NiharikaCNR/STAT605-Project/raw/main/data/tracks/Parkour/5Z3GHaZ6ec9bsiI5BenrbY.pickle
Error downloading file: https://github.com/NiharikaCNR/STAT605-Project/raw/main/data/tracks/Parkour/67BtfxlNbhBmCDR2L2l8qd.pickle
Error downloading file: https://github.com/NiharikaCNR/STAT605-Project/raw/main/data/tracks/Parkour/6SwRhMLwNqEi6alNPVG00n.pickle
Error downloading file: https://github.com/NiharikaCNR/STAT605-Project/raw/main/data/tracks/Parkour/6wJYhPfqk3KGhHRG76WzOh.pickle
Error downloading file: https://github.com/NiharikaCNR/STAT605-Project/raw/main/data/tracks/Parkour/7D5n2kpYH2WSqIyEO9MeXf.pickle
Error downloading file: https://github.com/NiharikaCNR/STAT605-Project/raw/main/data/tracks/Parkour/7FIWs0pqAYbP91WWM0vlTQ.pickle
Error downloading file: https://github.com/NiharikaCNR/STAT605-Project/raw/main/data/tracks/Parkour/7KnSOsvmbc6xeIWVKUXzLd.pickle
Error downloading file: https://github.com/NiharikaCNR/STAT605-Project/raw/main/data/tracks/Parkour/7M2tXmeS15NAzEn7ABFeBg.pickle
Error downloading file: https://github.com/NiharikaCNR/STAT605-Project/raw/main/data/tracks/Parkour/1i1fxkWeaMmKEB4T7zqbzK.pickle
Error downloading file: https://github.com/NiharikaCNR/STAT605-Project/raw/main/data/tracks/Parkour/3Ofmpyhv5UAQ70mENzB277.pickle
Error downloading file: https://github.com/NiharikaCNR/STAT605-Project/raw/main/data/tracks/Parkour/6i0V12jOa3mr6uu4WYhUBr.pickle
Error downloading file: https://github.com/NiharikaCNR/STAT605-Project/raw/main/data/tracks/Parkour/2toVe5hfuIi97ytDPDbQFt.pickle
Error downloading file: https://github.com/NiharikaCNR/STAT605-Project/raw/main/data/tracks/Parkour/3GCdLUSnKSMJhs4Tj6CV3s.pickle
Error downloading file: https://github.com/NiharikaCNR/STAT605-Project/raw/main/data/tracks/Parkour/4tqcoej1zPvwePZCzuAjJd.pickle
Error downloading file: https://github.com/NiharikaCNR/STAT605-Project/raw/main/data/tracks/Parkour/0KdwmtG44yIDpyie4b0jCn.pickle
Error downloading file: https://github.com/NiharikaCNR/STAT605-Project/raw/main/data/tracks/Parkour/0vg4WnUWvze6pBOJDTq99k.pickle
