Error downloading file: https://github.com/NiharikaCNR/STAT605-Project/raw/main/data/tracks/Relaxing/6Qyc6fS4DsZjB2mRW9DsQs.pickle
Error downloading file: https://github.com/NiharikaCNR/STAT605-Project/raw/main/data/tracks/Relaxing/4q8f3Ls32PcXE8Ks4V1ufx.pickle
Error downloading file: https://github.com/NiharikaCNR/STAT605-Project/raw/main/data/tracks/Relaxing/4WBSK6p3BjyUJQ0hmyKdQM.pickle
Error downloading file: https://github.com/NiharikaCNR/STAT605-Project/raw/main/data/tracks/Relaxing/1pAKUFLp8gtOrAAPwkFYJ0.pickle
Error downloading file: https://github.com/NiharikaCNR/STAT605-Project/raw/main/data/tracks/Relaxing/555LtwRZ3fc00jnQSGOd0q.pickle
Error downloading file: https://github.com/NiharikaCNR/STAT605-Project/raw/main/data/tracks/Relaxing/1xbfnRa7qVtoLWqr0xDljM.pickle
Error downloading file: https://github.com/NiharikaCNR/STAT605-Project/raw/main/data/tracks/Relaxing/2FjdJ4hXRC6rrKD1zNGHqZ.pickle
Error downloading file: https://github.com/NiharikaCNR/STAT605-Project/raw/main/data/tracks/Relaxing/3e1SIAaOU2ai7MGF77qxUi.pickle
Error downloading file: https://github.com/NiharikaCNR/STAT605-Project/raw/main/data/tracks/Relaxing/41Fp3VZmyloxKUUcWDUrH2.pickle
Error downloading file: https://github.com/NiharikaCNR/STAT605-Project/raw/main/data/tracks/Relaxing/0eZzQlr30pDYx9us8zfVx5.pickle
Error downloading file: https://github.com/NiharikaCNR/STAT605-Project/raw/main/data/tracks/Relaxing/5F820xSuKiMLpGOV04Xs3c.pickle
Error downloading file: https://github.com/NiharikaCNR/STAT605-Project/raw/main/data/tracks/Relaxing/4kVJriKGhf4s47EnbfIloH.pickle
Error downloading file: https://github.com/NiharikaCNR/STAT605-Project/raw/main/data/tracks/Relaxing/4dXeSoH8k8iq8uQz2ZZZSK.pickle
Error downloading file: https://github.com/NiharikaCNR/STAT605-Project/raw/main/data/tracks/Relaxing/75UEjnA7EJ4ztlMANBW1dX.pickle
Error downloading file: https://github.com/NiharikaCNR/STAT605-Project/raw/main/data/tracks/Relaxing/2774iv7rt5UytxvyYe4z4O.pickle
Error downloading file: https://github.com/NiharikaCNR/STAT605-Project/raw/main/data/tracks/Relaxing/28BhahBC2qOpui6ryXoCev.pickle
Error downloading file: https://github.com/NiharikaCNR/STAT605-Project/raw/main/data/tracks/Relaxing/77J5YZNzyRlIfmfx1iYGRE.pickle
Error downloading file: https://github.com/NiharikaCNR/STAT605-Project/raw/main/data/tracks/Relaxing/3ztpmZj6p47tlck3NVQrV7.pickle
Error downloading file: https://github.com/NiharikaCNR/STAT605-Project/raw/main/data/tracks/Relaxing/3lzrmp1ug1AEu5KQ3AkzO6.pickle
Error downloading file: https://github.com/NiharikaCNR/STAT605-Project/raw/main/data/tracks/Relaxing/6Db6Cz42MGCRkM28KHivIy.pickle
Error downloading file: https://github.com/NiharikaCNR/STAT605-Project/raw/main/data/tracks/Relaxing/78HCy9rFb20PwAJvk9Tv73.pickle
Error downloading file: https://github.com/NiharikaCNR/STAT605-Project/raw/main/data/tracks/Relaxing/6FJXxbDwCd0ufovPFEt5Gl.pickle
Error downloading file: https://github.com/NiharikaCNR/STAT605-Project/raw/main/data/tracks/Relaxing/1kOo4z14fQRQdnYXU8VDcv.pickle
Error downloading file: https://github.com/NiharikaCNR/STAT605-Project/raw/main/data/tracks/Relaxing/53Pqc0z3W4bJM9eeOO1W3O.pickle
Error downloading file: https://github.com/NiharikaCNR/STAT605-Project/raw/main/data/tracks/Relaxing/4mCzvTMB3zYJeRP3G9h1qz.pickle
Error downloading file: https://github.com/NiharikaCNR/STAT605-Project/raw/main/data/tracks/Relaxing/15BlDyzMK5LyPeHmjRhoAm.pickle
Error downloading file: https://github.com/NiharikaCNR/STAT605-Project/raw/main/data/tracks/Relaxing/6Ywas6l9JyqXWDS1PKmzj6.pickle
Error downloading file: https://github.com/NiharikaCNR/STAT605-Project/raw/main/data/tracks/Relaxing/0LOfO55KZs4fW7UtyQJfRJ.pickle
Error downloading file: https://github.com/NiharikaCNR/STAT605-Project/raw/main/data/tracks/Relaxing/4vbpZqfVsIz1lPEsMT0IkE.pickle
Error downloading file: https://github.com/NiharikaCNR/STAT605-Project/raw/main/data/tracks/Relaxing/6EOpjNGn34eXLJASVcUksY.pickle
Error downloading file: https://github.com/NiharikaCNR/STAT605-Project/raw/main/data/tracks/Relaxing/0V3wPSX9ygBnCm8psDIegu.pickle
Error downloading file: https://github.com/NiharikaCNR/STAT605-Project/raw/main/data/tracks/Relaxing/0V3wPSX9ygBnCm8psDIegu.pickle
Error downloading file: https://github.com/NiharikaCNR/STAT605-Project/raw/main/data/tracks/Relaxing/0V3wPSX9ygBnCm8psDIegu.pickle
Error downloading file: https://github.com/NiharikaCNR/STAT605-Project/raw/main/data/tracks/Relaxing/0V3wPSX9ygBnCm8psDIegu.pickle
Error downloading file: https://github.com/NiharikaCNR/STAT605-Project/raw/main/data/tracks/Relaxing/5Z2MiIZ5I3jJvvmeWMLbOQ.pickle
Error downloading file: https://github.com/NiharikaCNR/STAT605-Project/raw/main/data/tracks/Relaxing/4sx6NRwL6Ol3V6m9exwGlQ.pickle
Error downloading file: https://github.com/NiharikaCNR/STAT605-Project/raw/main/data/tracks/Relaxing/0O6u0VJ46W86TxN9wgyqDj.pickle
Error downloading file: https://github.com/NiharikaCNR/STAT605-Project/raw/main/data/tracks/Relaxing/0rc1HCVoReqzzXF9jssqZk.pickle
Error downloading file: https://github.com/NiharikaCNR/STAT605-Project/raw/main/data/tracks/Relaxing/22I3h5AOENlH4CqXJsEbFR.pickle
Error downloading file: https://github.com/NiharikaCNR/STAT605-Project/raw/main/data/tracks/Relaxing/3r8RuvgbX9s7ammBn07D3W.pickle
Error downloading file: https://github.com/NiharikaCNR/STAT605-Project/raw/main/data/tracks/Relaxing/0f65WejrgXKet9klHr5Tcc.pickle
Error downloading file: https://github.com/NiharikaCNR/STAT605-Project/raw/main/data/tracks/Relaxing/2wbG3Ma6mHGHI1cJv7r67u.pickle
Error downloading file: https://github.com/NiharikaCNR/STAT605-Project/raw/main/data/tracks/Relaxing/3zLTPuucd3e6TxZnu2dlVS.pickle
Error downloading file: https://github.com/NiharikaCNR/STAT605-Project/raw/main/data/tracks/Relaxing/4FddKCeFq1J6ALw9ZZ2P8U.pickle
Error downloading file: https://github.com/NiharikaCNR/STAT605-Project/raw/main/data/tracks/Relaxing/4b59u2E74KcDuyHCRBkf5v.pickle
Error downloading file: https://github.com/NiharikaCNR/STAT605-Project/raw/main/data/tracks/Relaxing/0wZMPhztIsuwSjCo6OalWe.pickle
Error downloading file: https://github.com/NiharikaCNR/STAT605-Project/raw/main/data/tracks/Relaxing/1lOVilzLQuYY2fnFrQ76DK.pickle
Error downloading file: https://github.com/NiharikaCNR/STAT605-Project/raw/main/data/tracks/Relaxing/6Ye4niSXscwpj4smkb5ioO.pickle
Error downloading file: https://github.com/NiharikaCNR/STAT605-Project/raw/main/data/tracks/Relaxing/3K00Ib1shkOEiAXU5pec6e.pickle
Error downloading file: https://github.com/NiharikaCNR/STAT605-Project/raw/main/data/tracks/Relaxing/0HJ4Tedj2QSKLQJWRH30Aw.pickle
Error downloading file: https://github.com/NiharikaCNR/STAT605-Project/raw/main/data/tracks/Relaxing/5YdnOm5990Kfq1Jodws98B.pickle
Error downloading file: https://github.com/NiharikaCNR/STAT605-Project/raw/main/data/tracks/Relaxing/7hwWaLyQt8zGEM2Umg64TF.pickle
Error downloading file: https://github.com/NiharikaCNR/STAT605-Project/raw/main/data/tracks/Relaxing/3uiCzhMCblHEz202xN7zgQ.pickle
Error downloading file: https://github.com/NiharikaCNR/STAT605-Project/raw/main/data/tracks/Relaxing/6iZ2inFhxOuHKxOlTwwhZq.pickle
Error downloading file: https://github.com/NiharikaCNR/STAT605-Project/raw/main/data/tracks/Relaxing/2mPyJgKE7vSpUoFXJps8z3.pickle
Error downloading file: https://github.com/NiharikaCNR/STAT605-Project/raw/main/data/tracks/Relaxing/3s32YmunFgfXVWgLRKLdKm.pickle
Error downloading file: https://github.com/NiharikaCNR/STAT605-Project/raw/main/data/tracks/Relaxing/5u8Y0lAUlBLwuhpXSDUGf4.pickle
Error downloading file: https://github.com/NiharikaCNR/STAT605-Project/raw/main/data/tracks/Relaxing/4fsyeRErcfQpJXiGpcPPCT.pickle
Error downloading file: https://github.com/NiharikaCNR/STAT605-Project/raw/main/data/tracks/Relaxing/5xV7NL7wEfUurJAEnvrs1o.pickle
Error downloading file: https://github.com/NiharikaCNR/STAT605-Project/raw/main/data/tracks/Relaxing/1cgy2FSOQMbq7DHCVgMAUA.pickle
Error downloading file: https://github.com/NiharikaCNR/STAT605-Project/raw/main/data/tracks/Relaxing/0k6P9cdEA9K3k0ASde2Kof.pickle
Error downloading file: https://github.com/NiharikaCNR/STAT605-Project/raw/main/data/tracks/Relaxing/6sLr7HzQe2xQVhBmhrT3vU.pickle
Error downloading file: https://github.com/NiharikaCNR/STAT605-Project/raw/main/data/tracks/Relaxing/1kYPoC4fHUqj31mC53gB9e.pickle
Error downloading file: https://github.com/NiharikaCNR/STAT605-Project/raw/main/data/tracks/Relaxing/1aMeBqrCnPf1CzRXlKyNFs.pickle
Error downloading file: https://github.com/NiharikaCNR/STAT605-Project/raw/main/data/tracks/Relaxing/3qzNMOAMWvzMtl3aPv9rOB.pickle
Error downloading file: https://github.com/NiharikaCNR/STAT605-Project/raw/main/data/tracks/Relaxing/64LTn5fTsPR0QLy7bVYl9w.pickle
Error downloading file: https://github.com/NiharikaCNR/STAT605-Project/raw/main/data/tracks/Relaxing/64LTn5fTsPR0QLy7bVYl9w.pickle
Error downloading file: https://github.com/NiharikaCNR/STAT605-Project/raw/main/data/tracks/Relaxing/64LTn5fTsPR0QLy7bVYl9w.pickle
Error downloading file: https://github.com/NiharikaCNR/STAT605-Project/raw/main/data/tracks/Relaxing/64LTn5fTsPR0QLy7bVYl9w.pickle
Error downloading file: https://github.com/NiharikaCNR/STAT605-Project/raw/main/data/tracks/Relaxing/5XfmcJMAaifjRrIdLaXVLm.pickle
Error downloading file: https://github.com/NiharikaCNR/STAT605-Project/raw/main/data/tracks/Relaxing/5776PanLfe9zLJMhDbMBgW.pickle
Error downloading file: https://github.com/NiharikaCNR/STAT605-Project/raw/main/data/tracks/Relaxing/2k2MprlqkmDMKKOOWGREzW.pickle
Error downloading file: https://github.com/NiharikaCNR/STAT605-Project/raw/main/data/tracks/Relaxing/5fdp9rXfEixCGLM1Og4EN1.pickle
Error downloading file: https://github.com/NiharikaCNR/STAT605-Project/raw/main/data/tracks/Relaxing/1YluEbLfaWBfV2GpQQLOcZ.pickle
Error downloading file: https://github.com/NiharikaCNR/STAT605-Project/raw/main/data/tracks/Relaxing/0UDJzgIWDc1e6qS9rYldCY.pickle
Error downloading file: https://github.com/NiharikaCNR/STAT605-Project/raw/main/data/tracks/Relaxing/5gA69lYP3nCULBTdL3quJO.pickle
Error downloading file: https://github.com/NiharikaCNR/STAT605-Project/raw/main/data/tracks/Relaxing/3rL2blyeOBnUBq3yYA1KcE.pickle
Error downloading file: https://github.com/NiharikaCNR/STAT605-Project/raw/main/data/tracks/Relaxing/3g98x0UrsfWzpiRR2gmLtR.pickle
Error downloading file: https://github.com/NiharikaCNR/STAT605-Project/raw/main/data/tracks/Relaxing/3WIifOYctFn4eagupeKP6a.pickle
Error downloading file: https://github.com/NiharikaCNR/STAT605-Project/raw/main/data/tracks/Relaxing/2d6ml9Qkx8r4EjuUyrdpRV.pickle
Error downloading file: https://github.com/NiharikaCNR/STAT605-Project/raw/main/data/tracks/Relaxing/1qrodRAeiSJUf1NKF34XXs.pickle
Error downloading file: https://github.com/NiharikaCNR/STAT605-Project/raw/main/data/tracks/Relaxing/0Tx61KMDoqr3uNMhNcXXhB.pickle
Error downloading file: https://github.com/NiharikaCNR/STAT605-Project/raw/main/data/tracks/Relaxing/0XfFRLi9G87t57kqZAzeef.pickle
Error downloading file: https://github.com/NiharikaCNR/STAT605-Project/raw/main/data/tracks/Relaxing/3WQHClV98OrOR4Sm5XgieC.pickle
Error downloading file: https://github.com/NiharikaCNR/STAT605-Project/raw/main/data/tracks/Relaxing/0ITHTQwJhFKtuymSVISwVp.pickle
Error downloading file: https://github.com/NiharikaCNR/STAT605-Project/raw/main/data/tracks/Relaxing/0ITHTQwJhFKtuymSVISwVp.pickle
Error downloading file: https://github.com/NiharikaCNR/STAT605-Project/raw/main/data/tracks/Relaxing/0ITHTQwJhFKtuymSVISwVp.pickle
Error downloading file: https://github.com/NiharikaCNR/STAT605-Project/raw/main/data/tracks/Relaxing/0ITHTQwJhFKtuymSVISwVp.pickle
Error downloading file: https://github.com/NiharikaCNR/STAT605-Project/raw/main/data/tracks/Relaxing/5c93FTvb9z2PGqWvQlNthN.pickle
Error downloading file: https://github.com/NiharikaCNR/STAT605-Project/raw/main/data/tracks/Relaxing/5c93FTvb9z2PGqWvQlNthN.pickle
Error downloading file: https://github.com/NiharikaCNR/STAT605-Project/raw/main/data/tracks/Relaxing/5c93FTvb9z2PGqWvQlNthN.pickle
Error downloading file: https://github.com/NiharikaCNR/STAT605-Project/raw/main/data/tracks/Relaxing/5c93FTvb9z2PGqWvQlNthN.pickle
Error downloading file: https://github.com/NiharikaCNR/STAT605-Project/raw/main/data/tracks/Relaxing/1PWSxDyn7QKSLxYOfAvp10.pickle
Error downloading file: https://github.com/NiharikaCNR/STAT605-Project/raw/main/data/tracks/Relaxing/1vRDKkxMscAH1o8emcDbcw.pickle
Error downloading file: https://github.com/NiharikaCNR/STAT605-Project/raw/main/data/tracks/Relaxing/123zFAGx0F5ScgrLrCWGDX.pickle
Error downloading file: https://github.com/NiharikaCNR/STAT605-Project/raw/main/data/tracks/Relaxing/1VNvsvEsUpuUCbHpVop1vo.pickle
Error downloading file: https://github.com/NiharikaCNR/STAT605-Project/raw/main/data/tracks/Relaxing/2EJXYTlMDXkCcGEVRwdFAG.pickle
Error downloading file: https://github.com/NiharikaCNR/STAT605-Project/raw/main/data/tracks/Relaxing/7JAX6pO5DuIXQC68mCO6H8.pickle
Error downloading file: https://github.com/NiharikaCNR/STAT605-Project/raw/main/data/tracks/Relaxing/2wZktCFcNrvxle7jWXDv8c.pickle
Error downloading file: https://github.com/NiharikaCNR/STAT605-Project/raw/main/data/tracks/Relaxing/429GaRIWKJ3EU1GAQPbLcr.pickle
Error downloading file: https://github.com/NiharikaCNR/STAT605-Project/raw/main/data/tracks/Relaxing/5PuX2GQai2jADwE4begkfJ.pickle
Error downloading file: https://github.com/NiharikaCNR/STAT605-Project/raw/main/data/tracks/Relaxing/0XkcuWNLacWDwEDmvq4CCy.pickle
Error downloading file: https://github.com/NiharikaCNR/STAT605-Project/raw/main/data/tracks/Relaxing/0oM6BbdHGhEza0gG8Y06pK.pickle
Error downloading file: https://github.com/NiharikaCNR/STAT605-Project/raw/main/data/tracks/Relaxing/4h4QlmocP3IuwYEj2j14p8.pickle
Error downloading file: https://github.com/NiharikaCNR/STAT605-Project/raw/main/data/tracks/Relaxing/6UN73IYd0hZxLi8wFPMQij.pickle
Error downloading file: https://github.com/NiharikaCNR/STAT605-Project/raw/main/data/tracks/Relaxing/6G8xvLFNkXy3HM5EbQI6c8.pickle
Error downloading file: https://github.com/NiharikaCNR/STAT605-Project/raw/main/data/tracks/Relaxing/5nUyqq07mqo7dt8xd7BfYP.pickle
Error downloading file: https://github.com/NiharikaCNR/STAT605-Project/raw/main/data/tracks/Relaxing/5uSFGgIfHMT3osrAd9n9ym.pickle
Error downloading file: https://github.com/NiharikaCNR/STAT605-Project/raw/main/data/tracks/Relaxing/6maTPqynTmrkWIralgGaoP.pickle
Error downloading file: https://github.com/NiharikaCNR/STAT605-Project/raw/main/data/tracks/Relaxing/5jQI2r1RdgtuT8S3iG8zFC.pickle
Error downloading file: https://github.com/NiharikaCNR/STAT605-Project/raw/main/data/tracks/Relaxing/2J1GuLjv1SkrsbMfyRBoaQ.pickle
Error downloading file: https://github.com/NiharikaCNR/STAT605-Project/raw/main/data/tracks/Relaxing/5LYkCOLdDeniAknOS7aRxF.pickle
Error downloading file: https://github.com/NiharikaCNR/STAT605-Project/raw/main/data/tracks/Relaxing/63SevszngYpZOwf63o61K4.pickle
Error downloading file: https://github.com/NiharikaCNR/STAT605-Project/raw/main/data/tracks/Relaxing/3zkyus0njMCL6phZmNNEeN.pickle
Error downloading file: https://github.com/NiharikaCNR/STAT605-Project/raw/main/data/tracks/Relaxing/7vFv0yFGMJW3qVXbAd9BK9.pickle
Error downloading file: https://github.com/NiharikaCNR/STAT605-Project/raw/main/data/tracks/Relaxing/4Mg3YzlEp93OhGQol4VqXL.pickle
Error downloading file: https://github.com/NiharikaCNR/STAT605-Project/raw/main/data/tracks/Relaxing/7xn4QcdEGKTRIEzcbEZ6ZW.pickle
Error downloading file: https://github.com/NiharikaCNR/STAT605-Project/raw/main/data/tracks/Relaxing/22PMfvdz35fFKYnJyMn077.pickle
Error downloading file: https://github.com/NiharikaCNR/STAT605-Project/raw/main/data/tracks/Relaxing/6RtPijgfPKROxEzTHNRiDp.pickle
Error downloading file: https://github.com/NiharikaCNR/STAT605-Project/raw/main/data/tracks/Relaxing/0JWSMYurMhPmlD5H8VRoTn.pickle
Error downloading file: https://github.com/NiharikaCNR/STAT605-Project/raw/main/data/tracks/Relaxing/39cmB3ZoTOLwOTq7tMNqKa.pickle
Error downloading file: https://github.com/NiharikaCNR/STAT605-Project/raw/main/data/tracks/Relaxing/4255amV4enzl28KAn16rUO.pickle
Error downloading file: https://github.com/NiharikaCNR/STAT605-Project/raw/main/data/tracks/Relaxing/2ixsaeFioXJmMgkkbd4uj1.pickle
Error downloading file: https://github.com/NiharikaCNR/STAT605-Project/raw/main/data/tracks/Relaxing/1lkvpmrCaXK8QtliFDcHBO.pickle
Error downloading file: https://github.com/NiharikaCNR/STAT605-Project/raw/main/data/tracks/Relaxing/5zIJsFst05gsrUdr9ghEpG.pickle
Error downloading file: https://github.com/NiharikaCNR/STAT605-Project/raw/main/data/tracks/Relaxing/5xVcnhVL0AwcOgbpuxTu6W.pickle
Error downloading file: https://github.com/NiharikaCNR/STAT605-Project/raw/main/data/tracks/Relaxing/630zE7N1xPxdK2Zz4S3rPA.pickle
Error downloading file: https://github.com/NiharikaCNR/STAT605-Project/raw/main/data/tracks/Relaxing/5UbN3fe9OB1p5KwjgUAHD4.pickle
Error downloading file: https://github.com/NiharikaCNR/STAT605-Project/raw/main/data/tracks/Relaxing/6hf5ioGWmtEHnbILVkMO0p.pickle
Error downloading file: https://github.com/NiharikaCNR/STAT605-Project/raw/main/data/tracks/Relaxing/4mmtgoBJCUA8l8uDRJlnro.pickle
Error downloading file: https://github.com/NiharikaCNR/STAT605-Project/raw/main/data/tracks/Relaxing/1POSSxzIB7fLcHDDfbmjDZ.pickle
Error downloading file: https://github.com/NiharikaCNR/STAT605-Project/raw/main/data/tracks/Relaxing/3HBNf1kBZB3Sn4idl26aJK.pickle
Error downloading file: https://github.com/NiharikaCNR/STAT605-Project/raw/main/data/tracks/Relaxing/0QPlQSzKFeCaUUsTKI5l3H.pickle
Error downloading file: https://github.com/NiharikaCNR/STAT605-Project/raw/main/data/tracks/Relaxing/6HZgxhesyOy8jkTiAFfQmR.pickle
Error downloading file: https://github.com/NiharikaCNR/STAT605-Project/raw/main/data/tracks/Relaxing/3al4xzBnTjTpcnZsfRiE0y.pickle
Error downloading file: https://github.com/NiharikaCNR/STAT605-Project/raw/main/data/tracks/Relaxing/2EhrFpsVC4rkiCf86AeVdv.pickle
Error downloading file: https://github.com/NiharikaCNR/STAT605-Project/raw/main/data/tracks/Relaxing/33sW1w6GqKgSolhokSdhpd.pickle
Error downloading file: https://github.com/NiharikaCNR/STAT605-Project/raw/main/data/tracks/Relaxing/6pGvG8RMWD19UTLDPf5Gei.pickle
Error downloading file: https://github.com/NiharikaCNR/STAT605-Project/raw/main/data/tracks/Relaxing/1Eh0sGvTxDYx13pE2PBpEn.pickle
Error downloading file: https://github.com/NiharikaCNR/STAT605-Project/raw/main/data/tracks/Relaxing/7FMsiew09v6ICDI5MU1Jc5.pickle
Error downloading file: https://github.com/NiharikaCNR/STAT605-Project/raw/main/data/tracks/Relaxing/4Y27hhN8JYQnD4XPnqlZsU.pickle
Error downloading file: https://github.com/NiharikaCNR/STAT605-Project/raw/main/data/tracks/Relaxing/12SBeS47Z8b1N6FqbfXhL7.pickle
Error downloading file: https://github.com/NiharikaCNR/STAT605-Project/raw/main/data/tracks/Relaxing/0jXPKgpfyYXEWNHVBSCJ4P.pickle
Error downloading file: https://github.com/NiharikaCNR/STAT605-Project/raw/main/data/tracks/Relaxing/1BJmiWUEqMx2aqHqfIbeAQ.pickle
Error downloading file: https://github.com/NiharikaCNR/STAT605-Project/raw/main/data/tracks/Relaxing/2Y79E6uTFHlZWhF6m2tYyO.pickle
Error downloading file: https://github.com/NiharikaCNR/STAT605-Project/raw/main/data/tracks/Relaxing/0XVdTFUuT5GpxURuICaFKK.pickle
Error downloading file: https://github.com/NiharikaCNR/STAT605-Project/raw/main/data/tracks/Relaxing/2bjt3Gki4hIwX9EIrSuYQA.pickle
Error downloading file: https://github.com/NiharikaCNR/STAT605-Project/raw/main/data/tracks/Relaxing/0zs9711xhfumwBgJek5UHN.pickle
Error downloading file: https://github.com/NiharikaCNR/STAT605-Project/raw/main/data/tracks/Relaxing/4ezJCCD1FWm2VcCH8HM3zA.pickle
Error downloading file: https://github.com/NiharikaCNR/STAT605-Project/raw/main/data/tracks/Relaxing/1bB1538FOBYVUs2z06ssQ3.pickle
Error downloading file: https://github.com/NiharikaCNR/STAT605-Project/raw/main/data/tracks/Relaxing/5bVT6a3fLBhW0969fn40lo.pickle
Error downloading file: https://github.com/NiharikaCNR/STAT605-Project/raw/main/data/tracks/Relaxing/7jQriEubeC9KTClyfJtthT.pickle
Error downloading file: https://github.com/NiharikaCNR/STAT605-Project/raw/main/data/tracks/Relaxing/6pGvi1k9FL1p27JwYDuB8S.pickle
Error downloading file: https://github.com/NiharikaCNR/STAT605-Project/raw/main/data/tracks/Relaxing/2cByyV8EU1bya9sT6BYRuR.pickle
Error downloading file: https://github.com/NiharikaCNR/STAT605-Project/raw/main/data/tracks/Relaxing/6S6bbgUm80TdelwOPf0dsR.pickle
Error downloading file: https://github.com/NiharikaCNR/STAT605-Project/raw/main/data/tracks/Relaxing/0Bp4wVlm9sA88tMtbDG29p.pickle
Error downloading file: https://github.com/NiharikaCNR/STAT605-Project/raw/main/data/tracks/Relaxing/7mAaoHCzBBjj3tYb1l25OH.pickle
Error downloading file: https://github.com/NiharikaCNR/STAT605-Project/raw/main/data/tracks/Relaxing/5KGvJsyIZKQ2bTBzqd3Shh.pickle
Error downloading file: https://github.com/NiharikaCNR/STAT605-Project/raw/main/data/tracks/Relaxing/0E30aSv1GFX0SG0zbsCxGH.pickle
Error downloading file: https://github.com/NiharikaCNR/STAT605-Project/raw/main/data/tracks/Relaxing/6FPlA5HOSAyEv7QzfCAVy6.pickle
Error downloading file: https://github.com/NiharikaCNR/STAT605-Project/raw/main/data/tracks/Relaxing/28breCSDTKxrWa96iZBNlq.pickle
Error downloading file: https://github.com/NiharikaCNR/STAT605-Project/raw/main/data/tracks/Relaxing/2hxaiA9EtXjMlXhG6SCoW8.pickle
Error downloading file: https://github.com/NiharikaCNR/STAT605-Project/raw/main/data/tracks/Relaxing/3voEoccU1Hg1QdE0j4qxw1.pickle
Error downloading file: https://github.com/NiharikaCNR/STAT605-Project/raw/main/data/tracks/Relaxing/01PueBjWRvJTwWwuClGbEp.pickle
Error downloading file: https://github.com/NiharikaCNR/STAT605-Project/raw/main/data/tracks/Relaxing/047B5xypjW3iozKNgJgHMK.pickle
Error downloading file: https://github.com/NiharikaCNR/STAT605-Project/raw/main/data/tracks/Relaxing/05fdpG9n1YmQU1wOTCLaj8.pickle
Error downloading file: https://github.com/NiharikaCNR/STAT605-Project/raw/main/data/tracks/Relaxing/05yDpj1357DbqJsH2V4DL9.pickle
Error downloading file: https://github.com/NiharikaCNR/STAT605-Project/raw/main/data/tracks/Relaxing/06henIQqvVk2vAKj1yQtTp.pickle
Error downloading file: https://github.com/NiharikaCNR/STAT605-Project/raw/main/data/tracks/Relaxing/08G11yzcwoMuJrUy4ucLge.pickle
Error downloading file: https://github.com/NiharikaCNR/STAT605-Project/raw/main/data/tracks/Relaxing/0EmLqKNpKexYXHjw5fqeiW.pickle
Error downloading file: https://github.com/NiharikaCNR/STAT605-Project/raw/main/data/tracks/Relaxing/0G5GJAPyg9f1jEn2BYay1r.pickle
Error downloading file: https://github.com/NiharikaCNR/STAT605-Project/raw/main/data/tracks/Relaxing/0Gyu7ttkfam04VeAgZEB3c.pickle
Error downloading file: https://github.com/NiharikaCNR/STAT605-Project/raw/main/data/tracks/Relaxing/0I5mXZkU8DMMzNu7ezROna.pickle
Error downloading file: https://github.com/NiharikaCNR/STAT605-Project/raw/main/data/tracks/Relaxing/0KZfDnUWPFIHWUZwI1I9sR.pickle
Error downloading file: https://github.com/NiharikaCNR/STAT605-Project/raw/main/data/tracks/Relaxing/0QxMBkaPIwlmR5LNFYGMan.pickle
Error downloading file: https://github.com/NiharikaCNR/STAT605-Project/raw/main/data/tracks/Relaxing/0SGBSwX49QWTGiXMu39mUz.pickle
Error downloading file: https://github.com/NiharikaCNR/STAT605-Project/raw/main/data/tracks/Relaxing/0Sd9ECo0muEWnz9CTP1TAT.pickle
Error downloading file: https://github.com/NiharikaCNR/STAT605-Project/raw/main/data/tracks/Relaxing/0T5iIrXA4p5GsubkhuBIKV.pickle
Error downloading file: https://github.com/NiharikaCNR/STAT605-Project/raw/main/data/tracks/Relaxing/0WtM2NBVQNNJLh6scP13H8.pickle
Error downloading file: https://github.com/NiharikaCNR/STAT605-Project/raw/main/data/tracks/Relaxing/0WtM2NBVQNNJLh6scP13H8.pickle
Error downloading file: https://github.com/NiharikaCNR/STAT605-Project/raw/main/data/tracks/Relaxing/0WtM2NBVQNNJLh6scP13H8.pickle
Error downloading file: https://github.com/NiharikaCNR/STAT605-Project/raw/main/data/tracks/Relaxing/0WtM2NBVQNNJLh6scP13H8.pickle
Error downloading file: https://github.com/NiharikaCNR/STAT605-Project/raw/main/data/tracks/Relaxing/0d7o5ujbD82u5pczUaE8kn.pickle
Error downloading file: https://github.com/NiharikaCNR/STAT605-Project/raw/main/data/tracks/Relaxing/0fT81LQSf4Rd9BL0YyAJV5.pickle
Error downloading file: https://github.com/NiharikaCNR/STAT605-Project/raw/main/data/tracks/Relaxing/0gplL1WMoJ6iYaPgMCL0gX.pickle
Error downloading file: https://github.com/NiharikaCNR/STAT605-Project/raw/main/data/tracks/Relaxing/0gsahF2JQ6vX7ZihCfNALe.pickle
Error downloading file: https://github.com/NiharikaCNR/STAT605-Project/raw/main/data/tracks/Relaxing/0lx2cLdOt3piJbcaXIV74f.pickle
Error downloading file: https://github.com/NiharikaCNR/STAT605-Project/raw/main/data/tracks/Relaxing/0pBBdDfWDIZQ3vYN3e67qB.pickle
Error downloading file: https://github.com/NiharikaCNR/STAT605-Project/raw/main/data/tracks/Relaxing/0ri0Han4IRJhzvERHOZTMr.pickle
Error downloading file: https://github.com/NiharikaCNR/STAT605-Project/raw/main/data/tracks/Relaxing/0s1BJMXmcKWJXsEYGdakBt.pickle
Error downloading file: https://github.com/NiharikaCNR/STAT605-Project/raw/main/data/tracks/Relaxing/0u2P5u6lvoDfwTYjAADbn4.pickle
Error downloading file: https://github.com/NiharikaCNR/STAT605-Project/raw/main/data/tracks/Relaxing/0w905sAFNxZ4E7M5aEc8YI.pickle
Error downloading file: https://github.com/NiharikaCNR/STAT605-Project/raw/main/data/tracks/Relaxing/0y1QJXvmb5iRXd11JJf9Hi.pickle
Error downloading file: https://github.com/NiharikaCNR/STAT605-Project/raw/main/data/tracks/Relaxing/0y60itmpH0aPKsFiGxmtnh.pickle
Error downloading file: https://github.com/NiharikaCNR/STAT605-Project/raw/main/data/tracks/Relaxing/11BAVEGi1ivJ6JWLqKUNrZ.pickle
Error downloading file: https://github.com/NiharikaCNR/STAT605-Project/raw/main/data/tracks/Relaxing/11Ya486KvEdIaYgsT8cwsw.pickle
Error downloading file: https://github.com/NiharikaCNR/STAT605-Project/raw/main/data/tracks/Relaxing/12XFOelqiJscv38MPyMqjf.pickle
Error downloading file: https://github.com/NiharikaCNR/STAT605-Project/raw/main/data/tracks/Relaxing/130PBtsuj1VyxWdn3fhN46.pickle
Error downloading file: https://github.com/NiharikaCNR/STAT605-Project/raw/main/data/tracks/Relaxing/1A4WdvncZhXXSYJooxgWYJ.pickle
Error downloading file: https://github.com/NiharikaCNR/STAT605-Project/raw/main/data/tracks/Relaxing/1AT0FoWtIgdfGTwBCeXIEt.pickle
Error downloading file: https://github.com/NiharikaCNR/STAT605-Project/raw/main/data/tracks/Relaxing/1Ay5Hj5kXH5TUWzAJF1epY.pickle
Error downloading file: https://github.com/NiharikaCNR/STAT605-Project/raw/main/data/tracks/Relaxing/1D1E8UfZDUk0FZ2ZhlW1OF.pickle
Error downloading file: https://github.com/NiharikaCNR/STAT605-Project/raw/main/data/tracks/Relaxing/1EXAQhTMCX9HCIcwYEvdxX.pickle
Error downloading file: https://github.com/NiharikaCNR/STAT605-Project/raw/main/data/tracks/Relaxing/1HNywa8Bk0TmzRwQrzhtPo.pickle
Error downloading file: https://github.com/NiharikaCNR/STAT605-Project/raw/main/data/tracks/Relaxing/1LdS1ULS9e18oW3M2C1MUj.pickle
Error downloading file: https://github.com/NiharikaCNR/STAT605-Project/raw/main/data/tracks/Relaxing/1Oo7XEqkrwifJn17aA0ocF.pickle
Error downloading file: https://github.com/NiharikaCNR/STAT605-Project/raw/main/data/tracks/Relaxing/1PINN6x0Riouab3wPSglpp.pickle
Error downloading file: https://github.com/NiharikaCNR/STAT605-Project/raw/main/data/tracks/Relaxing/1Pplkqiz45fRq73OxgrHQL.pickle
Error downloading file: https://github.com/NiharikaCNR/STAT605-Project/raw/main/data/tracks/Relaxing/1RjNPuM8U0SWtPTnUzIXhG.pickle
Error downloading file: https://github.com/NiharikaCNR/STAT605-Project/raw/main/data/tracks/Relaxing/1ZpnptUG5sISwRx6fJQrXN.pickle
Error downloading file: https://github.com/NiharikaCNR/STAT605-Project/raw/main/data/tracks/Relaxing/1kB5w3Oyp36ADW0ApGoHAE.pickle
Error downloading file: https://github.com/NiharikaCNR/STAT605-Project/raw/main/data/tracks/Relaxing/1kbVkvLiWNDF7J4zMPtwv7.pickle
Error downloading file: https://github.com/NiharikaCNR/STAT605-Project/raw/main/data/tracks/Relaxing/1lP5gmOcL7PxGodcw6rX04.pickle
Error downloading file: https://github.com/NiharikaCNR/STAT605-Project/raw/main/data/tracks/Relaxing/1lht5O6NWqeXzlG1cpf2si.pickle
Error downloading file: https://github.com/NiharikaCNR/STAT605-Project/raw/main/data/tracks/Relaxing/1ocUQUnGLOGIW0n3ModD5K.pickle
Error downloading file: https://github.com/NiharikaCNR/STAT605-Project/raw/main/data/tracks/Relaxing/1xK59OXxi2TAAAbmZK0kBL.pickle
Error downloading file: https://github.com/NiharikaCNR/STAT605-Project/raw/main/data/tracks/Relaxing/1zfTxwyJW5k3TWVMk9Wkpn.pickle
Error downloading file: https://github.com/NiharikaCNR/STAT605-Project/raw/main/data/tracks/Relaxing/21jGcNKet2qwijlDFuPiPb.pickle
Error downloading file: https://github.com/NiharikaCNR/STAT605-Project/raw/main/data/tracks/Relaxing/23Gjcxh2nK5cy1EnToKaCL.pickle
Error downloading file: https://github.com/NiharikaCNR/STAT605-Project/raw/main/data/tracks/Relaxing/26UQyr3L71oAnXQIJf18gr.pickle
Error downloading file: https://github.com/NiharikaCNR/STAT605-Project/raw/main/data/tracks/Relaxing/27DodeB1seENJxnWojPa6G.pickle
Error downloading file: https://github.com/NiharikaCNR/STAT605-Project/raw/main/data/tracks/Relaxing/2Ch7LmS7r2Gy2kc64wv3Bz.pickle
Error downloading file: https://github.com/NiharikaCNR/STAT605-Project/raw/main/data/tracks/Relaxing/2EAg1quHmyj5wGPEONM5KL.pickle
Error downloading file: https://github.com/NiharikaCNR/STAT605-Project/raw/main/data/tracks/Relaxing/2FXgKMM1anXLM8o4jpgqMr.pickle
Error downloading file: https://github.com/NiharikaCNR/STAT605-Project/raw/main/data/tracks/Relaxing/2FpRHKUzbXejH9vUK0TX0G.pickle
Error downloading file: https://github.com/NiharikaCNR/STAT605-Project/raw/main/data/tracks/Relaxing/2Imxyb3LiuXsDFo7Gq5YDs.pickle
Error downloading file: https://github.com/NiharikaCNR/STAT605-Project/raw/main/data/tracks/Relaxing/2M9ro2krNb7nr7HSprkEgo.pickle
Error downloading file: https://github.com/NiharikaCNR/STAT605-Project/raw/main/data/tracks/Relaxing/2O0NykJV0XOkbHAsedN21s.pickle
Error downloading file: https://github.com/NiharikaCNR/STAT605-Project/raw/main/data/tracks/Relaxing/2OkAHVd8rZLFcIYYqmqKGR.pickle
Error downloading file: https://github.com/NiharikaCNR/STAT605-Project/raw/main/data/tracks/Relaxing/2RJi3pWg858aWyv0h9WFIC.pickle
Error downloading file: https://github.com/NiharikaCNR/STAT605-Project/raw/main/data/tracks/Relaxing/2XpPGcRWevUyye6j0pCNFQ.pickle
Error downloading file: https://github.com/NiharikaCNR/STAT605-Project/raw/main/data/tracks/Relaxing/2Xs7raB9TJRTMGVKHYI92I.pickle
Error downloading file: https://github.com/NiharikaCNR/STAT605-Project/raw/main/data/tracks/Relaxing/2b8fOow8UzyDFAE27YhOZM.pickle
Error downloading file: https://github.com/NiharikaCNR/STAT605-Project/raw/main/data/tracks/Relaxing/2czKMSrneOvVEOf2siVEiq.pickle
Error downloading file: https://github.com/NiharikaCNR/STAT605-Project/raw/main/data/tracks/Relaxing/2dEbRirkEtImY7HdYxrgRS.pickle
Error downloading file: https://github.com/NiharikaCNR/STAT605-Project/raw/main/data/tracks/Relaxing/2hKdd3qO7cWr2Jo0Bcs0MA.pickle
Error downloading file: https://github.com/NiharikaCNR/STAT605-Project/raw/main/data/tracks/Relaxing/2ihCaVdNZmnHZWt0fvAM7B.pickle
Error downloading file: https://github.com/NiharikaCNR/STAT605-Project/raw/main/data/tracks/Relaxing/2j8l5R7SLINkv2BigX8aC8.pickle
Error downloading file: https://github.com/NiharikaCNR/STAT605-Project/raw/main/data/tracks/Relaxing/2k3QV3SMq2dtrhOawzW1jo.pickle
Error downloading file: https://github.com/NiharikaCNR/STAT605-Project/raw/main/data/tracks/Relaxing/2pcDGklI3mOVMZrvnUF2t5.pickle
Error downloading file: https://github.com/NiharikaCNR/STAT605-Project/raw/main/data/tracks/Relaxing/2s499EvGIk8gVUGLCyftFX.pickle
Error downloading file: https://github.com/NiharikaCNR/STAT605-Project/raw/main/data/tracks/Relaxing/2t9nX7l0xqCmAXML9ozYuw.pickle
Error downloading file: https://github.com/NiharikaCNR/STAT605-Project/raw/main/data/tracks/Relaxing/2vt0uVbNi6ZVpTXIo1tISR.pickle
Error downloading file: https://github.com/NiharikaCNR/STAT605-Project/raw/main/data/tracks/Relaxing/2xdZFU10kxBAZSyImawWkf.pickle
Error downloading file: https://github.com/NiharikaCNR/STAT605-Project/raw/main/data/tracks/Relaxing/303Xdw0tJcUWO9fMxDQL7v.pickle
Error downloading file: https://github.com/NiharikaCNR/STAT605-Project/raw/main/data/tracks/Relaxing/32iww11xhYb12qU8rZTp7c.pickle
Error downloading file: https://github.com/NiharikaCNR/STAT605-Project/raw/main/data/tracks/Relaxing/33xbeA5idmgJrUVx9kvj4y.pickle
Error downloading file: https://github.com/NiharikaCNR/STAT605-Project/raw/main/data/tracks/Relaxing/37Q5ch306KnUX50iexm8qy.pickle
Error downloading file: https://github.com/NiharikaCNR/STAT605-Project/raw/main/data/tracks/Relaxing/39iUn2KhFa7aKiI0mJrrv5.pickle
Error downloading file: https://github.com/NiharikaCNR/STAT605-Project/raw/main/data/tracks/Relaxing/3CpRRIHLxKHSBSvnCgGeD1.pickle
Error downloading file: https://github.com/NiharikaCNR/STAT605-Project/raw/main/data/tracks/Relaxing/3DamFFqW32WihKkTVlwTYQ.pickle
Error downloading file: https://github.com/NiharikaCNR/STAT605-Project/raw/main/data/tracks/Relaxing/3FFYuymUtI8DihGhLMHggW.pickle
Error downloading file: https://github.com/NiharikaCNR/STAT605-Project/raw/main/data/tracks/Relaxing/3JtvojpnCGBLdalXoPpw4l.pickle
Error downloading file: https://github.com/NiharikaCNR/STAT605-Project/raw/main/data/tracks/Relaxing/3JvKfv6T31zO0ini8iNItO.pickle
Error downloading file: https://github.com/NiharikaCNR/STAT605-Project/raw/main/data/tracks/Relaxing/3JvKfv6T31zO0ini8iNItO.pickle
Error downloading file: https://github.com/NiharikaCNR/STAT605-Project/raw/main/data/tracks/Relaxing/3JvKfv6T31zO0ini8iNItO.pickle
Error downloading file: https://github.com/NiharikaCNR/STAT605-Project/raw/main/data/tracks/Relaxing/3JvKfv6T31zO0ini8iNItO.pickle
Error downloading file: https://github.com/NiharikaCNR/STAT605-Project/raw/main/data/tracks/Relaxing/3KPiGdRDaJHCQcuv3m7PG8.pickle
Error downloading file: https://github.com/NiharikaCNR/STAT605-Project/raw/main/data/tracks/Relaxing/3MDq3Y1Me06yoYQOfjNWcH.pickle
Error downloading file: https://github.com/NiharikaCNR/STAT605-Project/raw/main/data/tracks/Relaxing/3OHfY25tqY28d16oZczHc8.pickle
Error downloading file: https://github.com/NiharikaCNR/STAT605-Project/raw/main/data/tracks/Relaxing/3OHfY25tqY28d16oZczHc8.pickle
Error downloading file: https://github.com/NiharikaCNR/STAT605-Project/raw/main/data/tracks/Relaxing/3OHfY25tqY28d16oZczHc8.pickle
Error downloading file: https://github.com/NiharikaCNR/STAT605-Project/raw/main/data/tracks/Relaxing/3OHfY25tqY28d16oZczHc8.pickle
Error downloading file: https://github.com/NiharikaCNR/STAT605-Project/raw/main/data/tracks/Relaxing/3Qy8L9VXIGqV51ZMqgqy8y.pickle
Error downloading file: https://github.com/NiharikaCNR/STAT605-Project/raw/main/data/tracks/Relaxing/3SBrKjO3J5hK33LkFUT5qu.pickle
Error downloading file: https://github.com/NiharikaCNR/STAT605-Project/raw/main/data/tracks/Relaxing/3VGjvg0zqD6dh24TzJlo7l.pickle
Error downloading file: https://github.com/NiharikaCNR/STAT605-Project/raw/main/data/tracks/Relaxing/3WKpflEjBgrePheA5AzsU1.pickle
Error downloading file: https://github.com/NiharikaCNR/STAT605-Project/raw/main/data/tracks/Relaxing/3ZffCQKLFLUvYM59XKLbVm.pickle
Error downloading file: https://github.com/NiharikaCNR/STAT605-Project/raw/main/data/tracks/Relaxing/3c8iiZGfEammKJuWTErE5x.pickle
Error downloading file: https://github.com/NiharikaCNR/STAT605-Project/raw/main/data/tracks/Relaxing/3hCPh4oVVjaM8tv9sFH8cx.pickle
Error downloading file: https://github.com/NiharikaCNR/STAT605-Project/raw/main/data/tracks/Relaxing/3lNR1Rzlvew7A6lyPEKDEk.pickle
Error downloading file: https://github.com/NiharikaCNR/STAT605-Project/raw/main/data/tracks/Relaxing/3lNgovZW5k6yasJqocDyKa.pickle
Error downloading file: https://github.com/NiharikaCNR/STAT605-Project/raw/main/data/tracks/Relaxing/3ponDZeMH4ONWpPCyfrJ5L.pickle
Error downloading file: https://github.com/NiharikaCNR/STAT605-Project/raw/main/data/tracks/Relaxing/3rUR7LDyz2ac174SuwJl1Z.pickle
Error downloading file: https://github.com/NiharikaCNR/STAT605-Project/raw/main/data/tracks/Relaxing/3tKauD5kFXQb4cju242NMv.pickle
Error downloading file: https://github.com/NiharikaCNR/STAT605-Project/raw/main/data/tracks/Relaxing/3wMe1lySKxJeH9iMWXDqgx.pickle
Error downloading file: https://github.com/NiharikaCNR/STAT605-Project/raw/main/data/tracks/Relaxing/43bSKCMWHIuBsUVmQcDX1J.pickle
Error downloading file: https://github.com/NiharikaCNR/STAT605-Project/raw/main/data/tracks/Relaxing/45bE4HXI0AwGZXfZtMp8JR.pickle
Error downloading file: https://github.com/NiharikaCNR/STAT605-Project/raw/main/data/tracks/Relaxing/46OU4SUTWxhFQZO0y712HS.pickle
Error downloading file: https://github.com/NiharikaCNR/STAT605-Project/raw/main/data/tracks/Relaxing/46OU4SUTWxhFQZO0y712HS.pickle
Error downloading file: https://github.com/NiharikaCNR/STAT605-Project/raw/main/data/tracks/Relaxing/46OU4SUTWxhFQZO0y712HS.pickle
Error downloading file: https://github.com/NiharikaCNR/STAT605-Project/raw/main/data/tracks/Relaxing/46OU4SUTWxhFQZO0y712HS.pickle
Error downloading file: https://github.com/NiharikaCNR/STAT605-Project/raw/main/data/tracks/Relaxing/4CvzxUEgqlN2aHUQHDRnls.pickle
Error downloading file: https://github.com/NiharikaCNR/STAT605-Project/raw/main/data/tracks/Relaxing/4H0fcFytpj3k8uxbV4LDyD.pickle
Error downloading file: https://github.com/NiharikaCNR/STAT605-Project/raw/main/data/tracks/Relaxing/4JGD5NiVmKVGBjVysCvKIw.pickle
Error downloading file: https://github.com/NiharikaCNR/STAT605-Project/raw/main/data/tracks/Relaxing/4JpAOAqjjv9GFrbASIOGLa.pickle
Error downloading file: https://github.com/NiharikaCNR/STAT605-Project/raw/main/data/tracks/Relaxing/4QJ4UWKHSgqPEofSerNqZI.pickle
Error downloading file: https://github.com/NiharikaCNR/STAT605-Project/raw/main/data/tracks/Relaxing/4R2XWHPK2ljTjehV1PK82q.pickle
Error downloading file: https://github.com/NiharikaCNR/STAT605-Project/raw/main/data/tracks/Relaxing/4RuuiH16GHOe0xZNft5km9.pickle
Error downloading file: https://github.com/NiharikaCNR/STAT605-Project/raw/main/data/tracks/Relaxing/4VgOXazSiLJGjC3zeyDJfb.pickle
Error downloading file: https://github.com/NiharikaCNR/STAT605-Project/raw/main/data/tracks/Relaxing/4W4PZdDzTUa06u4iXCKRxI.pickle
Error downloading file: https://github.com/NiharikaCNR/STAT605-Project/raw/main/data/tracks/Relaxing/4a1J9yup472zZW604BHbha.pickle
Error downloading file: https://github.com/NiharikaCNR/STAT605-Project/raw/main/data/tracks/Relaxing/4bb1bddVF7iDn4Db0bY4Ic.pickle
Error downloading file: https://github.com/NiharikaCNR/STAT605-Project/raw/main/data/tracks/Relaxing/4c9gXXifVcTEkTm0vSZm4q.pickle
Error downloading file: https://github.com/NiharikaCNR/STAT605-Project/raw/main/data/tracks/Relaxing/4eaogpCx2UNkKylwlDNGJ7.pickle
Error downloading file: https://github.com/NiharikaCNR/STAT605-Project/raw/main/data/tracks/Relaxing/4fi9D71b3x0bs3vfHAAIro.pickle
Error downloading file: https://github.com/NiharikaCNR/STAT605-Project/raw/main/data/tracks/Relaxing/4gZIqCz8djBkwsT5yFsVSb.pickle
Error downloading file: https://github.com/NiharikaCNR/STAT605-Project/raw/main/data/tracks/Relaxing/4h9wh7iOZ0GGn8QVp4RAOB.pickle
Error downloading file: https://github.com/NiharikaCNR/STAT605-Project/raw/main/data/tracks/Relaxing/4hDkQWAd58OtxW5NJmvTqs.pickle
Error downloading file: https://github.com/NiharikaCNR/STAT605-Project/raw/main/data/tracks/Relaxing/4jZOeSzfXYIBJszABDdba0.pickle
Error downloading file: https://github.com/NiharikaCNR/STAT605-Project/raw/main/data/tracks/Relaxing/4rCJlK3Uw8Cv80AZWaWQBO.pickle
Error downloading file: https://github.com/NiharikaCNR/STAT605-Project/raw/main/data/tracks/Relaxing/4rzjaiJ7GXegXPyi6XKiSJ.pickle
Error downloading file: https://github.com/NiharikaCNR/STAT605-Project/raw/main/data/tracks/Relaxing/4sNhuHtjf2TYXIzOMUQgWX.pickle
Error downloading file: https://github.com/NiharikaCNR/STAT605-Project/raw/main/data/tracks/Relaxing/4vd6dl0a2tvMBLTbEh2HcA.pickle
Error downloading file: https://github.com/NiharikaCNR/STAT605-Project/raw/main/data/tracks/Relaxing/4wlNPczIullwvmwb4x0ltz.pickle
Error downloading file: https://github.com/NiharikaCNR/STAT605-Project/raw/main/data/tracks/Relaxing/4zXb3bG1AiIrXEL1UtqcsB.pickle
Error downloading file: https://github.com/NiharikaCNR/STAT605-Project/raw/main/data/tracks/Relaxing/4zYPDHYsvTdUMMy8gRkBAA.pickle
Error downloading file: https://github.com/NiharikaCNR/STAT605-Project/raw/main/data/tracks/Relaxing/51JcTTZu3LG8aDEXBA4XzV.pickle
Error downloading file: https://github.com/NiharikaCNR/STAT605-Project/raw/main/data/tracks/Relaxing/52MugsFISb5ACXi5d8Z2kG.pickle
Error downloading file: https://github.com/NiharikaCNR/STAT605-Project/raw/main/data/tracks/Relaxing/52X6M2Kp4HvpHup3tafEF5.pickle
Error downloading file: https://github.com/NiharikaCNR/STAT605-Project/raw/main/data/tracks/Relaxing/53ITTs99tI13zcMBjdQpoB.pickle
Error downloading file: https://github.com/NiharikaCNR/STAT605-Project/raw/main/data/tracks/Relaxing/53jnnqFSRGMDB9ADrNriCA.pickle
Error downloading file: https://github.com/NiharikaCNR/STAT605-Project/raw/main/data/tracks/Relaxing/561vqucx8o1kmktdzuScCJ.pickle
Error downloading file: https://github.com/NiharikaCNR/STAT605-Project/raw/main/data/tracks/Relaxing/57fCbbjLiWUYa0TS8oMIDq.pickle
Error downloading file: https://github.com/NiharikaCNR/STAT605-Project/raw/main/data/tracks/Relaxing/58wyJLv6yH1La9NIZPl3ne.pickle
Error downloading file: https://github.com/NiharikaCNR/STAT605-Project/raw/main/data/tracks/Relaxing/59PIUdIghdApPnPxf3TuRP.pickle
Error downloading file: https://github.com/NiharikaCNR/STAT605-Project/raw/main/data/tracks/Relaxing/59VY0huVKd5pSuJLI9RrMO.pickle
Error downloading file: https://github.com/NiharikaCNR/STAT605-Project/raw/main/data/tracks/Relaxing/5An9TSZ5KmfsCLwBxq1VRA.pickle
Error downloading file: https://github.com/NiharikaCNR/STAT605-Project/raw/main/data/tracks/Relaxing/5GuytCR8JGCn90ReWuhYvL.pickle
Error downloading file: https://github.com/NiharikaCNR/STAT605-Project/raw/main/data/tracks/Relaxing/5HP9LwDRT5FGOokrN1HnZ3.pickle
Error downloading file: https://github.com/NiharikaCNR/STAT605-Project/raw/main/data/tracks/Relaxing/5SgOFwlzue4P3s2dLj6BJE.pickle
Error downloading file: https://github.com/NiharikaCNR/STAT605-Project/raw/main/data/tracks/Relaxing/5TDZyWDfbQFQJabbPwImVY.pickle
Error downloading file: https://github.com/NiharikaCNR/STAT605-Project/raw/main/data/tracks/Relaxing/5Yee4GWzUPwCPG6F2En5p6.pickle
Error downloading file: https://github.com/NiharikaCNR/STAT605-Project/raw/main/data/tracks/Relaxing/5ZBKGYQu4Z0U69UE2MNNMN.pickle
Error downloading file: https://github.com/NiharikaCNR/STAT605-Project/raw/main/data/tracks/Relaxing/5ajjAnNRh8bxFvaVHzpPjh.pickle
Error downloading file: https://github.com/NiharikaCNR/STAT605-Project/raw/main/data/tracks/Relaxing/5f2btCjcN87enR8OBijRBz.pickle
Error downloading file: https://github.com/NiharikaCNR/STAT605-Project/raw/main/data/tracks/Relaxing/5j76FkZqQnjfLttLy8e9zy.pickle
Error downloading file: https://github.com/NiharikaCNR/STAT605-Project/raw/main/data/tracks/Relaxing/5kkSbXjKeAxmDllVqAjDq6.pickle
Error downloading file: https://github.com/NiharikaCNR/STAT605-Project/raw/main/data/tracks/Relaxing/5lk6Ro1xDJJyKAqjWd78JG.pickle
Error downloading file: https://github.com/NiharikaCNR/STAT605-Project/raw/main/data/tracks/Relaxing/5qII2n90lVdPDcgXEEVHNy.pickle
Error downloading file: https://github.com/NiharikaCNR/STAT605-Project/raw/main/data/tracks/Relaxing/5u795XTEp5nJdQOfGJyi1i.pickle
Error downloading file: https://github.com/NiharikaCNR/STAT605-Project/raw/main/data/tracks/Relaxing/5w6hGJhvWy9Fth9eldO0rT.pickle
Error downloading file: https://github.com/NiharikaCNR/STAT605-Project/raw/main/data/tracks/Relaxing/61Emqg95O9zo1GNOcyxq4Y.pickle
Error downloading file: https://github.com/NiharikaCNR/STAT605-Project/raw/main/data/tracks/Relaxing/61dYvvfIRtIDFuqZypPAta.pickle
Error downloading file: https://github.com/NiharikaCNR/STAT605-Project/raw/main/data/tracks/Relaxing/61dYvvfIRtIDFuqZypPAta.pickle
Error downloading file: https://github.com/NiharikaCNR/STAT605-Project/raw/main/data/tracks/Relaxing/61dYvvfIRtIDFuqZypPAta.pickle
Error downloading file: https://github.com/NiharikaCNR/STAT605-Project/raw/main/data/tracks/Relaxing/61dYvvfIRtIDFuqZypPAta.pickle
Error downloading file: https://github.com/NiharikaCNR/STAT605-Project/raw/main/data/tracks/Relaxing/62aP9fBQKYKxi7PDXwcUAS.pickle
Error downloading file: https://github.com/NiharikaCNR/STAT605-Project/raw/main/data/tracks/Relaxing/62nhuooamoroYpJyqE0nLd.pickle
Error downloading file: https://github.com/NiharikaCNR/STAT605-Project/raw/main/data/tracks/Relaxing/64Ld2wt8Mta8Bsx6AHfUqj.pickle
Error downloading file: https://github.com/NiharikaCNR/STAT605-Project/raw/main/data/tracks/Relaxing/659hxuqutVn4k51rgTJPxb.pickle
Error downloading file: https://github.com/NiharikaCNR/STAT605-Project/raw/main/data/tracks/Relaxing/65gmJWtbmmHAbKdk2Wz0wR.pickle
Error downloading file: https://github.com/NiharikaCNR/STAT605-Project/raw/main/data/tracks/Relaxing/69bWzUfWI7uL17QFyrqkGN.pickle
Error downloading file: https://github.com/NiharikaCNR/STAT605-Project/raw/main/data/tracks/Relaxing/6CDzDgIUqeDY5g8ujExx2f.pickle
Error downloading file: https://github.com/NiharikaCNR/STAT605-Project/raw/main/data/tracks/Relaxing/6G6tIDO3rB8FktjkM70GGd.pickle
Error downloading file: https://github.com/NiharikaCNR/STAT605-Project/raw/main/data/tracks/Relaxing/6GD9L0BqpyENa325mplxQ9.pickle
Error downloading file: https://github.com/NiharikaCNR/STAT605-Project/raw/main/data/tracks/Relaxing/6LLyyfz8BYrHtd3yPkrPad.pickle
Error downloading file: https://github.com/NiharikaCNR/STAT605-Project/raw/main/data/tracks/Relaxing/6OcXjaSKDRYpffXDdNcAWD.pickle
Error downloading file: https://github.com/NiharikaCNR/STAT605-Project/raw/main/data/tracks/Relaxing/6ULMLA6uLwvbMMYprohGHH.pickle
Error downloading file: https://github.com/NiharikaCNR/STAT605-Project/raw/main/data/tracks/Relaxing/6cyZyGwH2dzEeq53YJykwh.pickle
Error downloading file: https://github.com/NiharikaCNR/STAT605-Project/raw/main/data/tracks/Relaxing/6ff2TinoXWHCn0JnfUAp2b.pickle
Error downloading file: https://github.com/NiharikaCNR/STAT605-Project/raw/main/data/tracks/Relaxing/6gzPmb75SbQGuCWwtAoutC.pickle
Error downloading file: https://github.com/NiharikaCNR/STAT605-Project/raw/main/data/tracks/Relaxing/6huxjr8XKFnhtXQD02LIJ7.pickle
Error downloading file: https://github.com/NiharikaCNR/STAT605-Project/raw/main/data/tracks/Relaxing/6osJpF4LOPQx6Q7XkLoiKr.pickle
Error downloading file: https://github.com/NiharikaCNR/STAT605-Project/raw/main/data/tracks/Relaxing/6vtzBYf1I2Ozsdp94A2t5i.pickle
Error downloading file: https://github.com/NiharikaCNR/STAT605-Project/raw/main/data/tracks/Relaxing/71sykxrXDUVEDA4TkHeIzh.pickle
Error downloading file: https://github.com/NiharikaCNR/STAT605-Project/raw/main/data/tracks/Relaxing/748mdHapucXQri7IAO8yFK.pickle
Error downloading file: https://github.com/NiharikaCNR/STAT605-Project/raw/main/data/tracks/Relaxing/75JFxkI2RXiU7L9VXzMkle.pickle
Error downloading file: https://github.com/NiharikaCNR/STAT605-Project/raw/main/data/tracks/Relaxing/76OGwb5RA9h4FxQPT33ekc.pickle
Error downloading file: https://github.com/NiharikaCNR/STAT605-Project/raw/main/data/tracks/Relaxing/78Sw5GDo6AlGwTwanjXbGh.pickle
Error downloading file: https://github.com/NiharikaCNR/STAT605-Project/raw/main/data/tracks/Relaxing/78Sw5GDo6AlGwTwanjXbGh.pickle
Error downloading file: https://github.com/NiharikaCNR/STAT605-Project/raw/main/data/tracks/Relaxing/78Sw5GDo6AlGwTwanjXbGh.pickle
Error downloading file: https://github.com/NiharikaCNR/STAT605-Project/raw/main/data/tracks/Relaxing/78Sw5GDo6AlGwTwanjXbGh.pickle
Error downloading file: https://github.com/NiharikaCNR/STAT605-Project/raw/main/data/tracks/Relaxing/79QJyCeKedEGv6njcE7S8m.pickle
Error downloading file: https://github.com/NiharikaCNR/STAT605-Project/raw/main/data/tracks/Relaxing/7AGPS3yD3CJR3xrPBTLhcO.pickle
Error downloading file: https://github.com/NiharikaCNR/STAT605-Project/raw/main/data/tracks/Relaxing/7BgjINRWnW9fIiuLdMXQ5R.pickle
Error downloading file: https://github.com/NiharikaCNR/STAT605-Project/raw/main/data/tracks/Relaxing/7BqBn9nzAq8spo5e7cZ0dJ.pickle
Error downloading file: https://github.com/NiharikaCNR/STAT605-Project/raw/main/data/tracks/Relaxing/7D49Iig0avHre9RFSUMkd2.pickle
Error downloading file: https://github.com/NiharikaCNR/STAT605-Project/raw/main/data/tracks/Relaxing/7HpOhVbSYn8BNAEiSdvTFv.pickle
Error downloading file: https://github.com/NiharikaCNR/STAT605-Project/raw/main/data/tracks/Relaxing/7Mrz01pIRqW3IGQro5IqDq.pickle
Error downloading file: https://github.com/NiharikaCNR/STAT605-Project/raw/main/data/tracks/Relaxing/7cZxQ0m9bK0TLsaUD2UoQd.pickle
Error downloading file: https://github.com/NiharikaCNR/STAT605-Project/raw/main/data/tracks/Relaxing/7eAUXhbTO8lKvx9zydSbvA.pickle
Error downloading file: https://github.com/NiharikaCNR/STAT605-Project/raw/main/data/tracks/Relaxing/7gb7bAdUDArVuoyNh2F90F.pickle
Error downloading file: https://github.com/NiharikaCNR/STAT605-Project/raw/main/data/tracks/Relaxing/7iU9K9Lw2mGFcGOR8b3awU.pickle
Error downloading file: https://github.com/NiharikaCNR/STAT605-Project/raw/main/data/tracks/Relaxing/7o8y3eDRgyBHFSjgu5PLXZ.pickle
Error downloading file: https://github.com/NiharikaCNR/STAT605-Project/raw/main/data/tracks/Relaxing/7oDd86yk8itslrA9HRP2ki.pickle
Error downloading file: https://github.com/NiharikaCNR/STAT605-Project/raw/main/data/tracks/Relaxing/7qEHsqek33rTcFNT9PFqLf.pickle
Error downloading file: https://github.com/NiharikaCNR/STAT605-Project/raw/main/data/tracks/Relaxing/7r5XG6Ko5PsiSext5v0vyO.pickle
Error downloading file: https://github.com/NiharikaCNR/STAT605-Project/raw/main/data/tracks/Relaxing/7tPR6ChfHJvkYPK0Zy5zkK.pickle
Error downloading file: https://github.com/NiharikaCNR/STAT605-Project/raw/main/data/tracks/Relaxing/7vrm7MunIj4mXiEZdj8zfF.pickle
Error downloading file: https://github.com/NiharikaCNR/STAT605-Project/raw/main/data/tracks/Relaxing/7w87IxuO7BDcJ3YUqCyMTT.pickle
Error downloading file: https://github.com/NiharikaCNR/STAT605-Project/raw/main/data/tracks/Relaxing/7wtsP54umUm3MvvdRWBOrU.pickle
Error downloading file: https://github.com/NiharikaCNR/STAT605-Project/raw/main/data/tracks/Relaxing/7xTuJi4PK5ujPuf0g19oII.pickle
Error downloading file: https://github.com/NiharikaCNR/STAT605-Project/raw/main/data/tracks/Relaxing/7zE6pyXLjUCOy8PG0UL5SZ.pickle
Error downloading file: https://github.com/NiharikaCNR/STAT605-Project/raw/main/data/tracks/Relaxing/3dhjNA0jGA8vHBQ1VdD6vV.pickle
Error downloading file: https://github.com/NiharikaCNR/STAT605-Project/raw/main/data/tracks/Relaxing/4yNk9iz9WVJikRFle3XEvn.pickle
Error downloading file: https://github.com/NiharikaCNR/STAT605-Project/raw/main/data/tracks/Relaxing/4yNk9iz9WVJikRFle3XEvn.pickle
Error downloading file: https://github.com/NiharikaCNR/STAT605-Project/raw/main/data/tracks/Relaxing/4yNk9iz9WVJikRFle3XEvn.pickle
Error downloading file: https://github.com/NiharikaCNR/STAT605-Project/raw/main/data/tracks/Relaxing/4yNk9iz9WVJikRFle3XEvn.pickle
Error downloading file: https://github.com/NiharikaCNR/STAT605-Project/raw/main/data/tracks/Relaxing/5XeFesFbtLpXzIVDNQP22n.pickle
Error downloading file: https://github.com/NiharikaCNR/STAT605-Project/raw/main/data/tracks/Relaxing/4SI5jkfBClYmMWhWWH8f9p.pickle
Error downloading file: https://github.com/NiharikaCNR/STAT605-Project/raw/main/data/tracks/Relaxing/4SI5jkfBClYmMWhWWH8f9p.pickle
Error downloading file: https://github.com/NiharikaCNR/STAT605-Project/raw/main/data/tracks/Relaxing/4SI5jkfBClYmMWhWWH8f9p.pickle
Error downloading file: https://github.com/NiharikaCNR/STAT605-Project/raw/main/data/tracks/Relaxing/4SI5jkfBClYmMWhWWH8f9p.pickle
Error downloading file: https://github.com/NiharikaCNR/STAT605-Project/raw/main/data/tracks/Relaxing/5HCyWlXZPP0y6Gqq8TgA20.pickle
Error downloading file: https://github.com/NiharikaCNR/STAT605-Project/raw/main/data/tracks/Relaxing/4k6Uh1HXdhtusDW5y8Gbvy.pickle
Error downloading file: https://github.com/NiharikaCNR/STAT605-Project/raw/main/data/tracks/Relaxing/69kOkLUCkxIZYexIgSG8rq.pickle
Error downloading file: https://github.com/NiharikaCNR/STAT605-Project/raw/main/data/tracks/Relaxing/6AQbmUe0Qwf5PZnt4HmTXv.pickle
Error downloading file: https://github.com/NiharikaCNR/STAT605-Project/raw/main/data/tracks/Relaxing/70FROKEHubzMxSstCgaZZl.pickle
Error downloading file: https://github.com/NiharikaCNR/STAT605-Project/raw/main/data/tracks/Relaxing/2NDa9A2bztLx2utRxtRyzd.pickle
Error downloading file: https://github.com/NiharikaCNR/STAT605-Project/raw/main/data/tracks/Relaxing/3F1jev8GAdSB1jyKHuAqhZ.pickle
Error downloading file: https://github.com/NiharikaCNR/STAT605-Project/raw/main/data/tracks/Relaxing/2TVL32urlZnR6EBTRGUHEP.pickle
Error downloading file: https://github.com/NiharikaCNR/STAT605-Project/raw/main/data/tracks/Relaxing/4LUusnBFGm3yI3Su7s8kg6.pickle
Error downloading file: https://github.com/NiharikaCNR/STAT605-Project/raw/main/data/tracks/Relaxing/783rIPMloYUfHcBnNwdj9Q.pickle
Error downloading file: https://github.com/NiharikaCNR/STAT605-Project/raw/main/data/tracks/Relaxing/4ENWUdGVKTUKpwLVcW7wCW.pickle
Error downloading file: https://github.com/NiharikaCNR/STAT605-Project/raw/main/data/tracks/Relaxing/3HCq1uKsrIfii8eYSgO9tf.pickle
Error downloading file: https://github.com/NiharikaCNR/STAT605-Project/raw/main/data/tracks/Relaxing/4NgP1eBz1VPVKWDDIgsDvW.pickle
Error downloading file: https://github.com/NiharikaCNR/STAT605-Project/raw/main/data/tracks/Relaxing/25OjmtlPiAxOBYVK9RJpEB.pickle
Error downloading file: https://github.com/NiharikaCNR/STAT605-Project/raw/main/data/tracks/Relaxing/7otpDaoUjNgyaq15nyFXGC.pickle
Error downloading file: https://github.com/NiharikaCNR/STAT605-Project/raw/main/data/tracks/Relaxing/5AI6zlfccr8OZBUDT996F9.pickle
Error downloading file: https://github.com/NiharikaCNR/STAT605-Project/raw/main/data/tracks/Relaxing/0JWLHBuJtbbR9ycmxVvmu7.pickle
Error downloading file: https://github.com/NiharikaCNR/STAT605-Project/raw/main/data/tracks/Relaxing/5FfMConflMM1ugP9XvyfON.pickle
Error downloading file: https://github.com/NiharikaCNR/STAT605-Project/raw/main/data/tracks/Relaxing/17GnGJcqKS8JzbwDkWUcIh.pickle
Error downloading file: https://github.com/NiharikaCNR/STAT605-Project/raw/main/data/tracks/Relaxing/5aPyQLy7KhxjIqj5CgNF8w.pickle
Error downloading file: https://github.com/NiharikaCNR/STAT605-Project/raw/main/data/tracks/Relaxing/0CMYUXTTTmI6Lwc0opH2XG.pickle
Error downloading file: https://github.com/NiharikaCNR/STAT605-Project/raw/main/data/tracks/Relaxing/3nTFwQs9Oxz1KEtZn0Q7AK.pickle
Error downloading file: https://github.com/NiharikaCNR/STAT605-Project/raw/main/data/tracks/Relaxing/3jQlNsMoO2C4NzwoBi9R6v.pickle
Error downloading file: https://github.com/NiharikaCNR/STAT605-Project/raw/main/data/tracks/Relaxing/08ZVl6IBiPemNOsVfkoIyv.pickle
Error downloading file: https://github.com/NiharikaCNR/STAT605-Project/raw/main/data/tracks/Relaxing/1WHrCfYujnEhApstu2ppFo.pickle
Error downloading file: https://github.com/NiharikaCNR/STAT605-Project/raw/main/data/tracks/Relaxing/25Eazeq2jR3OAXKVyn5A46.pickle
Error downloading file: https://github.com/NiharikaCNR/STAT605-Project/raw/main/data/tracks/Relaxing/748k8Bk5Nousy75IFv6QQy.pickle
Error downloading file: https://github.com/NiharikaCNR/STAT605-Project/raw/main/data/tracks/Relaxing/09a8Ur35uRNugKT4X2Ia0W.pickle
Error downloading file: https://github.com/NiharikaCNR/STAT605-Project/raw/main/data/tracks/Relaxing/2l4kkjxegUp9EdfxFfV5aq.pickle
Error downloading file: https://github.com/NiharikaCNR/STAT605-Project/raw/main/data/tracks/Relaxing/33jgsXDccgPQ6C4LLLPwhp.pickle
Error downloading file: https://github.com/NiharikaCNR/STAT605-Project/raw/main/data/tracks/Relaxing/1uaGSDFsLdReQgg8p7Obwh.pickle
Error downloading file: https://github.com/NiharikaCNR/STAT605-Project/raw/main/data/tracks/Relaxing/3QaYNoyQzsOFfek0pTgqWi.pickle
Error downloading file: https://github.com/NiharikaCNR/STAT605-Project/raw/main/data/tracks/Relaxing/3iGoaawn0i6d0IUESJxM0f.pickle
Error downloading file: https://github.com/NiharikaCNR/STAT605-Project/raw/main/data/tracks/Relaxing/4k5NwAqXwtNP17qUdVZD1Y.pickle
Error downloading file: https://github.com/NiharikaCNR/STAT605-Project/raw/main/data/tracks/Relaxing/4v1nkqzbzajcLBxEnJ1AP3.pickle
Error downloading file: https://github.com/NiharikaCNR/STAT605-Project/raw/main/data/tracks/Relaxing/7HqxTwva2cSMSbLDAEzaI5.pickle
Error downloading file: https://github.com/NiharikaCNR/STAT605-Project/raw/main/data/tracks/Relaxing/0jOnZhF75V68VsBObWx2XO.pickle
Error downloading file: https://github.com/NiharikaCNR/STAT605-Project/raw/main/data/tracks/Relaxing/4UoQyXltWDTbKhz839QILK.pickle
Error downloading file: https://github.com/NiharikaCNR/STAT605-Project/raw/main/data/tracks/Relaxing/5O3UGMP9XJLbshKKZHsrGN.pickle
Error downloading file: https://github.com/NiharikaCNR/STAT605-Project/raw/main/data/tracks/Relaxing/2GJFu2G9fhaYFrOoX9bejs.pickle
Error downloading file: https://github.com/NiharikaCNR/STAT605-Project/raw/main/data/tracks/Relaxing/2fDLC30XLnXwVtASMgsD1b.pickle
Error downloading file: https://github.com/NiharikaCNR/STAT605-Project/raw/main/data/tracks/Relaxing/1Zv6RyHM08gyC4qvOlCZUL.pickle
Error downloading file: https://github.com/NiharikaCNR/STAT605-Project/raw/main/data/tracks/Relaxing/6iL0pob2CNH1KNXPsSl9Fo.pickle
Error downloading file: https://github.com/NiharikaCNR/STAT605-Project/raw/main/data/tracks/Relaxing/1Y3LN4zO1Edc2EluIoSPJN.pickle
Error downloading file: https://github.com/NiharikaCNR/STAT605-Project/raw/main/data/tracks/Relaxing/5DqdesEfbRyOlSS3Tf6c29.pickle
Error downloading file: https://github.com/NiharikaCNR/STAT605-Project/raw/main/data/tracks/Relaxing/7vRriwrloYVaoAe3a9wJHe.pickle
Error downloading file: https://github.com/NiharikaCNR/STAT605-Project/raw/main/data/tracks/Relaxing/3AJwUDP919kvQ9QcozQPxg.pickle
Error downloading file: https://github.com/NiharikaCNR/STAT605-Project/raw/main/data/tracks/Relaxing/6xGruZOHLs39ZbVccQTuPZ.pickle
Error downloading file: https://github.com/NiharikaCNR/STAT605-Project/raw/main/data/tracks/Relaxing/6xGruZOHLs39ZbVccQTuPZ.pickle
Error downloading file: https://github.com/NiharikaCNR/STAT605-Project/raw/main/data/tracks/Relaxing/6xGruZOHLs39ZbVccQTuPZ.pickle
Error downloading file: https://github.com/NiharikaCNR/STAT605-Project/raw/main/data/tracks/Relaxing/6xGruZOHLs39ZbVccQTuPZ.pickle
Error downloading file: https://github.com/NiharikaCNR/STAT605-Project/raw/main/data/tracks/Relaxing/7lPN2DXiMsVn7XUKtOW1CS.pickle
Error downloading file: https://github.com/NiharikaCNR/STAT605-Project/raw/main/data/tracks/Relaxing/4y4spB9m0Q6026KfkAvy9Q.pickle
Error downloading file: https://github.com/NiharikaCNR/STAT605-Project/raw/main/data/tracks/Relaxing/4cGqn0E8JCSY9gQllQj4Mf.pickle
Error downloading file: https://github.com/NiharikaCNR/STAT605-Project/raw/main/data/tracks/Relaxing/1VdZ0vKfR5jneCmWIUAMxK.pickle
Error downloading file: https://github.com/NiharikaCNR/STAT605-Project/raw/main/data/tracks/Relaxing/5uCax9HTNlzGybIStD3vDh.pickle
Error downloading file: https://github.com/NiharikaCNR/STAT605-Project/raw/main/data/tracks/Relaxing/1HNkqx9Ahdgi1Ixy2xkKkL.pickle
Error downloading file: https://github.com/NiharikaCNR/STAT605-Project/raw/main/data/tracks/Relaxing/0j1Ia2lQWrcXrQZI4AdJlk.pickle
Error downloading file: https://github.com/NiharikaCNR/STAT605-Project/raw/main/data/tracks/Relaxing/0tgVpDi06FyKpA1z0VMD4v.pickle
Error downloading file: https://github.com/NiharikaCNR/STAT605-Project/raw/main/data/tracks/Relaxing/4LRPiXqCikLlN15c3yImP7.pickle
Error downloading file: https://github.com/NiharikaCNR/STAT605-Project/raw/main/data/tracks/Relaxing/34gCuhDGsG4bRPIf9bb02f.pickle
Error downloading file: https://github.com/NiharikaCNR/STAT605-Project/raw/main/data/tracks/Relaxing/1mXVgsBdtIVeCLJnSnmtdV.pickle
Error downloading file: https://github.com/NiharikaCNR/STAT605-Project/raw/main/data/tracks/Relaxing/5Nm9ERjJZ5oyfXZTECKmRt.pickle
Error downloading file: https://github.com/NiharikaCNR/STAT605-Project/raw/main/data/tracks/Relaxing/78TTtXnFQPzwqlbtbwqN0y.pickle
Error downloading file: https://github.com/NiharikaCNR/STAT605-Project/raw/main/data/tracks/Relaxing/6k8kLJFmWkHaTbSLUhJ3H0.pickle
Error downloading file: https://github.com/NiharikaCNR/STAT605-Project/raw/main/data/tracks/Relaxing/7rPLZ8Krm6CZIbraFUlnWZ.pickle
Error downloading file: https://github.com/NiharikaCNR/STAT605-Project/raw/main/data/tracks/Relaxing/0KpfYajJVVGgQ32Dby7e9i.pickle
Error downloading file: https://github.com/NiharikaCNR/STAT605-Project/raw/main/data/tracks/Relaxing/0KpfYajJVVGgQ32Dby7e9i.pickle
Error downloading file: https://github.com/NiharikaCNR/STAT605-Project/raw/main/data/tracks/Relaxing/0KpfYajJVVGgQ32Dby7e9i.pickle
Error downloading file: https://github.com/NiharikaCNR/STAT605-Project/raw/main/data/tracks/Relaxing/0KpfYajJVVGgQ32Dby7e9i.pickle
Error downloading file: https://github.com/NiharikaCNR/STAT605-Project/raw/main/data/tracks/Relaxing/7yq4Qj7cqayVTp3FF9CWbm.pickle
Error downloading file: https://github.com/NiharikaCNR/STAT605-Project/raw/main/data/tracks/Relaxing/7yq4Qj7cqayVTp3FF9CWbm.pickle
Error downloading file: https://github.com/NiharikaCNR/STAT605-Project/raw/main/data/tracks/Relaxing/7yq4Qj7cqayVTp3FF9CWbm.pickle
Error downloading file: https://github.com/NiharikaCNR/STAT605-Project/raw/main/data/tracks/Relaxing/7yq4Qj7cqayVTp3FF9CWbm.pickle
Error downloading file: https://github.com/NiharikaCNR/STAT605-Project/raw/main/data/tracks/Relaxing/1EzrEOXmMH3G43AXT1y7pA.pickle
Error downloading file: https://github.com/NiharikaCNR/STAT605-Project/raw/main/data/tracks/Relaxing/6GmUVqe73u5YRfUUynZK6I.pickle
Error downloading file: https://github.com/NiharikaCNR/STAT605-Project/raw/main/data/tracks/Relaxing/5fVZC9GiM4e8vu99W0Xf6J.pickle
Error downloading file: https://github.com/NiharikaCNR/STAT605-Project/raw/main/data/tracks/Relaxing/4VywXu6umkIQ2OS0m1I79y.pickle
Error downloading file: https://github.com/NiharikaCNR/STAT605-Project/raw/main/data/tracks/Relaxing/4LloVtxNZpeh7q7xdi1DQc.pickle
Error downloading file: https://github.com/NiharikaCNR/STAT605-Project/raw/main/data/tracks/Relaxing/7L605WhF5EGf34ggj87yK6.pickle
Error downloading file: https://github.com/NiharikaCNR/STAT605-Project/raw/main/data/tracks/Relaxing/1OwHOfTeJkdRhdqq93y2XV.pickle
Error downloading file: https://github.com/NiharikaCNR/STAT605-Project/raw/main/data/tracks/Relaxing/53QF56cjZA9RTuuMZDrSA6.pickle
Error downloading file: https://github.com/NiharikaCNR/STAT605-Project/raw/main/data/tracks/Relaxing/2QjOHCTQ1Jl3zawyYOpxh6.pickle
Error downloading file: https://github.com/NiharikaCNR/STAT605-Project/raw/main/data/tracks/Relaxing/6vECYJHxYmm3Ydt3fF01pE.pickle
