Error downloading file: https://github.com/NiharikaCNR/STAT605-Project/raw/main/data/tracks/baking/4Y0TtDriFlN3XZoQx6PYsu.pickle
Error downloading file: https://github.com/NiharikaCNR/STAT605-Project/raw/main/data/tracks/baking/4zQuwW24dweWcaX0fEJkP2.pickle
Error downloading file: https://github.com/NiharikaCNR/STAT605-Project/raw/main/data/tracks/baking/7GqWnsKhMtEW0nzki5o0d8.pickle
Error downloading file: https://github.com/NiharikaCNR/STAT605-Project/raw/main/data/tracks/baking/33bURv895AN4FkBvgFo2dx.pickle
Error downloading file: https://github.com/NiharikaCNR/STAT605-Project/raw/main/data/tracks/baking/6SQLk9HSNketfgs2AyIiMs.pickle
Error downloading file: https://github.com/NiharikaCNR/STAT605-Project/raw/main/data/tracks/baking/6SQLk9HSNketfgs2AyIiMs.pickle
Error downloading file: https://github.com/NiharikaCNR/STAT605-Project/raw/main/data/tracks/baking/6SQLk9HSNketfgs2AyIiMs.pickle
Error downloading file: https://github.com/NiharikaCNR/STAT605-Project/raw/main/data/tracks/baking/6SQLk9HSNketfgs2AyIiMs.pickle
Error downloading file: https://github.com/NiharikaCNR/STAT605-Project/raw/main/data/tracks/baking/1y3r6RXiJZNBV1EI0NggpS.pickle
Error downloading file: https://github.com/NiharikaCNR/STAT605-Project/raw/main/data/tracks/baking/30FURVTCpbKyykjSEQzGkH.pickle
Error downloading file: https://github.com/NiharikaCNR/STAT605-Project/raw/main/data/tracks/baking/30FURVTCpbKyykjSEQzGkH.pickle
Error downloading file: https://github.com/NiharikaCNR/STAT605-Project/raw/main/data/tracks/baking/30FURVTCpbKyykjSEQzGkH.pickle
Error downloading file: https://github.com/NiharikaCNR/STAT605-Project/raw/main/data/tracks/baking/30FURVTCpbKyykjSEQzGkH.pickle
Error downloading file: https://github.com/NiharikaCNR/STAT605-Project/raw/main/data/tracks/baking/0CuQKW9YZZA3vcnfpKLCSj.pickle
Error downloading file: https://github.com/NiharikaCNR/STAT605-Project/raw/main/data/tracks/baking/11MyiSGZSYSmhhqwGUTtAq.pickle
Error downloading file: https://github.com/NiharikaCNR/STAT605-Project/raw/main/data/tracks/baking/44pBlSEASFjEdU3qEHhbFs.pickle
Error downloading file: https://github.com/NiharikaCNR/STAT605-Project/raw/main/data/tracks/baking/6PnluwP0fjGnpIBsqTdUTq.pickle
Error downloading file: https://github.com/NiharikaCNR/STAT605-Project/raw/main/data/tracks/baking/3pANfZVFdtuVnJsE6xa5Ox.pickle
Error downloading file: https://github.com/NiharikaCNR/STAT605-Project/raw/main/data/tracks/baking/3pANfZVFdtuVnJsE6xa5Ox.pickle
Error downloading file: https://github.com/NiharikaCNR/STAT605-Project/raw/main/data/tracks/baking/3pANfZVFdtuVnJsE6xa5Ox.pickle
Error downloading file: https://github.com/NiharikaCNR/STAT605-Project/raw/main/data/tracks/baking/3pANfZVFdtuVnJsE6xa5Ox.pickle
Error downloading file: https://github.com/NiharikaCNR/STAT605-Project/raw/main/data/tracks/baking/5XsAal7ZcWg1I5T4NcRjkv.pickle
Error downloading file: https://github.com/NiharikaCNR/STAT605-Project/raw/main/data/tracks/baking/6Nle9hKrkL1wQpwNfEkxjh.pickle
Error downloading file: https://github.com/NiharikaCNR/STAT605-Project/raw/main/data/tracks/baking/1mnQiO568zXIrUncttTZGp.pickle
Error downloading file: https://github.com/NiharikaCNR/STAT605-Project/raw/main/data/tracks/baking/3sslYZcFKtUvIEWN9lADgr.pickle
Error downloading file: https://github.com/NiharikaCNR/STAT605-Project/raw/main/data/tracks/baking/3sslYZcFKtUvIEWN9lADgr.pickle
Error downloading file: https://github.com/NiharikaCNR/STAT605-Project/raw/main/data/tracks/baking/3sslYZcFKtUvIEWN9lADgr.pickle
Error downloading file: https://github.com/NiharikaCNR/STAT605-Project/raw/main/data/tracks/baking/3sslYZcFKtUvIEWN9lADgr.pickle
Error downloading file: https://github.com/NiharikaCNR/STAT605-Project/raw/main/data/tracks/baking/3sslYZcFKtUvIEWN9lADgr.pickle
Error downloading file: https://github.com/NiharikaCNR/STAT605-Project/raw/main/data/tracks/baking/3sslYZcFKtUvIEWN9lADgr.pickle
Error downloading file: https://github.com/NiharikaCNR/STAT605-Project/raw/main/data/tracks/baking/3sslYZcFKtUvIEWN9lADgr.pickle
Error downloading file: https://github.com/NiharikaCNR/STAT605-Project/raw/main/data/tracks/baking/3sslYZcFKtUvIEWN9lADgr.pickle
Error downloading file: https://github.com/NiharikaCNR/STAT605-Project/raw/main/data/tracks/baking/3sslYZcFKtUvIEWN9lADgr.pickle
Error downloading file: https://github.com/NiharikaCNR/STAT605-Project/raw/main/data/tracks/baking/5URfZHMlUWTWxPvvSBWcPk.pickle
Error downloading file: https://github.com/NiharikaCNR/STAT605-Project/raw/main/data/tracks/baking/5tyMJlMqaggzvuX7TtlrTe.pickle
Error downloading file: https://github.com/NiharikaCNR/STAT605-Project/raw/main/data/tracks/baking/60ynsPSSKe6O3sfwRnIBRf.pickle
Error downloading file: https://github.com/NiharikaCNR/STAT605-Project/raw/main/data/tracks/baking/6LOZws7T3jqZz78unPgFF9.pickle
Error downloading file: https://github.com/NiharikaCNR/STAT605-Project/raw/main/data/tracks/baking/39uLYYZytVUwcjgeYLI409.pickle
Error downloading file: https://github.com/NiharikaCNR/STAT605-Project/raw/main/data/tracks/baking/7FjIYiD53wxlQmzTT6Wdpf.pickle
Error downloading file: https://github.com/NiharikaCNR/STAT605-Project/raw/main/data/tracks/baking/7FjIYiD53wxlQmzTT6Wdpf.pickle
Error downloading file: https://github.com/NiharikaCNR/STAT605-Project/raw/main/data/tracks/baking/7FjIYiD53wxlQmzTT6Wdpf.pickle
Error downloading file: https://github.com/NiharikaCNR/STAT605-Project/raw/main/data/tracks/baking/7FjIYiD53wxlQmzTT6Wdpf.pickle
Error downloading file: https://github.com/NiharikaCNR/STAT605-Project/raw/main/data/tracks/baking/1lpLrlyweOShEKXT1bpcDd.pickle
Error downloading file: https://github.com/NiharikaCNR/STAT605-Project/raw/main/data/tracks/baking/7rC3P7tpWriaC4hYWKwGQd.pickle
Error downloading file: https://github.com/NiharikaCNR/STAT605-Project/raw/main/data/tracks/baking/7rC3P7tpWriaC4hYWKwGQd.pickle
Error downloading file: https://github.com/NiharikaCNR/STAT605-Project/raw/main/data/tracks/baking/7rC3P7tpWriaC4hYWKwGQd.pickle
Error downloading file: https://github.com/NiharikaCNR/STAT605-Project/raw/main/data/tracks/baking/7rC3P7tpWriaC4hYWKwGQd.pickle
Error downloading file: https://github.com/NiharikaCNR/STAT605-Project/raw/main/data/tracks/baking/7rC3P7tpWriaC4hYWKwGQd.pickle
Error downloading file: https://github.com/NiharikaCNR/STAT605-Project/raw/main/data/tracks/baking/7rC3P7tpWriaC4hYWKwGQd.pickle
Error downloading file: https://github.com/NiharikaCNR/STAT605-Project/raw/main/data/tracks/baking/7rC3P7tpWriaC4hYWKwGQd.pickle
Error downloading file: https://github.com/NiharikaCNR/STAT605-Project/raw/main/data/tracks/baking/7rC3P7tpWriaC4hYWKwGQd.pickle
Error downloading file: https://github.com/NiharikaCNR/STAT605-Project/raw/main/data/tracks/baking/7rC3P7tpWriaC4hYWKwGQd.pickle
Error downloading file: https://github.com/NiharikaCNR/STAT605-Project/raw/main/data/tracks/baking/7rC3P7tpWriaC4hYWKwGQd.pickle
Error downloading file: https://github.com/NiharikaCNR/STAT605-Project/raw/main/data/tracks/baking/7rC3P7tpWriaC4hYWKwGQd.pickle
Error downloading file: https://github.com/NiharikaCNR/STAT605-Project/raw/main/data/tracks/baking/7rC3P7tpWriaC4hYWKwGQd.pickle
Error downloading file: https://github.com/NiharikaCNR/STAT605-Project/raw/main/data/tracks/baking/7rC3P7tpWriaC4hYWKwGQd.pickle
Error downloading file: https://github.com/NiharikaCNR/STAT605-Project/raw/main/data/tracks/baking/7rC3P7tpWriaC4hYWKwGQd.pickle
Error downloading file: https://github.com/NiharikaCNR/STAT605-Project/raw/main/data/tracks/baking/7rC3P7tpWriaC4hYWKwGQd.pickle
Error downloading file: https://github.com/NiharikaCNR/STAT605-Project/raw/main/data/tracks/baking/7rC3P7tpWriaC4hYWKwGQd.pickle
Error downloading file: https://github.com/NiharikaCNR/STAT605-Project/raw/main/data/tracks/baking/57V4uc2b2diZ4RPHXWecb9.pickle
Error downloading file: https://github.com/NiharikaCNR/STAT605-Project/raw/main/data/tracks/baking/6vFsBXYczYsP0H3lgunZOm.pickle
Error downloading file: https://github.com/NiharikaCNR/STAT605-Project/raw/main/data/tracks/baking/6vFsBXYczYsP0H3lgunZOm.pickle
Error downloading file: https://github.com/NiharikaCNR/STAT605-Project/raw/main/data/tracks/baking/6vFsBXYczYsP0H3lgunZOm.pickle
Error downloading file: https://github.com/NiharikaCNR/STAT605-Project/raw/main/data/tracks/baking/6vFsBXYczYsP0H3lgunZOm.pickle
Error downloading file: https://github.com/NiharikaCNR/STAT605-Project/raw/main/data/tracks/baking/6TEiFwaiHERpdfG6WnGed1.pickle
Error downloading file: https://github.com/NiharikaCNR/STAT605-Project/raw/main/data/tracks/baking/6TEiFwaiHERpdfG6WnGed1.pickle
Error downloading file: https://github.com/NiharikaCNR/STAT605-Project/raw/main/data/tracks/baking/6TEiFwaiHERpdfG6WnGed1.pickle
Error downloading file: https://github.com/NiharikaCNR/STAT605-Project/raw/main/data/tracks/baking/6TEiFwaiHERpdfG6WnGed1.pickle
Error downloading file: https://github.com/NiharikaCNR/STAT605-Project/raw/main/data/tracks/baking/6ixkZ2Q9gQeh52C6GxbETg.pickle
Error downloading file: https://github.com/NiharikaCNR/STAT605-Project/raw/main/data/tracks/baking/2fXwCWkh6YG5zU1IyvQrbs.pickle
Error downloading file: https://github.com/NiharikaCNR/STAT605-Project/raw/main/data/tracks/baking/3XCveEutwTaDiekRkkfdp9.pickle
Error downloading file: https://github.com/NiharikaCNR/STAT605-Project/raw/main/data/tracks/baking/0KmgJyW4GDgonqsoyx0CZ3.pickle
Error downloading file: https://github.com/NiharikaCNR/STAT605-Project/raw/main/data/tracks/baking/5iFwAOB2TFkPJk8sMlxP8g.pickle
Error downloading file: https://github.com/NiharikaCNR/STAT605-Project/raw/main/data/tracks/baking/3lAun9V0YdTlCSIEXPvfsY.pickle
Error downloading file: https://github.com/NiharikaCNR/STAT605-Project/raw/main/data/tracks/baking/02H1K5Cw9Ar89b35XwSEw6.pickle
Error downloading file: https://github.com/NiharikaCNR/STAT605-Project/raw/main/data/tracks/baking/7MbT4I8qGntX4fMdqMQgke.pickle
Error downloading file: https://github.com/NiharikaCNR/STAT605-Project/raw/main/data/tracks/baking/0eFQWVz0qIxDOvhLpZ40P7.pickle
Error downloading file: https://github.com/NiharikaCNR/STAT605-Project/raw/main/data/tracks/baking/4x5YzxjrF9wvIIXJV7TveC.pickle
Error downloading file: https://github.com/NiharikaCNR/STAT605-Project/raw/main/data/tracks/baking/4B1rpPmQXwj78wk6aIGwwU.pickle
Error downloading file: https://github.com/NiharikaCNR/STAT605-Project/raw/main/data/tracks/baking/0wqOReZDnrefefEsrIGeR4.pickle
Error downloading file: https://github.com/NiharikaCNR/STAT605-Project/raw/main/data/tracks/baking/7LF0YY1gON8rBECsyEs0Wb.pickle
Error downloading file: https://github.com/NiharikaCNR/STAT605-Project/raw/main/data/tracks/baking/6Kkt27YmFyIFrcX3QXFi2o.pickle
Error downloading file: https://github.com/NiharikaCNR/STAT605-Project/raw/main/data/tracks/baking/2GBjsCkCpR5w8Zri9aE49H.pickle
Error downloading file: https://github.com/NiharikaCNR/STAT605-Project/raw/main/data/tracks/baking/0So2sgVa8aJiARPl2P29u2.pickle
Error downloading file: https://github.com/NiharikaCNR/STAT605-Project/raw/main/data/tracks/baking/2FhWY5qi1omQgkjuIlEiiU.pickle
Error downloading file: https://github.com/NiharikaCNR/STAT605-Project/raw/main/data/tracks/baking/30QNjcM3Q1GnLFIIJjWQL1.pickle
Error downloading file: https://github.com/NiharikaCNR/STAT605-Project/raw/main/data/tracks/baking/2P5yIMu2DNeMXTyOANKS6k.pickle
Error downloading file: https://github.com/NiharikaCNR/STAT605-Project/raw/main/data/tracks/baking/3HlK8txWAdtKMrbsqX40pl.pickle
Error downloading file: https://github.com/NiharikaCNR/STAT605-Project/raw/main/data/tracks/baking/0RjG5JmdOWXAR68dGlKBA5.pickle
Error downloading file: https://github.com/NiharikaCNR/STAT605-Project/raw/main/data/tracks/baking/79pfMqEMRo8jzPGX7fyw0K.pickle
Error downloading file: https://github.com/NiharikaCNR/STAT605-Project/raw/main/data/tracks/baking/7uoFMmxln0GPXQ0AcCBXRq.pickle
Error downloading file: https://github.com/NiharikaCNR/STAT605-Project/raw/main/data/tracks/baking/3xtiXNDbSKxy20I7D6vFUg.pickle
Error downloading file: https://github.com/NiharikaCNR/STAT605-Project/raw/main/data/tracks/baking/6Ng999MKVY9ikd8FtGaNnz.pickle
Error downloading file: https://github.com/NiharikaCNR/STAT605-Project/raw/main/data/tracks/baking/4osgfFTICMkcGbbigdsa53.pickle
Error downloading file: https://github.com/NiharikaCNR/STAT605-Project/raw/main/data/tracks/baking/12ILYlOEfWL8ei0BEgFJn0.pickle
Error downloading file: https://github.com/NiharikaCNR/STAT605-Project/raw/main/data/tracks/baking/3GZD6HmiNUhxXYf8Gch723.pickle
Error downloading file: https://github.com/NiharikaCNR/STAT605-Project/raw/main/data/tracks/baking/1gcyHQpBQ1lfXGdhZmWrHP.pickle
Error downloading file: https://github.com/NiharikaCNR/STAT605-Project/raw/main/data/tracks/baking/7lxADouiWFkwR7ZV2GKUcH.pickle
Error downloading file: https://github.com/NiharikaCNR/STAT605-Project/raw/main/data/tracks/baking/2dgFqt3w9xIQRjhPtwNk3D.pickle
Error downloading file: https://github.com/NiharikaCNR/STAT605-Project/raw/main/data/tracks/baking/22bPsP2jCgbLUvh82U0Z3M.pickle
Error downloading file: https://github.com/NiharikaCNR/STAT605-Project/raw/main/data/tracks/baking/2CYVETnhM9aytqrazYYwrK.pickle
Error downloading file: https://github.com/NiharikaCNR/STAT605-Project/raw/main/data/tracks/baking/2I8YAEA1VmCuP1wkJHMpTw.pickle
Error downloading file: https://github.com/NiharikaCNR/STAT605-Project/raw/main/data/tracks/baking/1fzAuUVbzlhZ1lJAx9PtY6.pickle
Error downloading file: https://github.com/NiharikaCNR/STAT605-Project/raw/main/data/tracks/baking/1Ov37jtRQ2YNAe8HzfczkL.pickle
Error downloading file: https://github.com/NiharikaCNR/STAT605-Project/raw/main/data/tracks/baking/6PGoSes0D9eUDeeAafB2As.pickle
Error downloading file: https://github.com/NiharikaCNR/STAT605-Project/raw/main/data/tracks/baking/7ePFDzrnLt3Ynqgy2UFWri.pickle
Error downloading file: https://github.com/NiharikaCNR/STAT605-Project/raw/main/data/tracks/baking/3t0J8vI9StQD8KIBkT2Cp5.pickle
Error downloading file: https://github.com/NiharikaCNR/STAT605-Project/raw/main/data/tracks/baking/0Otf1ZfYNIjhqFIuJk0fsy.pickle
Error downloading file: https://github.com/NiharikaCNR/STAT605-Project/raw/main/data/tracks/baking/7sIx70dGj3VBiHWr0KZXfD.pickle
Error downloading file: https://github.com/NiharikaCNR/STAT605-Project/raw/main/data/tracks/baking/3DarAbFujv6eYNliUTyqtz.pickle
Error downloading file: https://github.com/NiharikaCNR/STAT605-Project/raw/main/data/tracks/baking/2T5Ch09nefwckOu5NQvjIk.pickle
Error downloading file: https://github.com/NiharikaCNR/STAT605-Project/raw/main/data/tracks/baking/225xvV8r1yKMHErSWivnow.pickle
Error downloading file: https://github.com/NiharikaCNR/STAT605-Project/raw/main/data/tracks/baking/1wb4P4F0sxAQ2KXrRvsx6n.pickle
Error downloading file: https://github.com/NiharikaCNR/STAT605-Project/raw/main/data/tracks/baking/24Gxm7Eh7tO83E26LG0CsY.pickle
Error downloading file: https://github.com/NiharikaCNR/STAT605-Project/raw/main/data/tracks/baking/4llK75pXNWZz6KAho2Gp16.pickle
Error downloading file: https://github.com/NiharikaCNR/STAT605-Project/raw/main/data/tracks/baking/5CalS8Gn69OOrR9aiw0ZO9.pickle
Error downloading file: https://github.com/NiharikaCNR/STAT605-Project/raw/main/data/tracks/baking/15MJ5NThPjj6xhPcts8MiY.pickle
Error downloading file: https://github.com/NiharikaCNR/STAT605-Project/raw/main/data/tracks/baking/1eNrlXlW7Cj1QB1YUcZmpb.pickle
Error downloading file: https://github.com/NiharikaCNR/STAT605-Project/raw/main/data/tracks/baking/1qrpoAMXodY6895hGKoUpA.pickle
Error downloading file: https://github.com/NiharikaCNR/STAT605-Project/raw/main/data/tracks/baking/1qrpoAMXodY6895hGKoUpA.pickle
Error downloading file: https://github.com/NiharikaCNR/STAT605-Project/raw/main/data/tracks/baking/1qrpoAMXodY6895hGKoUpA.pickle
Error downloading file: https://github.com/NiharikaCNR/STAT605-Project/raw/main/data/tracks/baking/1qrpoAMXodY6895hGKoUpA.pickle
Error downloading file: https://github.com/NiharikaCNR/STAT605-Project/raw/main/data/tracks/baking/5ZjV4yevHO1QhMw8AjyQbZ.pickle
Error downloading file: https://github.com/NiharikaCNR/STAT605-Project/raw/main/data/tracks/baking/4rHfpAN2CK3H6eRWd7j7E0.pickle
Error downloading file: https://github.com/NiharikaCNR/STAT605-Project/raw/main/data/tracks/baking/1jlCTXvGEQpPuumICdSKzw.pickle
Error downloading file: https://github.com/NiharikaCNR/STAT605-Project/raw/main/data/tracks/baking/5mCPDVBb16L4XQwDdbRUpz.pickle
Error downloading file: https://github.com/NiharikaCNR/STAT605-Project/raw/main/data/tracks/baking/6sxptembJVty4sNtcPMAVz.pickle
Error downloading file: https://github.com/NiharikaCNR/STAT605-Project/raw/main/data/tracks/baking/1Pq47iFLC5U7j8xeNiNcuS.pickle
Error downloading file: https://github.com/NiharikaCNR/STAT605-Project/raw/main/data/tracks/baking/3hwQhakFwm9soLEBnSDH17.pickle
Error downloading file: https://github.com/NiharikaCNR/STAT605-Project/raw/main/data/tracks/baking/6JbioaahWqp3efRZWN001d.pickle
Error downloading file: https://github.com/NiharikaCNR/STAT605-Project/raw/main/data/tracks/baking/6e40mgJiCid5HRAGrbpGA6.pickle
Error downloading file: https://github.com/NiharikaCNR/STAT605-Project/raw/main/data/tracks/baking/15DrrIod12Tc2IoMaHiwlQ.pickle
Error downloading file: https://github.com/NiharikaCNR/STAT605-Project/raw/main/data/tracks/baking/15DrrIod12Tc2IoMaHiwlQ.pickle
Error downloading file: https://github.com/NiharikaCNR/STAT605-Project/raw/main/data/tracks/baking/15DrrIod12Tc2IoMaHiwlQ.pickle
Error downloading file: https://github.com/NiharikaCNR/STAT605-Project/raw/main/data/tracks/baking/15DrrIod12Tc2IoMaHiwlQ.pickle
Error downloading file: https://github.com/NiharikaCNR/STAT605-Project/raw/main/data/tracks/baking/2TdDRjNiF1HuRvnclprnce.pickle
Error downloading file: https://github.com/NiharikaCNR/STAT605-Project/raw/main/data/tracks/baking/0laYHRpNTS6i8FXdupHkJ4.pickle
Error downloading file: https://github.com/NiharikaCNR/STAT605-Project/raw/main/data/tracks/baking/5G2c6FsfTzgYUzageCmfXY.pickle
Error downloading file: https://github.com/NiharikaCNR/STAT605-Project/raw/main/data/tracks/baking/1PZDyestTVydtHpaIcfUJg.pickle
Error downloading file: https://github.com/NiharikaCNR/STAT605-Project/raw/main/data/tracks/baking/7g3htkaLz4ETFn0cifwM3y.pickle
Error downloading file: https://github.com/NiharikaCNR/STAT605-Project/raw/main/data/tracks/baking/5q4BpnMrYEFzLO0dYODj6J.pickle
Error downloading file: https://github.com/NiharikaCNR/STAT605-Project/raw/main/data/tracks/baking/193Dm5SqYy3hTSbuzxbwKc.pickle
Error downloading file: https://github.com/NiharikaCNR/STAT605-Project/raw/main/data/tracks/baking/7x46YkKAwp3yZpaa72n5Mu.pickle
Error downloading file: https://github.com/NiharikaCNR/STAT605-Project/raw/main/data/tracks/baking/6IGejZNdxjCsWQumaHD6LE.pickle
Error downloading file: https://github.com/NiharikaCNR/STAT605-Project/raw/main/data/tracks/baking/7B3z0ySL9Rr0XvZEAjWZzM.pickle
Error downloading file: https://github.com/NiharikaCNR/STAT605-Project/raw/main/data/tracks/baking/7Aqe1jVFEl9QQzIaNM0825.pickle
Error downloading file: https://github.com/NiharikaCNR/STAT605-Project/raw/main/data/tracks/baking/3l2S2RkGG4lbh7WqmCV3NB.pickle
Error downloading file: https://github.com/NiharikaCNR/STAT605-Project/raw/main/data/tracks/baking/7MtVPRGtZl6rPjMfLoI3Lh.pickle
Error downloading file: https://github.com/NiharikaCNR/STAT605-Project/raw/main/data/tracks/baking/7w5AOd6HrDIHewHfpABEss.pickle
Error downloading file: https://github.com/NiharikaCNR/STAT605-Project/raw/main/data/tracks/baking/5PjdC2gMATetx5xdnwGUu7.pickle
Error downloading file: https://github.com/NiharikaCNR/STAT605-Project/raw/main/data/tracks/baking/77G0k1La0c5Dw8bAFANcyp.pickle
Error downloading file: https://github.com/NiharikaCNR/STAT605-Project/raw/main/data/tracks/baking/2CzUlaKN1mvb0szagSR3ux.pickle
Error downloading file: https://github.com/NiharikaCNR/STAT605-Project/raw/main/data/tracks/baking/4iya38ctQ1httyA6NOG9oW.pickle
Error downloading file: https://github.com/NiharikaCNR/STAT605-Project/raw/main/data/tracks/baking/0efT4YKQLQx2YHbp6vgRX8.pickle
Error downloading file: https://github.com/NiharikaCNR/STAT605-Project/raw/main/data/tracks/baking/0efT4YKQLQx2YHbp6vgRX8.pickle
Error downloading file: https://github.com/NiharikaCNR/STAT605-Project/raw/main/data/tracks/baking/0efT4YKQLQx2YHbp6vgRX8.pickle
Error downloading file: https://github.com/NiharikaCNR/STAT605-Project/raw/main/data/tracks/baking/0efT4YKQLQx2YHbp6vgRX8.pickle
Error downloading file: https://github.com/NiharikaCNR/STAT605-Project/raw/main/data/tracks/baking/5Apvsk0suoivI1H8CmBglv.pickle
Error downloading file: https://github.com/NiharikaCNR/STAT605-Project/raw/main/data/tracks/baking/5Apvsk0suoivI1H8CmBglv.pickle
Error downloading file: https://github.com/NiharikaCNR/STAT605-Project/raw/main/data/tracks/baking/5Apvsk0suoivI1H8CmBglv.pickle
Error downloading file: https://github.com/NiharikaCNR/STAT605-Project/raw/main/data/tracks/baking/5Apvsk0suoivI1H8CmBglv.pickle
Error downloading file: https://github.com/NiharikaCNR/STAT605-Project/raw/main/data/tracks/baking/3eGsNpXzcb1BDkfSJI54NY.pickle
Error downloading file: https://github.com/NiharikaCNR/STAT605-Project/raw/main/data/tracks/baking/3eGsNpXzcb1BDkfSJI54NY.pickle
Error downloading file: https://github.com/NiharikaCNR/STAT605-Project/raw/main/data/tracks/baking/3eGsNpXzcb1BDkfSJI54NY.pickle
Error downloading file: https://github.com/NiharikaCNR/STAT605-Project/raw/main/data/tracks/baking/3eGsNpXzcb1BDkfSJI54NY.pickle
Error downloading file: https://github.com/NiharikaCNR/STAT605-Project/raw/main/data/tracks/baking/2245x0g1ft0HC7sf79zbYN.pickle
Error downloading file: https://github.com/NiharikaCNR/STAT605-Project/raw/main/data/tracks/baking/5zqJlEJcn0EfnvAScH8swK.pickle
Error downloading file: https://github.com/NiharikaCNR/STAT605-Project/raw/main/data/tracks/baking/05oETzWbd4SI33qK2gbJfR.pickle
Error downloading file: https://github.com/NiharikaCNR/STAT605-Project/raw/main/data/tracks/baking/0bfvHnWWOeU1U5XeKyVLbW.pickle
Error downloading file: https://github.com/NiharikaCNR/STAT605-Project/raw/main/data/tracks/baking/3CeCwYWvdfXbZLXFhBrbnf.pickle
Error downloading file: https://github.com/NiharikaCNR/STAT605-Project/raw/main/data/tracks/baking/3CeCwYWvdfXbZLXFhBrbnf.pickle
Error downloading file: https://github.com/NiharikaCNR/STAT605-Project/raw/main/data/tracks/baking/3CeCwYWvdfXbZLXFhBrbnf.pickle
Error downloading file: https://github.com/NiharikaCNR/STAT605-Project/raw/main/data/tracks/baking/3CeCwYWvdfXbZLXFhBrbnf.pickle
Error downloading file: https://github.com/NiharikaCNR/STAT605-Project/raw/main/data/tracks/baking/3CeCwYWvdfXbZLXFhBrbnf.pickle
Error downloading file: https://github.com/NiharikaCNR/STAT605-Project/raw/main/data/tracks/baking/3CeCwYWvdfXbZLXFhBrbnf.pickle
Error downloading file: https://github.com/NiharikaCNR/STAT605-Project/raw/main/data/tracks/baking/3CeCwYWvdfXbZLXFhBrbnf.pickle
Error downloading file: https://github.com/NiharikaCNR/STAT605-Project/raw/main/data/tracks/baking/3CeCwYWvdfXbZLXFhBrbnf.pickle
Error downloading file: https://github.com/NiharikaCNR/STAT605-Project/raw/main/data/tracks/baking/3CeCwYWvdfXbZLXFhBrbnf.pickle
Error downloading file: https://github.com/NiharikaCNR/STAT605-Project/raw/main/data/tracks/baking/5dONhl6aXFuN86UBdayF6W.pickle
Error downloading file: https://github.com/NiharikaCNR/STAT605-Project/raw/main/data/tracks/baking/5bIgzvxvlefRUCQK9JPocF.pickle
Error downloading file: https://github.com/NiharikaCNR/STAT605-Project/raw/main/data/tracks/baking/2QCndYqRherBtKjBpyySC6.pickle
Error downloading file: https://github.com/NiharikaCNR/STAT605-Project/raw/main/data/tracks/baking/2Lhdl74nwwVGOE2Gv35QuK.pickle
Error downloading file: https://github.com/NiharikaCNR/STAT605-Project/raw/main/data/tracks/baking/32Gf5A7Hr8RdgggXG0Fdks.pickle
Error downloading file: https://github.com/NiharikaCNR/STAT605-Project/raw/main/data/tracks/baking/1f5RkzhoRnzCO6AzMhkhdY.pickle
Error downloading file: https://github.com/NiharikaCNR/STAT605-Project/raw/main/data/tracks/baking/5I9sHwLDX28tLtzVgKLtpr.pickle
Error downloading file: https://github.com/NiharikaCNR/STAT605-Project/raw/main/data/tracks/baking/0zGLlXbHlrAyBN1x6sY0rb.pickle
Error downloading file: https://github.com/NiharikaCNR/STAT605-Project/raw/main/data/tracks/baking/4rfh0qEv1HdKRXWiRXfzWF.pickle
Error downloading file: https://github.com/NiharikaCNR/STAT605-Project/raw/main/data/tracks/baking/0IwP4xY3wS0uiGxgqGXgIN.pickle
Error downloading file: https://github.com/NiharikaCNR/STAT605-Project/raw/main/data/tracks/baking/4BdGO1CaObRD4La9l5Zanz.pickle
Error downloading file: https://github.com/NiharikaCNR/STAT605-Project/raw/main/data/tracks/baking/6AJlcxjEO2baFC24GPsJjg.pickle
Error downloading file: https://github.com/NiharikaCNR/STAT605-Project/raw/main/data/tracks/baking/3cU2wBxuV6nFiuf6PJZNlC.pickle
Error downloading file: https://github.com/NiharikaCNR/STAT605-Project/raw/main/data/tracks/baking/0HMjXBAZmSYOTTi33WpMso.pickle
Error downloading file: https://github.com/NiharikaCNR/STAT605-Project/raw/main/data/tracks/baking/7oOOI85fVQvVnK5ynNMdW7.pickle
Error downloading file: https://github.com/NiharikaCNR/STAT605-Project/raw/main/data/tracks/baking/6yjKlmm7vOszkXEUku1EM1.pickle
Error downloading file: https://github.com/NiharikaCNR/STAT605-Project/raw/main/data/tracks/baking/7vGuf3Y35N4wmASOKLUVVU.pickle
Error downloading file: https://github.com/NiharikaCNR/STAT605-Project/raw/main/data/tracks/baking/1MSM3Fo2fvnwVqMcz8Jhjq.pickle
Error downloading file: https://github.com/NiharikaCNR/STAT605-Project/raw/main/data/tracks/baking/68BTFws92cRztMS1oQ7Ewj.pickle
Error downloading file: https://github.com/NiharikaCNR/STAT605-Project/raw/main/data/tracks/baking/4vsoWZcvtvSsE0OiVvDDvX.pickle
Error downloading file: https://github.com/NiharikaCNR/STAT605-Project/raw/main/data/tracks/baking/4tG0cdbL7v4pQ8RWOqLDHx.pickle
Error downloading file: https://github.com/NiharikaCNR/STAT605-Project/raw/main/data/tracks/baking/4nueWRW1yDz6P30pHUg9GC.pickle
Error downloading file: https://github.com/NiharikaCNR/STAT605-Project/raw/main/data/tracks/baking/2Iq6HhIquO7JKr0KfTNLzU.pickle
Error downloading file: https://github.com/NiharikaCNR/STAT605-Project/raw/main/data/tracks/baking/4pbG9SUmWIvsROVLF0zF9s.pickle
Error downloading file: https://github.com/NiharikaCNR/STAT605-Project/raw/main/data/tracks/baking/2TxCwUlqaOH3TIyJqGgR91.pickle
Error downloading file: https://github.com/NiharikaCNR/STAT605-Project/raw/main/data/tracks/baking/2w6JXokk0F8i241Y8C0Mn6.pickle
Error downloading file: https://github.com/NiharikaCNR/STAT605-Project/raw/main/data/tracks/baking/5pDmunv6G71w7NSjOPXbYw.pickle
Error downloading file: https://github.com/NiharikaCNR/STAT605-Project/raw/main/data/tracks/baking/4HbWgdhQcrV1PbCkzspTSF.pickle
Error downloading file: https://github.com/NiharikaCNR/STAT605-Project/raw/main/data/tracks/baking/37Veo3TsREFZKvfZ0CaI4S.pickle
Error downloading file: https://github.com/NiharikaCNR/STAT605-Project/raw/main/data/tracks/baking/74IgSPXYXx7v95NpCzGgsW.pickle
Error downloading file: https://github.com/NiharikaCNR/STAT605-Project/raw/main/data/tracks/baking/4N60XfcTE1ysLZGbYgnYXq.pickle
Error downloading file: https://github.com/NiharikaCNR/STAT605-Project/raw/main/data/tracks/baking/7jQBORjiir0pNSKGaHevq9.pickle
Error downloading file: https://github.com/NiharikaCNR/STAT605-Project/raw/main/data/tracks/baking/6aBh6vT0UV14DneyyNorR2.pickle
Error downloading file: https://github.com/NiharikaCNR/STAT605-Project/raw/main/data/tracks/baking/31VOknKjFrEX47bZXzqcoF.pickle
Error downloading file: https://github.com/NiharikaCNR/STAT605-Project/raw/main/data/tracks/baking/7DD7eSuYSC5xk2ArU62esN.pickle
Error downloading file: https://github.com/NiharikaCNR/STAT605-Project/raw/main/data/tracks/baking/1z6WtY7X4HQJvzxC4UgkSf.pickle
Error downloading file: https://github.com/NiharikaCNR/STAT605-Project/raw/main/data/tracks/baking/7F8JbSCPBXm3IxMx2UMMhH.pickle
Error downloading file: https://github.com/NiharikaCNR/STAT605-Project/raw/main/data/tracks/baking/7iBSkXB0pTvZasOLf0Qxk9.pickle
Error downloading file: https://github.com/NiharikaCNR/STAT605-Project/raw/main/data/tracks/baking/4PMdq7Q7xOFrY424ZelZEb.pickle
Error downloading file: https://github.com/NiharikaCNR/STAT605-Project/raw/main/data/tracks/baking/1WThEmIxSyaqG6fVsyCmcL.pickle
Error downloading file: https://github.com/NiharikaCNR/STAT605-Project/raw/main/data/tracks/baking/5EoYc5wvRYOtkudLfrjsL1.pickle
Error downloading file: https://github.com/NiharikaCNR/STAT605-Project/raw/main/data/tracks/baking/4wPKUEm0EOoyUiFtI6mz1a.pickle
Error downloading file: https://github.com/NiharikaCNR/STAT605-Project/raw/main/data/tracks/baking/0RUGuh2uSNFJpGMSsD1F5C.pickle
Error downloading file: https://github.com/NiharikaCNR/STAT605-Project/raw/main/data/tracks/baking/6MN6yRVriszuyAVlyF8ndB.pickle
Error downloading file: https://github.com/NiharikaCNR/STAT605-Project/raw/main/data/tracks/baking/2bOUrmH6OljKtXOLjvVEU8.pickle
Error downloading file: https://github.com/NiharikaCNR/STAT605-Project/raw/main/data/tracks/baking/373yGkNo74RZgmQgTiR8xK.pickle
Error downloading file: https://github.com/NiharikaCNR/STAT605-Project/raw/main/data/tracks/baking/0wz1LjDb9ZNEYwOmDJ3Q4b.pickle
Error downloading file: https://github.com/NiharikaCNR/STAT605-Project/raw/main/data/tracks/baking/28jCwARf1gYfHtTHmJJNHQ.pickle
Error downloading file: https://github.com/NiharikaCNR/STAT605-Project/raw/main/data/tracks/baking/75Nlnd9AJ4CYrLXgWGsuTF.pickle
Error downloading file: https://github.com/NiharikaCNR/STAT605-Project/raw/main/data/tracks/baking/36AlMHDBFwSsD3FQOy1R81.pickle
Error downloading file: https://github.com/NiharikaCNR/STAT605-Project/raw/main/data/tracks/baking/0BAbtnMn0zW7ODOxq25VAm.pickle
Error downloading file: https://github.com/NiharikaCNR/STAT605-Project/raw/main/data/tracks/baking/7uEcCGtM1FBBGIhPozhJjv.pickle
Error downloading file: https://github.com/NiharikaCNR/STAT605-Project/raw/main/data/tracks/baking/5zCunX8URvLoBHlg1Fnjv6.pickle
Error downloading file: https://github.com/NiharikaCNR/STAT605-Project/raw/main/data/tracks/baking/1ip2IGDWMrUmlaepEbWlL8.pickle
Error downloading file: https://github.com/NiharikaCNR/STAT605-Project/raw/main/data/tracks/baking/5OfgGVovaV6pd9kQZUSRP7.pickle
Error downloading file: https://github.com/NiharikaCNR/STAT605-Project/raw/main/data/tracks/baking/0mBL2JwjNYKtdFacHxvtJt.pickle
Error downloading file: https://github.com/NiharikaCNR/STAT605-Project/raw/main/data/tracks/baking/3Dy4REq8O09IlgiwuHQ3sk.pickle
Error downloading file: https://github.com/NiharikaCNR/STAT605-Project/raw/main/data/tracks/baking/7yR5ZDif2glYMnFP73uRMm.pickle
Error downloading file: https://github.com/NiharikaCNR/STAT605-Project/raw/main/data/tracks/baking/1nd9moIZkGvWoHtReFqkRY.pickle
Error downloading file: https://github.com/NiharikaCNR/STAT605-Project/raw/main/data/tracks/baking/3pdZuM41fZDTmIRBWc1mPK.pickle
Error downloading file: https://github.com/NiharikaCNR/STAT605-Project/raw/main/data/tracks/baking/4w3tQBXhn5345eUXDGBWZG.pickle
Error downloading file: https://github.com/NiharikaCNR/STAT605-Project/raw/main/data/tracks/baking/4RNFD7JO1AttiI4D2Bp4JJ.pickle
Error downloading file: https://github.com/NiharikaCNR/STAT605-Project/raw/main/data/tracks/baking/5y8zb3grlQonjdqd27K39T.pickle
Error downloading file: https://github.com/NiharikaCNR/STAT605-Project/raw/main/data/tracks/baking/3jJ9djWzDlQnqDd7vTZs9K.pickle
Error downloading file: https://github.com/NiharikaCNR/STAT605-Project/raw/main/data/tracks/baking/45yEy5WJywhJ3sDI28ajTm.pickle
Error downloading file: https://github.com/NiharikaCNR/STAT605-Project/raw/main/data/tracks/baking/7xcFTtcCiyRvqLLq8s61WF.pickle
Error downloading file: https://github.com/NiharikaCNR/STAT605-Project/raw/main/data/tracks/baking/1w2b6f5Cgwy8ZmKdHUBSiW.pickle
Error downloading file: https://github.com/NiharikaCNR/STAT605-Project/raw/main/data/tracks/baking/4TOYmUloyDslQIj0k3pXn3.pickle
Error downloading file: https://github.com/NiharikaCNR/STAT605-Project/raw/main/data/tracks/baking/2gesnmmQtTco0LR2WgGzUR.pickle
Error downloading file: https://github.com/NiharikaCNR/STAT605-Project/raw/main/data/tracks/baking/6pnPvQkxi4QcYTKTsdaLma.pickle
Error downloading file: https://github.com/NiharikaCNR/STAT605-Project/raw/main/data/tracks/baking/3XY0oIVf2roUFIwkzjBgwt.pickle
Error downloading file: https://github.com/NiharikaCNR/STAT605-Project/raw/main/data/tracks/baking/2DX0WG5OGLQLaXb41Cq1IA.pickle
Error downloading file: https://github.com/NiharikaCNR/STAT605-Project/raw/main/data/tracks/baking/1CSLeVCXmetBh8IkTPMFdL.pickle
Error downloading file: https://github.com/NiharikaCNR/STAT605-Project/raw/main/data/tracks/baking/6Wiamk8BAAP50gAAJopsy2.pickle
Error downloading file: https://github.com/NiharikaCNR/STAT605-Project/raw/main/data/tracks/baking/1pj3RzpA5AoXkZln0NockI.pickle
Error downloading file: https://github.com/NiharikaCNR/STAT605-Project/raw/main/data/tracks/baking/0t7WhYsl5seMz896jS113q.pickle
Error downloading file: https://github.com/NiharikaCNR/STAT605-Project/raw/main/data/tracks/baking/5k3U0OGYBccHdKJJu3HrUN.pickle
Error downloading file: https://github.com/NiharikaCNR/STAT605-Project/raw/main/data/tracks/baking/0gUzbeEtJLUzmNwHwREjrF.pickle
Error downloading file: https://github.com/NiharikaCNR/STAT605-Project/raw/main/data/tracks/baking/1libiVD1wqJguPltqBls8n.pickle
Error downloading file: https://github.com/NiharikaCNR/STAT605-Project/raw/main/data/tracks/baking/6KJqZcs9XDgVck7Lg9QOTC.pickle
Error downloading file: https://github.com/NiharikaCNR/STAT605-Project/raw/main/data/tracks/baking/7vRfxLcDDwgYW2WTrtEgUV.pickle
Error downloading file: https://github.com/NiharikaCNR/STAT605-Project/raw/main/data/tracks/baking/5yrAkKml7mtzmPPbjB2qTC.pickle
Error downloading file: https://github.com/NiharikaCNR/STAT605-Project/raw/main/data/tracks/baking/5JVlz4JCy3cv8pZB12sKJL.pickle
Error downloading file: https://github.com/NiharikaCNR/STAT605-Project/raw/main/data/tracks/baking/1BvJmtaXsqtH438BcDPeBb.pickle
Error downloading file: https://github.com/NiharikaCNR/STAT605-Project/raw/main/data/tracks/baking/2PMo0BYsGBY2TgHJ5Gm4oT.pickle
Error downloading file: https://github.com/NiharikaCNR/STAT605-Project/raw/main/data/tracks/baking/3GVyT9fBXuEkGs1STo2WHZ.pickle
Error downloading file: https://github.com/NiharikaCNR/STAT605-Project/raw/main/data/tracks/baking/3iSws76HjaU7k49EqJVTfF.pickle
Error downloading file: https://github.com/NiharikaCNR/STAT605-Project/raw/main/data/tracks/baking/5xqdfnqW6GijQLopbufMb5.pickle
Error downloading file: https://github.com/NiharikaCNR/STAT605-Project/raw/main/data/tracks/baking/1zW2csx1vVJrKfvDrFQNVt.pickle
Error downloading file: https://github.com/NiharikaCNR/STAT605-Project/raw/main/data/tracks/baking/6cvIJ1zOcshUv0yCtcphaG.pickle
Error downloading file: https://github.com/NiharikaCNR/STAT605-Project/raw/main/data/tracks/baking/2Zw8XSF8vSPeDHUNCmjLgi.pickle
Error downloading file: https://github.com/NiharikaCNR/STAT605-Project/raw/main/data/tracks/baking/6115ks6fGkf7KYRDAi8lNK.pickle
Error downloading file: https://github.com/NiharikaCNR/STAT605-Project/raw/main/data/tracks/baking/7iocNjLrxPHLl8njgRlv5U.pickle
Error downloading file: https://github.com/NiharikaCNR/STAT605-Project/raw/main/data/tracks/baking/1GERVZcph8qx09OR7Wo1UV.pickle
Error downloading file: https://github.com/NiharikaCNR/STAT605-Project/raw/main/data/tracks/baking/3MC79TErHHp9FODo2ErBQ1.pickle
Error downloading file: https://github.com/NiharikaCNR/STAT605-Project/raw/main/data/tracks/baking/5r5uT8pHYF3SpymLNAotON.pickle
Error downloading file: https://github.com/NiharikaCNR/STAT605-Project/raw/main/data/tracks/baking/6vcG9EgeqJUSmmF65lxUm6.pickle
Error downloading file: https://github.com/NiharikaCNR/STAT605-Project/raw/main/data/tracks/baking/4JBtcz5a0WHBTfKXpg7P0e.pickle
Error downloading file: https://github.com/NiharikaCNR/STAT605-Project/raw/main/data/tracks/baking/7G2jAmiYUDZKyk7npVrgX8.pickle
Error downloading file: https://github.com/NiharikaCNR/STAT605-Project/raw/main/data/tracks/baking/29smitXJBJ4tXKxdHCn0HF.pickle
Error downloading file: https://github.com/NiharikaCNR/STAT605-Project/raw/main/data/tracks/baking/2ZxzsmJ093WPTBbsoCf6CN.pickle
Error downloading file: https://github.com/NiharikaCNR/STAT605-Project/raw/main/data/tracks/baking/4Lbv4hSII91sgTVjwXNXKh.pickle
Error downloading file: https://github.com/NiharikaCNR/STAT605-Project/raw/main/data/tracks/baking/5RsKelNxucrDxgMbZ3vd3W.pickle
Error downloading file: https://github.com/NiharikaCNR/STAT605-Project/raw/main/data/tracks/baking/7tf64lNC31lWlTsih0nfZf.pickle
Error downloading file: https://github.com/NiharikaCNR/STAT605-Project/raw/main/data/tracks/baking/3lB0GMiI5KxDbTOG8V3bOx.pickle
Error downloading file: https://github.com/NiharikaCNR/STAT605-Project/raw/main/data/tracks/baking/3NbTQ8ZbHU6MSEVUFAVCJ9.pickle
Error downloading file: https://github.com/NiharikaCNR/STAT605-Project/raw/main/data/tracks/baking/2wFw6mZzzABL9gktquq7I5.pickle
Error downloading file: https://github.com/NiharikaCNR/STAT605-Project/raw/main/data/tracks/baking/6iOhd5wNnvvwGDEuNILvM5.pickle
Error downloading file: https://github.com/NiharikaCNR/STAT605-Project/raw/main/data/tracks/baking/58nciIyr5vKpUJkUXXkxCq.pickle
Error downloading file: https://github.com/NiharikaCNR/STAT605-Project/raw/main/data/tracks/baking/5wldXGLEOoRXxMWJ8rIUWE.pickle
Error downloading file: https://github.com/NiharikaCNR/STAT605-Project/raw/main/data/tracks/baking/0kdiUZDcLIFw0Buo9r0Q4z.pickle
Error downloading file: https://github.com/NiharikaCNR/STAT605-Project/raw/main/data/tracks/baking/6MfsJgg1gTRxLbmh0ZZYi4.pickle
Error downloading file: https://github.com/NiharikaCNR/STAT605-Project/raw/main/data/tracks/baking/6wkVmLTBedKaAoeSj4xP6J.pickle
Error downloading file: https://github.com/NiharikaCNR/STAT605-Project/raw/main/data/tracks/baking/66bVLKIOwOHbHcnO7nLKpL.pickle
Error downloading file: https://github.com/NiharikaCNR/STAT605-Project/raw/main/data/tracks/baking/5KrEN8aGZnvS2UU6molPFs.pickle
Error downloading file: https://github.com/NiharikaCNR/STAT605-Project/raw/main/data/tracks/baking/4XLm8FNvaTlmTAZmSrrV82.pickle
Error downloading file: https://github.com/NiharikaCNR/STAT605-Project/raw/main/data/tracks/baking/5LABCxgmP7DATATIJXOh6n.pickle
Error downloading file: https://github.com/NiharikaCNR/STAT605-Project/raw/main/data/tracks/baking/0AmA8MQue1LBuYZSAdBMsj.pickle
Error downloading file: https://github.com/NiharikaCNR/STAT605-Project/raw/main/data/tracks/baking/0pegFWSUOTiG0sLVEfxtvA.pickle
Error downloading file: https://github.com/NiharikaCNR/STAT605-Project/raw/main/data/tracks/baking/43z6scIZU2QcEieMQFAJRG.pickle
Error downloading file: https://github.com/NiharikaCNR/STAT605-Project/raw/main/data/tracks/baking/5ueyLj6e6oVaTY0KQ6yLaA.pickle
Error downloading file: https://github.com/NiharikaCNR/STAT605-Project/raw/main/data/tracks/baking/47gmoUrZV3w20JAnQOZMcO.pickle
Error downloading file: https://github.com/NiharikaCNR/STAT605-Project/raw/main/data/tracks/baking/7c76SiAfT7JkMiCm8BBCcP.pickle
Error downloading file: https://github.com/NiharikaCNR/STAT605-Project/raw/main/data/tracks/baking/3VbGCXWRiouAq8VyMYN2MI.pickle
Error downloading file: https://github.com/NiharikaCNR/STAT605-Project/raw/main/data/tracks/baking/7KmRz1oKEwgj9qpfn72OfO.pickle
Error downloading file: https://github.com/NiharikaCNR/STAT605-Project/raw/main/data/tracks/baking/3IDsegNBHC4pjGCOMTQYlU.pickle
Error downloading file: https://github.com/NiharikaCNR/STAT605-Project/raw/main/data/tracks/baking/5kaF88lat4fWUiDXP6G48M.pickle
Error downloading file: https://github.com/NiharikaCNR/STAT605-Project/raw/main/data/tracks/baking/0bqKbPW5sbjsLvQRYsoraB.pickle
Error downloading file: https://github.com/NiharikaCNR/STAT605-Project/raw/main/data/tracks/baking/5DH7nDryMhpixm4G4B7RP9.pickle
Error downloading file: https://github.com/NiharikaCNR/STAT605-Project/raw/main/data/tracks/baking/0K2WjMLZYr09LKwurGRYRE.pickle
Error downloading file: https://github.com/NiharikaCNR/STAT605-Project/raw/main/data/tracks/baking/7DD1ojeTUwnW65g5QuZw7X.pickle
Error downloading file: https://github.com/NiharikaCNR/STAT605-Project/raw/main/data/tracks/baking/3WKg25vrbjJlkhsgl2W4p3.pickle
Error downloading file: https://github.com/NiharikaCNR/STAT605-Project/raw/main/data/tracks/baking/0BgbobvykXxEvxo2HhCuvM.pickle
Error downloading file: https://github.com/NiharikaCNR/STAT605-Project/raw/main/data/tracks/baking/0CokSRCu5hZgPxcZBaEzVE.pickle
Error downloading file: https://github.com/NiharikaCNR/STAT605-Project/raw/main/data/tracks/baking/0FeCO85RKW8fDRytwXof2x.pickle
Error downloading file: https://github.com/NiharikaCNR/STAT605-Project/raw/main/data/tracks/baking/0KMGxYKeUzK9wc5DZCt3HT.pickle
Error downloading file: https://github.com/NiharikaCNR/STAT605-Project/raw/main/data/tracks/baking/0QpOqKz66ZxHNqj2PPHiFF.pickle
Error downloading file: https://github.com/NiharikaCNR/STAT605-Project/raw/main/data/tracks/baking/0Z57YWES04xGh3AImDz6Qr.pickle
Error downloading file: https://github.com/NiharikaCNR/STAT605-Project/raw/main/data/tracks/baking/0dXNQ8dckG4eYfEtq9zcva.pickle
Error downloading file: https://github.com/NiharikaCNR/STAT605-Project/raw/main/data/tracks/baking/0fB77VOZ2FkQeKLv1DuEwp.pickle
Error downloading file: https://github.com/NiharikaCNR/STAT605-Project/raw/main/data/tracks/baking/0lx2cLdOt3piJbcaXIV74f.pickle
Error downloading file: https://github.com/NiharikaCNR/STAT605-Project/raw/main/data/tracks/baking/0onslUNmSLDkuYaideYWir.pickle
Error downloading file: https://github.com/NiharikaCNR/STAT605-Project/raw/main/data/tracks/baking/0otRX6Z89qKkHkQ9OqJpKt.pickle
Error downloading file: https://github.com/NiharikaCNR/STAT605-Project/raw/main/data/tracks/baking/0pJW1Xw3aY4Eh6k5iuBkfI.pickle
Error downloading file: https://github.com/NiharikaCNR/STAT605-Project/raw/main/data/tracks/baking/0sTlGEld0h8kIPZaKDYUf4.pickle
Error downloading file: https://github.com/NiharikaCNR/STAT605-Project/raw/main/data/tracks/baking/0u2P5u6lvoDfwTYjAADbn4.pickle
Error downloading file: https://github.com/NiharikaCNR/STAT605-Project/raw/main/data/tracks/baking/0w07a1vsKahQMM0RnPXHVT.pickle
Error downloading file: https://github.com/NiharikaCNR/STAT605-Project/raw/main/data/tracks/baking/0y60itmpH0aPKsFiGxmtnh.pickle
Error downloading file: https://github.com/NiharikaCNR/STAT605-Project/raw/main/data/tracks/baking/12KUFSHFgT0XCoiSlvdQi4.pickle
Error downloading file: https://github.com/NiharikaCNR/STAT605-Project/raw/main/data/tracks/baking/14uKsvPJ0quzQvdB6f7Dur.pickle
Error downloading file: https://github.com/NiharikaCNR/STAT605-Project/raw/main/data/tracks/baking/1BxfuPKGuaTgP7aM0Bbdwr.pickle
Error downloading file: https://github.com/NiharikaCNR/STAT605-Project/raw/main/data/tracks/baking/1C042FLYy7rP3MfnkOcnha.pickle
Error downloading file: https://github.com/NiharikaCNR/STAT605-Project/raw/main/data/tracks/baking/1IF5UcqRO42D12vYwceOY6.pickle
Error downloading file: https://github.com/NiharikaCNR/STAT605-Project/raw/main/data/tracks/baking/1L5tZi0izXsi5Kk5OJf4W0.pickle
Error downloading file: https://github.com/NiharikaCNR/STAT605-Project/raw/main/data/tracks/baking/1MgV7FIyNxIG7WzMRJV5HC.pickle
Error downloading file: https://github.com/NiharikaCNR/STAT605-Project/raw/main/data/tracks/baking/1UH4viviUjZnS9aWgPGrk0.pickle
Error downloading file: https://github.com/NiharikaCNR/STAT605-Project/raw/main/data/tracks/baking/1WCjhRs2WBgyeGaybCX2Po.pickle
Error downloading file: https://github.com/NiharikaCNR/STAT605-Project/raw/main/data/tracks/baking/1XwAKjAZ1xDZOcuyZoqce4.pickle
Error downloading file: https://github.com/NiharikaCNR/STAT605-Project/raw/main/data/tracks/baking/1bA2ZK7CFxEMnyn1dWP2jp.pickle
Error downloading file: https://github.com/NiharikaCNR/STAT605-Project/raw/main/data/tracks/baking/1dGr1c8CrMLDpV6mPbImSI.pickle
Error downloading file: https://github.com/NiharikaCNR/STAT605-Project/raw/main/data/tracks/baking/1fDsrQ23eTAVFElUMaf38X.pickle
Error downloading file: https://github.com/NiharikaCNR/STAT605-Project/raw/main/data/tracks/baking/1tD8J13a74q8fBqXwAP50j.pickle
Error downloading file: https://github.com/NiharikaCNR/STAT605-Project/raw/main/data/tracks/baking/1vbCVlkzHj69YJeveqaaly.pickle
Error downloading file: https://github.com/NiharikaCNR/STAT605-Project/raw/main/data/tracks/baking/23l1kVpqMVREiwU1YAlcr4.pickle
Error downloading file: https://github.com/NiharikaCNR/STAT605-Project/raw/main/data/tracks/baking/24SGws6o7m3TzROMO5Qc0g.pickle
Error downloading file: https://github.com/NiharikaCNR/STAT605-Project/raw/main/data/tracks/baking/254bXAqt3zP6P50BdQvEsq.pickle
Error downloading file: https://github.com/NiharikaCNR/STAT605-Project/raw/main/data/tracks/baking/25Syi9wnfn6ZGAmiOBypPq.pickle
Error downloading file: https://github.com/NiharikaCNR/STAT605-Project/raw/main/data/tracks/baking/2IOFZdYYkFxEHVz1w34PoL.pickle
Error downloading file: https://github.com/NiharikaCNR/STAT605-Project/raw/main/data/tracks/baking/2KCvGoSEjZV9KOKyExD7o3.pickle
Error downloading file: https://github.com/NiharikaCNR/STAT605-Project/raw/main/data/tracks/baking/2RSHsoi04658QL5xgQVov3.pickle
Error downloading file: https://github.com/NiharikaCNR/STAT605-Project/raw/main/data/tracks/baking/2ToW7zhGCrVrLU4fiKj9U1.pickle
Error downloading file: https://github.com/NiharikaCNR/STAT605-Project/raw/main/data/tracks/baking/2Za1AlJNvksouPPWbXpR2X.pickle
Error downloading file: https://github.com/NiharikaCNR/STAT605-Project/raw/main/data/tracks/baking/2Za1AlJNvksouPPWbXpR2X.pickle
Error downloading file: https://github.com/NiharikaCNR/STAT605-Project/raw/main/data/tracks/baking/2Za1AlJNvksouPPWbXpR2X.pickle
Error downloading file: https://github.com/NiharikaCNR/STAT605-Project/raw/main/data/tracks/baking/2Za1AlJNvksouPPWbXpR2X.pickle
Error downloading file: https://github.com/NiharikaCNR/STAT605-Project/raw/main/data/tracks/baking/2eHOlLD5glnSYlfWXYGTbd.pickle
Error downloading file: https://github.com/NiharikaCNR/STAT605-Project/raw/main/data/tracks/baking/2mdEsXPu8ZmkHRRtAdC09e.pickle
Error downloading file: https://github.com/NiharikaCNR/STAT605-Project/raw/main/data/tracks/baking/2plLJpUcYPFrl1sW2pMG63.pickle
Error downloading file: https://github.com/NiharikaCNR/STAT605-Project/raw/main/data/tracks/baking/2vpVR1L7Qfkd7D6qFNuorq.pickle
Error downloading file: https://github.com/NiharikaCNR/STAT605-Project/raw/main/data/tracks/baking/2vsuel3g4zaLYSOY0mOMbi.pickle
Error downloading file: https://github.com/NiharikaCNR/STAT605-Project/raw/main/data/tracks/baking/2vz1CsL5WBsbpBcwgboTAw.pickle
Error downloading file: https://github.com/NiharikaCNR/STAT605-Project/raw/main/data/tracks/baking/3I09LQbHS3NSU46Ly3tPpR.pickle
Error downloading file: https://github.com/NiharikaCNR/STAT605-Project/raw/main/data/tracks/baking/3KfTWH9HcFZtOnZXaMT0Rt.pickle
Error downloading file: https://github.com/NiharikaCNR/STAT605-Project/raw/main/data/tracks/baking/3KfTWH9HcFZtOnZXaMT0Rt.pickle
Error downloading file: https://github.com/NiharikaCNR/STAT605-Project/raw/main/data/tracks/baking/3KfTWH9HcFZtOnZXaMT0Rt.pickle
Error downloading file: https://github.com/NiharikaCNR/STAT605-Project/raw/main/data/tracks/baking/3KfTWH9HcFZtOnZXaMT0Rt.pickle
Error downloading file: https://github.com/NiharikaCNR/STAT605-Project/raw/main/data/tracks/baking/3V5vrRmjNj4MssxW8cEJov.pickle
Error downloading file: https://github.com/NiharikaCNR/STAT605-Project/raw/main/data/tracks/baking/3aqTTareFsrd7gMeV7Qvif.pickle
Error downloading file: https://github.com/NiharikaCNR/STAT605-Project/raw/main/data/tracks/baking/3gdewACMIVMEWVbyb8O9sY.pickle
Error downloading file: https://github.com/NiharikaCNR/STAT605-Project/raw/main/data/tracks/baking/3hUxzQpSfdDqwM3ZTFQY0K.pickle
Error downloading file: https://github.com/NiharikaCNR/STAT605-Project/raw/main/data/tracks/baking/3hUxzQpSfdDqwM3ZTFQY0K.pickle
Error downloading file: https://github.com/NiharikaCNR/STAT605-Project/raw/main/data/tracks/baking/3hUxzQpSfdDqwM3ZTFQY0K.pickle
Error downloading file: https://github.com/NiharikaCNR/STAT605-Project/raw/main/data/tracks/baking/3hUxzQpSfdDqwM3ZTFQY0K.pickle
Error downloading file: https://github.com/NiharikaCNR/STAT605-Project/raw/main/data/tracks/baking/3hUxzQpSfdDqwM3ZTFQY0K.pickle
Error downloading file: https://github.com/NiharikaCNR/STAT605-Project/raw/main/data/tracks/baking/3hUxzQpSfdDqwM3ZTFQY0K.pickle
Error downloading file: https://github.com/NiharikaCNR/STAT605-Project/raw/main/data/tracks/baking/3hUxzQpSfdDqwM3ZTFQY0K.pickle
Error downloading file: https://github.com/NiharikaCNR/STAT605-Project/raw/main/data/tracks/baking/3hUxzQpSfdDqwM3ZTFQY0K.pickle
Error downloading file: https://github.com/NiharikaCNR/STAT605-Project/raw/main/data/tracks/baking/3hUxzQpSfdDqwM3ZTFQY0K.pickle
Error downloading file: https://github.com/NiharikaCNR/STAT605-Project/raw/main/data/tracks/baking/3iJxloILmOu2NIRZ0OGyui.pickle
Error downloading file: https://github.com/NiharikaCNR/STAT605-Project/raw/main/data/tracks/baking/3jjsRKEsF42ccXf8kWR3nu.pickle
Error downloading file: https://github.com/NiharikaCNR/STAT605-Project/raw/main/data/tracks/baking/3kMrazSvILsgcwtidZd1Qd.pickle
Error downloading file: https://github.com/NiharikaCNR/STAT605-Project/raw/main/data/tracks/baking/45S5WTQEGOB1VHr1Q4FuPl.pickle
Error downloading file: https://github.com/NiharikaCNR/STAT605-Project/raw/main/data/tracks/baking/45ePJPLDtvE3QfFHNdrNuO.pickle
Error downloading file: https://github.com/NiharikaCNR/STAT605-Project/raw/main/data/tracks/baking/45ePJPLDtvE3QfFHNdrNuO.pickle
Error downloading file: https://github.com/NiharikaCNR/STAT605-Project/raw/main/data/tracks/baking/45ePJPLDtvE3QfFHNdrNuO.pickle
Error downloading file: https://github.com/NiharikaCNR/STAT605-Project/raw/main/data/tracks/baking/45ePJPLDtvE3QfFHNdrNuO.pickle
Error downloading file: https://github.com/NiharikaCNR/STAT605-Project/raw/main/data/tracks/baking/46RNrAkGsqWTDrv2ZPOAbx.pickle
Error downloading file: https://github.com/NiharikaCNR/STAT605-Project/raw/main/data/tracks/baking/47Bg6IrMed1GPbxRgwH2aC.pickle
Error downloading file: https://github.com/NiharikaCNR/STAT605-Project/raw/main/data/tracks/baking/4AXS0kSzmuhAAYJtVKbZDq.pickle
Error downloading file: https://github.com/NiharikaCNR/STAT605-Project/raw/main/data/tracks/baking/4BfRDZLIiznSnwU7DdDL9N.pickle
Error downloading file: https://github.com/NiharikaCNR/STAT605-Project/raw/main/data/tracks/baking/4CkgMiMqZ5JzW9iYXSTMTL.pickle
Error downloading file: https://github.com/NiharikaCNR/STAT605-Project/raw/main/data/tracks/baking/4EDijkJdHBZZ0GwJ12iTAj.pickle
Error downloading file: https://github.com/NiharikaCNR/STAT605-Project/raw/main/data/tracks/baking/4EDijkJdHBZZ0GwJ12iTAj.pickle
Error downloading file: https://github.com/NiharikaCNR/STAT605-Project/raw/main/data/tracks/baking/4EDijkJdHBZZ0GwJ12iTAj.pickle
Error downloading file: https://github.com/NiharikaCNR/STAT605-Project/raw/main/data/tracks/baking/4EDijkJdHBZZ0GwJ12iTAj.pickle
Error downloading file: https://github.com/NiharikaCNR/STAT605-Project/raw/main/data/tracks/baking/4L9Ds4mpD3SuYoWwFUlv16.pickle
Error downloading file: https://github.com/NiharikaCNR/STAT605-Project/raw/main/data/tracks/baking/4R2kfaDFhslZEMJqAFNpdd.pickle
Error downloading file: https://github.com/NiharikaCNR/STAT605-Project/raw/main/data/tracks/baking/4R2kfaDFhslZEMJqAFNpdd.pickle
Error downloading file: https://github.com/NiharikaCNR/STAT605-Project/raw/main/data/tracks/baking/4R2kfaDFhslZEMJqAFNpdd.pickle
Error downloading file: https://github.com/NiharikaCNR/STAT605-Project/raw/main/data/tracks/baking/4R2kfaDFhslZEMJqAFNpdd.pickle
Error downloading file: https://github.com/NiharikaCNR/STAT605-Project/raw/main/data/tracks/baking/4RVwu0g32PAqgUiJoXsdF8.pickle
Error downloading file: https://github.com/NiharikaCNR/STAT605-Project/raw/main/data/tracks/baking/4U45aEWtQhrm8A5mxPaFZ7.pickle
Error downloading file: https://github.com/NiharikaCNR/STAT605-Project/raw/main/data/tracks/baking/4bykJp7dORR4GoLCZiQbU0.pickle
Error downloading file: https://github.com/NiharikaCNR/STAT605-Project/raw/main/data/tracks/baking/4gZDCOFuLCxCRWNhSEcOtJ.pickle
Error downloading file: https://github.com/NiharikaCNR/STAT605-Project/raw/main/data/tracks/baking/4qUtC2BwFC154Ha8YQRrkk.pickle
Error downloading file: https://github.com/NiharikaCNR/STAT605-Project/raw/main/data/tracks/baking/4u9Y4Z9i9VaAbBK7rW1Rha.pickle
Error downloading file: https://github.com/NiharikaCNR/STAT605-Project/raw/main/data/tracks/baking/5EYi2rH4LYs6M21ZLOyQTx.pickle
Error downloading file: https://github.com/NiharikaCNR/STAT605-Project/raw/main/data/tracks/baking/5GYcaVfaFBHe2gzA6Oybgj.pickle
Error downloading file: https://github.com/NiharikaCNR/STAT605-Project/raw/main/data/tracks/baking/5GbVzc6Ex5LYlLJqzRQhuy.pickle
Error downloading file: https://github.com/NiharikaCNR/STAT605-Project/raw/main/data/tracks/baking/5Gu0PDLN4YJeW75PpBSg9p.pickle
Error downloading file: https://github.com/NiharikaCNR/STAT605-Project/raw/main/data/tracks/baking/5IhzJOXNE7ki0IIJbZbnGq.pickle
Error downloading file: https://github.com/NiharikaCNR/STAT605-Project/raw/main/data/tracks/baking/5NvOZCjZaGGGL597exlQWv.pickle
Error downloading file: https://github.com/NiharikaCNR/STAT605-Project/raw/main/data/tracks/baking/5NvOZCjZaGGGL597exlQWv.pickle
Error downloading file: https://github.com/NiharikaCNR/STAT605-Project/raw/main/data/tracks/baking/5NvOZCjZaGGGL597exlQWv.pickle
Error downloading file: https://github.com/NiharikaCNR/STAT605-Project/raw/main/data/tracks/baking/5NvOZCjZaGGGL597exlQWv.pickle
Error downloading file: https://github.com/NiharikaCNR/STAT605-Project/raw/main/data/tracks/baking/5S5u0EWtlblH00iTNExZ6X.pickle
Error downloading file: https://github.com/NiharikaCNR/STAT605-Project/raw/main/data/tracks/baking/5Ts1DYOuouQLgzTaisxWYh.pickle
Error downloading file: https://github.com/NiharikaCNR/STAT605-Project/raw/main/data/tracks/baking/5Ts1DYOuouQLgzTaisxWYh.pickle
Error downloading file: https://github.com/NiharikaCNR/STAT605-Project/raw/main/data/tracks/baking/5Ts1DYOuouQLgzTaisxWYh.pickle
Error downloading file: https://github.com/NiharikaCNR/STAT605-Project/raw/main/data/tracks/baking/5Ts1DYOuouQLgzTaisxWYh.pickle
Error downloading file: https://github.com/NiharikaCNR/STAT605-Project/raw/main/data/tracks/baking/5Ts1DYOuouQLgzTaisxWYh.pickle
Error downloading file: https://github.com/NiharikaCNR/STAT605-Project/raw/main/data/tracks/baking/5Ts1DYOuouQLgzTaisxWYh.pickle
Error downloading file: https://github.com/NiharikaCNR/STAT605-Project/raw/main/data/tracks/baking/5Ts1DYOuouQLgzTaisxWYh.pickle
Error downloading file: https://github.com/NiharikaCNR/STAT605-Project/raw/main/data/tracks/baking/5Ts1DYOuouQLgzTaisxWYh.pickle
Error downloading file: https://github.com/NiharikaCNR/STAT605-Project/raw/main/data/tracks/baking/5Ts1DYOuouQLgzTaisxWYh.pickle
Error downloading file: https://github.com/NiharikaCNR/STAT605-Project/raw/main/data/tracks/baking/5Y6nVaayzitvsD5F7nr3DV.pickle
Error downloading file: https://github.com/NiharikaCNR/STAT605-Project/raw/main/data/tracks/baking/5b7OgznPJJr1vHNYGyvxau.pickle
Error downloading file: https://github.com/NiharikaCNR/STAT605-Project/raw/main/data/tracks/baking/5enxwA8aAbwZbf5qCHORXi.pickle
Error downloading file: https://github.com/NiharikaCNR/STAT605-Project/raw/main/data/tracks/baking/5kRPPEWFJIMox5qIkQkiz5.pickle
Error downloading file: https://github.com/NiharikaCNR/STAT605-Project/raw/main/data/tracks/baking/5kRPPEWFJIMox5qIkQkiz5.pickle
Error downloading file: https://github.com/NiharikaCNR/STAT605-Project/raw/main/data/tracks/baking/5kRPPEWFJIMox5qIkQkiz5.pickle
Error downloading file: https://github.com/NiharikaCNR/STAT605-Project/raw/main/data/tracks/baking/5kRPPEWFJIMox5qIkQkiz5.pickle
Error downloading file: https://github.com/NiharikaCNR/STAT605-Project/raw/main/data/tracks/baking/5n0CTysih20NYdT2S0Wpe8.pickle
Error downloading file: https://github.com/NiharikaCNR/STAT605-Project/raw/main/data/tracks/baking/5qII2n90lVdPDcgXEEVHNy.pickle
Error downloading file: https://github.com/NiharikaCNR/STAT605-Project/raw/main/data/tracks/baking/5rwq6R0Uq0BngM3rdmCeNg.pickle
Error downloading file: https://github.com/NiharikaCNR/STAT605-Project/raw/main/data/tracks/baking/5y6pj7OeBFF0CVgZKhRbOG.pickle
Error downloading file: https://github.com/NiharikaCNR/STAT605-Project/raw/main/data/tracks/baking/5zA8vzDGqPl2AzZkEYQGKh.pickle
Error downloading file: https://github.com/NiharikaCNR/STAT605-Project/raw/main/data/tracks/baking/625SfHM2FVyyUj3cT8108G.pickle
Error downloading file: https://github.com/NiharikaCNR/STAT605-Project/raw/main/data/tracks/baking/6A8dnC0xkiuWN4BshmTB2I.pickle
Error downloading file: https://github.com/NiharikaCNR/STAT605-Project/raw/main/data/tracks/baking/6BFnRhvKCclDQOajt8dBGi.pickle
Error downloading file: https://github.com/NiharikaCNR/STAT605-Project/raw/main/data/tracks/baking/6BFnRhvKCclDQOajt8dBGi.pickle
Error downloading file: https://github.com/NiharikaCNR/STAT605-Project/raw/main/data/tracks/baking/6BFnRhvKCclDQOajt8dBGi.pickle
Error downloading file: https://github.com/NiharikaCNR/STAT605-Project/raw/main/data/tracks/baking/6BFnRhvKCclDQOajt8dBGi.pickle
Error downloading file: https://github.com/NiharikaCNR/STAT605-Project/raw/main/data/tracks/baking/6EIVLz5xM1xE29r0OmIkWt.pickle
Error downloading file: https://github.com/NiharikaCNR/STAT605-Project/raw/main/data/tracks/baking/6HU7h9RYOaPRFeh0R3UeAr.pickle
Error downloading file: https://github.com/NiharikaCNR/STAT605-Project/raw/main/data/tracks/baking/6Ri02Pw9FkPUvoyRxBUWvX.pickle
Error downloading file: https://github.com/NiharikaCNR/STAT605-Project/raw/main/data/tracks/baking/6TqXcAFInzjp0bODyvrWEq.pickle
Error downloading file: https://github.com/NiharikaCNR/STAT605-Project/raw/main/data/tracks/baking/6VsvKPJ4xjVNKpI8VVZ3SV.pickle
Error downloading file: https://github.com/NiharikaCNR/STAT605-Project/raw/main/data/tracks/baking/6WCeFNVAXUtNczb7lqLiZU.pickle
Error downloading file: https://github.com/NiharikaCNR/STAT605-Project/raw/main/data/tracks/baking/6s3GEN8wK0OMzzzZbXj0fu.pickle
Error downloading file: https://github.com/NiharikaCNR/STAT605-Project/raw/main/data/tracks/baking/7BXW1QCg56yzEBV8pW8pah.pickle
Error downloading file: https://github.com/NiharikaCNR/STAT605-Project/raw/main/data/tracks/baking/7BfW1eoDh27W69nxsmRicb.pickle
Error downloading file: https://github.com/NiharikaCNR/STAT605-Project/raw/main/data/tracks/baking/7vgTNTaEz3CsBZ1N4YQalM.pickle
Error downloading file: https://github.com/NiharikaCNR/STAT605-Project/raw/main/data/tracks/baking/7xoUc6faLbCqZO6fQEYprd.pickle
Error downloading file: https://github.com/NiharikaCNR/STAT605-Project/raw/main/data/tracks/baking/4ut5G4rgB1ClpMTMfjoIuy.pickle
Error downloading file: https://github.com/NiharikaCNR/STAT605-Project/raw/main/data/tracks/baking/0Zbbxnx4SGGHoIow4PpISP.pickle
Error downloading file: https://github.com/NiharikaCNR/STAT605-Project/raw/main/data/tracks/baking/6Qn5zhYkTa37e91HC1D7lb.pickle
Error downloading file: https://github.com/NiharikaCNR/STAT605-Project/raw/main/data/tracks/baking/1j4kHkkpqZRBwE0A4CN4Yv.pickle
Error downloading file: https://github.com/NiharikaCNR/STAT605-Project/raw/main/data/tracks/baking/01TyFEZu6mHbffsVfxgrFn.pickle
Error downloading file: https://github.com/NiharikaCNR/STAT605-Project/raw/main/data/tracks/baking/7H7NyZ3G075GqPx2evsfeb.pickle
Error downloading file: https://github.com/NiharikaCNR/STAT605-Project/raw/main/data/tracks/baking/0TZejo18HlJ86OrWNsXKnw.pickle
Error downloading file: https://github.com/NiharikaCNR/STAT605-Project/raw/main/data/tracks/baking/5hM5arv9KDbCHS0k9uqwjr.pickle
Error downloading file: https://github.com/NiharikaCNR/STAT605-Project/raw/main/data/tracks/baking/4EpZ4eYuZOwPSSwyqpdHnJ.pickle
Error downloading file: https://github.com/NiharikaCNR/STAT605-Project/raw/main/data/tracks/baking/4EpZ4eYuZOwPSSwyqpdHnJ.pickle
Error downloading file: https://github.com/NiharikaCNR/STAT605-Project/raw/main/data/tracks/baking/4EpZ4eYuZOwPSSwyqpdHnJ.pickle
Error downloading file: https://github.com/NiharikaCNR/STAT605-Project/raw/main/data/tracks/baking/4EpZ4eYuZOwPSSwyqpdHnJ.pickle
Error downloading file: https://github.com/NiharikaCNR/STAT605-Project/raw/main/data/tracks/baking/5mIOsPuQdXchVY0jB5NO9Q.pickle
Error downloading file: https://github.com/NiharikaCNR/STAT605-Project/raw/main/data/tracks/baking/2laAFvo3q3GIcXX7Ql8OeD.pickle
Error downloading file: https://github.com/NiharikaCNR/STAT605-Project/raw/main/data/tracks/baking/37y7iDayfwm3WXn5BiAoRk.pickle
Error downloading file: https://github.com/NiharikaCNR/STAT605-Project/raw/main/data/tracks/baking/5ruzrDWcT0vuJIOMW7gMnW.pickle
Error downloading file: https://github.com/NiharikaCNR/STAT605-Project/raw/main/data/tracks/baking/5ruzrDWcT0vuJIOMW7gMnW.pickle
Error downloading file: https://github.com/NiharikaCNR/STAT605-Project/raw/main/data/tracks/baking/5ruzrDWcT0vuJIOMW7gMnW.pickle
Error downloading file: https://github.com/NiharikaCNR/STAT605-Project/raw/main/data/tracks/baking/5ruzrDWcT0vuJIOMW7gMnW.pickle
Error downloading file: https://github.com/NiharikaCNR/STAT605-Project/raw/main/data/tracks/baking/4T6FWA703h6H7zk1FoSARw.pickle
Error downloading file: https://github.com/NiharikaCNR/STAT605-Project/raw/main/data/tracks/baking/6iYMfxznTBlcVOgRHab2W0.pickle
Error downloading file: https://github.com/NiharikaCNR/STAT605-Project/raw/main/data/tracks/baking/6iYMfxznTBlcVOgRHab2W0.pickle
Error downloading file: https://github.com/NiharikaCNR/STAT605-Project/raw/main/data/tracks/baking/6iYMfxznTBlcVOgRHab2W0.pickle
Error downloading file: https://github.com/NiharikaCNR/STAT605-Project/raw/main/data/tracks/baking/6iYMfxznTBlcVOgRHab2W0.pickle
Error downloading file: https://github.com/NiharikaCNR/STAT605-Project/raw/main/data/tracks/baking/6iYMfxznTBlcVOgRHab2W0.pickle
Error downloading file: https://github.com/NiharikaCNR/STAT605-Project/raw/main/data/tracks/baking/6iYMfxznTBlcVOgRHab2W0.pickle
Error downloading file: https://github.com/NiharikaCNR/STAT605-Project/raw/main/data/tracks/baking/6iYMfxznTBlcVOgRHab2W0.pickle
Error downloading file: https://github.com/NiharikaCNR/STAT605-Project/raw/main/data/tracks/baking/6iYMfxznTBlcVOgRHab2W0.pickle
Error downloading file: https://github.com/NiharikaCNR/STAT605-Project/raw/main/data/tracks/baking/6iYMfxznTBlcVOgRHab2W0.pickle
Error downloading file: https://github.com/NiharikaCNR/STAT605-Project/raw/main/data/tracks/baking/1H7zdcRD0gLGQY0w5ejGgX.pickle
Error downloading file: https://github.com/NiharikaCNR/STAT605-Project/raw/main/data/tracks/baking/2IVsRhKrx8hlQBOWy4qebo.pickle
Error downloading file: https://github.com/NiharikaCNR/STAT605-Project/raw/main/data/tracks/baking/2IVsRhKrx8hlQBOWy4qebo.pickle
Error downloading file: https://github.com/NiharikaCNR/STAT605-Project/raw/main/data/tracks/baking/2IVsRhKrx8hlQBOWy4qebo.pickle
Error downloading file: https://github.com/NiharikaCNR/STAT605-Project/raw/main/data/tracks/baking/2IVsRhKrx8hlQBOWy4qebo.pickle
Error downloading file: https://github.com/NiharikaCNR/STAT605-Project/raw/main/data/tracks/baking/1dNIEtp7AY3oDAKCGg2XkH.pickle
Error downloading file: https://github.com/NiharikaCNR/STAT605-Project/raw/main/data/tracks/baking/1dNIEtp7AY3oDAKCGg2XkH.pickle
Error downloading file: https://github.com/NiharikaCNR/STAT605-Project/raw/main/data/tracks/baking/1dNIEtp7AY3oDAKCGg2XkH.pickle
Error downloading file: https://github.com/NiharikaCNR/STAT605-Project/raw/main/data/tracks/baking/1dNIEtp7AY3oDAKCGg2XkH.pickle
Error downloading file: https://github.com/NiharikaCNR/STAT605-Project/raw/main/data/tracks/baking/24jvD83UgLmrdGjhWTFslY.pickle
Error downloading file: https://github.com/NiharikaCNR/STAT605-Project/raw/main/data/tracks/baking/24jvD83UgLmrdGjhWTFslY.pickle
Error downloading file: https://github.com/NiharikaCNR/STAT605-Project/raw/main/data/tracks/baking/24jvD83UgLmrdGjhWTFslY.pickle
Error downloading file: https://github.com/NiharikaCNR/STAT605-Project/raw/main/data/tracks/baking/24jvD83UgLmrdGjhWTFslY.pickle
Error downloading file: https://github.com/NiharikaCNR/STAT605-Project/raw/main/data/tracks/baking/0wXuerDYiBnERgIpbb3JBR.pickle
Error downloading file: https://github.com/NiharikaCNR/STAT605-Project/raw/main/data/tracks/baking/0wXuerDYiBnERgIpbb3JBR.pickle
Error downloading file: https://github.com/NiharikaCNR/STAT605-Project/raw/main/data/tracks/baking/0wXuerDYiBnERgIpbb3JBR.pickle
Error downloading file: https://github.com/NiharikaCNR/STAT605-Project/raw/main/data/tracks/baking/0wXuerDYiBnERgIpbb3JBR.pickle
Error downloading file: https://github.com/NiharikaCNR/STAT605-Project/raw/main/data/tracks/baking/0vf2eBw2inhl8y61cYQMv2.pickle
Error downloading file: https://github.com/NiharikaCNR/STAT605-Project/raw/main/data/tracks/baking/0zePbRMJ9sd7wsZRlbPQua.pickle
Error downloading file: https://github.com/NiharikaCNR/STAT605-Project/raw/main/data/tracks/baking/3VSYkAf6f46i5ZkXOHORq1.pickle
Error downloading file: https://github.com/NiharikaCNR/STAT605-Project/raw/main/data/tracks/baking/0HAqq2GcQKyi3s87GuN7jU.pickle
Error downloading file: https://github.com/NiharikaCNR/STAT605-Project/raw/main/data/tracks/baking/1jCsCYgzQQHk3bDJDuFbNi.pickle
Error downloading file: https://github.com/NiharikaCNR/STAT605-Project/raw/main/data/tracks/baking/2CK9xYMVdmJMPKZyArVbt4.pickle
Error downloading file: https://github.com/NiharikaCNR/STAT605-Project/raw/main/data/tracks/baking/4k7x3QKrc3h3U0Viqk0uop.pickle
Error downloading file: https://github.com/NiharikaCNR/STAT605-Project/raw/main/data/tracks/baking/04S1pkp1VaIqjg8zZqknR5.pickle
Error downloading file: https://github.com/NiharikaCNR/STAT605-Project/raw/main/data/tracks/baking/04S1pkp1VaIqjg8zZqknR5.pickle
Error downloading file: https://github.com/NiharikaCNR/STAT605-Project/raw/main/data/tracks/baking/04S1pkp1VaIqjg8zZqknR5.pickle
Error downloading file: https://github.com/NiharikaCNR/STAT605-Project/raw/main/data/tracks/baking/04S1pkp1VaIqjg8zZqknR5.pickle
Error downloading file: https://github.com/NiharikaCNR/STAT605-Project/raw/main/data/tracks/baking/2eAvDnpXP5W0cVtiI0PUxV.pickle
Error downloading file: https://github.com/NiharikaCNR/STAT605-Project/raw/main/data/tracks/baking/2eAvDnpXP5W0cVtiI0PUxV.pickle
Error downloading file: https://github.com/NiharikaCNR/STAT605-Project/raw/main/data/tracks/baking/2eAvDnpXP5W0cVtiI0PUxV.pickle
Error downloading file: https://github.com/NiharikaCNR/STAT605-Project/raw/main/data/tracks/baking/2eAvDnpXP5W0cVtiI0PUxV.pickle
Error downloading file: https://github.com/NiharikaCNR/STAT605-Project/raw/main/data/tracks/baking/79EkGysjP2dL5GdpeQjRxT.pickle
Error downloading file: https://github.com/NiharikaCNR/STAT605-Project/raw/main/data/tracks/baking/6J2LdBN97cDWn0MLxYh9HB.pickle
Error downloading file: https://github.com/NiharikaCNR/STAT605-Project/raw/main/data/tracks/baking/3lG6OtGDsYAOALxEmubQQm.pickle
Error downloading file: https://github.com/NiharikaCNR/STAT605-Project/raw/main/data/tracks/baking/3lG6OtGDsYAOALxEmubQQm.pickle
Error downloading file: https://github.com/NiharikaCNR/STAT605-Project/raw/main/data/tracks/baking/3lG6OtGDsYAOALxEmubQQm.pickle
Error downloading file: https://github.com/NiharikaCNR/STAT605-Project/raw/main/data/tracks/baking/3lG6OtGDsYAOALxEmubQQm.pickle
Error downloading file: https://github.com/NiharikaCNR/STAT605-Project/raw/main/data/tracks/baking/5kcvBnt6DPX3AMEsCx1qDh.pickle
Error downloading file: https://github.com/NiharikaCNR/STAT605-Project/raw/main/data/tracks/baking/0j1Ia2lQWrcXrQZI4AdJlk.pickle
Error downloading file: https://github.com/NiharikaCNR/STAT605-Project/raw/main/data/tracks/baking/1wVuPmvt6AWvTL5W2GJnzZ.pickle
Error downloading file: https://github.com/NiharikaCNR/STAT605-Project/raw/main/data/tracks/baking/1mXVgsBdtIVeCLJnSnmtdV.pickle
Error downloading file: https://github.com/NiharikaCNR/STAT605-Project/raw/main/data/tracks/baking/3dYD57lRAUcMHufyqn9GcI.pickle
Error downloading file: https://github.com/NiharikaCNR/STAT605-Project/raw/main/data/tracks/baking/0tV8pOpiNsKqUys0ilUcXz.pickle
Error downloading file: https://github.com/NiharikaCNR/STAT605-Project/raw/main/data/tracks/baking/1vxw6aYJls2oq3gW0DujAo.pickle
Error downloading file: https://github.com/NiharikaCNR/STAT605-Project/raw/main/data/tracks/baking/7LX4aXtvImhdgUHQBlo8Kp.pickle
Error downloading file: https://github.com/NiharikaCNR/STAT605-Project/raw/main/data/tracks/baking/69UqtTHfUKAJweQwEStRzC.pickle
Error downloading file: https://github.com/NiharikaCNR/STAT605-Project/raw/main/data/tracks/baking/69UqtTHfUKAJweQwEStRzC.pickle
Error downloading file: https://github.com/NiharikaCNR/STAT605-Project/raw/main/data/tracks/baking/69UqtTHfUKAJweQwEStRzC.pickle
Error downloading file: https://github.com/NiharikaCNR/STAT605-Project/raw/main/data/tracks/baking/69UqtTHfUKAJweQwEStRzC.pickle
Error downloading file: https://github.com/NiharikaCNR/STAT605-Project/raw/main/data/tracks/baking/4g4lxUs7tldfkD3codfjrN.pickle
Error downloading file: https://github.com/NiharikaCNR/STAT605-Project/raw/main/data/tracks/baking/02tvc9CFnTyHuSRlGeNv9w.pickle
Error downloading file: https://github.com/NiharikaCNR/STAT605-Project/raw/main/data/tracks/baking/02tvc9CFnTyHuSRlGeNv9w.pickle
Error downloading file: https://github.com/NiharikaCNR/STAT605-Project/raw/main/data/tracks/baking/02tvc9CFnTyHuSRlGeNv9w.pickle
Error downloading file: https://github.com/NiharikaCNR/STAT605-Project/raw/main/data/tracks/baking/02tvc9CFnTyHuSRlGeNv9w.pickle
Error downloading file: https://github.com/NiharikaCNR/STAT605-Project/raw/main/data/tracks/baking/2dIPAPCa05Hh2Esift0sVX.pickle
Error downloading file: https://github.com/NiharikaCNR/STAT605-Project/raw/main/data/tracks/baking/1fyysXwSGNtMeqMBLwW3SI.pickle
Error downloading file: https://github.com/NiharikaCNR/STAT605-Project/raw/main/data/tracks/baking/6CQaVuICm1WVXyy3SZ5jEI.pickle
Error downloading file: https://github.com/NiharikaCNR/STAT605-Project/raw/main/data/tracks/baking/4L2K7JKseFCBoHMZEAszW0.pickle
Error downloading file: https://github.com/NiharikaCNR/STAT605-Project/raw/main/data/tracks/baking/0aOluBqXYd0rFSCsgDyAWX.pickle
Error downloading file: https://github.com/NiharikaCNR/STAT605-Project/raw/main/data/tracks/baking/5dTJMpqiELczVuHJP3OAEu.pickle
Error downloading file: https://github.com/NiharikaCNR/STAT605-Project/raw/main/data/tracks/baking/53QF56cjZA9RTuuMZDrSA6.pickle
Error downloading file: https://github.com/NiharikaCNR/STAT605-Project/raw/main/data/tracks/baking/7tmtOEDxPN7CWaQWBsG1DY.pickle
Error downloading file: https://github.com/NiharikaCNR/STAT605-Project/raw/main/data/tracks/baking/5y0ET06ZzyxDzR4lB4JGhP.pickle
Error downloading file: https://github.com/NiharikaCNR/STAT605-Project/raw/main/data/tracks/baking/7tTRP2vA00uScZ4SjB3ZQZ.pickle
