Error downloading file: https://github.com/NiharikaCNR/STAT605-Project/raw/main/data/tracks/Metal/6DyywdbmTzlmXBzG9ym7Rt.pickle
Error downloading file: https://github.com/NiharikaCNR/STAT605-Project/raw/main/data/tracks/Metal/2zdtGFbUCmv0PhkylSQiHu.pickle
Error downloading file: https://github.com/NiharikaCNR/STAT605-Project/raw/main/data/tracks/Metal/6YscsgZWCPcceessZBN1di.pickle
Error downloading file: https://github.com/NiharikaCNR/STAT605-Project/raw/main/data/tracks/Metal/2W7CvGjipq3EmHqNGN7lN9.pickle
Error downloading file: https://github.com/NiharikaCNR/STAT605-Project/raw/main/data/tracks/Metal/4UhMvTR5tHf2ecfoz0KV92.pickle
Error downloading file: https://github.com/NiharikaCNR/STAT605-Project/raw/main/data/tracks/Metal/75lw5aYrDq0TJsbkqCPRIJ.pickle
Error downloading file: https://github.com/NiharikaCNR/STAT605-Project/raw/main/data/tracks/Metal/4xi3t5hmwW5uItWX1tFnyt.pickle
Error downloading file: https://github.com/NiharikaCNR/STAT605-Project/raw/main/data/tracks/Metal/5qMSuD0mfQVQSA0CjifBi0.pickle
Error downloading file: https://github.com/NiharikaCNR/STAT605-Project/raw/main/data/tracks/Metal/2AT8iROs4FQueDv2c8q2KE.pickle
Error downloading file: https://github.com/NiharikaCNR/STAT605-Project/raw/main/data/tracks/Metal/2UREu1Y8CO4jXkbvqAtP7g.pickle
Error downloading file: https://github.com/NiharikaCNR/STAT605-Project/raw/main/data/tracks/Metal/4CbKVDZkYKdv69I4bCaKUq.pickle
Error downloading file: https://github.com/NiharikaCNR/STAT605-Project/raw/main/data/tracks/Metal/60a0Rd6pjrkxjPbaKzXjfq.pickle
Error downloading file: https://github.com/NiharikaCNR/STAT605-Project/raw/main/data/tracks/Metal/60a0Rd6pjrkxjPbaKzXjfq.pickle
Error downloading file: https://github.com/NiharikaCNR/STAT605-Project/raw/main/data/tracks/Metal/60a0Rd6pjrkxjPbaKzXjfq.pickle
Error downloading file: https://github.com/NiharikaCNR/STAT605-Project/raw/main/data/tracks/Metal/60a0Rd6pjrkxjPbaKzXjfq.pickle
Error downloading file: https://github.com/NiharikaCNR/STAT605-Project/raw/main/data/tracks/Metal/60a0Rd6pjrkxjPbaKzXjfq.pickle
Error downloading file: https://github.com/NiharikaCNR/STAT605-Project/raw/main/data/tracks/Metal/60a0Rd6pjrkxjPbaKzXjfq.pickle
Error downloading file: https://github.com/NiharikaCNR/STAT605-Project/raw/main/data/tracks/Metal/60a0Rd6pjrkxjPbaKzXjfq.pickle
Error downloading file: https://github.com/NiharikaCNR/STAT605-Project/raw/main/data/tracks/Metal/60a0Rd6pjrkxjPbaKzXjfq.pickle
Error downloading file: https://github.com/NiharikaCNR/STAT605-Project/raw/main/data/tracks/Metal/60a0Rd6pjrkxjPbaKzXjfq.pickle
Error downloading file: https://github.com/NiharikaCNR/STAT605-Project/raw/main/data/tracks/Metal/59WN2psjkt1tyaxjspN8fp.pickle
Error downloading file: https://github.com/NiharikaCNR/STAT605-Project/raw/main/data/tracks/Metal/59WN2psjkt1tyaxjspN8fp.pickle
Error downloading file: https://github.com/NiharikaCNR/STAT605-Project/raw/main/data/tracks/Metal/59WN2psjkt1tyaxjspN8fp.pickle
Error downloading file: https://github.com/NiharikaCNR/STAT605-Project/raw/main/data/tracks/Metal/59WN2psjkt1tyaxjspN8fp.pickle
Error downloading file: https://github.com/NiharikaCNR/STAT605-Project/raw/main/data/tracks/Metal/0tZ3mElWcr74OOhKEiNz1x.pickle
Error downloading file: https://github.com/NiharikaCNR/STAT605-Project/raw/main/data/tracks/Metal/5z6xHjCZr7a7AIcy8sPBKy.pickle
Error downloading file: https://github.com/NiharikaCNR/STAT605-Project/raw/main/data/tracks/Metal/3IOQZRcEkplCXg6LofKqE9.pickle
Error downloading file: https://github.com/NiharikaCNR/STAT605-Project/raw/main/data/tracks/Metal/5W8YXBz9MTIDyrpYaCg2Ky.pickle
Error downloading file: https://github.com/NiharikaCNR/STAT605-Project/raw/main/data/tracks/Metal/5W8YXBz9MTIDyrpYaCg2Ky.pickle
Error downloading file: https://github.com/NiharikaCNR/STAT605-Project/raw/main/data/tracks/Metal/5W8YXBz9MTIDyrpYaCg2Ky.pickle
Error downloading file: https://github.com/NiharikaCNR/STAT605-Project/raw/main/data/tracks/Metal/5W8YXBz9MTIDyrpYaCg2Ky.pickle
Error downloading file: https://github.com/NiharikaCNR/STAT605-Project/raw/main/data/tracks/Metal/0M955bMOoilikPXwKLYpoi.pickle
Error downloading file: https://github.com/NiharikaCNR/STAT605-Project/raw/main/data/tracks/Metal/0Hxty2K8F2DrrCXQyQVpBo.pickle
Error downloading file: https://github.com/NiharikaCNR/STAT605-Project/raw/main/data/tracks/Metal/3IV4swNduIRunHREK80owz.pickle
Error downloading file: https://github.com/NiharikaCNR/STAT605-Project/raw/main/data/tracks/Metal/5CQ30WqJwcep0pYcV4AMNc.pickle
Error downloading file: https://github.com/NiharikaCNR/STAT605-Project/raw/main/data/tracks/Metal/3aniWcwiiYKHpm3F5TdeKD.pickle
Error downloading file: https://github.com/NiharikaCNR/STAT605-Project/raw/main/data/tracks/Metal/5G6jZFDAFlpAA9v5LTV4NI.pickle
Error downloading file: https://github.com/NiharikaCNR/STAT605-Project/raw/main/data/tracks/Metal/2g8vTn8mz96VWCSc9RCucZ.pickle
Error downloading file: https://github.com/NiharikaCNR/STAT605-Project/raw/main/data/tracks/Metal/720C8mWrqRdh1zYBGqLj9p.pickle
Error downloading file: https://github.com/NiharikaCNR/STAT605-Project/raw/main/data/tracks/Metal/1jZosfYphLClzldEiQdRde.pickle
Error downloading file: https://github.com/NiharikaCNR/STAT605-Project/raw/main/data/tracks/Metal/7u0uisz8AVu8vTeEYyq4XM.pickle
Error downloading file: https://github.com/NiharikaCNR/STAT605-Project/raw/main/data/tracks/Metal/0chASbpWKoTnrXDoPyNSyH.pickle
Error downloading file: https://github.com/NiharikaCNR/STAT605-Project/raw/main/data/tracks/Metal/7ziq4cBxm5xZ0GsyBJxAq9.pickle
Error downloading file: https://github.com/NiharikaCNR/STAT605-Project/raw/main/data/tracks/Metal/1ikuEj4QNN4M3CvYAQWjG2.pickle
Error downloading file: https://github.com/NiharikaCNR/STAT605-Project/raw/main/data/tracks/Metal/3ovjw5HZZv43SxTwApooCM.pickle
Error downloading file: https://github.com/NiharikaCNR/STAT605-Project/raw/main/data/tracks/Metal/56sk7jBpZV0CD31G9hEU3b.pickle
Error downloading file: https://github.com/NiharikaCNR/STAT605-Project/raw/main/data/tracks/Metal/0UFDKFqW2oGspYeYqo9wjA.pickle
Error downloading file: https://github.com/NiharikaCNR/STAT605-Project/raw/main/data/tracks/Metal/0mYPfHvPzoUZJ2puHRyzyf.pickle
Error downloading file: https://github.com/NiharikaCNR/STAT605-Project/raw/main/data/tracks/Metal/0F2nGhgFNlkVHm81zNEvW6.pickle
Error downloading file: https://github.com/NiharikaCNR/STAT605-Project/raw/main/data/tracks/Metal/2DQ11fiHhS2436z7Odek4o.pickle
Error downloading file: https://github.com/NiharikaCNR/STAT605-Project/raw/main/data/tracks/Metal/04aAxqtGp5pv12UXAg4pkq.pickle
Error downloading file: https://github.com/NiharikaCNR/STAT605-Project/raw/main/data/tracks/Metal/261QAU5PAmYYv0KPr0vc49.pickle
Error downloading file: https://github.com/NiharikaCNR/STAT605-Project/raw/main/data/tracks/Metal/0rmGAIH9LNJewFw7nKzZnc.pickle
Error downloading file: https://github.com/NiharikaCNR/STAT605-Project/raw/main/data/tracks/Metal/5qqabIl2vWzo9ApSC317sa.pickle
Error downloading file: https://github.com/NiharikaCNR/STAT605-Project/raw/main/data/tracks/Metal/5Q41NLTmGbVPozwHKK7bk2.pickle
Error downloading file: https://github.com/NiharikaCNR/STAT605-Project/raw/main/data/tracks/Metal/2zYzyRzz6pRmhPzyfMEC8s.pickle
Error downloading file: https://github.com/NiharikaCNR/STAT605-Project/raw/main/data/tracks/Metal/7LRMbd3LEoV5wZJvXT1Lwb.pickle
Error downloading file: https://github.com/NiharikaCNR/STAT605-Project/raw/main/data/tracks/Metal/0hCB0YR03f6AmQaHbwWDe8.pickle
Error downloading file: https://github.com/NiharikaCNR/STAT605-Project/raw/main/data/tracks/Metal/63T7DJ1AFDD6Bn8VzG6JE8.pickle
Error downloading file: https://github.com/NiharikaCNR/STAT605-Project/raw/main/data/tracks/Metal/1Y373MqadDRtclJNdnUXVc.pickle
Error downloading file: https://github.com/NiharikaCNR/STAT605-Project/raw/main/data/tracks/Metal/1Y373MqadDRtclJNdnUXVc.pickle
Error downloading file: https://github.com/NiharikaCNR/STAT605-Project/raw/main/data/tracks/Metal/1Y373MqadDRtclJNdnUXVc.pickle
Error downloading file: https://github.com/NiharikaCNR/STAT605-Project/raw/main/data/tracks/Metal/1Y373MqadDRtclJNdnUXVc.pickle
Error downloading file: https://github.com/NiharikaCNR/STAT605-Project/raw/main/data/tracks/Metal/64BbK9SFKH2jk86U3dGj2P.pickle
Error downloading file: https://github.com/NiharikaCNR/STAT605-Project/raw/main/data/tracks/Metal/6GQ3WTaNHMFlVmN4burGat.pickle
Error downloading file: https://github.com/NiharikaCNR/STAT605-Project/raw/main/data/tracks/Metal/2avKuMN2QXkaG9vvHa2JLt.pickle
Error downloading file: https://github.com/NiharikaCNR/STAT605-Project/raw/main/data/tracks/Metal/1Gwu3d6lZjL99kw4dcFCsq.pickle
Error downloading file: https://github.com/NiharikaCNR/STAT605-Project/raw/main/data/tracks/Metal/2MvIMgtWyK88OiPi0J8Dg3.pickle
Error downloading file: https://github.com/NiharikaCNR/STAT605-Project/raw/main/data/tracks/Metal/1H4Y9uW4N0LsxJUz0VnaPJ.pickle
Error downloading file: https://github.com/NiharikaCNR/STAT605-Project/raw/main/data/tracks/Metal/7gQ7DfSSc3b8e4cHtFnDxu.pickle
Error downloading file: https://github.com/NiharikaCNR/STAT605-Project/raw/main/data/tracks/Metal/42ZVk59gT4tMlrZmd8Ijxf.pickle
Error downloading file: https://github.com/NiharikaCNR/STAT605-Project/raw/main/data/tracks/Metal/0S674qD7nVFL0L7pHs6wUO.pickle
Error downloading file: https://github.com/NiharikaCNR/STAT605-Project/raw/main/data/tracks/Metal/0S674qD7nVFL0L7pHs6wUO.pickle
Error downloading file: https://github.com/NiharikaCNR/STAT605-Project/raw/main/data/tracks/Metal/0S674qD7nVFL0L7pHs6wUO.pickle
Error downloading file: https://github.com/NiharikaCNR/STAT605-Project/raw/main/data/tracks/Metal/0S674qD7nVFL0L7pHs6wUO.pickle
Error downloading file: https://github.com/NiharikaCNR/STAT605-Project/raw/main/data/tracks/Metal/7j43FohbLVulScL7S9sQZk.pickle
Error downloading file: https://github.com/NiharikaCNR/STAT605-Project/raw/main/data/tracks/Metal/3TV6XEPjXQhbSneiEXRNEr.pickle
Error downloading file: https://github.com/NiharikaCNR/STAT605-Project/raw/main/data/tracks/Metal/09XBDPqHnevLn54rpRMjkZ.pickle
Error downloading file: https://github.com/NiharikaCNR/STAT605-Project/raw/main/data/tracks/Metal/2N2yrmodOnVF10mKvItC9P.pickle
Error downloading file: https://github.com/NiharikaCNR/STAT605-Project/raw/main/data/tracks/Metal/3VqHuw0wFlIHcIPWkhIbdQ.pickle
Error downloading file: https://github.com/NiharikaCNR/STAT605-Project/raw/main/data/tracks/Metal/3VqHuw0wFlIHcIPWkhIbdQ.pickle
Error downloading file: https://github.com/NiharikaCNR/STAT605-Project/raw/main/data/tracks/Metal/3VqHuw0wFlIHcIPWkhIbdQ.pickle
Error downloading file: https://github.com/NiharikaCNR/STAT605-Project/raw/main/data/tracks/Metal/3VqHuw0wFlIHcIPWkhIbdQ.pickle
Error downloading file: https://github.com/NiharikaCNR/STAT605-Project/raw/main/data/tracks/Metal/3VqHuw0wFlIHcIPWkhIbdQ.pickle
Error downloading file: https://github.com/NiharikaCNR/STAT605-Project/raw/main/data/tracks/Metal/3VqHuw0wFlIHcIPWkhIbdQ.pickle
Error downloading file: https://github.com/NiharikaCNR/STAT605-Project/raw/main/data/tracks/Metal/3VqHuw0wFlIHcIPWkhIbdQ.pickle
Error downloading file: https://github.com/NiharikaCNR/STAT605-Project/raw/main/data/tracks/Metal/3VqHuw0wFlIHcIPWkhIbdQ.pickle
Error downloading file: https://github.com/NiharikaCNR/STAT605-Project/raw/main/data/tracks/Metal/3VqHuw0wFlIHcIPWkhIbdQ.pickle
Error downloading file: https://github.com/NiharikaCNR/STAT605-Project/raw/main/data/tracks/Metal/6RJdYpFQwLyNfDc5FbjkgV.pickle
Error downloading file: https://github.com/NiharikaCNR/STAT605-Project/raw/main/data/tracks/Metal/5hVepr5CHiTGtJY5bP4i5n.pickle
Error downloading file: https://github.com/NiharikaCNR/STAT605-Project/raw/main/data/tracks/Metal/6imjJij6aCM0IbbODUzJQn.pickle
Error downloading file: https://github.com/NiharikaCNR/STAT605-Project/raw/main/data/tracks/Metal/6imjJij6aCM0IbbODUzJQn.pickle
Error downloading file: https://github.com/NiharikaCNR/STAT605-Project/raw/main/data/tracks/Metal/6imjJij6aCM0IbbODUzJQn.pickle
Error downloading file: https://github.com/NiharikaCNR/STAT605-Project/raw/main/data/tracks/Metal/6imjJij6aCM0IbbODUzJQn.pickle
Error downloading file: https://github.com/NiharikaCNR/STAT605-Project/raw/main/data/tracks/Metal/7LygtNjQ65PSdzVjUnHXQb.pickle
Error downloading file: https://github.com/NiharikaCNR/STAT605-Project/raw/main/data/tracks/Metal/5cZqsjVs6MevCnAkasbEOX.pickle
Error downloading file: https://github.com/NiharikaCNR/STAT605-Project/raw/main/data/tracks/Metal/5cZqsjVs6MevCnAkasbEOX.pickle
Error downloading file: https://github.com/NiharikaCNR/STAT605-Project/raw/main/data/tracks/Metal/5cZqsjVs6MevCnAkasbEOX.pickle
Error downloading file: https://github.com/NiharikaCNR/STAT605-Project/raw/main/data/tracks/Metal/5cZqsjVs6MevCnAkasbEOX.pickle
Error downloading file: https://github.com/NiharikaCNR/STAT605-Project/raw/main/data/tracks/Metal/4a9i7rCLfPjbS1sNamZeQN.pickle
Error downloading file: https://github.com/NiharikaCNR/STAT605-Project/raw/main/data/tracks/Metal/7hA8yQJT4O0UAM4ZSZtgYv.pickle
Error downloading file: https://github.com/NiharikaCNR/STAT605-Project/raw/main/data/tracks/Metal/3Qwk6dd7878K4BbzsfJroP.pickle
Error downloading file: https://github.com/NiharikaCNR/STAT605-Project/raw/main/data/tracks/Metal/7icLbks2fDklm6S4wNhjFP.pickle
Error downloading file: https://github.com/NiharikaCNR/STAT605-Project/raw/main/data/tracks/Metal/1eadPrzB2P0ikQcqhKSAtv.pickle
Error downloading file: https://github.com/NiharikaCNR/STAT605-Project/raw/main/data/tracks/Metal/3EO0js63QHQQPqJt1TgBLQ.pickle
Error downloading file: https://github.com/NiharikaCNR/STAT605-Project/raw/main/data/tracks/Metal/3EO0js63QHQQPqJt1TgBLQ.pickle
Error downloading file: https://github.com/NiharikaCNR/STAT605-Project/raw/main/data/tracks/Metal/3EO0js63QHQQPqJt1TgBLQ.pickle
Error downloading file: https://github.com/NiharikaCNR/STAT605-Project/raw/main/data/tracks/Metal/3EO0js63QHQQPqJt1TgBLQ.pickle
Error downloading file: https://github.com/NiharikaCNR/STAT605-Project/raw/main/data/tracks/Metal/01xSUsY68E0hSIZeo1P2LF.pickle
Error downloading file: https://github.com/NiharikaCNR/STAT605-Project/raw/main/data/tracks/Metal/14EORgkbXqIx5K4Haucmnb.pickle
Error downloading file: https://github.com/NiharikaCNR/STAT605-Project/raw/main/data/tracks/Metal/6FqBQIRLJMluO10YtDbETv.pickle
Error downloading file: https://github.com/NiharikaCNR/STAT605-Project/raw/main/data/tracks/Metal/7lMFAK8dv0QkWpIlZcWQlJ.pickle
Error downloading file: https://github.com/NiharikaCNR/STAT605-Project/raw/main/data/tracks/Metal/7lMFAK8dv0QkWpIlZcWQlJ.pickle
Error downloading file: https://github.com/NiharikaCNR/STAT605-Project/raw/main/data/tracks/Metal/7lMFAK8dv0QkWpIlZcWQlJ.pickle
Error downloading file: https://github.com/NiharikaCNR/STAT605-Project/raw/main/data/tracks/Metal/7lMFAK8dv0QkWpIlZcWQlJ.pickle
Error downloading file: https://github.com/NiharikaCNR/STAT605-Project/raw/main/data/tracks/Metal/761tGJAC4E2weJMJtNnl2B.pickle
Error downloading file: https://github.com/NiharikaCNR/STAT605-Project/raw/main/data/tracks/Metal/761tGJAC4E2weJMJtNnl2B.pickle
Error downloading file: https://github.com/NiharikaCNR/STAT605-Project/raw/main/data/tracks/Metal/761tGJAC4E2weJMJtNnl2B.pickle
Error downloading file: https://github.com/NiharikaCNR/STAT605-Project/raw/main/data/tracks/Metal/761tGJAC4E2weJMJtNnl2B.pickle
Error downloading file: https://github.com/NiharikaCNR/STAT605-Project/raw/main/data/tracks/Metal/0PIFZUolrrDf3LE2I3L4zs.pickle
Error downloading file: https://github.com/NiharikaCNR/STAT605-Project/raw/main/data/tracks/Metal/2RaA6kIcvomt77qlIgGhCT.pickle
Error downloading file: https://github.com/NiharikaCNR/STAT605-Project/raw/main/data/tracks/Metal/2RaA6kIcvomt77qlIgGhCT.pickle
Error downloading file: https://github.com/NiharikaCNR/STAT605-Project/raw/main/data/tracks/Metal/2RaA6kIcvomt77qlIgGhCT.pickle
Error downloading file: https://github.com/NiharikaCNR/STAT605-Project/raw/main/data/tracks/Metal/2RaA6kIcvomt77qlIgGhCT.pickle
Error downloading file: https://github.com/NiharikaCNR/STAT605-Project/raw/main/data/tracks/Metal/1wXuogT7bvqnhuWzDBNOdV.pickle
Error downloading file: https://github.com/NiharikaCNR/STAT605-Project/raw/main/data/tracks/Metal/1wXuogT7bvqnhuWzDBNOdV.pickle
Error downloading file: https://github.com/NiharikaCNR/STAT605-Project/raw/main/data/tracks/Metal/1wXuogT7bvqnhuWzDBNOdV.pickle
Error downloading file: https://github.com/NiharikaCNR/STAT605-Project/raw/main/data/tracks/Metal/1wXuogT7bvqnhuWzDBNOdV.pickle
Error downloading file: https://github.com/NiharikaCNR/STAT605-Project/raw/main/data/tracks/Metal/3NW1h8l6EY5N6HNBL83S4V.pickle
Error downloading file: https://github.com/NiharikaCNR/STAT605-Project/raw/main/data/tracks/Metal/5VToMJACRoeT0YZNs5CYyp.pickle
Error downloading file: https://github.com/NiharikaCNR/STAT605-Project/raw/main/data/tracks/Metal/5VToMJACRoeT0YZNs5CYyp.pickle
Error downloading file: https://github.com/NiharikaCNR/STAT605-Project/raw/main/data/tracks/Metal/5VToMJACRoeT0YZNs5CYyp.pickle
Error downloading file: https://github.com/NiharikaCNR/STAT605-Project/raw/main/data/tracks/Metal/5VToMJACRoeT0YZNs5CYyp.pickle
Error downloading file: https://github.com/NiharikaCNR/STAT605-Project/raw/main/data/tracks/Metal/5VToMJACRoeT0YZNs5CYyp.pickle
Error downloading file: https://github.com/NiharikaCNR/STAT605-Project/raw/main/data/tracks/Metal/5VToMJACRoeT0YZNs5CYyp.pickle
Error downloading file: https://github.com/NiharikaCNR/STAT605-Project/raw/main/data/tracks/Metal/5VToMJACRoeT0YZNs5CYyp.pickle
Error downloading file: https://github.com/NiharikaCNR/STAT605-Project/raw/main/data/tracks/Metal/5VToMJACRoeT0YZNs5CYyp.pickle
Error downloading file: https://github.com/NiharikaCNR/STAT605-Project/raw/main/data/tracks/Metal/5VToMJACRoeT0YZNs5CYyp.pickle
Error downloading file: https://github.com/NiharikaCNR/STAT605-Project/raw/main/data/tracks/Metal/7nsO4eXkY7DvrWbjYUDLJS.pickle
Error downloading file: https://github.com/NiharikaCNR/STAT605-Project/raw/main/data/tracks/Metal/5IVA7WzOlWrmZh8EqZqMaw.pickle
Error downloading file: https://github.com/NiharikaCNR/STAT605-Project/raw/main/data/tracks/Metal/5IVA7WzOlWrmZh8EqZqMaw.pickle
Error downloading file: https://github.com/NiharikaCNR/STAT605-Project/raw/main/data/tracks/Metal/5IVA7WzOlWrmZh8EqZqMaw.pickle
Error downloading file: https://github.com/NiharikaCNR/STAT605-Project/raw/main/data/tracks/Metal/5IVA7WzOlWrmZh8EqZqMaw.pickle
Error downloading file: https://github.com/NiharikaCNR/STAT605-Project/raw/main/data/tracks/Metal/5IVA7WzOlWrmZh8EqZqMaw.pickle
Error downloading file: https://github.com/NiharikaCNR/STAT605-Project/raw/main/data/tracks/Metal/5IVA7WzOlWrmZh8EqZqMaw.pickle
Error downloading file: https://github.com/NiharikaCNR/STAT605-Project/raw/main/data/tracks/Metal/5IVA7WzOlWrmZh8EqZqMaw.pickle
Error downloading file: https://github.com/NiharikaCNR/STAT605-Project/raw/main/data/tracks/Metal/5IVA7WzOlWrmZh8EqZqMaw.pickle
Error downloading file: https://github.com/NiharikaCNR/STAT605-Project/raw/main/data/tracks/Metal/5IVA7WzOlWrmZh8EqZqMaw.pickle
Error downloading file: https://github.com/NiharikaCNR/STAT605-Project/raw/main/data/tracks/Metal/5aeIj88MLdekYvObw5Yisk.pickle
Error downloading file: https://github.com/NiharikaCNR/STAT605-Project/raw/main/data/tracks/Metal/5aeIj88MLdekYvObw5Yisk.pickle
Error downloading file: https://github.com/NiharikaCNR/STAT605-Project/raw/main/data/tracks/Metal/5aeIj88MLdekYvObw5Yisk.pickle
Error downloading file: https://github.com/NiharikaCNR/STAT605-Project/raw/main/data/tracks/Metal/5aeIj88MLdekYvObw5Yisk.pickle
Error downloading file: https://github.com/NiharikaCNR/STAT605-Project/raw/main/data/tracks/Metal/7iOSeHfKU2EhSKcX7TbjKG.pickle
Error downloading file: https://github.com/NiharikaCNR/STAT605-Project/raw/main/data/tracks/Metal/15zUfY9L1p7bN9JsgaTAP0.pickle
Error downloading file: https://github.com/NiharikaCNR/STAT605-Project/raw/main/data/tracks/Metal/4u39IY2QjY1utpNCCF4is0.pickle
Error downloading file: https://github.com/NiharikaCNR/STAT605-Project/raw/main/data/tracks/Metal/6156ZPGcezId0Bmw7x7c7K.pickle
Error downloading file: https://github.com/NiharikaCNR/STAT605-Project/raw/main/data/tracks/Metal/6k0X05danQOXSBTVek5DU1.pickle
Error downloading file: https://github.com/NiharikaCNR/STAT605-Project/raw/main/data/tracks/Metal/0K8n1os4z2M2rCPUknCj2w.pickle
Error downloading file: https://github.com/NiharikaCNR/STAT605-Project/raw/main/data/tracks/Metal/2aibwv5hGXSgw7Yru8IYTO.pickle
Error downloading file: https://github.com/NiharikaCNR/STAT605-Project/raw/main/data/tracks/Metal/34KTEhpPjq6IAgQg2yzJAL.pickle
Error downloading file: https://github.com/NiharikaCNR/STAT605-Project/raw/main/data/tracks/Metal/3HE50TVRquwXe9yv2HFoNL.pickle
Error downloading file: https://github.com/NiharikaCNR/STAT605-Project/raw/main/data/tracks/Metal/4TmGtGkkmaoXRCvpOwDJoO.pickle
Error downloading file: https://github.com/NiharikaCNR/STAT605-Project/raw/main/data/tracks/Metal/4pbJqGIASGPr0ZpGpnWkDn.pickle
Error downloading file: https://github.com/NiharikaCNR/STAT605-Project/raw/main/data/tracks/Metal/5FVd6KXrgO9B3JPmC8OPst.pickle
Error downloading file: https://github.com/NiharikaCNR/STAT605-Project/raw/main/data/tracks/Metal/5fpq1wF8xa5tSSlcKHdmGQ.pickle
Error downloading file: https://github.com/NiharikaCNR/STAT605-Project/raw/main/data/tracks/Metal/64yrDBpcdwEdNY9loyEGbX.pickle
Error downloading file: https://github.com/NiharikaCNR/STAT605-Project/raw/main/data/tracks/Metal/6AEJQlYiGYQ8gM02w3XNl6.pickle
Error downloading file: https://github.com/NiharikaCNR/STAT605-Project/raw/main/data/tracks/Metal/6L89mwZXSOwYl76YXfX13s.pickle
Error downloading file: https://github.com/NiharikaCNR/STAT605-Project/raw/main/data/tracks/Metal/6ZOBP3NvffbU4SZcrnt1k6.pickle
Error downloading file: https://github.com/NiharikaCNR/STAT605-Project/raw/main/data/tracks/Metal/77loZpT5Y5PRP1S451P9Yz.pickle
Error downloading file: https://github.com/NiharikaCNR/STAT605-Project/raw/main/data/tracks/Metal/3ZOEytgrvLwQaqXreDs2Jx.pickle
Error downloading file: https://github.com/NiharikaCNR/STAT605-Project/raw/main/data/tracks/Metal/23NPGXlSaIqWzvxIRhM2oG.pickle
