Error downloading file: https://github.com/NiharikaCNR/STAT605-Project/raw/main/data/tracks/Neo-Soul/6HWBodtTNOIrnGsNwV1lX8.pickle
Error downloading file: https://github.com/NiharikaCNR/STAT605-Project/raw/main/data/tracks/Neo-Soul/6jvqaaUtBmcnxQnf5XKzFo.pickle
Error downloading file: https://github.com/NiharikaCNR/STAT605-Project/raw/main/data/tracks/Neo-Soul/6CzeDNEqTiquePMaMUtsH2.pickle
Error downloading file: https://github.com/NiharikaCNR/STAT605-Project/raw/main/data/tracks/Neo-Soul/6j1GazXT78zw8orKRsZVt5.pickle
Error downloading file: https://github.com/NiharikaCNR/STAT605-Project/raw/main/data/tracks/Neo-Soul/0h4jHdNzUrV9eGR2PT5R8c.pickle
Error downloading file: https://github.com/NiharikaCNR/STAT605-Project/raw/main/data/tracks/Neo-Soul/403tC8spWXnKcdXdbFnayL.pickle
Error downloading file: https://github.com/NiharikaCNR/STAT605-Project/raw/main/data/tracks/Neo-Soul/1uf4itZeNCVYDHExNH9Ov3.pickle
Error downloading file: https://github.com/NiharikaCNR/STAT605-Project/raw/main/data/tracks/Neo-Soul/5mlirWXPq6KoroAUgy6Wdq.pickle
Error downloading file: https://github.com/NiharikaCNR/STAT605-Project/raw/main/data/tracks/Neo-Soul/78ndblGlkOiMHUrrWPgBoL.pickle
Error downloading file: https://github.com/NiharikaCNR/STAT605-Project/raw/main/data/tracks/Neo-Soul/1TSJvLS7GXyhxhPVk3IQBh.pickle
Error downloading file: https://github.com/NiharikaCNR/STAT605-Project/raw/main/data/tracks/Neo-Soul/3xEx3xxA06MuO4SGZ4jrkV.pickle
Error downloading file: https://github.com/NiharikaCNR/STAT605-Project/raw/main/data/tracks/Neo-Soul/3DdmYVLrQeDCw2nHeDn3oF.pickle
Error downloading file: https://github.com/NiharikaCNR/STAT605-Project/raw/main/data/tracks/Neo-Soul/1EhvYd5e7vkoN3udEN1Vyl.pickle
Error downloading file: https://github.com/NiharikaCNR/STAT605-Project/raw/main/data/tracks/Neo-Soul/1EhvYd5e7vkoN3udEN1Vyl.pickle
Error downloading file: https://github.com/NiharikaCNR/STAT605-Project/raw/main/data/tracks/Neo-Soul/1EhvYd5e7vkoN3udEN1Vyl.pickle
Error downloading file: https://github.com/NiharikaCNR/STAT605-Project/raw/main/data/tracks/Neo-Soul/1EhvYd5e7vkoN3udEN1Vyl.pickle
Error downloading file: https://github.com/NiharikaCNR/STAT605-Project/raw/main/data/tracks/Neo-Soul/1m2xMsxbtxv21Brome189p.pickle
Error downloading file: https://github.com/NiharikaCNR/STAT605-Project/raw/main/data/tracks/Neo-Soul/0YHBvFhfCJHyP5qfgtiX1o.pickle
Error downloading file: https://github.com/NiharikaCNR/STAT605-Project/raw/main/data/tracks/Neo-Soul/128ypdDlPrG9lpwGQzMiBQ.pickle
Error downloading file: https://github.com/NiharikaCNR/STAT605-Project/raw/main/data/tracks/Neo-Soul/08XnGAqrSwqr08vJ0t4py8.pickle
Error downloading file: https://github.com/NiharikaCNR/STAT605-Project/raw/main/data/tracks/Neo-Soul/2MUKRBgYAQC6Wyi7htkrm8.pickle
Error downloading file: https://github.com/NiharikaCNR/STAT605-Project/raw/main/data/tracks/Neo-Soul/2MUKRBgYAQC6Wyi7htkrm8.pickle
Error downloading file: https://github.com/NiharikaCNR/STAT605-Project/raw/main/data/tracks/Neo-Soul/2MUKRBgYAQC6Wyi7htkrm8.pickle
Error downloading file: https://github.com/NiharikaCNR/STAT605-Project/raw/main/data/tracks/Neo-Soul/2MUKRBgYAQC6Wyi7htkrm8.pickle
Error downloading file: https://github.com/NiharikaCNR/STAT605-Project/raw/main/data/tracks/Neo-Soul/1TP5qfz8EGeJqV7WutuKC6.pickle
Error downloading file: https://github.com/NiharikaCNR/STAT605-Project/raw/main/data/tracks/Neo-Soul/6Ol5J3FihVDl3hc9dxxjfs.pickle
Error downloading file: https://github.com/NiharikaCNR/STAT605-Project/raw/main/data/tracks/Neo-Soul/6Ol5J3FihVDl3hc9dxxjfs.pickle
Error downloading file: https://github.com/NiharikaCNR/STAT605-Project/raw/main/data/tracks/Neo-Soul/6Ol5J3FihVDl3hc9dxxjfs.pickle
Error downloading file: https://github.com/NiharikaCNR/STAT605-Project/raw/main/data/tracks/Neo-Soul/6Ol5J3FihVDl3hc9dxxjfs.pickle
Error downloading file: https://github.com/NiharikaCNR/STAT605-Project/raw/main/data/tracks/Neo-Soul/5S8XoUOtIxngG7eAmDecvp.pickle
Error downloading file: https://github.com/NiharikaCNR/STAT605-Project/raw/main/data/tracks/Neo-Soul/5cfdrNxF22bcRNr0mQqCtR.pickle
Error downloading file: https://github.com/NiharikaCNR/STAT605-Project/raw/main/data/tracks/Neo-Soul/0fZphXDWUdJeVLI2piBva0.pickle
Error downloading file: https://github.com/NiharikaCNR/STAT605-Project/raw/main/data/tracks/Neo-Soul/72n6MjSvGwcr9jJ92RFjDy.pickle
Error downloading file: https://github.com/NiharikaCNR/STAT605-Project/raw/main/data/tracks/Neo-Soul/0pNhg9ZtLhBGpKiqpH3X6S.pickle
Error downloading file: https://github.com/NiharikaCNR/STAT605-Project/raw/main/data/tracks/Neo-Soul/7CIPjKEX2XowX9N9s8egiD.pickle
Error downloading file: https://github.com/NiharikaCNR/STAT605-Project/raw/main/data/tracks/Neo-Soul/1SwaCdY5T9MjgwabK5BWH0.pickle
Error downloading file: https://github.com/NiharikaCNR/STAT605-Project/raw/main/data/tracks/Neo-Soul/2HnCrOfbT8nKqymBBUT8J2.pickle
Error downloading file: https://github.com/NiharikaCNR/STAT605-Project/raw/main/data/tracks/Neo-Soul/7sBgFMWqDWQgrsNSpIBoe8.pickle
Error downloading file: https://github.com/NiharikaCNR/STAT605-Project/raw/main/data/tracks/Neo-Soul/2SAqBLGA283SUiwJ3xOUVI.pickle
Error downloading file: https://github.com/NiharikaCNR/STAT605-Project/raw/main/data/tracks/Neo-Soul/4ow1XH4hwe3yOGXG2eTTTY.pickle
Error downloading file: https://github.com/NiharikaCNR/STAT605-Project/raw/main/data/tracks/Neo-Soul/6Nle9hKrkL1wQpwNfEkxjh.pickle
Error downloading file: https://github.com/NiharikaCNR/STAT605-Project/raw/main/data/tracks/Neo-Soul/6Nle9hKrkL1wQpwNfEkxjh.pickle
Error downloading file: https://github.com/NiharikaCNR/STAT605-Project/raw/main/data/tracks/Neo-Soul/6Nle9hKrkL1wQpwNfEkxjh.pickle
Error downloading file: https://github.com/NiharikaCNR/STAT605-Project/raw/main/data/tracks/Neo-Soul/6Nle9hKrkL1wQpwNfEkxjh.pickle
Error downloading file: https://github.com/NiharikaCNR/STAT605-Project/raw/main/data/tracks/Neo-Soul/5GUYJTQap5F3RDQiCOJhrS.pickle
Error downloading file: https://github.com/NiharikaCNR/STAT605-Project/raw/main/data/tracks/Neo-Soul/4XjnaL1dDauhuvNFz1SLwW.pickle
Error downloading file: https://github.com/NiharikaCNR/STAT605-Project/raw/main/data/tracks/Neo-Soul/3f3cliOygeuUpGRwdohy12.pickle
Error downloading file: https://github.com/NiharikaCNR/STAT605-Project/raw/main/data/tracks/Neo-Soul/4KVSdwwJ67JHu5s9vIA0zi.pickle
Error downloading file: https://github.com/NiharikaCNR/STAT605-Project/raw/main/data/tracks/Neo-Soul/12CNybio0Bxean3F3uYugU.pickle
Error downloading file: https://github.com/NiharikaCNR/STAT605-Project/raw/main/data/tracks/Neo-Soul/7aVKQJZwdqyEPkvKSyEuxj.pickle
Error downloading file: https://github.com/NiharikaCNR/STAT605-Project/raw/main/data/tracks/Neo-Soul/19JzJOMs4wkuKxY8WEOMea.pickle
Error downloading file: https://github.com/NiharikaCNR/STAT605-Project/raw/main/data/tracks/Neo-Soul/1Xm9CQRcJbOgTCpKCpS9s5.pickle
Error downloading file: https://github.com/NiharikaCNR/STAT605-Project/raw/main/data/tracks/Neo-Soul/1Xm9CQRcJbOgTCpKCpS9s5.pickle
Error downloading file: https://github.com/NiharikaCNR/STAT605-Project/raw/main/data/tracks/Neo-Soul/1Xm9CQRcJbOgTCpKCpS9s5.pickle
Error downloading file: https://github.com/NiharikaCNR/STAT605-Project/raw/main/data/tracks/Neo-Soul/1Xm9CQRcJbOgTCpKCpS9s5.pickle
Error downloading file: https://github.com/NiharikaCNR/STAT605-Project/raw/main/data/tracks/Neo-Soul/4mL59LVbKgOpEACxraGYdr.pickle
Error downloading file: https://github.com/NiharikaCNR/STAT605-Project/raw/main/data/tracks/Neo-Soul/48EjSdYh8wz2gBxxqzrsLe.pickle
Error downloading file: https://github.com/NiharikaCNR/STAT605-Project/raw/main/data/tracks/Neo-Soul/48EjSdYh8wz2gBxxqzrsLe.pickle
Error downloading file: https://github.com/NiharikaCNR/STAT605-Project/raw/main/data/tracks/Neo-Soul/48EjSdYh8wz2gBxxqzrsLe.pickle
Error downloading file: https://github.com/NiharikaCNR/STAT605-Project/raw/main/data/tracks/Neo-Soul/48EjSdYh8wz2gBxxqzrsLe.pickle
Error downloading file: https://github.com/NiharikaCNR/STAT605-Project/raw/main/data/tracks/Neo-Soul/2fXwCWkh6YG5zU1IyvQrbs.pickle
Error downloading file: https://github.com/NiharikaCNR/STAT605-Project/raw/main/data/tracks/Neo-Soul/2VqKx3HH8gaZPabNWYvksy.pickle
Error downloading file: https://github.com/NiharikaCNR/STAT605-Project/raw/main/data/tracks/Neo-Soul/2VqKx3HH8gaZPabNWYvksy.pickle
Error downloading file: https://github.com/NiharikaCNR/STAT605-Project/raw/main/data/tracks/Neo-Soul/2VqKx3HH8gaZPabNWYvksy.pickle
Error downloading file: https://github.com/NiharikaCNR/STAT605-Project/raw/main/data/tracks/Neo-Soul/2VqKx3HH8gaZPabNWYvksy.pickle
Error downloading file: https://github.com/NiharikaCNR/STAT605-Project/raw/main/data/tracks/Neo-Soul/66H06L8hktjhduwRDWntDT.pickle
Error downloading file: https://github.com/NiharikaCNR/STAT605-Project/raw/main/data/tracks/Neo-Soul/4NFD9ea0uH0MtoC30yNYE1.pickle
Error downloading file: https://github.com/NiharikaCNR/STAT605-Project/raw/main/data/tracks/Neo-Soul/0NzDCZypxqXxgcGQ4rkJRG.pickle
Error downloading file: https://github.com/NiharikaCNR/STAT605-Project/raw/main/data/tracks/Neo-Soul/0NzDCZypxqXxgcGQ4rkJRG.pickle
Error downloading file: https://github.com/NiharikaCNR/STAT605-Project/raw/main/data/tracks/Neo-Soul/0NzDCZypxqXxgcGQ4rkJRG.pickle
Error downloading file: https://github.com/NiharikaCNR/STAT605-Project/raw/main/data/tracks/Neo-Soul/0NzDCZypxqXxgcGQ4rkJRG.pickle
Error downloading file: https://github.com/NiharikaCNR/STAT605-Project/raw/main/data/tracks/Neo-Soul/3fYFgssMFI2dgcNKnox4CJ.pickle
Error downloading file: https://github.com/NiharikaCNR/STAT605-Project/raw/main/data/tracks/Neo-Soul/0zuHePm5GXNX5tSK3oHFc9.pickle
Error downloading file: https://github.com/NiharikaCNR/STAT605-Project/raw/main/data/tracks/Neo-Soul/1OFgd2VHdPyQVqGMDOx9qJ.pickle
Error downloading file: https://github.com/NiharikaCNR/STAT605-Project/raw/main/data/tracks/Neo-Soul/5CeLc9nz7m6qpDgmsoet4C.pickle
Error downloading file: https://github.com/NiharikaCNR/STAT605-Project/raw/main/data/tracks/Neo-Soul/3KF7V0e0kVU9W8h8LgJ3JY.pickle
Error downloading file: https://github.com/NiharikaCNR/STAT605-Project/raw/main/data/tracks/Neo-Soul/5TlSqF8DhwDLaUMFmV3APE.pickle
Error downloading file: https://github.com/NiharikaCNR/STAT605-Project/raw/main/data/tracks/Neo-Soul/7DPPVqnDNZDh0uF6zV6sQn.pickle
Error downloading file: https://github.com/NiharikaCNR/STAT605-Project/raw/main/data/tracks/Neo-Soul/7z3C6FjWyYIePXjCFFAHDX.pickle
Error downloading file: https://github.com/NiharikaCNR/STAT605-Project/raw/main/data/tracks/Neo-Soul/3RuK88EzkleaL2bIpUmVEP.pickle
Error downloading file: https://github.com/NiharikaCNR/STAT605-Project/raw/main/data/tracks/Neo-Soul/4pRmJstStQ4d23TUhjDj6a.pickle
Error downloading file: https://github.com/NiharikaCNR/STAT605-Project/raw/main/data/tracks/Neo-Soul/6LjwbDC3LHoYmxbOhGQHnh.pickle
Error downloading file: https://github.com/NiharikaCNR/STAT605-Project/raw/main/data/tracks/Neo-Soul/3cC4TINErPyxCWtSN9w32h.pickle
Error downloading file: https://github.com/NiharikaCNR/STAT605-Project/raw/main/data/tracks/Neo-Soul/185ciwUe4FUDPG7VHFNzcv.pickle
Error downloading file: https://github.com/NiharikaCNR/STAT605-Project/raw/main/data/tracks/Neo-Soul/2HtpC9dJ6jOLa4OMN0nnfj.pickle
Error downloading file: https://github.com/NiharikaCNR/STAT605-Project/raw/main/data/tracks/Neo-Soul/48Fbw0y8ofNfTHmuezhNPm.pickle
Error downloading file: https://github.com/NiharikaCNR/STAT605-Project/raw/main/data/tracks/Neo-Soul/4LSu0MjxfmqMgEJf4GMnlU.pickle
Error downloading file: https://github.com/NiharikaCNR/STAT605-Project/raw/main/data/tracks/Neo-Soul/4UTIaNm0myRUwCOaVuZJHR.pickle
Error downloading file: https://github.com/NiharikaCNR/STAT605-Project/raw/main/data/tracks/Neo-Soul/0WOtHKz6IxQCYWNoMY6yiL.pickle
Error downloading file: https://github.com/NiharikaCNR/STAT605-Project/raw/main/data/tracks/Neo-Soul/1j132GoKqpx1ZNT5CY0esh.pickle
Error downloading file: https://github.com/NiharikaCNR/STAT605-Project/raw/main/data/tracks/Neo-Soul/46TKHBSVXIOYjfi3pp6X7F.pickle
Error downloading file: https://github.com/NiharikaCNR/STAT605-Project/raw/main/data/tracks/Neo-Soul/6vqMiNcGrByCfVWMFXKw1v.pickle
Error downloading file: https://github.com/NiharikaCNR/STAT605-Project/raw/main/data/tracks/Neo-Soul/6XsT5UGfpaFeHQf5LRIy4W.pickle
Error downloading file: https://github.com/NiharikaCNR/STAT605-Project/raw/main/data/tracks/Neo-Soul/6XsT5UGfpaFeHQf5LRIy4W.pickle
Error downloading file: https://github.com/NiharikaCNR/STAT605-Project/raw/main/data/tracks/Neo-Soul/6XsT5UGfpaFeHQf5LRIy4W.pickle
Error downloading file: https://github.com/NiharikaCNR/STAT605-Project/raw/main/data/tracks/Neo-Soul/6XsT5UGfpaFeHQf5LRIy4W.pickle
Error downloading file: https://github.com/NiharikaCNR/STAT605-Project/raw/main/data/tracks/Neo-Soul/1HWORCbHez88rlK34MAQoz.pickle
Error downloading file: https://github.com/NiharikaCNR/STAT605-Project/raw/main/data/tracks/Neo-Soul/1HWORCbHez88rlK34MAQoz.pickle
Error downloading file: https://github.com/NiharikaCNR/STAT605-Project/raw/main/data/tracks/Neo-Soul/1HWORCbHez88rlK34MAQoz.pickle
Error downloading file: https://github.com/NiharikaCNR/STAT605-Project/raw/main/data/tracks/Neo-Soul/1HWORCbHez88rlK34MAQoz.pickle
Error downloading file: https://github.com/NiharikaCNR/STAT605-Project/raw/main/data/tracks/Neo-Soul/2aSM4sbNN7cSmpYOG0sf46.pickle
Error downloading file: https://github.com/NiharikaCNR/STAT605-Project/raw/main/data/tracks/Neo-Soul/6cSBm4mtcuFtClN6yDvjQo.pickle
Error downloading file: https://github.com/NiharikaCNR/STAT605-Project/raw/main/data/tracks/Neo-Soul/1uP38a7Qmlbv49cOmqo7cK.pickle
Error downloading file: https://github.com/NiharikaCNR/STAT605-Project/raw/main/data/tracks/Neo-Soul/4ArXr6AYIkYlG3jHlczmvZ.pickle
Error downloading file: https://github.com/NiharikaCNR/STAT605-Project/raw/main/data/tracks/Neo-Soul/4tP29y2nwWTdGvo0QR7gpF.pickle
Error downloading file: https://github.com/NiharikaCNR/STAT605-Project/raw/main/data/tracks/Neo-Soul/4tP29y2nwWTdGvo0QR7gpF.pickle
Error downloading file: https://github.com/NiharikaCNR/STAT605-Project/raw/main/data/tracks/Neo-Soul/4tP29y2nwWTdGvo0QR7gpF.pickle
Error downloading file: https://github.com/NiharikaCNR/STAT605-Project/raw/main/data/tracks/Neo-Soul/4tP29y2nwWTdGvo0QR7gpF.pickle
Error downloading file: https://github.com/NiharikaCNR/STAT605-Project/raw/main/data/tracks/Neo-Soul/6Rw6V32aYRJOGuikdALdsh.pickle
Error downloading file: https://github.com/NiharikaCNR/STAT605-Project/raw/main/data/tracks/Neo-Soul/5pjhlJL8vpvZb2riwyVyMq.pickle
Error downloading file: https://github.com/NiharikaCNR/STAT605-Project/raw/main/data/tracks/Neo-Soul/3Clt72izshgk0Il7FkBuXG.pickle
Error downloading file: https://github.com/NiharikaCNR/STAT605-Project/raw/main/data/tracks/Neo-Soul/1DSoaqL8DdxIXrudZwUaov.pickle
Error downloading file: https://github.com/NiharikaCNR/STAT605-Project/raw/main/data/tracks/Neo-Soul/3n6Y6eZ1PIq8DOBcQJHVkK.pickle
Error downloading file: https://github.com/NiharikaCNR/STAT605-Project/raw/main/data/tracks/Neo-Soul/6W1G5IvTfa9kIWF6bpwtcu.pickle
Error downloading file: https://github.com/NiharikaCNR/STAT605-Project/raw/main/data/tracks/Neo-Soul/5nZLkEWgUkzFTi81egUSPr.pickle
Error downloading file: https://github.com/NiharikaCNR/STAT605-Project/raw/main/data/tracks/Neo-Soul/5G2Q4Vx9zwBAdQoEWgM8uX.pickle
Error downloading file: https://github.com/NiharikaCNR/STAT605-Project/raw/main/data/tracks/Neo-Soul/4gDcW11vdgLpNVLts0XzEL.pickle
Error downloading file: https://github.com/NiharikaCNR/STAT605-Project/raw/main/data/tracks/Neo-Soul/6OjIYgQpFbcg59lEgtZQsD.pickle
Error downloading file: https://github.com/NiharikaCNR/STAT605-Project/raw/main/data/tracks/Neo-Soul/2pJJYTE07Z1GyB8VEyRssu.pickle
Error downloading file: https://github.com/NiharikaCNR/STAT605-Project/raw/main/data/tracks/Neo-Soul/37JvTJWdVpsGeWAy8sVJo1.pickle
Error downloading file: https://github.com/NiharikaCNR/STAT605-Project/raw/main/data/tracks/Neo-Soul/1GM3H7a1oaRDDomlQNAT5L.pickle
Error downloading file: https://github.com/NiharikaCNR/STAT605-Project/raw/main/data/tracks/Neo-Soul/6VkYQL86cf4vJKLaTf9RON.pickle
Error downloading file: https://github.com/NiharikaCNR/STAT605-Project/raw/main/data/tracks/Neo-Soul/42lBcTbECNEXjuElfVrz05.pickle
Error downloading file: https://github.com/NiharikaCNR/STAT605-Project/raw/main/data/tracks/Neo-Soul/7uvbamNsiIOUsw2QJf1BQ1.pickle
Error downloading file: https://github.com/NiharikaCNR/STAT605-Project/raw/main/data/tracks/Neo-Soul/1tIQuGx8HKki46faQWudfW.pickle
Error downloading file: https://github.com/NiharikaCNR/STAT605-Project/raw/main/data/tracks/Neo-Soul/25x0SY1uAZsgP2ZzWrzsxV.pickle
Error downloading file: https://github.com/NiharikaCNR/STAT605-Project/raw/main/data/tracks/Neo-Soul/5dR7h8Rxj1ko6f9dmKQc77.pickle
Error downloading file: https://github.com/NiharikaCNR/STAT605-Project/raw/main/data/tracks/Neo-Soul/7C8VVj1kpwPwyT4aMejIXp.pickle
Error downloading file: https://github.com/NiharikaCNR/STAT605-Project/raw/main/data/tracks/Neo-Soul/62PclpoBFLl50PJpiJA5RT.pickle
Error downloading file: https://github.com/NiharikaCNR/STAT605-Project/raw/main/data/tracks/Neo-Soul/2PCdovP3wSlSS73NOtopJI.pickle
Error downloading file: https://github.com/NiharikaCNR/STAT605-Project/raw/main/data/tracks/Neo-Soul/7iaCPgRVRsp2gjBlLhG91s.pickle
Error downloading file: https://github.com/NiharikaCNR/STAT605-Project/raw/main/data/tracks/Neo-Soul/7FomypRpFKzSIBOX338U4P.pickle
Error downloading file: https://github.com/NiharikaCNR/STAT605-Project/raw/main/data/tracks/Neo-Soul/0i7jazn1Rtp51KPM4iSs6z.pickle
Error downloading file: https://github.com/NiharikaCNR/STAT605-Project/raw/main/data/tracks/Neo-Soul/04vYVsWbhkQaTLx2kgVNks.pickle
Error downloading file: https://github.com/NiharikaCNR/STAT605-Project/raw/main/data/tracks/Neo-Soul/7Bb8qmumwlC2nTOp09ciH6.pickle
Error downloading file: https://github.com/NiharikaCNR/STAT605-Project/raw/main/data/tracks/Neo-Soul/6JZv5f9ufV0Uz7VbGpd2DL.pickle
Error downloading file: https://github.com/NiharikaCNR/STAT605-Project/raw/main/data/tracks/Neo-Soul/5nMfIpT4sBRTjrNwhHKZxE.pickle
Error downloading file: https://github.com/NiharikaCNR/STAT605-Project/raw/main/data/tracks/Neo-Soul/3ufQJOCGyXCzoXIuGEAvpG.pickle
Error downloading file: https://github.com/NiharikaCNR/STAT605-Project/raw/main/data/tracks/Neo-Soul/0NQEzguxVbjYvVeveED6s3.pickle
Error downloading file: https://github.com/NiharikaCNR/STAT605-Project/raw/main/data/tracks/Neo-Soul/5UmjHuYRItemped2xd3Qx4.pickle
Error downloading file: https://github.com/NiharikaCNR/STAT605-Project/raw/main/data/tracks/Neo-Soul/5UmjHuYRItemped2xd3Qx4.pickle
Error downloading file: https://github.com/NiharikaCNR/STAT605-Project/raw/main/data/tracks/Neo-Soul/5UmjHuYRItemped2xd3Qx4.pickle
Error downloading file: https://github.com/NiharikaCNR/STAT605-Project/raw/main/data/tracks/Neo-Soul/5UmjHuYRItemped2xd3Qx4.pickle
Error downloading file: https://github.com/NiharikaCNR/STAT605-Project/raw/main/data/tracks/Neo-Soul/2xCrfVj6YtPcov8kuW3hU8.pickle
Error downloading file: https://github.com/NiharikaCNR/STAT605-Project/raw/main/data/tracks/Neo-Soul/2HF9OydUs28eTuiVUjQYdT.pickle
Error downloading file: https://github.com/NiharikaCNR/STAT605-Project/raw/main/data/tracks/Neo-Soul/59acp1OhcvxwVBwQJBYKuX.pickle
Error downloading file: https://github.com/NiharikaCNR/STAT605-Project/raw/main/data/tracks/Neo-Soul/1fOkmYW3ZFkkjIdOZSf596.pickle
Error downloading file: https://github.com/NiharikaCNR/STAT605-Project/raw/main/data/tracks/Neo-Soul/3GZD6HmiNUhxXYf8Gch723.pickle
Error downloading file: https://github.com/NiharikaCNR/STAT605-Project/raw/main/data/tracks/Neo-Soul/6PGoSes0D9eUDeeAafB2As.pickle
Error downloading file: https://github.com/NiharikaCNR/STAT605-Project/raw/main/data/tracks/Neo-Soul/46Mk1NVIpCcRIAXY92mWAW.pickle
Error downloading file: https://github.com/NiharikaCNR/STAT605-Project/raw/main/data/tracks/Neo-Soul/6XHVuErjQ4XNm6nDPVCxVX.pickle
Error downloading file: https://github.com/NiharikaCNR/STAT605-Project/raw/main/data/tracks/Neo-Soul/5LKXxwgll43fxe1lPF7sze.pickle
Error downloading file: https://github.com/NiharikaCNR/STAT605-Project/raw/main/data/tracks/Neo-Soul/3XVBdLihbNbxUwZosxcGuJ.pickle
Error downloading file: https://github.com/NiharikaCNR/STAT605-Project/raw/main/data/tracks/Neo-Soul/5mCPDVBb16L4XQwDdbRUpz.pickle
Error downloading file: https://github.com/NiharikaCNR/STAT605-Project/raw/main/data/tracks/Neo-Soul/2pZi2b9U8r20AF0Cf3hi2D.pickle
Error downloading file: https://github.com/NiharikaCNR/STAT605-Project/raw/main/data/tracks/Neo-Soul/1R2CpJXwERlLURyKaE1nWr.pickle
Error downloading file: https://github.com/NiharikaCNR/STAT605-Project/raw/main/data/tracks/Neo-Soul/68vgtRHr7iZHpzGpon6Jlo.pickle
Error downloading file: https://github.com/NiharikaCNR/STAT605-Project/raw/main/data/tracks/Neo-Soul/5buGEKUWGl3pZYQ9sh3392.pickle
Error downloading file: https://github.com/NiharikaCNR/STAT605-Project/raw/main/data/tracks/Neo-Soul/3tw0o6XIJJr6vu8n69fx72.pickle
Error downloading file: https://github.com/NiharikaCNR/STAT605-Project/raw/main/data/tracks/Neo-Soul/1YqXXJDSlDHrp66g9as4uo.pickle
Error downloading file: https://github.com/NiharikaCNR/STAT605-Project/raw/main/data/tracks/Neo-Soul/0q75NwOoFiARAVp4EXU4Bs.pickle
Error downloading file: https://github.com/NiharikaCNR/STAT605-Project/raw/main/data/tracks/Neo-Soul/2rTnVB1bvwxHtaIl4uVu7f.pickle
Error downloading file: https://github.com/NiharikaCNR/STAT605-Project/raw/main/data/tracks/Neo-Soul/3tZs3nVjySLbL320lP4mvs.pickle
Error downloading file: https://github.com/NiharikaCNR/STAT605-Project/raw/main/data/tracks/Neo-Soul/33wUd3GgaRf2rux2aJ71yb.pickle
Error downloading file: https://github.com/NiharikaCNR/STAT605-Project/raw/main/data/tracks/Neo-Soul/58pJZsMEPXmYX8gvXWyt3V.pickle
Error downloading file: https://github.com/NiharikaCNR/STAT605-Project/raw/main/data/tracks/Neo-Soul/7t4ihBlcMdkyUeO6W1DfYH.pickle
Error downloading file: https://github.com/NiharikaCNR/STAT605-Project/raw/main/data/tracks/Neo-Soul/3PFaFVWq5wucLu6s4baj9D.pickle
Error downloading file: https://github.com/NiharikaCNR/STAT605-Project/raw/main/data/tracks/Neo-Soul/3PFaFVWq5wucLu6s4baj9D.pickle
Error downloading file: https://github.com/NiharikaCNR/STAT605-Project/raw/main/data/tracks/Neo-Soul/3PFaFVWq5wucLu6s4baj9D.pickle
Error downloading file: https://github.com/NiharikaCNR/STAT605-Project/raw/main/data/tracks/Neo-Soul/3PFaFVWq5wucLu6s4baj9D.pickle
Error downloading file: https://github.com/NiharikaCNR/STAT605-Project/raw/main/data/tracks/Neo-Soul/054hu8JJu9GAtiDaar2pKM.pickle
Error downloading file: https://github.com/NiharikaCNR/STAT605-Project/raw/main/data/tracks/Neo-Soul/2qyhy9ndo8tTGMzXeHTisR.pickle
Error downloading file: https://github.com/NiharikaCNR/STAT605-Project/raw/main/data/tracks/Neo-Soul/22jnEneSABg4vRCR1vow7F.pickle
Error downloading file: https://github.com/NiharikaCNR/STAT605-Project/raw/main/data/tracks/Neo-Soul/0W45ni3uikr9z0vPjlBIDw.pickle
Error downloading file: https://github.com/NiharikaCNR/STAT605-Project/raw/main/data/tracks/Neo-Soul/0gpYL1he4OGJxv42tT747l.pickle
Error downloading file: https://github.com/NiharikaCNR/STAT605-Project/raw/main/data/tracks/Neo-Soul/7iCs98iS5n6KCI4q3H7zp9.pickle
Error downloading file: https://github.com/NiharikaCNR/STAT605-Project/raw/main/data/tracks/Neo-Soul/1QJb6LWvPXZpTMiqqODqkH.pickle
Error downloading file: https://github.com/NiharikaCNR/STAT605-Project/raw/main/data/tracks/Neo-Soul/6SEolIp22t0DzeBfCBo3hr.pickle
Error downloading file: https://github.com/NiharikaCNR/STAT605-Project/raw/main/data/tracks/Neo-Soul/5I67IXwHIMi0svzyp7GxUe.pickle
Error downloading file: https://github.com/NiharikaCNR/STAT605-Project/raw/main/data/tracks/Neo-Soul/3k6Y1ESBwF1low4hHsY4wu.pickle
Error downloading file: https://github.com/NiharikaCNR/STAT605-Project/raw/main/data/tracks/Neo-Soul/4elUB6bs5rrPbqlajs1oYp.pickle
Error downloading file: https://github.com/NiharikaCNR/STAT605-Project/raw/main/data/tracks/Neo-Soul/4JoDBcODOajOx3ZRQlSa7o.pickle
Error downloading file: https://github.com/NiharikaCNR/STAT605-Project/raw/main/data/tracks/Neo-Soul/2QLNDKL7hZyh2OZ8UL9WrV.pickle
Error downloading file: https://github.com/NiharikaCNR/STAT605-Project/raw/main/data/tracks/Neo-Soul/2QLNDKL7hZyh2OZ8UL9WrV.pickle
Error downloading file: https://github.com/NiharikaCNR/STAT605-Project/raw/main/data/tracks/Neo-Soul/2QLNDKL7hZyh2OZ8UL9WrV.pickle
Error downloading file: https://github.com/NiharikaCNR/STAT605-Project/raw/main/data/tracks/Neo-Soul/2QLNDKL7hZyh2OZ8UL9WrV.pickle
Error downloading file: https://github.com/NiharikaCNR/STAT605-Project/raw/main/data/tracks/Neo-Soul/7bKxc7UstlRxOtNBvLjGSs.pickle
Error downloading file: https://github.com/NiharikaCNR/STAT605-Project/raw/main/data/tracks/Neo-Soul/5SFssNXGjeOxdAnECfgttm.pickle
Error downloading file: https://github.com/NiharikaCNR/STAT605-Project/raw/main/data/tracks/Neo-Soul/5SFssNXGjeOxdAnECfgttm.pickle
Error downloading file: https://github.com/NiharikaCNR/STAT605-Project/raw/main/data/tracks/Neo-Soul/5SFssNXGjeOxdAnECfgttm.pickle
Error downloading file: https://github.com/NiharikaCNR/STAT605-Project/raw/main/data/tracks/Neo-Soul/5SFssNXGjeOxdAnECfgttm.pickle
Error downloading file: https://github.com/NiharikaCNR/STAT605-Project/raw/main/data/tracks/Neo-Soul/48W7McHimPkahK5MsYpy3H.pickle
Error downloading file: https://github.com/NiharikaCNR/STAT605-Project/raw/main/data/tracks/Neo-Soul/4c3d0xt7rUFDV7EnnRYi4i.pickle
Error downloading file: https://github.com/NiharikaCNR/STAT605-Project/raw/main/data/tracks/Neo-Soul/7pv80uUHfocFqfTytu1MVi.pickle
Error downloading file: https://github.com/NiharikaCNR/STAT605-Project/raw/main/data/tracks/Neo-Soul/7pv80uUHfocFqfTytu1MVi.pickle
Error downloading file: https://github.com/NiharikaCNR/STAT605-Project/raw/main/data/tracks/Neo-Soul/7pv80uUHfocFqfTytu1MVi.pickle
Error downloading file: https://github.com/NiharikaCNR/STAT605-Project/raw/main/data/tracks/Neo-Soul/7pv80uUHfocFqfTytu1MVi.pickle
Error downloading file: https://github.com/NiharikaCNR/STAT605-Project/raw/main/data/tracks/Neo-Soul/7pv80uUHfocFqfTytu1MVi.pickle
Error downloading file: https://github.com/NiharikaCNR/STAT605-Project/raw/main/data/tracks/Neo-Soul/7pv80uUHfocFqfTytu1MVi.pickle
Error downloading file: https://github.com/NiharikaCNR/STAT605-Project/raw/main/data/tracks/Neo-Soul/7pv80uUHfocFqfTytu1MVi.pickle
Error downloading file: https://github.com/NiharikaCNR/STAT605-Project/raw/main/data/tracks/Neo-Soul/7pv80uUHfocFqfTytu1MVi.pickle
Error downloading file: https://github.com/NiharikaCNR/STAT605-Project/raw/main/data/tracks/Neo-Soul/7pv80uUHfocFqfTytu1MVi.pickle
Error downloading file: https://github.com/NiharikaCNR/STAT605-Project/raw/main/data/tracks/Neo-Soul/7pv80uUHfocFqfTytu1MVi.pickle
Error downloading file: https://github.com/NiharikaCNR/STAT605-Project/raw/main/data/tracks/Neo-Soul/7pv80uUHfocFqfTytu1MVi.pickle
Error downloading file: https://github.com/NiharikaCNR/STAT605-Project/raw/main/data/tracks/Neo-Soul/7pv80uUHfocFqfTytu1MVi.pickle
Error downloading file: https://github.com/NiharikaCNR/STAT605-Project/raw/main/data/tracks/Neo-Soul/7pv80uUHfocFqfTytu1MVi.pickle
Error downloading file: https://github.com/NiharikaCNR/STAT605-Project/raw/main/data/tracks/Neo-Soul/7pv80uUHfocFqfTytu1MVi.pickle
Error downloading file: https://github.com/NiharikaCNR/STAT605-Project/raw/main/data/tracks/Neo-Soul/7pv80uUHfocFqfTytu1MVi.pickle
Error downloading file: https://github.com/NiharikaCNR/STAT605-Project/raw/main/data/tracks/Neo-Soul/7pv80uUHfocFqfTytu1MVi.pickle
Error downloading file: https://github.com/NiharikaCNR/STAT605-Project/raw/main/data/tracks/Neo-Soul/3wv9jIR1DAGxTRMm1kH6GL.pickle
Error downloading file: https://github.com/NiharikaCNR/STAT605-Project/raw/main/data/tracks/Neo-Soul/5RAg4KQ9PT3z0aoIv7jfKV.pickle
Error downloading file: https://github.com/NiharikaCNR/STAT605-Project/raw/main/data/tracks/Neo-Soul/7uP42ncMnsgL3adyj9px5c.pickle
Error downloading file: https://github.com/NiharikaCNR/STAT605-Project/raw/main/data/tracks/Neo-Soul/6ohzjop0VYBRZ12ichlwg5.pickle
Error downloading file: https://github.com/NiharikaCNR/STAT605-Project/raw/main/data/tracks/Neo-Soul/6ohzjop0VYBRZ12ichlwg5.pickle
Error downloading file: https://github.com/NiharikaCNR/STAT605-Project/raw/main/data/tracks/Neo-Soul/6ohzjop0VYBRZ12ichlwg5.pickle
Error downloading file: https://github.com/NiharikaCNR/STAT605-Project/raw/main/data/tracks/Neo-Soul/6ohzjop0VYBRZ12ichlwg5.pickle
Error downloading file: https://github.com/NiharikaCNR/STAT605-Project/raw/main/data/tracks/Neo-Soul/0ulct3cASnhGvaGhFIuIyZ.pickle
Error downloading file: https://github.com/NiharikaCNR/STAT605-Project/raw/main/data/tracks/Neo-Soul/1rfGO3N4DPGodJLSSY9Re5.pickle
Error downloading file: https://github.com/NiharikaCNR/STAT605-Project/raw/main/data/tracks/Neo-Soul/0xQT5kbfnrU9Dv7x4MtMbi.pickle
Error downloading file: https://github.com/NiharikaCNR/STAT605-Project/raw/main/data/tracks/Neo-Soul/3LfHBTYZBTqmz43tvVXJBd.pickle
Error downloading file: https://github.com/NiharikaCNR/STAT605-Project/raw/main/data/tracks/Neo-Soul/48KXAIruJ07kJVCWOGohMV.pickle
Error downloading file: https://github.com/NiharikaCNR/STAT605-Project/raw/main/data/tracks/Neo-Soul/6ZDQdAeTYt13V67K7LJXDv.pickle
Error downloading file: https://github.com/NiharikaCNR/STAT605-Project/raw/main/data/tracks/Neo-Soul/3nXrCAE44KlevAkQB2XWcN.pickle
Error downloading file: https://github.com/NiharikaCNR/STAT605-Project/raw/main/data/tracks/Neo-Soul/3nXrCAE44KlevAkQB2XWcN.pickle
Error downloading file: https://github.com/NiharikaCNR/STAT605-Project/raw/main/data/tracks/Neo-Soul/3nXrCAE44KlevAkQB2XWcN.pickle
Error downloading file: https://github.com/NiharikaCNR/STAT605-Project/raw/main/data/tracks/Neo-Soul/3nXrCAE44KlevAkQB2XWcN.pickle
Error downloading file: https://github.com/NiharikaCNR/STAT605-Project/raw/main/data/tracks/Neo-Soul/3pEGNvJWWAfDSuUrQjEpEV.pickle
Error downloading file: https://github.com/NiharikaCNR/STAT605-Project/raw/main/data/tracks/Neo-Soul/3pEGNvJWWAfDSuUrQjEpEV.pickle
Error downloading file: https://github.com/NiharikaCNR/STAT605-Project/raw/main/data/tracks/Neo-Soul/3pEGNvJWWAfDSuUrQjEpEV.pickle
Error downloading file: https://github.com/NiharikaCNR/STAT605-Project/raw/main/data/tracks/Neo-Soul/3pEGNvJWWAfDSuUrQjEpEV.pickle
Error downloading file: https://github.com/NiharikaCNR/STAT605-Project/raw/main/data/tracks/Neo-Soul/6GCIYIWUBSLontW6divqsw.pickle
Error downloading file: https://github.com/NiharikaCNR/STAT605-Project/raw/main/data/tracks/Neo-Soul/4PnsvxbXokJUKLi3Shuu1P.pickle
Error downloading file: https://github.com/NiharikaCNR/STAT605-Project/raw/main/data/tracks/Neo-Soul/7mvma3mO5hSyhVbJDXxtFz.pickle
Error downloading file: https://github.com/NiharikaCNR/STAT605-Project/raw/main/data/tracks/Neo-Soul/6RQ0i7rApnnWSI8uEiGVVF.pickle
Error downloading file: https://github.com/NiharikaCNR/STAT605-Project/raw/main/data/tracks/Neo-Soul/6RQ0i7rApnnWSI8uEiGVVF.pickle
Error downloading file: https://github.com/NiharikaCNR/STAT605-Project/raw/main/data/tracks/Neo-Soul/6RQ0i7rApnnWSI8uEiGVVF.pickle
Error downloading file: https://github.com/NiharikaCNR/STAT605-Project/raw/main/data/tracks/Neo-Soul/6RQ0i7rApnnWSI8uEiGVVF.pickle
Error downloading file: https://github.com/NiharikaCNR/STAT605-Project/raw/main/data/tracks/Neo-Soul/0JYaCnwwLv7dSAGEzJLxkd.pickle
Error downloading file: https://github.com/NiharikaCNR/STAT605-Project/raw/main/data/tracks/Neo-Soul/0JYaCnwwLv7dSAGEzJLxkd.pickle
Error downloading file: https://github.com/NiharikaCNR/STAT605-Project/raw/main/data/tracks/Neo-Soul/0JYaCnwwLv7dSAGEzJLxkd.pickle
Error downloading file: https://github.com/NiharikaCNR/STAT605-Project/raw/main/data/tracks/Neo-Soul/0JYaCnwwLv7dSAGEzJLxkd.pickle
Error downloading file: https://github.com/NiharikaCNR/STAT605-Project/raw/main/data/tracks/Neo-Soul/0JYaCnwwLv7dSAGEzJLxkd.pickle
Error downloading file: https://github.com/NiharikaCNR/STAT605-Project/raw/main/data/tracks/Neo-Soul/0JYaCnwwLv7dSAGEzJLxkd.pickle
Error downloading file: https://github.com/NiharikaCNR/STAT605-Project/raw/main/data/tracks/Neo-Soul/0JYaCnwwLv7dSAGEzJLxkd.pickle
Error downloading file: https://github.com/NiharikaCNR/STAT605-Project/raw/main/data/tracks/Neo-Soul/0JYaCnwwLv7dSAGEzJLxkd.pickle
Error downloading file: https://github.com/NiharikaCNR/STAT605-Project/raw/main/data/tracks/Neo-Soul/0JYaCnwwLv7dSAGEzJLxkd.pickle
Error downloading file: https://github.com/NiharikaCNR/STAT605-Project/raw/main/data/tracks/Neo-Soul/0JYaCnwwLv7dSAGEzJLxkd.pickle
Error downloading file: https://github.com/NiharikaCNR/STAT605-Project/raw/main/data/tracks/Neo-Soul/0JYaCnwwLv7dSAGEzJLxkd.pickle
Error downloading file: https://github.com/NiharikaCNR/STAT605-Project/raw/main/data/tracks/Neo-Soul/0JYaCnwwLv7dSAGEzJLxkd.pickle
Error downloading file: https://github.com/NiharikaCNR/STAT605-Project/raw/main/data/tracks/Neo-Soul/0JYaCnwwLv7dSAGEzJLxkd.pickle
Error downloading file: https://github.com/NiharikaCNR/STAT605-Project/raw/main/data/tracks/Neo-Soul/0JYaCnwwLv7dSAGEzJLxkd.pickle
Error downloading file: https://github.com/NiharikaCNR/STAT605-Project/raw/main/data/tracks/Neo-Soul/0JYaCnwwLv7dSAGEzJLxkd.pickle
Error downloading file: https://github.com/NiharikaCNR/STAT605-Project/raw/main/data/tracks/Neo-Soul/0JYaCnwwLv7dSAGEzJLxkd.pickle
Error downloading file: https://github.com/NiharikaCNR/STAT605-Project/raw/main/data/tracks/Neo-Soul/6gU9OKjOE7ghfEd55oRO57.pickle
Error downloading file: https://github.com/NiharikaCNR/STAT605-Project/raw/main/data/tracks/Neo-Soul/3c5gLGgwRrE7sQYSNHCXEj.pickle
Error downloading file: https://github.com/NiharikaCNR/STAT605-Project/raw/main/data/tracks/Neo-Soul/1Ahp4PZ1vzdbzBCedUrsqI.pickle
Error downloading file: https://github.com/NiharikaCNR/STAT605-Project/raw/main/data/tracks/Neo-Soul/78MK55UVcSHXWpNuT0I1bC.pickle
Error downloading file: https://github.com/NiharikaCNR/STAT605-Project/raw/main/data/tracks/Neo-Soul/4pdLZsxq0y5oJDb6Cxlokw.pickle
Error downloading file: https://github.com/NiharikaCNR/STAT605-Project/raw/main/data/tracks/Neo-Soul/4pdLZsxq0y5oJDb6Cxlokw.pickle
Error downloading file: https://github.com/NiharikaCNR/STAT605-Project/raw/main/data/tracks/Neo-Soul/4pdLZsxq0y5oJDb6Cxlokw.pickle
Error downloading file: https://github.com/NiharikaCNR/STAT605-Project/raw/main/data/tracks/Neo-Soul/4pdLZsxq0y5oJDb6Cxlokw.pickle
Error downloading file: https://github.com/NiharikaCNR/STAT605-Project/raw/main/data/tracks/Neo-Soul/5NhlpQ6BOIz3S5welptk1W.pickle
Error downloading file: https://github.com/NiharikaCNR/STAT605-Project/raw/main/data/tracks/Neo-Soul/51rPRW8NjxZoWPPjnRGzHw.pickle
Error downloading file: https://github.com/NiharikaCNR/STAT605-Project/raw/main/data/tracks/Neo-Soul/51rPRW8NjxZoWPPjnRGzHw.pickle
Error downloading file: https://github.com/NiharikaCNR/STAT605-Project/raw/main/data/tracks/Neo-Soul/51rPRW8NjxZoWPPjnRGzHw.pickle
Error downloading file: https://github.com/NiharikaCNR/STAT605-Project/raw/main/data/tracks/Neo-Soul/51rPRW8NjxZoWPPjnRGzHw.pickle
Error downloading file: https://github.com/NiharikaCNR/STAT605-Project/raw/main/data/tracks/Neo-Soul/51rPRW8NjxZoWPPjnRGzHw.pickle
Error downloading file: https://github.com/NiharikaCNR/STAT605-Project/raw/main/data/tracks/Neo-Soul/51rPRW8NjxZoWPPjnRGzHw.pickle
Error downloading file: https://github.com/NiharikaCNR/STAT605-Project/raw/main/data/tracks/Neo-Soul/51rPRW8NjxZoWPPjnRGzHw.pickle
Error downloading file: https://github.com/NiharikaCNR/STAT605-Project/raw/main/data/tracks/Neo-Soul/51rPRW8NjxZoWPPjnRGzHw.pickle
Error downloading file: https://github.com/NiharikaCNR/STAT605-Project/raw/main/data/tracks/Neo-Soul/51rPRW8NjxZoWPPjnRGzHw.pickle
Error downloading file: https://github.com/NiharikaCNR/STAT605-Project/raw/main/data/tracks/Neo-Soul/51rPRW8NjxZoWPPjnRGzHw.pickle
Error downloading file: https://github.com/NiharikaCNR/STAT605-Project/raw/main/data/tracks/Neo-Soul/51rPRW8NjxZoWPPjnRGzHw.pickle
Error downloading file: https://github.com/NiharikaCNR/STAT605-Project/raw/main/data/tracks/Neo-Soul/51rPRW8NjxZoWPPjnRGzHw.pickle
Error downloading file: https://github.com/NiharikaCNR/STAT605-Project/raw/main/data/tracks/Neo-Soul/51rPRW8NjxZoWPPjnRGzHw.pickle
Error downloading file: https://github.com/NiharikaCNR/STAT605-Project/raw/main/data/tracks/Neo-Soul/51rPRW8NjxZoWPPjnRGzHw.pickle
Error downloading file: https://github.com/NiharikaCNR/STAT605-Project/raw/main/data/tracks/Neo-Soul/51rPRW8NjxZoWPPjnRGzHw.pickle
Error downloading file: https://github.com/NiharikaCNR/STAT605-Project/raw/main/data/tracks/Neo-Soul/51rPRW8NjxZoWPPjnRGzHw.pickle
Error downloading file: https://github.com/NiharikaCNR/STAT605-Project/raw/main/data/tracks/Neo-Soul/51rPRW8NjxZoWPPjnRGzHw.pickle
Error downloading file: https://github.com/NiharikaCNR/STAT605-Project/raw/main/data/tracks/Neo-Soul/51rPRW8NjxZoWPPjnRGzHw.pickle
Error downloading file: https://github.com/NiharikaCNR/STAT605-Project/raw/main/data/tracks/Neo-Soul/51rPRW8NjxZoWPPjnRGzHw.pickle
Error downloading file: https://github.com/NiharikaCNR/STAT605-Project/raw/main/data/tracks/Neo-Soul/51rPRW8NjxZoWPPjnRGzHw.pickle
Error downloading file: https://github.com/NiharikaCNR/STAT605-Project/raw/main/data/tracks/Neo-Soul/51rPRW8NjxZoWPPjnRGzHw.pickle
Error downloading file: https://github.com/NiharikaCNR/STAT605-Project/raw/main/data/tracks/Neo-Soul/51rPRW8NjxZoWPPjnRGzHw.pickle
Error downloading file: https://github.com/NiharikaCNR/STAT605-Project/raw/main/data/tracks/Neo-Soul/51rPRW8NjxZoWPPjnRGzHw.pickle
Error downloading file: https://github.com/NiharikaCNR/STAT605-Project/raw/main/data/tracks/Neo-Soul/51rPRW8NjxZoWPPjnRGzHw.pickle
Error downloading file: https://github.com/NiharikaCNR/STAT605-Project/raw/main/data/tracks/Neo-Soul/51rPRW8NjxZoWPPjnRGzHw.pickle
Error downloading file: https://github.com/NiharikaCNR/STAT605-Project/raw/main/data/tracks/Neo-Soul/2EFuKYBalAcplMyUVL3BDH.pickle
Error downloading file: https://github.com/NiharikaCNR/STAT605-Project/raw/main/data/tracks/Neo-Soul/439X8jGytErRiPnaoUJHju.pickle
Error downloading file: https://github.com/NiharikaCNR/STAT605-Project/raw/main/data/tracks/Neo-Soul/1OxL1FWSEd7QmJoWLRP2NO.pickle
Error downloading file: https://github.com/NiharikaCNR/STAT605-Project/raw/main/data/tracks/Neo-Soul/1OxL1FWSEd7QmJoWLRP2NO.pickle
Error downloading file: https://github.com/NiharikaCNR/STAT605-Project/raw/main/data/tracks/Neo-Soul/1OxL1FWSEd7QmJoWLRP2NO.pickle
Error downloading file: https://github.com/NiharikaCNR/STAT605-Project/raw/main/data/tracks/Neo-Soul/1OxL1FWSEd7QmJoWLRP2NO.pickle
Error downloading file: https://github.com/NiharikaCNR/STAT605-Project/raw/main/data/tracks/Neo-Soul/4jpBAzEAWq9GVyELGtkKAx.pickle
Error downloading file: https://github.com/NiharikaCNR/STAT605-Project/raw/main/data/tracks/Neo-Soul/0MDYvPEc9CFp2vkth6eoOQ.pickle
Error downloading file: https://github.com/NiharikaCNR/STAT605-Project/raw/main/data/tracks/Neo-Soul/5TVlcZRCVoJVi9OaDvGxEB.pickle
Error downloading file: https://github.com/NiharikaCNR/STAT605-Project/raw/main/data/tracks/Neo-Soul/4ugLp0bGRzn333EjSC6Qdl.pickle
Error downloading file: https://github.com/NiharikaCNR/STAT605-Project/raw/main/data/tracks/Neo-Soul/0KS2h61pHQ4WmOwruD7uxD.pickle
Error downloading file: https://github.com/NiharikaCNR/STAT605-Project/raw/main/data/tracks/Neo-Soul/7HnkUNPrhRurdGEm9nRYFH.pickle
Error downloading file: https://github.com/NiharikaCNR/STAT605-Project/raw/main/data/tracks/Neo-Soul/4nESnAOALHmxg8UFCCtXhO.pickle
Error downloading file: https://github.com/NiharikaCNR/STAT605-Project/raw/main/data/tracks/Neo-Soul/02CygBCQOIyEuhNZqHHcNx.pickle
Error downloading file: https://github.com/NiharikaCNR/STAT605-Project/raw/main/data/tracks/Neo-Soul/15TXlsD9MvHSbpmujOwL7H.pickle
Error downloading file: https://github.com/NiharikaCNR/STAT605-Project/raw/main/data/tracks/Neo-Soul/5fQBa4wkmq28xpSLOQ202K.pickle
Error downloading file: https://github.com/NiharikaCNR/STAT605-Project/raw/main/data/tracks/Neo-Soul/7hzgk557YLr0722EFkmp9Z.pickle
Error downloading file: https://github.com/NiharikaCNR/STAT605-Project/raw/main/data/tracks/Neo-Soul/7hzgk557YLr0722EFkmp9Z.pickle
Error downloading file: https://github.com/NiharikaCNR/STAT605-Project/raw/main/data/tracks/Neo-Soul/7hzgk557YLr0722EFkmp9Z.pickle
Error downloading file: https://github.com/NiharikaCNR/STAT605-Project/raw/main/data/tracks/Neo-Soul/7hzgk557YLr0722EFkmp9Z.pickle
Error downloading file: https://github.com/NiharikaCNR/STAT605-Project/raw/main/data/tracks/Neo-Soul/7hzgk557YLr0722EFkmp9Z.pickle
Error downloading file: https://github.com/NiharikaCNR/STAT605-Project/raw/main/data/tracks/Neo-Soul/7hzgk557YLr0722EFkmp9Z.pickle
Error downloading file: https://github.com/NiharikaCNR/STAT605-Project/raw/main/data/tracks/Neo-Soul/7hzgk557YLr0722EFkmp9Z.pickle
Error downloading file: https://github.com/NiharikaCNR/STAT605-Project/raw/main/data/tracks/Neo-Soul/7hzgk557YLr0722EFkmp9Z.pickle
Error downloading file: https://github.com/NiharikaCNR/STAT605-Project/raw/main/data/tracks/Neo-Soul/7hzgk557YLr0722EFkmp9Z.pickle
Error downloading file: https://github.com/NiharikaCNR/STAT605-Project/raw/main/data/tracks/Neo-Soul/4bJ7tMJqfYmkKgCYzaaG4B.pickle
Error downloading file: https://github.com/NiharikaCNR/STAT605-Project/raw/main/data/tracks/Neo-Soul/6l4TNbfPtNAOOlGIfceSaO.pickle
Error downloading file: https://github.com/NiharikaCNR/STAT605-Project/raw/main/data/tracks/Neo-Soul/6l4TNbfPtNAOOlGIfceSaO.pickle
Error downloading file: https://github.com/NiharikaCNR/STAT605-Project/raw/main/data/tracks/Neo-Soul/6l4TNbfPtNAOOlGIfceSaO.pickle
Error downloading file: https://github.com/NiharikaCNR/STAT605-Project/raw/main/data/tracks/Neo-Soul/6l4TNbfPtNAOOlGIfceSaO.pickle
Error downloading file: https://github.com/NiharikaCNR/STAT605-Project/raw/main/data/tracks/Neo-Soul/6l4TNbfPtNAOOlGIfceSaO.pickle
Error downloading file: https://github.com/NiharikaCNR/STAT605-Project/raw/main/data/tracks/Neo-Soul/6l4TNbfPtNAOOlGIfceSaO.pickle
Error downloading file: https://github.com/NiharikaCNR/STAT605-Project/raw/main/data/tracks/Neo-Soul/6l4TNbfPtNAOOlGIfceSaO.pickle
Error downloading file: https://github.com/NiharikaCNR/STAT605-Project/raw/main/data/tracks/Neo-Soul/6l4TNbfPtNAOOlGIfceSaO.pickle
Error downloading file: https://github.com/NiharikaCNR/STAT605-Project/raw/main/data/tracks/Neo-Soul/6l4TNbfPtNAOOlGIfceSaO.pickle
Error downloading file: https://github.com/NiharikaCNR/STAT605-Project/raw/main/data/tracks/Neo-Soul/3f50PY0yOtMHo9BgCX9WRJ.pickle
Error downloading file: https://github.com/NiharikaCNR/STAT605-Project/raw/main/data/tracks/Neo-Soul/3BTOodY6hBvbVLuSQcxPRF.pickle
Error downloading file: https://github.com/NiharikaCNR/STAT605-Project/raw/main/data/tracks/Neo-Soul/0P6AWOA4LG1XOctzaVu5tt.pickle
Error downloading file: https://github.com/NiharikaCNR/STAT605-Project/raw/main/data/tracks/Neo-Soul/61Ivix5DTnDPVjp1dgLyov.pickle
Error downloading file: https://github.com/NiharikaCNR/STAT605-Project/raw/main/data/tracks/Neo-Soul/6HxweNytuEQdmGeVtZPZz3.pickle
Error downloading file: https://github.com/NiharikaCNR/STAT605-Project/raw/main/data/tracks/Neo-Soul/4oiAlcisfimXQc1wyAtX9a.pickle
Error downloading file: https://github.com/NiharikaCNR/STAT605-Project/raw/main/data/tracks/Neo-Soul/4oiAlcisfimXQc1wyAtX9a.pickle
Error downloading file: https://github.com/NiharikaCNR/STAT605-Project/raw/main/data/tracks/Neo-Soul/4oiAlcisfimXQc1wyAtX9a.pickle
Error downloading file: https://github.com/NiharikaCNR/STAT605-Project/raw/main/data/tracks/Neo-Soul/4oiAlcisfimXQc1wyAtX9a.pickle
Error downloading file: https://github.com/NiharikaCNR/STAT605-Project/raw/main/data/tracks/Neo-Soul/4oiAlcisfimXQc1wyAtX9a.pickle
Error downloading file: https://github.com/NiharikaCNR/STAT605-Project/raw/main/data/tracks/Neo-Soul/4oiAlcisfimXQc1wyAtX9a.pickle
Error downloading file: https://github.com/NiharikaCNR/STAT605-Project/raw/main/data/tracks/Neo-Soul/4oiAlcisfimXQc1wyAtX9a.pickle
Error downloading file: https://github.com/NiharikaCNR/STAT605-Project/raw/main/data/tracks/Neo-Soul/4oiAlcisfimXQc1wyAtX9a.pickle
Error downloading file: https://github.com/NiharikaCNR/STAT605-Project/raw/main/data/tracks/Neo-Soul/4oiAlcisfimXQc1wyAtX9a.pickle
Error downloading file: https://github.com/NiharikaCNR/STAT605-Project/raw/main/data/tracks/Neo-Soul/4oiAlcisfimXQc1wyAtX9a.pickle
Error downloading file: https://github.com/NiharikaCNR/STAT605-Project/raw/main/data/tracks/Neo-Soul/4oiAlcisfimXQc1wyAtX9a.pickle
Error downloading file: https://github.com/NiharikaCNR/STAT605-Project/raw/main/data/tracks/Neo-Soul/4oiAlcisfimXQc1wyAtX9a.pickle
Error downloading file: https://github.com/NiharikaCNR/STAT605-Project/raw/main/data/tracks/Neo-Soul/4oiAlcisfimXQc1wyAtX9a.pickle
Error downloading file: https://github.com/NiharikaCNR/STAT605-Project/raw/main/data/tracks/Neo-Soul/4oiAlcisfimXQc1wyAtX9a.pickle
Error downloading file: https://github.com/NiharikaCNR/STAT605-Project/raw/main/data/tracks/Neo-Soul/4oiAlcisfimXQc1wyAtX9a.pickle
Error downloading file: https://github.com/NiharikaCNR/STAT605-Project/raw/main/data/tracks/Neo-Soul/4oiAlcisfimXQc1wyAtX9a.pickle
Error downloading file: https://github.com/NiharikaCNR/STAT605-Project/raw/main/data/tracks/Neo-Soul/4A7DUET5H4f7dJkUhjfVFB.pickle
Error downloading file: https://github.com/NiharikaCNR/STAT605-Project/raw/main/data/tracks/Neo-Soul/2BPq1IXa9vEJpvG5TEaxgp.pickle
Error downloading file: https://github.com/NiharikaCNR/STAT605-Project/raw/main/data/tracks/Neo-Soul/3tZm76otWH20xzJC7icHCk.pickle
Error downloading file: https://github.com/NiharikaCNR/STAT605-Project/raw/main/data/tracks/Neo-Soul/3tZm76otWH20xzJC7icHCk.pickle
Error downloading file: https://github.com/NiharikaCNR/STAT605-Project/raw/main/data/tracks/Neo-Soul/3tZm76otWH20xzJC7icHCk.pickle
Error downloading file: https://github.com/NiharikaCNR/STAT605-Project/raw/main/data/tracks/Neo-Soul/3tZm76otWH20xzJC7icHCk.pickle
Error downloading file: https://github.com/NiharikaCNR/STAT605-Project/raw/main/data/tracks/Neo-Soul/1CbxG199T0fzfUV5EO7aPV.pickle
Error downloading file: https://github.com/NiharikaCNR/STAT605-Project/raw/main/data/tracks/Neo-Soul/5v1SuYGd6VFMGu8nVHzajO.pickle
Error downloading file: https://github.com/NiharikaCNR/STAT605-Project/raw/main/data/tracks/Neo-Soul/6pHo3k15lbYuljy5GyZsV2.pickle
Error downloading file: https://github.com/NiharikaCNR/STAT605-Project/raw/main/data/tracks/Neo-Soul/6pHo3k15lbYuljy5GyZsV2.pickle
Error downloading file: https://github.com/NiharikaCNR/STAT605-Project/raw/main/data/tracks/Neo-Soul/6pHo3k15lbYuljy5GyZsV2.pickle
Error downloading file: https://github.com/NiharikaCNR/STAT605-Project/raw/main/data/tracks/Neo-Soul/6pHo3k15lbYuljy5GyZsV2.pickle
Error downloading file: https://github.com/NiharikaCNR/STAT605-Project/raw/main/data/tracks/Neo-Soul/3c6afiysmB7OnxQzzSqRfD.pickle
Error downloading file: https://github.com/NiharikaCNR/STAT605-Project/raw/main/data/tracks/Neo-Soul/2hlT89txX7ehfXmDwPPsDj.pickle
Error downloading file: https://github.com/NiharikaCNR/STAT605-Project/raw/main/data/tracks/Neo-Soul/3DPFmwFtV5ElQaTniLOdgk.pickle
Error downloading file: https://github.com/NiharikaCNR/STAT605-Project/raw/main/data/tracks/Neo-Soul/4c60yLpE5lXvICT0pyEaZ5.pickle
Error downloading file: https://github.com/NiharikaCNR/STAT605-Project/raw/main/data/tracks/Neo-Soul/01JPQ87UHeGysPVwTqMJHK.pickle
Error downloading file: https://github.com/NiharikaCNR/STAT605-Project/raw/main/data/tracks/Neo-Soul/01JPQ87UHeGysPVwTqMJHK.pickle
Error downloading file: https://github.com/NiharikaCNR/STAT605-Project/raw/main/data/tracks/Neo-Soul/01JPQ87UHeGysPVwTqMJHK.pickle
Error downloading file: https://github.com/NiharikaCNR/STAT605-Project/raw/main/data/tracks/Neo-Soul/01JPQ87UHeGysPVwTqMJHK.pickle
Error downloading file: https://github.com/NiharikaCNR/STAT605-Project/raw/main/data/tracks/Neo-Soul/6S5dMjMifQYmyTu1mX4f8P.pickle
Error downloading file: https://github.com/NiharikaCNR/STAT605-Project/raw/main/data/tracks/Neo-Soul/7MDfN1ldfTMtuXXdVz2Pzc.pickle
Error downloading file: https://github.com/NiharikaCNR/STAT605-Project/raw/main/data/tracks/Neo-Soul/0BhvzFxq3FHiMdGcLiTphr.pickle
Error downloading file: https://github.com/NiharikaCNR/STAT605-Project/raw/main/data/tracks/Neo-Soul/26qTfV9DiLTT5fBXgvXfFx.pickle
Error downloading file: https://github.com/NiharikaCNR/STAT605-Project/raw/main/data/tracks/Neo-Soul/5hLAvGak6o4xLKNbTmh2fp.pickle
Error downloading file: https://github.com/NiharikaCNR/STAT605-Project/raw/main/data/tracks/Neo-Soul/4VPpZXXeZHfpzvHNaPjLcF.pickle
Error downloading file: https://github.com/NiharikaCNR/STAT605-Project/raw/main/data/tracks/Neo-Soul/1kKLWkqyZEnrOd5tBYYCUn.pickle
Error downloading file: https://github.com/NiharikaCNR/STAT605-Project/raw/main/data/tracks/Neo-Soul/1kKLWkqyZEnrOd5tBYYCUn.pickle
Error downloading file: https://github.com/NiharikaCNR/STAT605-Project/raw/main/data/tracks/Neo-Soul/1kKLWkqyZEnrOd5tBYYCUn.pickle
Error downloading file: https://github.com/NiharikaCNR/STAT605-Project/raw/main/data/tracks/Neo-Soul/1kKLWkqyZEnrOd5tBYYCUn.pickle
Error downloading file: https://github.com/NiharikaCNR/STAT605-Project/raw/main/data/tracks/Neo-Soul/1kKLWkqyZEnrOd5tBYYCUn.pickle
Error downloading file: https://github.com/NiharikaCNR/STAT605-Project/raw/main/data/tracks/Neo-Soul/1kKLWkqyZEnrOd5tBYYCUn.pickle
Error downloading file: https://github.com/NiharikaCNR/STAT605-Project/raw/main/data/tracks/Neo-Soul/1kKLWkqyZEnrOd5tBYYCUn.pickle
Error downloading file: https://github.com/NiharikaCNR/STAT605-Project/raw/main/data/tracks/Neo-Soul/1kKLWkqyZEnrOd5tBYYCUn.pickle
Error downloading file: https://github.com/NiharikaCNR/STAT605-Project/raw/main/data/tracks/Neo-Soul/1kKLWkqyZEnrOd5tBYYCUn.pickle
Error downloading file: https://github.com/NiharikaCNR/STAT605-Project/raw/main/data/tracks/Neo-Soul/2TyCAfhwu5tRqFW8VnGMIL.pickle
Error downloading file: https://github.com/NiharikaCNR/STAT605-Project/raw/main/data/tracks/Neo-Soul/7BaDRi8gmRnOducT6KaOfc.pickle
Error downloading file: https://github.com/NiharikaCNR/STAT605-Project/raw/main/data/tracks/Neo-Soul/3unsLiH5FXmaDWtT5Imolu.pickle
Error downloading file: https://github.com/NiharikaCNR/STAT605-Project/raw/main/data/tracks/Neo-Soul/4xFCGg8grxbA3pGYrX1Mcp.pickle
Error downloading file: https://github.com/NiharikaCNR/STAT605-Project/raw/main/data/tracks/Neo-Soul/1XKAeevAbxSSMuTcRT0APS.pickle
Error downloading file: https://github.com/NiharikaCNR/STAT605-Project/raw/main/data/tracks/Neo-Soul/6W5Y6TSovS7gxOy6CfB9eA.pickle
Error downloading file: https://github.com/NiharikaCNR/STAT605-Project/raw/main/data/tracks/Neo-Soul/03UO77f0ccKwUjn46ArnSW.pickle
Error downloading file: https://github.com/NiharikaCNR/STAT605-Project/raw/main/data/tracks/Neo-Soul/0QOZNyjBIxrr794S2RMqrf.pickle
Error downloading file: https://github.com/NiharikaCNR/STAT605-Project/raw/main/data/tracks/Neo-Soul/0S4RKPbRDA72tvKwVdXQqe.pickle
Error downloading file: https://github.com/NiharikaCNR/STAT605-Project/raw/main/data/tracks/Neo-Soul/0deHsjyrgcKGMZzIuvawq3.pickle
Error downloading file: https://github.com/NiharikaCNR/STAT605-Project/raw/main/data/tracks/Neo-Soul/0kKrJbP4oATz98qQp2iXeC.pickle
Error downloading file: https://github.com/NiharikaCNR/STAT605-Project/raw/main/data/tracks/Neo-Soul/0kKrJbP4oATz98qQp2iXeC.pickle
Error downloading file: https://github.com/NiharikaCNR/STAT605-Project/raw/main/data/tracks/Neo-Soul/0kKrJbP4oATz98qQp2iXeC.pickle
Error downloading file: https://github.com/NiharikaCNR/STAT605-Project/raw/main/data/tracks/Neo-Soul/0kKrJbP4oATz98qQp2iXeC.pickle
Error downloading file: https://github.com/NiharikaCNR/STAT605-Project/raw/main/data/tracks/Neo-Soul/0otN4xqX87CxYFtbzQEPkS.pickle
Error downloading file: https://github.com/NiharikaCNR/STAT605-Project/raw/main/data/tracks/Neo-Soul/0otN4xqX87CxYFtbzQEPkS.pickle
Error downloading file: https://github.com/NiharikaCNR/STAT605-Project/raw/main/data/tracks/Neo-Soul/0otN4xqX87CxYFtbzQEPkS.pickle
Error downloading file: https://github.com/NiharikaCNR/STAT605-Project/raw/main/data/tracks/Neo-Soul/0otN4xqX87CxYFtbzQEPkS.pickle
Error downloading file: https://github.com/NiharikaCNR/STAT605-Project/raw/main/data/tracks/Neo-Soul/0u2P5u6lvoDfwTYjAADbn4.pickle
Error downloading file: https://github.com/NiharikaCNR/STAT605-Project/raw/main/data/tracks/Neo-Soul/1Eolhana7nKHYpcYpdVcT5.pickle
Error downloading file: https://github.com/NiharikaCNR/STAT605-Project/raw/main/data/tracks/Neo-Soul/1HA2V2EfAgJUBVOju4YfiB.pickle
Error downloading file: https://github.com/NiharikaCNR/STAT605-Project/raw/main/data/tracks/Neo-Soul/1I40L32fTSSkBkPeArX9Ul.pickle
Error downloading file: https://github.com/NiharikaCNR/STAT605-Project/raw/main/data/tracks/Neo-Soul/1I40L32fTSSkBkPeArX9Ul.pickle
Error downloading file: https://github.com/NiharikaCNR/STAT605-Project/raw/main/data/tracks/Neo-Soul/1I40L32fTSSkBkPeArX9Ul.pickle
Error downloading file: https://github.com/NiharikaCNR/STAT605-Project/raw/main/data/tracks/Neo-Soul/1I40L32fTSSkBkPeArX9Ul.pickle
Error downloading file: https://github.com/NiharikaCNR/STAT605-Project/raw/main/data/tracks/Neo-Soul/1I40L32fTSSkBkPeArX9Ul.pickle
Error downloading file: https://github.com/NiharikaCNR/STAT605-Project/raw/main/data/tracks/Neo-Soul/1I40L32fTSSkBkPeArX9Ul.pickle
Error downloading file: https://github.com/NiharikaCNR/STAT605-Project/raw/main/data/tracks/Neo-Soul/1I40L32fTSSkBkPeArX9Ul.pickle
Error downloading file: https://github.com/NiharikaCNR/STAT605-Project/raw/main/data/tracks/Neo-Soul/1I40L32fTSSkBkPeArX9Ul.pickle
Error downloading file: https://github.com/NiharikaCNR/STAT605-Project/raw/main/data/tracks/Neo-Soul/1I40L32fTSSkBkPeArX9Ul.pickle
Error downloading file: https://github.com/NiharikaCNR/STAT605-Project/raw/main/data/tracks/Neo-Soul/1NlWBpNYAnFT7gMGyC0Y1M.pickle
Error downloading file: https://github.com/NiharikaCNR/STAT605-Project/raw/main/data/tracks/Neo-Soul/1RI9Qpt8QbYtwfCW8npcO1.pickle
Error downloading file: https://github.com/NiharikaCNR/STAT605-Project/raw/main/data/tracks/Neo-Soul/1TPLsNVlofwX1txcE9gZZF.pickle
Error downloading file: https://github.com/NiharikaCNR/STAT605-Project/raw/main/data/tracks/Neo-Soul/1zi7xx7UVEFkmKfv06H8x0.pickle
Error downloading file: https://github.com/NiharikaCNR/STAT605-Project/raw/main/data/tracks/Neo-Soul/23c9gmiiv7RCu7twft0Mym.pickle
Error downloading file: https://github.com/NiharikaCNR/STAT605-Project/raw/main/data/tracks/Neo-Soul/2Ch7LmS7r2Gy2kc64wv3Bz.pickle
Error downloading file: https://github.com/NiharikaCNR/STAT605-Project/raw/main/data/tracks/Neo-Soul/2Gxna051PLTjjQVWTOP67D.pickle
Error downloading file: https://github.com/NiharikaCNR/STAT605-Project/raw/main/data/tracks/Neo-Soul/2Uu8IiLkLY0UXhCHka4Dlr.pickle
Error downloading file: https://github.com/NiharikaCNR/STAT605-Project/raw/main/data/tracks/Neo-Soul/2aPTvyE09vUCRwVvj0I8WK.pickle
Error downloading file: https://github.com/NiharikaCNR/STAT605-Project/raw/main/data/tracks/Neo-Soul/2cECFOWBuNNmPVUhlKLNtV.pickle
Error downloading file: https://github.com/NiharikaCNR/STAT605-Project/raw/main/data/tracks/Neo-Soul/2fhePAlCSsJplwkjqMYpVm.pickle
Error downloading file: https://github.com/NiharikaCNR/STAT605-Project/raw/main/data/tracks/Neo-Soul/2oRd8uU1u5aqUHw2VUKQoX.pickle
Error downloading file: https://github.com/NiharikaCNR/STAT605-Project/raw/main/data/tracks/Neo-Soul/34ZAzO78a5DAVNrYIGWcPm.pickle
Error downloading file: https://github.com/NiharikaCNR/STAT605-Project/raw/main/data/tracks/Neo-Soul/34ZAzO78a5DAVNrYIGWcPm.pickle
Error downloading file: https://github.com/NiharikaCNR/STAT605-Project/raw/main/data/tracks/Neo-Soul/34ZAzO78a5DAVNrYIGWcPm.pickle
Error downloading file: https://github.com/NiharikaCNR/STAT605-Project/raw/main/data/tracks/Neo-Soul/34ZAzO78a5DAVNrYIGWcPm.pickle
Error downloading file: https://github.com/NiharikaCNR/STAT605-Project/raw/main/data/tracks/Neo-Soul/384TJj6XyHUyNlCbdgm6Sz.pickle
Error downloading file: https://github.com/NiharikaCNR/STAT605-Project/raw/main/data/tracks/Neo-Soul/3cQmqM0awej9iAESjhKrI9.pickle
Error downloading file: https://github.com/NiharikaCNR/STAT605-Project/raw/main/data/tracks/Neo-Soul/3cQmqM0awej9iAESjhKrI9.pickle
Error downloading file: https://github.com/NiharikaCNR/STAT605-Project/raw/main/data/tracks/Neo-Soul/3cQmqM0awej9iAESjhKrI9.pickle
Error downloading file: https://github.com/NiharikaCNR/STAT605-Project/raw/main/data/tracks/Neo-Soul/3cQmqM0awej9iAESjhKrI9.pickle
Error downloading file: https://github.com/NiharikaCNR/STAT605-Project/raw/main/data/tracks/Neo-Soul/3xKsf9qdS1CyvXSMEid6g8.pickle
Error downloading file: https://github.com/NiharikaCNR/STAT605-Project/raw/main/data/tracks/Neo-Soul/3xKsf9qdS1CyvXSMEid6g8.pickle
Error downloading file: https://github.com/NiharikaCNR/STAT605-Project/raw/main/data/tracks/Neo-Soul/3xKsf9qdS1CyvXSMEid6g8.pickle
Error downloading file: https://github.com/NiharikaCNR/STAT605-Project/raw/main/data/tracks/Neo-Soul/3xKsf9qdS1CyvXSMEid6g8.pickle
Error downloading file: https://github.com/NiharikaCNR/STAT605-Project/raw/main/data/tracks/Neo-Soul/3yB5OgiAOt4Bi5MPWEIhtI.pickle
Error downloading file: https://github.com/NiharikaCNR/STAT605-Project/raw/main/data/tracks/Neo-Soul/40ZUYrNTx4WAWN39VkrCOW.pickle
Error downloading file: https://github.com/NiharikaCNR/STAT605-Project/raw/main/data/tracks/Neo-Soul/4jyU03J2YOhRxgOHit2auK.pickle
Error downloading file: https://github.com/NiharikaCNR/STAT605-Project/raw/main/data/tracks/Neo-Soul/4jyU03J2YOhRxgOHit2auK.pickle
Error downloading file: https://github.com/NiharikaCNR/STAT605-Project/raw/main/data/tracks/Neo-Soul/4jyU03J2YOhRxgOHit2auK.pickle
Error downloading file: https://github.com/NiharikaCNR/STAT605-Project/raw/main/data/tracks/Neo-Soul/4jyU03J2YOhRxgOHit2auK.pickle
Error downloading file: https://github.com/NiharikaCNR/STAT605-Project/raw/main/data/tracks/Neo-Soul/4jyU03J2YOhRxgOHit2auK.pickle
Error downloading file: https://github.com/NiharikaCNR/STAT605-Project/raw/main/data/tracks/Neo-Soul/4jyU03J2YOhRxgOHit2auK.pickle
Error downloading file: https://github.com/NiharikaCNR/STAT605-Project/raw/main/data/tracks/Neo-Soul/4jyU03J2YOhRxgOHit2auK.pickle
Error downloading file: https://github.com/NiharikaCNR/STAT605-Project/raw/main/data/tracks/Neo-Soul/4jyU03J2YOhRxgOHit2auK.pickle
Error downloading file: https://github.com/NiharikaCNR/STAT605-Project/raw/main/data/tracks/Neo-Soul/4jyU03J2YOhRxgOHit2auK.pickle
Error downloading file: https://github.com/NiharikaCNR/STAT605-Project/raw/main/data/tracks/Neo-Soul/51XZD1FCrWyU3dDWJH4nzb.pickle
Error downloading file: https://github.com/NiharikaCNR/STAT605-Project/raw/main/data/tracks/Neo-Soul/593W4qZOwwdqF6YnimJjL6.pickle
Error downloading file: https://github.com/NiharikaCNR/STAT605-Project/raw/main/data/tracks/Neo-Soul/5EYi2rH4LYs6M21ZLOyQTx.pickle
Error downloading file: https://github.com/NiharikaCNR/STAT605-Project/raw/main/data/tracks/Neo-Soul/5FG7Tl93LdH117jEKYl3Cm.pickle
Error downloading file: https://github.com/NiharikaCNR/STAT605-Project/raw/main/data/tracks/Neo-Soul/5QTdOvIF2ehBMZpSIIGzIo.pickle
Error downloading file: https://github.com/NiharikaCNR/STAT605-Project/raw/main/data/tracks/Neo-Soul/5VarZFY00sO54HErJ3TPCI.pickle
Error downloading file: https://github.com/NiharikaCNR/STAT605-Project/raw/main/data/tracks/Neo-Soul/5VmL8CrjM82tIGWwum8Cbo.pickle
Error downloading file: https://github.com/NiharikaCNR/STAT605-Project/raw/main/data/tracks/Neo-Soul/5mphdlILgAq3vh1MSvAJTS.pickle
Error downloading file: https://github.com/NiharikaCNR/STAT605-Project/raw/main/data/tracks/Neo-Soul/5pBniJ3qGel8RWK4PAu9Gy.pickle
Error downloading file: https://github.com/NiharikaCNR/STAT605-Project/raw/main/data/tracks/Neo-Soul/6qZjm61s6u8Ead9sWxCDro.pickle
Error downloading file: https://github.com/NiharikaCNR/STAT605-Project/raw/main/data/tracks/Neo-Soul/6qcnJmzaELWMtEGfULCI8n.pickle
Error downloading file: https://github.com/NiharikaCNR/STAT605-Project/raw/main/data/tracks/Neo-Soul/7Cu2COdH93MnuireuKNiS3.pickle
Error downloading file: https://github.com/NiharikaCNR/STAT605-Project/raw/main/data/tracks/Neo-Soul/7MGNHuYwmm9UjQgdVciO1v.pickle
Error downloading file: https://github.com/NiharikaCNR/STAT605-Project/raw/main/data/tracks/Neo-Soul/7MdZQXUBijQxcBkYz4G1Z5.pickle
Error downloading file: https://github.com/NiharikaCNR/STAT605-Project/raw/main/data/tracks/Neo-Soul/7pegxVesMmE2qK0o58xoFG.pickle
Error downloading file: https://github.com/NiharikaCNR/STAT605-Project/raw/main/data/tracks/Neo-Soul/7qKWAtneIWuObMgaj57yvx.pickle
Error downloading file: https://github.com/NiharikaCNR/STAT605-Project/raw/main/data/tracks/Neo-Soul/7qPdc4CH1GGZaHBImyoZ69.pickle
Error downloading file: https://github.com/NiharikaCNR/STAT605-Project/raw/main/data/tracks/Neo-Soul/7x2p9dFRQnLhjpPC9HpEuW.pickle
Error downloading file: https://github.com/NiharikaCNR/STAT605-Project/raw/main/data/tracks/Neo-Soul/7zFXmv6vqI4qOt4yGf3jYZ.pickle
Error downloading file: https://github.com/NiharikaCNR/STAT605-Project/raw/main/data/tracks/Neo-Soul/7zFXmv6vqI4qOt4yGf3jYZ.pickle
Error downloading file: https://github.com/NiharikaCNR/STAT605-Project/raw/main/data/tracks/Neo-Soul/7zFXmv6vqI4qOt4yGf3jYZ.pickle
Error downloading file: https://github.com/NiharikaCNR/STAT605-Project/raw/main/data/tracks/Neo-Soul/7zFXmv6vqI4qOt4yGf3jYZ.pickle
Error downloading file: https://github.com/NiharikaCNR/STAT605-Project/raw/main/data/tracks/Neo-Soul/7zFXmv6vqI4qOt4yGf3jYZ.pickle
Error downloading file: https://github.com/NiharikaCNR/STAT605-Project/raw/main/data/tracks/Neo-Soul/7zFXmv6vqI4qOt4yGf3jYZ.pickle
Error downloading file: https://github.com/NiharikaCNR/STAT605-Project/raw/main/data/tracks/Neo-Soul/7zFXmv6vqI4qOt4yGf3jYZ.pickle
Error downloading file: https://github.com/NiharikaCNR/STAT605-Project/raw/main/data/tracks/Neo-Soul/7zFXmv6vqI4qOt4yGf3jYZ.pickle
Error downloading file: https://github.com/NiharikaCNR/STAT605-Project/raw/main/data/tracks/Neo-Soul/7zFXmv6vqI4qOt4yGf3jYZ.pickle
Error downloading file: https://github.com/NiharikaCNR/STAT605-Project/raw/main/data/tracks/Neo-Soul/5nexAvWNhwg51EavnDgViy.pickle
Error downloading file: https://github.com/NiharikaCNR/STAT605-Project/raw/main/data/tracks/Neo-Soul/7H7NyZ3G075GqPx2evsfeb.pickle
Error downloading file: https://github.com/NiharikaCNR/STAT605-Project/raw/main/data/tracks/Neo-Soul/2vfPsGhqMbqmhjMGQ52dYf.pickle
Error downloading file: https://github.com/NiharikaCNR/STAT605-Project/raw/main/data/tracks/Neo-Soul/0vMr3GXZJi1IIIWE8bBJuZ.pickle
Error downloading file: https://github.com/NiharikaCNR/STAT605-Project/raw/main/data/tracks/Neo-Soul/0725YWm6Z0TpZ6wrNk64Eb.pickle
Error downloading file: https://github.com/NiharikaCNR/STAT605-Project/raw/main/data/tracks/Neo-Soul/6FBzhcfgGacfXF3AmtfEaX.pickle
Error downloading file: https://github.com/NiharikaCNR/STAT605-Project/raw/main/data/tracks/Neo-Soul/7KA4W4McWYRpgf0fWsJZWB.pickle
Error downloading file: https://github.com/NiharikaCNR/STAT605-Project/raw/main/data/tracks/Neo-Soul/0wXuerDYiBnERgIpbb3JBR.pickle
Error downloading file: https://github.com/NiharikaCNR/STAT605-Project/raw/main/data/tracks/Neo-Soul/7gh2v4IHnxdiwSgA6xluhe.pickle
Error downloading file: https://github.com/NiharikaCNR/STAT605-Project/raw/main/data/tracks/Neo-Soul/5kb6SkdQIq6eEPBA63oRag.pickle
Error downloading file: https://github.com/NiharikaCNR/STAT605-Project/raw/main/data/tracks/Neo-Soul/5yMQERKmNx6ajo4qHi1KT2.pickle
Error downloading file: https://github.com/NiharikaCNR/STAT605-Project/raw/main/data/tracks/Neo-Soul/5AjxmPt9dxQolwP4iasDGD.pickle
Error downloading file: https://github.com/NiharikaCNR/STAT605-Project/raw/main/data/tracks/Neo-Soul/3TpXajg1nKzG3ngc9tBwrD.pickle
Error downloading file: https://github.com/NiharikaCNR/STAT605-Project/raw/main/data/tracks/Neo-Soul/7eqoqGkKwgOaWNNHx90uEZ.pickle
Error downloading file: https://github.com/NiharikaCNR/STAT605-Project/raw/main/data/tracks/Neo-Soul/7eqoqGkKwgOaWNNHx90uEZ.pickle
Error downloading file: https://github.com/NiharikaCNR/STAT605-Project/raw/main/data/tracks/Neo-Soul/7eqoqGkKwgOaWNNHx90uEZ.pickle
Error downloading file: https://github.com/NiharikaCNR/STAT605-Project/raw/main/data/tracks/Neo-Soul/7eqoqGkKwgOaWNNHx90uEZ.pickle
