Error downloading file: https://github.com/NiharikaCNR/STAT605-Project/raw/main/data/tracks/Shoegaze/4qNibpcNRpEBL1NwOOrjCX.pickle
Error downloading file: https://github.com/NiharikaCNR/STAT605-Project/raw/main/data/tracks/Shoegaze/3tPaiHAXn0h82uUl8nAbnN.pickle
Error downloading file: https://github.com/NiharikaCNR/STAT605-Project/raw/main/data/tracks/Shoegaze/70WSr32oW4jC1na5I0j0D6.pickle
Error downloading file: https://github.com/NiharikaCNR/STAT605-Project/raw/main/data/tracks/Shoegaze/0tP8FKhJsar5y4JcOH4Rjp.pickle
Error downloading file: https://github.com/NiharikaCNR/STAT605-Project/raw/main/data/tracks/Shoegaze/1ZozGivTAYsOwhy6LVHsPX.pickle
Error downloading file: https://github.com/NiharikaCNR/STAT605-Project/raw/main/data/tracks/Shoegaze/3tYxhPqkioZEV5el3DJxLQ.pickle
Error downloading file: https://github.com/NiharikaCNR/STAT605-Project/raw/main/data/tracks/Shoegaze/50iBJRkGjjht3RiwD0VqLA.pickle
Error downloading file: https://github.com/NiharikaCNR/STAT605-Project/raw/main/data/tracks/Shoegaze/6lQE6LF3MU63Z6VyhPxaV3.pickle
Error downloading file: https://github.com/NiharikaCNR/STAT605-Project/raw/main/data/tracks/Shoegaze/7kxowOW75vOFqsdXd1TW31.pickle
Error downloading file: https://github.com/NiharikaCNR/STAT605-Project/raw/main/data/tracks/Shoegaze/21yuHrj83KWSLRsCvDN7Ul.pickle
Error downloading file: https://github.com/NiharikaCNR/STAT605-Project/raw/main/data/tracks/Shoegaze/21yuHrj83KWSLRsCvDN7Ul.pickle
Error downloading file: https://github.com/NiharikaCNR/STAT605-Project/raw/main/data/tracks/Shoegaze/21yuHrj83KWSLRsCvDN7Ul.pickle
Error downloading file: https://github.com/NiharikaCNR/STAT605-Project/raw/main/data/tracks/Shoegaze/21yuHrj83KWSLRsCvDN7Ul.pickle
Error downloading file: https://github.com/NiharikaCNR/STAT605-Project/raw/main/data/tracks/Shoegaze/6aoslVx9b2J5tbYvbp3TbD.pickle
Error downloading file: https://github.com/NiharikaCNR/STAT605-Project/raw/main/data/tracks/Shoegaze/6aoslVx9b2J5tbYvbp3TbD.pickle
Error downloading file: https://github.com/NiharikaCNR/STAT605-Project/raw/main/data/tracks/Shoegaze/6aoslVx9b2J5tbYvbp3TbD.pickle
Error downloading file: https://github.com/NiharikaCNR/STAT605-Project/raw/main/data/tracks/Shoegaze/6aoslVx9b2J5tbYvbp3TbD.pickle
Error downloading file: https://github.com/NiharikaCNR/STAT605-Project/raw/main/data/tracks/Shoegaze/6t7JhxmZXS0YrYgvQyRWZ1.pickle
Error downloading file: https://github.com/NiharikaCNR/STAT605-Project/raw/main/data/tracks/Shoegaze/3xvVuLA3YYZPd5mx8NOnN6.pickle
Error downloading file: https://github.com/NiharikaCNR/STAT605-Project/raw/main/data/tracks/Shoegaze/3xvVuLA3YYZPd5mx8NOnN6.pickle
Error downloading file: https://github.com/NiharikaCNR/STAT605-Project/raw/main/data/tracks/Shoegaze/3xvVuLA3YYZPd5mx8NOnN6.pickle
Error downloading file: https://github.com/NiharikaCNR/STAT605-Project/raw/main/data/tracks/Shoegaze/3xvVuLA3YYZPd5mx8NOnN6.pickle
Error downloading file: https://github.com/NiharikaCNR/STAT605-Project/raw/main/data/tracks/Shoegaze/3xvVuLA3YYZPd5mx8NOnN6.pickle
Error downloading file: https://github.com/NiharikaCNR/STAT605-Project/raw/main/data/tracks/Shoegaze/3xvVuLA3YYZPd5mx8NOnN6.pickle
Error downloading file: https://github.com/NiharikaCNR/STAT605-Project/raw/main/data/tracks/Shoegaze/3xvVuLA3YYZPd5mx8NOnN6.pickle
Error downloading file: https://github.com/NiharikaCNR/STAT605-Project/raw/main/data/tracks/Shoegaze/3xvVuLA3YYZPd5mx8NOnN6.pickle
Error downloading file: https://github.com/NiharikaCNR/STAT605-Project/raw/main/data/tracks/Shoegaze/3xvVuLA3YYZPd5mx8NOnN6.pickle
Error downloading file: https://github.com/NiharikaCNR/STAT605-Project/raw/main/data/tracks/Shoegaze/2xQoftRvm3Uk1V77dcArB3.pickle
Error downloading file: https://github.com/NiharikaCNR/STAT605-Project/raw/main/data/tracks/Shoegaze/5p8agvLs5qPIEZ7ygnmSMI.pickle
Error downloading file: https://github.com/NiharikaCNR/STAT605-Project/raw/main/data/tracks/Shoegaze/3k8ptnrHJn8LzQnvh413c5.pickle
Error downloading file: https://github.com/NiharikaCNR/STAT605-Project/raw/main/data/tracks/Shoegaze/1aDLUzCyYpRXgrjwUWzV2X.pickle
Error downloading file: https://github.com/NiharikaCNR/STAT605-Project/raw/main/data/tracks/Shoegaze/1tuwC1Ob5vnYZhvg3zyzJg.pickle
Error downloading file: https://github.com/NiharikaCNR/STAT605-Project/raw/main/data/tracks/Shoegaze/5LEwYNnwG1RSVseSmMZQpo.pickle
Error downloading file: https://github.com/NiharikaCNR/STAT605-Project/raw/main/data/tracks/Shoegaze/3tuaOXGEQ8FigsBxCVs6ym.pickle
Error downloading file: https://github.com/NiharikaCNR/STAT605-Project/raw/main/data/tracks/Shoegaze/2qg5p61GthL5fsdXHw12w9.pickle
Error downloading file: https://github.com/NiharikaCNR/STAT605-Project/raw/main/data/tracks/Shoegaze/4vLydefAVBBBDbI08gLydX.pickle
Error downloading file: https://github.com/NiharikaCNR/STAT605-Project/raw/main/data/tracks/Shoegaze/4BUCgw9DXRdbObkhgIARgV.pickle
Error downloading file: https://github.com/NiharikaCNR/STAT605-Project/raw/main/data/tracks/Shoegaze/38ZDQAUVi61D1XYzxZZKQd.pickle
Error downloading file: https://github.com/NiharikaCNR/STAT605-Project/raw/main/data/tracks/Shoegaze/3UhLbKTnEqjRiZyKhzkRyD.pickle
Error downloading file: https://github.com/NiharikaCNR/STAT605-Project/raw/main/data/tracks/Shoegaze/5OlUDa8cRbDqw9f5A0OKRA.pickle
Error downloading file: https://github.com/NiharikaCNR/STAT605-Project/raw/main/data/tracks/Shoegaze/3BnW7igjh4qezy645pckgX.pickle
Error downloading file: https://github.com/NiharikaCNR/STAT605-Project/raw/main/data/tracks/Shoegaze/2zQt8dSCFA95mVfuJlw5Lv.pickle
Error downloading file: https://github.com/NiharikaCNR/STAT605-Project/raw/main/data/tracks/Shoegaze/6dT1CNwGRjm5EGN9Tshxl8.pickle
Error downloading file: https://github.com/NiharikaCNR/STAT605-Project/raw/main/data/tracks/Shoegaze/7IQQYaNbFeRBwDi2j3yorP.pickle
Error downloading file: https://github.com/NiharikaCNR/STAT605-Project/raw/main/data/tracks/Shoegaze/1FE3y5rW4l9I7prqRLnLi4.pickle
Error downloading file: https://github.com/NiharikaCNR/STAT605-Project/raw/main/data/tracks/Shoegaze/7y61H8SDeP6rTTEiS32lfi.pickle
Error downloading file: https://github.com/NiharikaCNR/STAT605-Project/raw/main/data/tracks/Shoegaze/5QLTkqU1vldRB8UmGE85Uq.pickle
Error downloading file: https://github.com/NiharikaCNR/STAT605-Project/raw/main/data/tracks/Shoegaze/6lOMb2emnIL0QNOrsPW4aq.pickle
Error downloading file: https://github.com/NiharikaCNR/STAT605-Project/raw/main/data/tracks/Shoegaze/1RSDt3RTxCPiGLcmlvjwv3.pickle
Error downloading file: https://github.com/NiharikaCNR/STAT605-Project/raw/main/data/tracks/Shoegaze/1A6FSLwSVomkMZegZYE2oC.pickle
Error downloading file: https://github.com/NiharikaCNR/STAT605-Project/raw/main/data/tracks/Shoegaze/1PiA3Z5eT98iz6my4yVpn4.pickle
Error downloading file: https://github.com/NiharikaCNR/STAT605-Project/raw/main/data/tracks/Shoegaze/1PiA3Z5eT98iz6my4yVpn4.pickle
Error downloading file: https://github.com/NiharikaCNR/STAT605-Project/raw/main/data/tracks/Shoegaze/1PiA3Z5eT98iz6my4yVpn4.pickle
Error downloading file: https://github.com/NiharikaCNR/STAT605-Project/raw/main/data/tracks/Shoegaze/1PiA3Z5eT98iz6my4yVpn4.pickle
Error downloading file: https://github.com/NiharikaCNR/STAT605-Project/raw/main/data/tracks/Shoegaze/1xDZoTi6F9wZtpcQ1dlyE7.pickle
Error downloading file: https://github.com/NiharikaCNR/STAT605-Project/raw/main/data/tracks/Shoegaze/34kAweVw1aM3ju2mehlKkd.pickle
Error downloading file: https://github.com/NiharikaCNR/STAT605-Project/raw/main/data/tracks/Shoegaze/0XKN9idmwvk6gt6DSuHf6D.pickle
Error downloading file: https://github.com/NiharikaCNR/STAT605-Project/raw/main/data/tracks/Shoegaze/79vjmzHz7zmXOBzy1w4Zin.pickle
Error downloading file: https://github.com/NiharikaCNR/STAT605-Project/raw/main/data/tracks/Shoegaze/79vjmzHz7zmXOBzy1w4Zin.pickle
Error downloading file: https://github.com/NiharikaCNR/STAT605-Project/raw/main/data/tracks/Shoegaze/79vjmzHz7zmXOBzy1w4Zin.pickle
Error downloading file: https://github.com/NiharikaCNR/STAT605-Project/raw/main/data/tracks/Shoegaze/79vjmzHz7zmXOBzy1w4Zin.pickle
Error downloading file: https://github.com/NiharikaCNR/STAT605-Project/raw/main/data/tracks/Shoegaze/5xDewHzVZ6PJ6GFRbNS3KJ.pickle
Error downloading file: https://github.com/NiharikaCNR/STAT605-Project/raw/main/data/tracks/Shoegaze/2PnEC9i1XzXPQ9pgXDrDoC.pickle
Error downloading file: https://github.com/NiharikaCNR/STAT605-Project/raw/main/data/tracks/Shoegaze/2PnEC9i1XzXPQ9pgXDrDoC.pickle
Error downloading file: https://github.com/NiharikaCNR/STAT605-Project/raw/main/data/tracks/Shoegaze/2PnEC9i1XzXPQ9pgXDrDoC.pickle
Error downloading file: https://github.com/NiharikaCNR/STAT605-Project/raw/main/data/tracks/Shoegaze/2PnEC9i1XzXPQ9pgXDrDoC.pickle
Error downloading file: https://github.com/NiharikaCNR/STAT605-Project/raw/main/data/tracks/Shoegaze/3Opk9C8pMgBCmbqXelH0I5.pickle
Error downloading file: https://github.com/NiharikaCNR/STAT605-Project/raw/main/data/tracks/Shoegaze/0DCgTPioDLdqGuJtUDSdlu.pickle
Error downloading file: https://github.com/NiharikaCNR/STAT605-Project/raw/main/data/tracks/Shoegaze/28qRoqtMVHCEtf2dKhIFvN.pickle
Error downloading file: https://github.com/NiharikaCNR/STAT605-Project/raw/main/data/tracks/Shoegaze/6ObOrj69UnmJfFEh3kPK02.pickle
Error downloading file: https://github.com/NiharikaCNR/STAT605-Project/raw/main/data/tracks/Shoegaze/3c4qvTTY5aarCRXHw9M93S.pickle
Error downloading file: https://github.com/NiharikaCNR/STAT605-Project/raw/main/data/tracks/Shoegaze/7b1tFL5ilRuIu4C0ytNnmA.pickle
Error downloading file: https://github.com/NiharikaCNR/STAT605-Project/raw/main/data/tracks/Shoegaze/5MLwqi4ybLiYq6dfCpECWT.pickle
Error downloading file: https://github.com/NiharikaCNR/STAT605-Project/raw/main/data/tracks/Shoegaze/5MLwqi4ybLiYq6dfCpECWT.pickle
Error downloading file: https://github.com/NiharikaCNR/STAT605-Project/raw/main/data/tracks/Shoegaze/5MLwqi4ybLiYq6dfCpECWT.pickle
Error downloading file: https://github.com/NiharikaCNR/STAT605-Project/raw/main/data/tracks/Shoegaze/5MLwqi4ybLiYq6dfCpECWT.pickle
Error downloading file: https://github.com/NiharikaCNR/STAT605-Project/raw/main/data/tracks/Shoegaze/41Z86N3KhVdJWLa3qkNTH6.pickle
Error downloading file: https://github.com/NiharikaCNR/STAT605-Project/raw/main/data/tracks/Shoegaze/7mJoAyRnCYVLGRvLhTnGuU.pickle
Error downloading file: https://github.com/NiharikaCNR/STAT605-Project/raw/main/data/tracks/Shoegaze/7cdnq45E9aP2XDStHg5vd7.pickle
Error downloading file: https://github.com/NiharikaCNR/STAT605-Project/raw/main/data/tracks/Shoegaze/1EryAkZ0VHstC6haIxVBiE.pickle
Error downloading file: https://github.com/NiharikaCNR/STAT605-Project/raw/main/data/tracks/Shoegaze/1EryAkZ0VHstC6haIxVBiE.pickle
Error downloading file: https://github.com/NiharikaCNR/STAT605-Project/raw/main/data/tracks/Shoegaze/1EryAkZ0VHstC6haIxVBiE.pickle
Error downloading file: https://github.com/NiharikaCNR/STAT605-Project/raw/main/data/tracks/Shoegaze/1EryAkZ0VHstC6haIxVBiE.pickle
Error downloading file: https://github.com/NiharikaCNR/STAT605-Project/raw/main/data/tracks/Shoegaze/1EryAkZ0VHstC6haIxVBiE.pickle
Error downloading file: https://github.com/NiharikaCNR/STAT605-Project/raw/main/data/tracks/Shoegaze/1EryAkZ0VHstC6haIxVBiE.pickle
Error downloading file: https://github.com/NiharikaCNR/STAT605-Project/raw/main/data/tracks/Shoegaze/1EryAkZ0VHstC6haIxVBiE.pickle
Error downloading file: https://github.com/NiharikaCNR/STAT605-Project/raw/main/data/tracks/Shoegaze/1EryAkZ0VHstC6haIxVBiE.pickle
Error downloading file: https://github.com/NiharikaCNR/STAT605-Project/raw/main/data/tracks/Shoegaze/1EryAkZ0VHstC6haIxVBiE.pickle
Error downloading file: https://github.com/NiharikaCNR/STAT605-Project/raw/main/data/tracks/Shoegaze/33HRECrmuelZxOpid6XTNX.pickle
Error downloading file: https://github.com/NiharikaCNR/STAT605-Project/raw/main/data/tracks/Shoegaze/33HRECrmuelZxOpid6XTNX.pickle
Error downloading file: https://github.com/NiharikaCNR/STAT605-Project/raw/main/data/tracks/Shoegaze/33HRECrmuelZxOpid6XTNX.pickle
Error downloading file: https://github.com/NiharikaCNR/STAT605-Project/raw/main/data/tracks/Shoegaze/33HRECrmuelZxOpid6XTNX.pickle
Error downloading file: https://github.com/NiharikaCNR/STAT605-Project/raw/main/data/tracks/Shoegaze/33HRECrmuelZxOpid6XTNX.pickle
Error downloading file: https://github.com/NiharikaCNR/STAT605-Project/raw/main/data/tracks/Shoegaze/33HRECrmuelZxOpid6XTNX.pickle
Error downloading file: https://github.com/NiharikaCNR/STAT605-Project/raw/main/data/tracks/Shoegaze/33HRECrmuelZxOpid6XTNX.pickle
Error downloading file: https://github.com/NiharikaCNR/STAT605-Project/raw/main/data/tracks/Shoegaze/33HRECrmuelZxOpid6XTNX.pickle
Error downloading file: https://github.com/NiharikaCNR/STAT605-Project/raw/main/data/tracks/Shoegaze/33HRECrmuelZxOpid6XTNX.pickle
Error downloading file: https://github.com/NiharikaCNR/STAT605-Project/raw/main/data/tracks/Shoegaze/33HRECrmuelZxOpid6XTNX.pickle
Error downloading file: https://github.com/NiharikaCNR/STAT605-Project/raw/main/data/tracks/Shoegaze/33HRECrmuelZxOpid6XTNX.pickle
Error downloading file: https://github.com/NiharikaCNR/STAT605-Project/raw/main/data/tracks/Shoegaze/33HRECrmuelZxOpid6XTNX.pickle
Error downloading file: https://github.com/NiharikaCNR/STAT605-Project/raw/main/data/tracks/Shoegaze/33HRECrmuelZxOpid6XTNX.pickle
Error downloading file: https://github.com/NiharikaCNR/STAT605-Project/raw/main/data/tracks/Shoegaze/33HRECrmuelZxOpid6XTNX.pickle
Error downloading file: https://github.com/NiharikaCNR/STAT605-Project/raw/main/data/tracks/Shoegaze/33HRECrmuelZxOpid6XTNX.pickle
Error downloading file: https://github.com/NiharikaCNR/STAT605-Project/raw/main/data/tracks/Shoegaze/33HRECrmuelZxOpid6XTNX.pickle
Error downloading file: https://github.com/NiharikaCNR/STAT605-Project/raw/main/data/tracks/Shoegaze/33HRECrmuelZxOpid6XTNX.pickle
Error downloading file: https://github.com/NiharikaCNR/STAT605-Project/raw/main/data/tracks/Shoegaze/33HRECrmuelZxOpid6XTNX.pickle
Error downloading file: https://github.com/NiharikaCNR/STAT605-Project/raw/main/data/tracks/Shoegaze/33HRECrmuelZxOpid6XTNX.pickle
Error downloading file: https://github.com/NiharikaCNR/STAT605-Project/raw/main/data/tracks/Shoegaze/33HRECrmuelZxOpid6XTNX.pickle
Error downloading file: https://github.com/NiharikaCNR/STAT605-Project/raw/main/data/tracks/Shoegaze/33HRECrmuelZxOpid6XTNX.pickle
Error downloading file: https://github.com/NiharikaCNR/STAT605-Project/raw/main/data/tracks/Shoegaze/33HRECrmuelZxOpid6XTNX.pickle
Error downloading file: https://github.com/NiharikaCNR/STAT605-Project/raw/main/data/tracks/Shoegaze/33HRECrmuelZxOpid6XTNX.pickle
Error downloading file: https://github.com/NiharikaCNR/STAT605-Project/raw/main/data/tracks/Shoegaze/33HRECrmuelZxOpid6XTNX.pickle
Error downloading file: https://github.com/NiharikaCNR/STAT605-Project/raw/main/data/tracks/Shoegaze/33HRECrmuelZxOpid6XTNX.pickle
Error downloading file: https://github.com/NiharikaCNR/STAT605-Project/raw/main/data/tracks/Shoegaze/33HRECrmuelZxOpid6XTNX.pickle
Error downloading file: https://github.com/NiharikaCNR/STAT605-Project/raw/main/data/tracks/Shoegaze/33HRECrmuelZxOpid6XTNX.pickle
Error downloading file: https://github.com/NiharikaCNR/STAT605-Project/raw/main/data/tracks/Shoegaze/33HRECrmuelZxOpid6XTNX.pickle
Error downloading file: https://github.com/NiharikaCNR/STAT605-Project/raw/main/data/tracks/Shoegaze/33HRECrmuelZxOpid6XTNX.pickle
Error downloading file: https://github.com/NiharikaCNR/STAT605-Project/raw/main/data/tracks/Shoegaze/33HRECrmuelZxOpid6XTNX.pickle
Error downloading file: https://github.com/NiharikaCNR/STAT605-Project/raw/main/data/tracks/Shoegaze/33HRECrmuelZxOpid6XTNX.pickle
Error downloading file: https://github.com/NiharikaCNR/STAT605-Project/raw/main/data/tracks/Shoegaze/33HRECrmuelZxOpid6XTNX.pickle
Error downloading file: https://github.com/NiharikaCNR/STAT605-Project/raw/main/data/tracks/Shoegaze/33HRECrmuelZxOpid6XTNX.pickle
Error downloading file: https://github.com/NiharikaCNR/STAT605-Project/raw/main/data/tracks/Shoegaze/33HRECrmuelZxOpid6XTNX.pickle
Error downloading file: https://github.com/NiharikaCNR/STAT605-Project/raw/main/data/tracks/Shoegaze/33HRECrmuelZxOpid6XTNX.pickle
Error downloading file: https://github.com/NiharikaCNR/STAT605-Project/raw/main/data/tracks/Shoegaze/33HRECrmuelZxOpid6XTNX.pickle
Error downloading file: https://github.com/NiharikaCNR/STAT605-Project/raw/main/data/tracks/Shoegaze/6RDVwKLpBBEksWdp9jwBlD.pickle
Error downloading file: https://github.com/NiharikaCNR/STAT605-Project/raw/main/data/tracks/Shoegaze/6sVQNUvcVFTXvlk3ec0ngd.pickle
Error downloading file: https://github.com/NiharikaCNR/STAT605-Project/raw/main/data/tracks/Shoegaze/6sVQNUvcVFTXvlk3ec0ngd.pickle
Error downloading file: https://github.com/NiharikaCNR/STAT605-Project/raw/main/data/tracks/Shoegaze/6sVQNUvcVFTXvlk3ec0ngd.pickle
Error downloading file: https://github.com/NiharikaCNR/STAT605-Project/raw/main/data/tracks/Shoegaze/6sVQNUvcVFTXvlk3ec0ngd.pickle
Error downloading file: https://github.com/NiharikaCNR/STAT605-Project/raw/main/data/tracks/Shoegaze/6sVQNUvcVFTXvlk3ec0ngd.pickle
Error downloading file: https://github.com/NiharikaCNR/STAT605-Project/raw/main/data/tracks/Shoegaze/6sVQNUvcVFTXvlk3ec0ngd.pickle
Error downloading file: https://github.com/NiharikaCNR/STAT605-Project/raw/main/data/tracks/Shoegaze/6sVQNUvcVFTXvlk3ec0ngd.pickle
Error downloading file: https://github.com/NiharikaCNR/STAT605-Project/raw/main/data/tracks/Shoegaze/6sVQNUvcVFTXvlk3ec0ngd.pickle
Error downloading file: https://github.com/NiharikaCNR/STAT605-Project/raw/main/data/tracks/Shoegaze/6sVQNUvcVFTXvlk3ec0ngd.pickle
Error downloading file: https://github.com/NiharikaCNR/STAT605-Project/raw/main/data/tracks/Shoegaze/6sVQNUvcVFTXvlk3ec0ngd.pickle
Error downloading file: https://github.com/NiharikaCNR/STAT605-Project/raw/main/data/tracks/Shoegaze/6sVQNUvcVFTXvlk3ec0ngd.pickle
Error downloading file: https://github.com/NiharikaCNR/STAT605-Project/raw/main/data/tracks/Shoegaze/6sVQNUvcVFTXvlk3ec0ngd.pickle
Error downloading file: https://github.com/NiharikaCNR/STAT605-Project/raw/main/data/tracks/Shoegaze/6sVQNUvcVFTXvlk3ec0ngd.pickle
Error downloading file: https://github.com/NiharikaCNR/STAT605-Project/raw/main/data/tracks/Shoegaze/6sVQNUvcVFTXvlk3ec0ngd.pickle
Error downloading file: https://github.com/NiharikaCNR/STAT605-Project/raw/main/data/tracks/Shoegaze/6sVQNUvcVFTXvlk3ec0ngd.pickle
Error downloading file: https://github.com/NiharikaCNR/STAT605-Project/raw/main/data/tracks/Shoegaze/6sVQNUvcVFTXvlk3ec0ngd.pickle
Error downloading file: https://github.com/NiharikaCNR/STAT605-Project/raw/main/data/tracks/Shoegaze/6sVQNUvcVFTXvlk3ec0ngd.pickle
Error downloading file: https://github.com/NiharikaCNR/STAT605-Project/raw/main/data/tracks/Shoegaze/6sVQNUvcVFTXvlk3ec0ngd.pickle
Error downloading file: https://github.com/NiharikaCNR/STAT605-Project/raw/main/data/tracks/Shoegaze/6sVQNUvcVFTXvlk3ec0ngd.pickle
Error downloading file: https://github.com/NiharikaCNR/STAT605-Project/raw/main/data/tracks/Shoegaze/6sVQNUvcVFTXvlk3ec0ngd.pickle
Error downloading file: https://github.com/NiharikaCNR/STAT605-Project/raw/main/data/tracks/Shoegaze/6sVQNUvcVFTXvlk3ec0ngd.pickle
Error downloading file: https://github.com/NiharikaCNR/STAT605-Project/raw/main/data/tracks/Shoegaze/6sVQNUvcVFTXvlk3ec0ngd.pickle
Error downloading file: https://github.com/NiharikaCNR/STAT605-Project/raw/main/data/tracks/Shoegaze/6sVQNUvcVFTXvlk3ec0ngd.pickle
Error downloading file: https://github.com/NiharikaCNR/STAT605-Project/raw/main/data/tracks/Shoegaze/6sVQNUvcVFTXvlk3ec0ngd.pickle
Error downloading file: https://github.com/NiharikaCNR/STAT605-Project/raw/main/data/tracks/Shoegaze/6sVQNUvcVFTXvlk3ec0ngd.pickle
Error downloading file: https://github.com/NiharikaCNR/STAT605-Project/raw/main/data/tracks/Shoegaze/2QX8qX86UDeGNJfcd2Yisy.pickle
Error downloading file: https://github.com/NiharikaCNR/STAT605-Project/raw/main/data/tracks/Shoegaze/4Uiw0Sl9yskBaC6P4DcdVD.pickle
Error downloading file: https://github.com/NiharikaCNR/STAT605-Project/raw/main/data/tracks/Shoegaze/4Uiw0Sl9yskBaC6P4DcdVD.pickle
Error downloading file: https://github.com/NiharikaCNR/STAT605-Project/raw/main/data/tracks/Shoegaze/4Uiw0Sl9yskBaC6P4DcdVD.pickle
Error downloading file: https://github.com/NiharikaCNR/STAT605-Project/raw/main/data/tracks/Shoegaze/4Uiw0Sl9yskBaC6P4DcdVD.pickle
Error downloading file: https://github.com/NiharikaCNR/STAT605-Project/raw/main/data/tracks/Shoegaze/0WIbzDVEpmOyBnqqdtqIL9.pickle
Error downloading file: https://github.com/NiharikaCNR/STAT605-Project/raw/main/data/tracks/Shoegaze/0WIbzDVEpmOyBnqqdtqIL9.pickle
Error downloading file: https://github.com/NiharikaCNR/STAT605-Project/raw/main/data/tracks/Shoegaze/0WIbzDVEpmOyBnqqdtqIL9.pickle
Error downloading file: https://github.com/NiharikaCNR/STAT605-Project/raw/main/data/tracks/Shoegaze/0WIbzDVEpmOyBnqqdtqIL9.pickle
Error downloading file: https://github.com/NiharikaCNR/STAT605-Project/raw/main/data/tracks/Shoegaze/1AmVWLPhCqTMt4y5t0cB8T.pickle
Error downloading file: https://github.com/NiharikaCNR/STAT605-Project/raw/main/data/tracks/Shoegaze/1D8sCqR7SwxUTwUDqMyUAp.pickle
Error downloading file: https://github.com/NiharikaCNR/STAT605-Project/raw/main/data/tracks/Shoegaze/6dRAAG4sB71NAtVCHJep7s.pickle
Error downloading file: https://github.com/NiharikaCNR/STAT605-Project/raw/main/data/tracks/Shoegaze/3HfEgAaf0koxBpBB8NvGda.pickle
Error downloading file: https://github.com/NiharikaCNR/STAT605-Project/raw/main/data/tracks/Shoegaze/3HfEgAaf0koxBpBB8NvGda.pickle
Error downloading file: https://github.com/NiharikaCNR/STAT605-Project/raw/main/data/tracks/Shoegaze/3HfEgAaf0koxBpBB8NvGda.pickle
Error downloading file: https://github.com/NiharikaCNR/STAT605-Project/raw/main/data/tracks/Shoegaze/3HfEgAaf0koxBpBB8NvGda.pickle
Error downloading file: https://github.com/NiharikaCNR/STAT605-Project/raw/main/data/tracks/Shoegaze/3HfEgAaf0koxBpBB8NvGda.pickle
Error downloading file: https://github.com/NiharikaCNR/STAT605-Project/raw/main/data/tracks/Shoegaze/3HfEgAaf0koxBpBB8NvGda.pickle
Error downloading file: https://github.com/NiharikaCNR/STAT605-Project/raw/main/data/tracks/Shoegaze/3HfEgAaf0koxBpBB8NvGda.pickle
Error downloading file: https://github.com/NiharikaCNR/STAT605-Project/raw/main/data/tracks/Shoegaze/3HfEgAaf0koxBpBB8NvGda.pickle
Error downloading file: https://github.com/NiharikaCNR/STAT605-Project/raw/main/data/tracks/Shoegaze/3HfEgAaf0koxBpBB8NvGda.pickle
Error downloading file: https://github.com/NiharikaCNR/STAT605-Project/raw/main/data/tracks/Shoegaze/3HfEgAaf0koxBpBB8NvGda.pickle
Error downloading file: https://github.com/NiharikaCNR/STAT605-Project/raw/main/data/tracks/Shoegaze/3HfEgAaf0koxBpBB8NvGda.pickle
Error downloading file: https://github.com/NiharikaCNR/STAT605-Project/raw/main/data/tracks/Shoegaze/3HfEgAaf0koxBpBB8NvGda.pickle
Error downloading file: https://github.com/NiharikaCNR/STAT605-Project/raw/main/data/tracks/Shoegaze/3HfEgAaf0koxBpBB8NvGda.pickle
Error downloading file: https://github.com/NiharikaCNR/STAT605-Project/raw/main/data/tracks/Shoegaze/3HfEgAaf0koxBpBB8NvGda.pickle
Error downloading file: https://github.com/NiharikaCNR/STAT605-Project/raw/main/data/tracks/Shoegaze/3HfEgAaf0koxBpBB8NvGda.pickle
Error downloading file: https://github.com/NiharikaCNR/STAT605-Project/raw/main/data/tracks/Shoegaze/3HfEgAaf0koxBpBB8NvGda.pickle
Error downloading file: https://github.com/NiharikaCNR/STAT605-Project/raw/main/data/tracks/Shoegaze/3HfEgAaf0koxBpBB8NvGda.pickle
Error downloading file: https://github.com/NiharikaCNR/STAT605-Project/raw/main/data/tracks/Shoegaze/3HfEgAaf0koxBpBB8NvGda.pickle
Error downloading file: https://github.com/NiharikaCNR/STAT605-Project/raw/main/data/tracks/Shoegaze/3HfEgAaf0koxBpBB8NvGda.pickle
Error downloading file: https://github.com/NiharikaCNR/STAT605-Project/raw/main/data/tracks/Shoegaze/3HfEgAaf0koxBpBB8NvGda.pickle
Error downloading file: https://github.com/NiharikaCNR/STAT605-Project/raw/main/data/tracks/Shoegaze/3HfEgAaf0koxBpBB8NvGda.pickle
Error downloading file: https://github.com/NiharikaCNR/STAT605-Project/raw/main/data/tracks/Shoegaze/3HfEgAaf0koxBpBB8NvGda.pickle
Error downloading file: https://github.com/NiharikaCNR/STAT605-Project/raw/main/data/tracks/Shoegaze/3HfEgAaf0koxBpBB8NvGda.pickle
Error downloading file: https://github.com/NiharikaCNR/STAT605-Project/raw/main/data/tracks/Shoegaze/3HfEgAaf0koxBpBB8NvGda.pickle
Error downloading file: https://github.com/NiharikaCNR/STAT605-Project/raw/main/data/tracks/Shoegaze/3HfEgAaf0koxBpBB8NvGda.pickle
Error downloading file: https://github.com/NiharikaCNR/STAT605-Project/raw/main/data/tracks/Shoegaze/7vPHiwgCOAjSBRjAirbMvS.pickle
Error downloading file: https://github.com/NiharikaCNR/STAT605-Project/raw/main/data/tracks/Shoegaze/7vPHiwgCOAjSBRjAirbMvS.pickle
Error downloading file: https://github.com/NiharikaCNR/STAT605-Project/raw/main/data/tracks/Shoegaze/7vPHiwgCOAjSBRjAirbMvS.pickle
Error downloading file: https://github.com/NiharikaCNR/STAT605-Project/raw/main/data/tracks/Shoegaze/7vPHiwgCOAjSBRjAirbMvS.pickle
Error downloading file: https://github.com/NiharikaCNR/STAT605-Project/raw/main/data/tracks/Shoegaze/7vPHiwgCOAjSBRjAirbMvS.pickle
Error downloading file: https://github.com/NiharikaCNR/STAT605-Project/raw/main/data/tracks/Shoegaze/7vPHiwgCOAjSBRjAirbMvS.pickle
Error downloading file: https://github.com/NiharikaCNR/STAT605-Project/raw/main/data/tracks/Shoegaze/7vPHiwgCOAjSBRjAirbMvS.pickle
Error downloading file: https://github.com/NiharikaCNR/STAT605-Project/raw/main/data/tracks/Shoegaze/7vPHiwgCOAjSBRjAirbMvS.pickle
Error downloading file: https://github.com/NiharikaCNR/STAT605-Project/raw/main/data/tracks/Shoegaze/7vPHiwgCOAjSBRjAirbMvS.pickle
Error downloading file: https://github.com/NiharikaCNR/STAT605-Project/raw/main/data/tracks/Shoegaze/34tFidHrETMAjsiK87WVVW.pickle
Error downloading file: https://github.com/NiharikaCNR/STAT605-Project/raw/main/data/tracks/Shoegaze/4wEuNvb7oG8oZYrZPZ9rPr.pickle
Error downloading file: https://github.com/NiharikaCNR/STAT605-Project/raw/main/data/tracks/Shoegaze/5zIAGKs8qDAWtmsr9NJpFB.pickle
Error downloading file: https://github.com/NiharikaCNR/STAT605-Project/raw/main/data/tracks/Shoegaze/0oj0QRfjA5WsLvZkoOQk6f.pickle
Error downloading file: https://github.com/NiharikaCNR/STAT605-Project/raw/main/data/tracks/Shoegaze/6M0iMWjgLJi6ndo5n0fCI8.pickle
Error downloading file: https://github.com/NiharikaCNR/STAT605-Project/raw/main/data/tracks/Shoegaze/3R6kyOmqWcAsqZqqe9CGL0.pickle
Error downloading file: https://github.com/NiharikaCNR/STAT605-Project/raw/main/data/tracks/Shoegaze/6ezCHcOI43JnddPjasXCRl.pickle
Error downloading file: https://github.com/NiharikaCNR/STAT605-Project/raw/main/data/tracks/Shoegaze/1ZnXuijpwEBjhNxpEnb8WH.pickle
Error downloading file: https://github.com/NiharikaCNR/STAT605-Project/raw/main/data/tracks/Shoegaze/1ZnXuijpwEBjhNxpEnb8WH.pickle
Error downloading file: https://github.com/NiharikaCNR/STAT605-Project/raw/main/data/tracks/Shoegaze/1ZnXuijpwEBjhNxpEnb8WH.pickle
Error downloading file: https://github.com/NiharikaCNR/STAT605-Project/raw/main/data/tracks/Shoegaze/1ZnXuijpwEBjhNxpEnb8WH.pickle
Error downloading file: https://github.com/NiharikaCNR/STAT605-Project/raw/main/data/tracks/Shoegaze/1ZnXuijpwEBjhNxpEnb8WH.pickle
Error downloading file: https://github.com/NiharikaCNR/STAT605-Project/raw/main/data/tracks/Shoegaze/1ZnXuijpwEBjhNxpEnb8WH.pickle
Error downloading file: https://github.com/NiharikaCNR/STAT605-Project/raw/main/data/tracks/Shoegaze/1ZnXuijpwEBjhNxpEnb8WH.pickle
Error downloading file: https://github.com/NiharikaCNR/STAT605-Project/raw/main/data/tracks/Shoegaze/1ZnXuijpwEBjhNxpEnb8WH.pickle
Error downloading file: https://github.com/NiharikaCNR/STAT605-Project/raw/main/data/tracks/Shoegaze/1ZnXuijpwEBjhNxpEnb8WH.pickle
Error downloading file: https://github.com/NiharikaCNR/STAT605-Project/raw/main/data/tracks/Shoegaze/1SeMnyEb5dwCBLU3QUC0K2.pickle
Error downloading file: https://github.com/NiharikaCNR/STAT605-Project/raw/main/data/tracks/Shoegaze/1sGpjDlrzobaQW6nUPmVIR.pickle
Error downloading file: https://github.com/NiharikaCNR/STAT605-Project/raw/main/data/tracks/Shoegaze/758wEKVqfYopJIHYWdLVd4.pickle
Error downloading file: https://github.com/NiharikaCNR/STAT605-Project/raw/main/data/tracks/Shoegaze/15049rGLXHwrWtE4euUb5C.pickle
Error downloading file: https://github.com/NiharikaCNR/STAT605-Project/raw/main/data/tracks/Shoegaze/2q4gGYNmNYNyqgpVmGJH0c.pickle
Error downloading file: https://github.com/NiharikaCNR/STAT605-Project/raw/main/data/tracks/Shoegaze/5nnuMMrPgKJRxUqbU86fvv.pickle
Error downloading file: https://github.com/NiharikaCNR/STAT605-Project/raw/main/data/tracks/Shoegaze/4FMsajq8hKiOmcJ7UzOhag.pickle
Error downloading file: https://github.com/NiharikaCNR/STAT605-Project/raw/main/data/tracks/Shoegaze/42Kv1RoTAm09FeytxiuZIB.pickle
Error downloading file: https://github.com/NiharikaCNR/STAT605-Project/raw/main/data/tracks/Shoegaze/3cPIiiz4XKW8J8tXz1VhoP.pickle
Error downloading file: https://github.com/NiharikaCNR/STAT605-Project/raw/main/data/tracks/Shoegaze/5HLes17mwCwKt81mi0Tk35.pickle
Error downloading file: https://github.com/NiharikaCNR/STAT605-Project/raw/main/data/tracks/Shoegaze/5HLes17mwCwKt81mi0Tk35.pickle
Error downloading file: https://github.com/NiharikaCNR/STAT605-Project/raw/main/data/tracks/Shoegaze/5HLes17mwCwKt81mi0Tk35.pickle
Error downloading file: https://github.com/NiharikaCNR/STAT605-Project/raw/main/data/tracks/Shoegaze/5HLes17mwCwKt81mi0Tk35.pickle
Error downloading file: https://github.com/NiharikaCNR/STAT605-Project/raw/main/data/tracks/Shoegaze/0oXwUeFAE6IR2lYhaTpxRT.pickle
Error downloading file: https://github.com/NiharikaCNR/STAT605-Project/raw/main/data/tracks/Shoegaze/3ZB8WOTt7p9cSia9iG0TMz.pickle
Error downloading file: https://github.com/NiharikaCNR/STAT605-Project/raw/main/data/tracks/Shoegaze/2u7J292h3IjJlWSs4VBYkf.pickle
Error downloading file: https://github.com/NiharikaCNR/STAT605-Project/raw/main/data/tracks/Shoegaze/6qGBFfIKIBh9nRUsRXIIEX.pickle
Error downloading file: https://github.com/NiharikaCNR/STAT605-Project/raw/main/data/tracks/Shoegaze/3JzzyfG0z8rjXqHL6XXLwt.pickle
Error downloading file: https://github.com/NiharikaCNR/STAT605-Project/raw/main/data/tracks/Shoegaze/64RQTM5ih8kx5rl8fxbRVv.pickle
Error downloading file: https://github.com/NiharikaCNR/STAT605-Project/raw/main/data/tracks/Shoegaze/64RQTM5ih8kx5rl8fxbRVv.pickle
Error downloading file: https://github.com/NiharikaCNR/STAT605-Project/raw/main/data/tracks/Shoegaze/64RQTM5ih8kx5rl8fxbRVv.pickle
Error downloading file: https://github.com/NiharikaCNR/STAT605-Project/raw/main/data/tracks/Shoegaze/64RQTM5ih8kx5rl8fxbRVv.pickle
Error downloading file: https://github.com/NiharikaCNR/STAT605-Project/raw/main/data/tracks/Shoegaze/6ojNVt86xChV8OV3qcWeB4.pickle
Error downloading file: https://github.com/NiharikaCNR/STAT605-Project/raw/main/data/tracks/Shoegaze/0T6kwiueP62ten2KLLmQS4.pickle
Error downloading file: https://github.com/NiharikaCNR/STAT605-Project/raw/main/data/tracks/Shoegaze/26SrlxK6EhVa7EWJ6w5uhE.pickle
Error downloading file: https://github.com/NiharikaCNR/STAT605-Project/raw/main/data/tracks/Shoegaze/01GXX26gFj8Gt3tp6OfDUK.pickle
Error downloading file: https://github.com/NiharikaCNR/STAT605-Project/raw/main/data/tracks/Shoegaze/5QpfKXoHZdVd9ScaOWnrTk.pickle
Error downloading file: https://github.com/NiharikaCNR/STAT605-Project/raw/main/data/tracks/Shoegaze/2rbsN3IsCzrKygVyRyPLhl.pickle
Error downloading file: https://github.com/NiharikaCNR/STAT605-Project/raw/main/data/tracks/Shoegaze/370jeVUskG6BD6QJljNxBi.pickle
Error downloading file: https://github.com/NiharikaCNR/STAT605-Project/raw/main/data/tracks/Shoegaze/1LzNfuep1bnAUR9skqdHCK.pickle
Error downloading file: https://github.com/NiharikaCNR/STAT605-Project/raw/main/data/tracks/Shoegaze/1gzWd0ILFaCoHUfQSkCIvl.pickle
Error downloading file: https://github.com/NiharikaCNR/STAT605-Project/raw/main/data/tracks/Shoegaze/1gzWd0ILFaCoHUfQSkCIvl.pickle
Error downloading file: https://github.com/NiharikaCNR/STAT605-Project/raw/main/data/tracks/Shoegaze/1gzWd0ILFaCoHUfQSkCIvl.pickle
Error downloading file: https://github.com/NiharikaCNR/STAT605-Project/raw/main/data/tracks/Shoegaze/1gzWd0ILFaCoHUfQSkCIvl.pickle
Error downloading file: https://github.com/NiharikaCNR/STAT605-Project/raw/main/data/tracks/Shoegaze/2BGNomqCxEDcXyxf8bg27k.pickle
Error downloading file: https://github.com/NiharikaCNR/STAT605-Project/raw/main/data/tracks/Shoegaze/3XHrTm6WE2BOHafLwTT3GR.pickle
Error downloading file: https://github.com/NiharikaCNR/STAT605-Project/raw/main/data/tracks/Shoegaze/3fElupNRLRJ0tbUDahPrAb.pickle
Error downloading file: https://github.com/NiharikaCNR/STAT605-Project/raw/main/data/tracks/Shoegaze/51c94ac31swyDQj9B3Lzs3.pickle
Error downloading file: https://github.com/NiharikaCNR/STAT605-Project/raw/main/data/tracks/Shoegaze/51c94ac31swyDQj9B3Lzs3.pickle
Error downloading file: https://github.com/NiharikaCNR/STAT605-Project/raw/main/data/tracks/Shoegaze/51c94ac31swyDQj9B3Lzs3.pickle
Error downloading file: https://github.com/NiharikaCNR/STAT605-Project/raw/main/data/tracks/Shoegaze/51c94ac31swyDQj9B3Lzs3.pickle
Error downloading file: https://github.com/NiharikaCNR/STAT605-Project/raw/main/data/tracks/Shoegaze/70L6nHORQsblY813yNqUR3.pickle
Error downloading file: https://github.com/NiharikaCNR/STAT605-Project/raw/main/data/tracks/Shoegaze/70L6nHORQsblY813yNqUR3.pickle
Error downloading file: https://github.com/NiharikaCNR/STAT605-Project/raw/main/data/tracks/Shoegaze/70L6nHORQsblY813yNqUR3.pickle
Error downloading file: https://github.com/NiharikaCNR/STAT605-Project/raw/main/data/tracks/Shoegaze/70L6nHORQsblY813yNqUR3.pickle
Error downloading file: https://github.com/NiharikaCNR/STAT605-Project/raw/main/data/tracks/Shoegaze/01TyFEZu6mHbffsVfxgrFn.pickle
Error downloading file: https://github.com/NiharikaCNR/STAT605-Project/raw/main/data/tracks/Shoegaze/0R3TWpoxAhT3HDXM7tpRzS.pickle
Error downloading file: https://github.com/NiharikaCNR/STAT605-Project/raw/main/data/tracks/Shoegaze/2DgaPZppYXSYGCaBceXfTw.pickle
Error downloading file: https://github.com/NiharikaCNR/STAT605-Project/raw/main/data/tracks/Shoegaze/2NfxtzCIrpCmJX5Z2KMdD5.pickle
Error downloading file: https://github.com/NiharikaCNR/STAT605-Project/raw/main/data/tracks/Shoegaze/7H0ya83CMmgFcOhw0UB6ow.pickle
Error downloading file: https://github.com/NiharikaCNR/STAT605-Project/raw/main/data/tracks/Shoegaze/2JO3HwMRPeya8bXbtbyPcf.pickle
