Error downloading file: https://github.com/NiharikaCNR/STAT605-Project/raw/main/data/tracks/Instrumental/6aHZQ2a2ZgBDLZsx1usftw.pickle
Error downloading file: https://github.com/NiharikaCNR/STAT605-Project/raw/main/data/tracks/Instrumental/3vqyauyYbp9MqUwrCEmWJ0.pickle
Error downloading file: https://github.com/NiharikaCNR/STAT605-Project/raw/main/data/tracks/Instrumental/33lI804DgErb7NSNWwkzxa.pickle
Error downloading file: https://github.com/NiharikaCNR/STAT605-Project/raw/main/data/tracks/Instrumental/3EfJK2rJtMjGZoIdBrFqh6.pickle
Error downloading file: https://github.com/NiharikaCNR/STAT605-Project/raw/main/data/tracks/Instrumental/5xqYtaFkLcLRe6IWLGoTuL.pickle
Error downloading file: https://github.com/NiharikaCNR/STAT605-Project/raw/main/data/tracks/Instrumental/5Y2g2734P6TcuJJmDwz9QO.pickle
Error downloading file: https://github.com/NiharikaCNR/STAT605-Project/raw/main/data/tracks/Instrumental/3uzaVkdNuUZOn3KtsQjwDy.pickle
Error downloading file: https://github.com/NiharikaCNR/STAT605-Project/raw/main/data/tracks/Instrumental/3mrWC8aEj9JrxKl6gQ0HRv.pickle
Error downloading file: https://github.com/NiharikaCNR/STAT605-Project/raw/main/data/tracks/Instrumental/0WzetzBykY3fl41dEJjoYa.pickle
Error downloading file: https://github.com/NiharikaCNR/STAT605-Project/raw/main/data/tracks/Instrumental/3Y0EbmwdJNP7dgVqSD8vRW.pickle
Error downloading file: https://github.com/NiharikaCNR/STAT605-Project/raw/main/data/tracks/Instrumental/3Y0EbmwdJNP7dgVqSD8vRW.pickle
Error downloading file: https://github.com/NiharikaCNR/STAT605-Project/raw/main/data/tracks/Instrumental/3Y0EbmwdJNP7dgVqSD8vRW.pickle
Error downloading file: https://github.com/NiharikaCNR/STAT605-Project/raw/main/data/tracks/Instrumental/3Y0EbmwdJNP7dgVqSD8vRW.pickle
Error downloading file: https://github.com/NiharikaCNR/STAT605-Project/raw/main/data/tracks/Instrumental/2mNQl3DEWtkrwKllwYpxi0.pickle
Error downloading file: https://github.com/NiharikaCNR/STAT605-Project/raw/main/data/tracks/Instrumental/7j4G2lqrTZdDlHgR27A9r3.pickle
Error downloading file: https://github.com/NiharikaCNR/STAT605-Project/raw/main/data/tracks/Instrumental/0E8q2Fx2XuzXCO2NSAppkR.pickle
Error downloading file: https://github.com/NiharikaCNR/STAT605-Project/raw/main/data/tracks/Instrumental/3GOZbK2epuHzCt5YvvVFHO.pickle
Error downloading file: https://github.com/NiharikaCNR/STAT605-Project/raw/main/data/tracks/Instrumental/6yKkA8HzwWTZ5taIMaG4Nm.pickle
Error downloading file: https://github.com/NiharikaCNR/STAT605-Project/raw/main/data/tracks/Instrumental/0NxO070mkE8Fpaa2AWbWod.pickle
Error downloading file: https://github.com/NiharikaCNR/STAT605-Project/raw/main/data/tracks/Instrumental/3lbo5NWbt8k2xqncCsMB7q.pickle
Error downloading file: https://github.com/NiharikaCNR/STAT605-Project/raw/main/data/tracks/Instrumental/1oxnn6zzA7x9p8o46JetXm.pickle
Error downloading file: https://github.com/NiharikaCNR/STAT605-Project/raw/main/data/tracks/Instrumental/67g2IwGrHQW0MXnZ1Gr8Km.pickle
Error downloading file: https://github.com/NiharikaCNR/STAT605-Project/raw/main/data/tracks/Instrumental/0ubuJV6bCSUME2iCKovVwo.pickle
Error downloading file: https://github.com/NiharikaCNR/STAT605-Project/raw/main/data/tracks/Instrumental/0i4LbBW7DOlVcXThcRlbsP.pickle
Error downloading file: https://github.com/NiharikaCNR/STAT605-Project/raw/main/data/tracks/Instrumental/059ryoQJ8Nt3xndqMJWDHk.pickle
Error downloading file: https://github.com/NiharikaCNR/STAT605-Project/raw/main/data/tracks/Instrumental/0I3MZaEMddQfkUjRTEYWA2.pickle
Error downloading file: https://github.com/NiharikaCNR/STAT605-Project/raw/main/data/tracks/Instrumental/2VRtvXFwINloiZyYE5GGNG.pickle
Error downloading file: https://github.com/NiharikaCNR/STAT605-Project/raw/main/data/tracks/Instrumental/4xPcKCcKH9ioUiOxLloJOa.pickle
Error downloading file: https://github.com/NiharikaCNR/STAT605-Project/raw/main/data/tracks/Instrumental/1uoWQRwh5Oa6XP7Sbgo933.pickle
Error downloading file: https://github.com/NiharikaCNR/STAT605-Project/raw/main/data/tracks/Instrumental/0GxXg9FfNq1yqwqrrY6W1F.pickle
Error downloading file: https://github.com/NiharikaCNR/STAT605-Project/raw/main/data/tracks/Instrumental/6b5jWO1oYGUG7LKNJ07De4.pickle
Error downloading file: https://github.com/NiharikaCNR/STAT605-Project/raw/main/data/tracks/Instrumental/2CJyD8EayNejbgadmf6qxR.pickle
Error downloading file: https://github.com/NiharikaCNR/STAT605-Project/raw/main/data/tracks/Instrumental/3MWklqtDFfMkD3pcf4rBwu.pickle
Error downloading file: https://github.com/NiharikaCNR/STAT605-Project/raw/main/data/tracks/Instrumental/0o56FySlmk0hN1FoVqfnue.pickle
Error downloading file: https://github.com/NiharikaCNR/STAT605-Project/raw/main/data/tracks/Instrumental/5k5nFDMGaG5EZIsGJTqYcL.pickle
Error downloading file: https://github.com/NiharikaCNR/STAT605-Project/raw/main/data/tracks/Instrumental/2DCB7vBKleDUerpJErGyr2.pickle
Error downloading file: https://github.com/NiharikaCNR/STAT605-Project/raw/main/data/tracks/Instrumental/2DCB7vBKleDUerpJErGyr2.pickle
Error downloading file: https://github.com/NiharikaCNR/STAT605-Project/raw/main/data/tracks/Instrumental/2DCB7vBKleDUerpJErGyr2.pickle
Error downloading file: https://github.com/NiharikaCNR/STAT605-Project/raw/main/data/tracks/Instrumental/2DCB7vBKleDUerpJErGyr2.pickle
Error downloading file: https://github.com/NiharikaCNR/STAT605-Project/raw/main/data/tracks/Instrumental/2kyEgPaAW8wdpvevPnkf0Z.pickle
Error downloading file: https://github.com/NiharikaCNR/STAT605-Project/raw/main/data/tracks/Instrumental/6IcniICSO1Q72jmxvLIy6j.pickle
Error downloading file: https://github.com/NiharikaCNR/STAT605-Project/raw/main/data/tracks/Instrumental/1XPUfZx0Nhl7Tl1AT2LKos.pickle
Error downloading file: https://github.com/NiharikaCNR/STAT605-Project/raw/main/data/tracks/Instrumental/6LhNIBQ3c711HIIhwWoFpx.pickle
Error downloading file: https://github.com/NiharikaCNR/STAT605-Project/raw/main/data/tracks/Instrumental/64LTn5fTsPR0QLy7bVYl9w.pickle
Error downloading file: https://github.com/NiharikaCNR/STAT605-Project/raw/main/data/tracks/Instrumental/5776PanLfe9zLJMhDbMBgW.pickle
Error downloading file: https://github.com/NiharikaCNR/STAT605-Project/raw/main/data/tracks/Instrumental/5776PanLfe9zLJMhDbMBgW.pickle
Error downloading file: https://github.com/NiharikaCNR/STAT605-Project/raw/main/data/tracks/Instrumental/5776PanLfe9zLJMhDbMBgW.pickle
Error downloading file: https://github.com/NiharikaCNR/STAT605-Project/raw/main/data/tracks/Instrumental/5776PanLfe9zLJMhDbMBgW.pickle
Error downloading file: https://github.com/NiharikaCNR/STAT605-Project/raw/main/data/tracks/Instrumental/1PWSxDyn7QKSLxYOfAvp10.pickle
Error downloading file: https://github.com/NiharikaCNR/STAT605-Project/raw/main/data/tracks/Instrumental/69xdPh6CEOpwcP4ZpReWmH.pickle
Error downloading file: https://github.com/NiharikaCNR/STAT605-Project/raw/main/data/tracks/Instrumental/60G7zYgCFWCaRA0bDDlbC6.pickle
Error downloading file: https://github.com/NiharikaCNR/STAT605-Project/raw/main/data/tracks/Instrumental/1xaTXPoDk4VOU9XhYX4KJM.pickle
Error downloading file: https://github.com/NiharikaCNR/STAT605-Project/raw/main/data/tracks/Instrumental/6PKCEB5JzjCizpz9hUQcpX.pickle
Error downloading file: https://github.com/NiharikaCNR/STAT605-Project/raw/main/data/tracks/Instrumental/3QuSHJUfvuOyeKMS32Wckj.pickle
Error downloading file: https://github.com/NiharikaCNR/STAT605-Project/raw/main/data/tracks/Instrumental/4Ti7XXjHWi4P3ygJ1GAZMn.pickle
Error downloading file: https://github.com/NiharikaCNR/STAT605-Project/raw/main/data/tracks/Instrumental/10Hiskp06jZeXKjiYbkuj7.pickle
Error downloading file: https://github.com/NiharikaCNR/STAT605-Project/raw/main/data/tracks/Instrumental/6ehsAZzWS6dADcl5bQ5Hyb.pickle
Error downloading file: https://github.com/NiharikaCNR/STAT605-Project/raw/main/data/tracks/Instrumental/2Ydby2f4z6soHFOJ5vwksZ.pickle
Error downloading file: https://github.com/NiharikaCNR/STAT605-Project/raw/main/data/tracks/Instrumental/1ZAiKDMu90wXjRrVKHMZE7.pickle
Error downloading file: https://github.com/NiharikaCNR/STAT605-Project/raw/main/data/tracks/Instrumental/7iQMgK17jJNkaPzSWp1CgF.pickle
Error downloading file: https://github.com/NiharikaCNR/STAT605-Project/raw/main/data/tracks/Instrumental/4NyXOt1GM6PaSyg7kkPI9u.pickle
Error downloading file: https://github.com/NiharikaCNR/STAT605-Project/raw/main/data/tracks/Instrumental/5RMXMzhvM7gptBbxwYrQaH.pickle
Error downloading file: https://github.com/NiharikaCNR/STAT605-Project/raw/main/data/tracks/Instrumental/0ozyv9adSVDED8Emhd8hfu.pickle
Error downloading file: https://github.com/NiharikaCNR/STAT605-Project/raw/main/data/tracks/Instrumental/0VI8QAH1YupPK6xdCJuwpn.pickle
Error downloading file: https://github.com/NiharikaCNR/STAT605-Project/raw/main/data/tracks/Instrumental/0Otf1ZfYNIjhqFIuJk0fsy.pickle
Error downloading file: https://github.com/NiharikaCNR/STAT605-Project/raw/main/data/tracks/Instrumental/5RO0MNa5hBKIM4OcjygadU.pickle
Error downloading file: https://github.com/NiharikaCNR/STAT605-Project/raw/main/data/tracks/Instrumental/7CNO19a6MzNLmBd3m2iCbU.pickle
Error downloading file: https://github.com/NiharikaCNR/STAT605-Project/raw/main/data/tracks/Instrumental/6Sy9BUbgFse0n0LPA5lwy5.pickle
Error downloading file: https://github.com/NiharikaCNR/STAT605-Project/raw/main/data/tracks/Instrumental/4wtR6HB3XekEengMX17cpc.pickle
Error downloading file: https://github.com/NiharikaCNR/STAT605-Project/raw/main/data/tracks/Instrumental/419qlOGNXoyICx4jO0hqaj.pickle
Error downloading file: https://github.com/NiharikaCNR/STAT605-Project/raw/main/data/tracks/Instrumental/2MSgFefjK0T7Iwjvr3OKqV.pickle
Error downloading file: https://github.com/NiharikaCNR/STAT605-Project/raw/main/data/tracks/Instrumental/5CfxpBCYwfB17MMgARumHl.pickle
Error downloading file: https://github.com/NiharikaCNR/STAT605-Project/raw/main/data/tracks/Instrumental/33B1XmfncHqnfkrYZIcHbD.pickle
Error downloading file: https://github.com/NiharikaCNR/STAT605-Project/raw/main/data/tracks/Instrumental/3ZikLQCnH3SIswlGENBcKe.pickle
Error downloading file: https://github.com/NiharikaCNR/STAT605-Project/raw/main/data/tracks/Instrumental/0X5DcGkbxCXSadgj01ZXd7.pickle
Error downloading file: https://github.com/NiharikaCNR/STAT605-Project/raw/main/data/tracks/Instrumental/4CZq7M6hBTg77Qhp3TJHdN.pickle
Error downloading file: https://github.com/NiharikaCNR/STAT605-Project/raw/main/data/tracks/Instrumental/3v2oAQomhOcYCPPHafS3KV.pickle
Error downloading file: https://github.com/NiharikaCNR/STAT605-Project/raw/main/data/tracks/Instrumental/3qPXWPkEZgUhUgPifbE99z.pickle
Error downloading file: https://github.com/NiharikaCNR/STAT605-Project/raw/main/data/tracks/Instrumental/3o9br9LskOEbwc5irxfHqR.pickle
Error downloading file: https://github.com/NiharikaCNR/STAT605-Project/raw/main/data/tracks/Instrumental/2x1LQq8lsUzAA2wNj8yjC9.pickle
Error downloading file: https://github.com/NiharikaCNR/STAT605-Project/raw/main/data/tracks/Instrumental/00CXUMREit80f2McJsjcIz.pickle
Error downloading file: https://github.com/NiharikaCNR/STAT605-Project/raw/main/data/tracks/Instrumental/05yzhEWkmVXiigqWfcNTQS.pickle
Error downloading file: https://github.com/NiharikaCNR/STAT605-Project/raw/main/data/tracks/Instrumental/05yzhEWkmVXiigqWfcNTQS.pickle
Error downloading file: https://github.com/NiharikaCNR/STAT605-Project/raw/main/data/tracks/Instrumental/05yzhEWkmVXiigqWfcNTQS.pickle
Error downloading file: https://github.com/NiharikaCNR/STAT605-Project/raw/main/data/tracks/Instrumental/05yzhEWkmVXiigqWfcNTQS.pickle
Error downloading file: https://github.com/NiharikaCNR/STAT605-Project/raw/main/data/tracks/Instrumental/0ObV8vQoB8SJLf6vGv4xhB.pickle
Error downloading file: https://github.com/NiharikaCNR/STAT605-Project/raw/main/data/tracks/Instrumental/0WXWiXfd4V6MCkBkrUV0NK.pickle
Error downloading file: https://github.com/NiharikaCNR/STAT605-Project/raw/main/data/tracks/Instrumental/0hNduWmlWmEmuwEFcYvRu1.pickle
Error downloading file: https://github.com/NiharikaCNR/STAT605-Project/raw/main/data/tracks/Instrumental/0kRB0hhG9KYXiokmqZehwn.pickle
Error downloading file: https://github.com/NiharikaCNR/STAT605-Project/raw/main/data/tracks/Instrumental/1G3QPQkoXvpChjNUhd6Tfs.pickle
Error downloading file: https://github.com/NiharikaCNR/STAT605-Project/raw/main/data/tracks/Instrumental/1LWBEJpBkLHkrA662BDHNI.pickle
Error downloading file: https://github.com/NiharikaCNR/STAT605-Project/raw/main/data/tracks/Instrumental/1Oo7XEqkrwifJn17aA0ocF.pickle
Error downloading file: https://github.com/NiharikaCNR/STAT605-Project/raw/main/data/tracks/Instrumental/1Px3T30V89JCSKZkgyAb4W.pickle
Error downloading file: https://github.com/NiharikaCNR/STAT605-Project/raw/main/data/tracks/Instrumental/1SzTivReEYHIkPfBxnP5u6.pickle
Error downloading file: https://github.com/NiharikaCNR/STAT605-Project/raw/main/data/tracks/Instrumental/1WNtzJMk8btkBW7NbmyCFr.pickle
Error downloading file: https://github.com/NiharikaCNR/STAT605-Project/raw/main/data/tracks/Instrumental/1XJMRdFSgkrmw2cXLJOD0b.pickle
Error downloading file: https://github.com/NiharikaCNR/STAT605-Project/raw/main/data/tracks/Instrumental/1ZpnptUG5sISwRx6fJQrXN.pickle
Error downloading file: https://github.com/NiharikaCNR/STAT605-Project/raw/main/data/tracks/Instrumental/1Zu31CU9CSl9ZpEnmky8xT.pickle
Error downloading file: https://github.com/NiharikaCNR/STAT605-Project/raw/main/data/tracks/Instrumental/1d1FNmfO3dFlH8873yNFX3.pickle
Error downloading file: https://github.com/NiharikaCNR/STAT605-Project/raw/main/data/tracks/Instrumental/1gU5jNTPxkrF52O7vUTWzR.pickle
Error downloading file: https://github.com/NiharikaCNR/STAT605-Project/raw/main/data/tracks/Instrumental/1qbrS9PKOzsack0g7LiBhh.pickle
Error downloading file: https://github.com/NiharikaCNR/STAT605-Project/raw/main/data/tracks/Instrumental/27DodeB1seENJxnWojPa6G.pickle
Error downloading file: https://github.com/NiharikaCNR/STAT605-Project/raw/main/data/tracks/Instrumental/2UEAKcbYQuvWjdB5FejH0D.pickle
Error downloading file: https://github.com/NiharikaCNR/STAT605-Project/raw/main/data/tracks/Instrumental/2dEbRirkEtImY7HdYxrgRS.pickle
Error downloading file: https://github.com/NiharikaCNR/STAT605-Project/raw/main/data/tracks/Instrumental/2jgbIBve4VfgQREVKnINEO.pickle
Error downloading file: https://github.com/NiharikaCNR/STAT605-Project/raw/main/data/tracks/Instrumental/33jEJgoSbewTinFfmhsBLZ.pickle
Error downloading file: https://github.com/NiharikaCNR/STAT605-Project/raw/main/data/tracks/Instrumental/36EnMgx9PmtnzUtmKwI63h.pickle
Error downloading file: https://github.com/NiharikaCNR/STAT605-Project/raw/main/data/tracks/Instrumental/3X0udzrbLkU0GHi4zbrMAq.pickle
Error downloading file: https://github.com/NiharikaCNR/STAT605-Project/raw/main/data/tracks/Instrumental/3hCPh4oVVjaM8tv9sFH8cx.pickle
Error downloading file: https://github.com/NiharikaCNR/STAT605-Project/raw/main/data/tracks/Instrumental/3m4gh0NRsAwzyGjPoL2o3s.pickle
Error downloading file: https://github.com/NiharikaCNR/STAT605-Project/raw/main/data/tracks/Instrumental/3pZt1uUb7bgSADqm3smoMo.pickle
Error downloading file: https://github.com/NiharikaCNR/STAT605-Project/raw/main/data/tracks/Instrumental/3xIu6hYXz0gTjJtmGu60M8.pickle
Error downloading file: https://github.com/NiharikaCNR/STAT605-Project/raw/main/data/tracks/Instrumental/3xIu6hYXz0gTjJtmGu60M8.pickle
Error downloading file: https://github.com/NiharikaCNR/STAT605-Project/raw/main/data/tracks/Instrumental/3xIu6hYXz0gTjJtmGu60M8.pickle
Error downloading file: https://github.com/NiharikaCNR/STAT605-Project/raw/main/data/tracks/Instrumental/3xIu6hYXz0gTjJtmGu60M8.pickle
Error downloading file: https://github.com/NiharikaCNR/STAT605-Project/raw/main/data/tracks/Instrumental/437RdHmPqM2MC6DfmpGCxJ.pickle
Error downloading file: https://github.com/NiharikaCNR/STAT605-Project/raw/main/data/tracks/Instrumental/43bSKCMWHIuBsUVmQcDX1J.pickle
Error downloading file: https://github.com/NiharikaCNR/STAT605-Project/raw/main/data/tracks/Instrumental/43bSKCMWHIuBsUVmQcDX1J.pickle
Error downloading file: https://github.com/NiharikaCNR/STAT605-Project/raw/main/data/tracks/Instrumental/43bSKCMWHIuBsUVmQcDX1J.pickle
Error downloading file: https://github.com/NiharikaCNR/STAT605-Project/raw/main/data/tracks/Instrumental/43bSKCMWHIuBsUVmQcDX1J.pickle
Error downloading file: https://github.com/NiharikaCNR/STAT605-Project/raw/main/data/tracks/Instrumental/4HErQoBzojA9iPhHE92QKO.pickle
Error downloading file: https://github.com/NiharikaCNR/STAT605-Project/raw/main/data/tracks/Instrumental/4SvoO5lHeDUIVYDpPF5YAO.pickle
Error downloading file: https://github.com/NiharikaCNR/STAT605-Project/raw/main/data/tracks/Instrumental/4TLQRJiwvwUQyKdEA5PWqx.pickle
Error downloading file: https://github.com/NiharikaCNR/STAT605-Project/raw/main/data/tracks/Instrumental/4WH081NcZkk93PVK2S3q5N.pickle
Error downloading file: https://github.com/NiharikaCNR/STAT605-Project/raw/main/data/tracks/Instrumental/4ZLzoOkj0MPWrTLvooIuaa.pickle
Error downloading file: https://github.com/NiharikaCNR/STAT605-Project/raw/main/data/tracks/Instrumental/4rrrn8OLrttq7r9RgNXalU.pickle
Error downloading file: https://github.com/NiharikaCNR/STAT605-Project/raw/main/data/tracks/Instrumental/4tkzQ9Eg3OeuZuAH8O3aUl.pickle
Error downloading file: https://github.com/NiharikaCNR/STAT605-Project/raw/main/data/tracks/Instrumental/4wlNPczIullwvmwb4x0ltz.pickle
Error downloading file: https://github.com/NiharikaCNR/STAT605-Project/raw/main/data/tracks/Instrumental/5TKvSoHEXaCyk2GKM6pC3J.pickle
Error downloading file: https://github.com/NiharikaCNR/STAT605-Project/raw/main/data/tracks/Instrumental/5VLRRFirz43glb8VaLi0u5.pickle
Error downloading file: https://github.com/NiharikaCNR/STAT605-Project/raw/main/data/tracks/Instrumental/5WEmDvDiRpE7p3y8SMMAPJ.pickle
Error downloading file: https://github.com/NiharikaCNR/STAT605-Project/raw/main/data/tracks/Instrumental/5YdzD8A9GAe51MFscLAfVq.pickle
Error downloading file: https://github.com/NiharikaCNR/STAT605-Project/raw/main/data/tracks/Instrumental/5txD37iFI1bEZAmYg0vr2R.pickle
Error downloading file: https://github.com/NiharikaCNR/STAT605-Project/raw/main/data/tracks/Instrumental/61GAxGT5YJyTPvYxtMN5Q7.pickle
Error downloading file: https://github.com/NiharikaCNR/STAT605-Project/raw/main/data/tracks/Instrumental/659hxuqutVn4k51rgTJPxb.pickle
Error downloading file: https://github.com/NiharikaCNR/STAT605-Project/raw/main/data/tracks/Instrumental/6DjJASpNIqqEABN4geePv0.pickle
Error downloading file: https://github.com/NiharikaCNR/STAT605-Project/raw/main/data/tracks/Instrumental/6DkXwtgHlaT8PzGWU82O4I.pickle
Error downloading file: https://github.com/NiharikaCNR/STAT605-Project/raw/main/data/tracks/Instrumental/6G6tIDO3rB8FktjkM70GGd.pickle
Error downloading file: https://github.com/NiharikaCNR/STAT605-Project/raw/main/data/tracks/Instrumental/6POun1Z6NKg9JpWdb3pRFF.pickle
Error downloading file: https://github.com/NiharikaCNR/STAT605-Project/raw/main/data/tracks/Instrumental/6XNxVEWV0NiBaJZpUjIVHa.pickle
Error downloading file: https://github.com/NiharikaCNR/STAT605-Project/raw/main/data/tracks/Instrumental/6gLsyO69WqFXUYJK5mCaOt.pickle
Error downloading file: https://github.com/NiharikaCNR/STAT605-Project/raw/main/data/tracks/Instrumental/6hkOAdgduiWe3jCV3PjPKJ.pickle
Error downloading file: https://github.com/NiharikaCNR/STAT605-Project/raw/main/data/tracks/Instrumental/6huxjr8XKFnhtXQD02LIJ7.pickle
Error downloading file: https://github.com/NiharikaCNR/STAT605-Project/raw/main/data/tracks/Instrumental/71FqqOSUSVjaM4ZT3Ugj83.pickle
Error downloading file: https://github.com/NiharikaCNR/STAT605-Project/raw/main/data/tracks/Instrumental/7JgZbix8xDasAhbn3N7eIF.pickle
Error downloading file: https://github.com/NiharikaCNR/STAT605-Project/raw/main/data/tracks/Instrumental/7MdZQXUBijQxcBkYz4G1Z5.pickle
Error downloading file: https://github.com/NiharikaCNR/STAT605-Project/raw/main/data/tracks/Instrumental/7kDoc5DGGuXzQBRVDA2c6G.pickle
Error downloading file: https://github.com/NiharikaCNR/STAT605-Project/raw/main/data/tracks/Instrumental/7mscpSLUS0t80ZXjnQ3MtM.pickle
Error downloading file: https://github.com/NiharikaCNR/STAT605-Project/raw/main/data/tracks/Instrumental/7qfUR1g5efZUh7Vf3fY8fh.pickle
Error downloading file: https://github.com/NiharikaCNR/STAT605-Project/raw/main/data/tracks/Instrumental/7qrBYrivpvfXUPBMmqh3dA.pickle
Error downloading file: https://github.com/NiharikaCNR/STAT605-Project/raw/main/data/tracks/Instrumental/2kpaRWsZTE96rmw0NBfP0c.pickle
Error downloading file: https://github.com/NiharikaCNR/STAT605-Project/raw/main/data/tracks/Instrumental/0JWLHBuJtbbR9ycmxVvmu7.pickle
Error downloading file: https://github.com/NiharikaCNR/STAT605-Project/raw/main/data/tracks/Instrumental/0L5WGmfuDp4JgbOnv3eqOg.pickle
Error downloading file: https://github.com/NiharikaCNR/STAT605-Project/raw/main/data/tracks/Instrumental/4UoQyXltWDTbKhz839QILK.pickle
Error downloading file: https://github.com/NiharikaCNR/STAT605-Project/raw/main/data/tracks/Instrumental/5O3UGMP9XJLbshKKZHsrGN.pickle
Error downloading file: https://github.com/NiharikaCNR/STAT605-Project/raw/main/data/tracks/Instrumental/4imyXxsul98cYFhQyN4D6y.pickle
Error downloading file: https://github.com/NiharikaCNR/STAT605-Project/raw/main/data/tracks/Instrumental/2GJFu2G9fhaYFrOoX9bejs.pickle
Error downloading file: https://github.com/NiharikaCNR/STAT605-Project/raw/main/data/tracks/Instrumental/5NHQ6e1JkQ5zsvzIRkqDhh.pickle
Error downloading file: https://github.com/NiharikaCNR/STAT605-Project/raw/main/data/tracks/Instrumental/39bzKYAYfHRtK32nEnQilM.pickle
