Error downloading file: https://github.com/NiharikaCNR/STAT605-Project/raw/main/data/tracks/Relaxation/3UCN3NZKE2FXfYpXYcwfBS.pickle
Error downloading file: https://github.com/NiharikaCNR/STAT605-Project/raw/main/data/tracks/Relaxation/5ETRimFnC8Irh20w7enu7X.pickle
Error downloading file: https://github.com/NiharikaCNR/STAT605-Project/raw/main/data/tracks/Relaxation/0MwsVhUhQ7ZqDHwidNraLK.pickle
Error downloading file: https://github.com/NiharikaCNR/STAT605-Project/raw/main/data/tracks/Relaxation/402Pwuz1XS5gqs625git4Z.pickle
Error downloading file: https://github.com/NiharikaCNR/STAT605-Project/raw/main/data/tracks/Relaxation/3Z69D2VShmSNmf1FhOHygZ.pickle
Error downloading file: https://github.com/NiharikaCNR/STAT605-Project/raw/main/data/tracks/Relaxation/7E7h2oUypI4mvtCJ2Muacb.pickle
Error downloading file: https://github.com/NiharikaCNR/STAT605-Project/raw/main/data/tracks/Relaxation/4UOWavrWkoksmm5W0k6jPr.pickle
Error downloading file: https://github.com/NiharikaCNR/STAT605-Project/raw/main/data/tracks/Relaxation/0CBmghbDaOYxOt4rlmpUTd.pickle
Error downloading file: https://github.com/NiharikaCNR/STAT605-Project/raw/main/data/tracks/Relaxation/7Mhgikcr6qy7KkdPCx8izW.pickle
Error downloading file: https://github.com/NiharikaCNR/STAT605-Project/raw/main/data/tracks/Relaxation/3xp1q9hYyzTjsXG9H8BICf.pickle
Error downloading file: https://github.com/NiharikaCNR/STAT605-Project/raw/main/data/tracks/Relaxation/7qxDBv6bSRhDHhrQmHP6oN.pickle
Error downloading file: https://github.com/NiharikaCNR/STAT605-Project/raw/main/data/tracks/Relaxation/1dLa3jqDlBj3JNWUdfG0v1.pickle
Error downloading file: https://github.com/NiharikaCNR/STAT605-Project/raw/main/data/tracks/Relaxation/4nUhthOWY6vUHnpAMGCMSw.pickle
Error downloading file: https://github.com/NiharikaCNR/STAT605-Project/raw/main/data/tracks/Relaxation/6v6cuaxCnIAnnFrMcJLrc6.pickle
Error downloading file: https://github.com/NiharikaCNR/STAT605-Project/raw/main/data/tracks/Relaxation/3u5W79BxEJMvAVFgLWK9m4.pickle
Error downloading file: https://github.com/NiharikaCNR/STAT605-Project/raw/main/data/tracks/Relaxation/0wz1CgXFr0aSu1UzqEGG4C.pickle
Error downloading file: https://github.com/NiharikaCNR/STAT605-Project/raw/main/data/tracks/Relaxation/6t3e2UfHXGVdxXJhPYj6Lg.pickle
Error downloading file: https://github.com/NiharikaCNR/STAT605-Project/raw/main/data/tracks/Relaxation/1x7zBpMIdrySvhENuSY5JV.pickle
Error downloading file: https://github.com/NiharikaCNR/STAT605-Project/raw/main/data/tracks/Relaxation/6FTI1GirXye67U41XkzR2h.pickle
Error downloading file: https://github.com/NiharikaCNR/STAT605-Project/raw/main/data/tracks/Relaxation/1ngTQ4T37HeS0NplRUTX24.pickle
Error downloading file: https://github.com/NiharikaCNR/STAT605-Project/raw/main/data/tracks/Relaxation/5xcgi9ta3wVzBFktltBLMo.pickle
Error downloading file: https://github.com/NiharikaCNR/STAT605-Project/raw/main/data/tracks/Relaxation/1CbxWhH2cl3PXf0Re0TkZD.pickle
Error downloading file: https://github.com/NiharikaCNR/STAT605-Project/raw/main/data/tracks/Relaxation/16p2gXFq1tUMuid42TCahy.pickle
Error downloading file: https://github.com/NiharikaCNR/STAT605-Project/raw/main/data/tracks/Relaxation/5G0AX3BgFw0VuJLqREvDaj.pickle
Error downloading file: https://github.com/NiharikaCNR/STAT605-Project/raw/main/data/tracks/Relaxation/7AR7xW0wCscHZeYf2zj7Fc.pickle
Error downloading file: https://github.com/NiharikaCNR/STAT605-Project/raw/main/data/tracks/Relaxation/73YDqwVKSNwtzD9cLyUnKo.pickle
Error downloading file: https://github.com/NiharikaCNR/STAT605-Project/raw/main/data/tracks/Relaxation/6IlOnQUzJckb3KXqUXAbVt.pickle
Error downloading file: https://github.com/NiharikaCNR/STAT605-Project/raw/main/data/tracks/Relaxation/1kOo4z14fQRQdnYXU8VDcv.pickle
Error downloading file: https://github.com/NiharikaCNR/STAT605-Project/raw/main/data/tracks/Relaxation/53Pqc0z3W4bJM9eeOO1W3O.pickle
Error downloading file: https://github.com/NiharikaCNR/STAT605-Project/raw/main/data/tracks/Relaxation/0LOfO55KZs4fW7UtyQJfRJ.pickle
Error downloading file: https://github.com/NiharikaCNR/STAT605-Project/raw/main/data/tracks/Relaxation/3gxwqX94FR5XNcwNAnpKiB.pickle
Error downloading file: https://github.com/NiharikaCNR/STAT605-Project/raw/main/data/tracks/Relaxation/5b37N7OEe9IQJQ48hiKY1p.pickle
Error downloading file: https://github.com/NiharikaCNR/STAT605-Project/raw/main/data/tracks/Relaxation/1gayETCFqhIo2HAfgQFOD9.pickle
Error downloading file: https://github.com/NiharikaCNR/STAT605-Project/raw/main/data/tracks/Relaxation/4MeTO2Ein0s4dzDCYajIoU.pickle
Error downloading file: https://github.com/NiharikaCNR/STAT605-Project/raw/main/data/tracks/Relaxation/21paVu8nvMYrk2lnJHlx9T.pickle
Error downloading file: https://github.com/NiharikaCNR/STAT605-Project/raw/main/data/tracks/Relaxation/7k59hF8Vc7Ob9HYO8fnbLF.pickle
Error downloading file: https://github.com/NiharikaCNR/STAT605-Project/raw/main/data/tracks/Relaxation/2QjHg0IKNKgURtYuRaOSVh.pickle
Error downloading file: https://github.com/NiharikaCNR/STAT605-Project/raw/main/data/tracks/Relaxation/4TbaG2d0oHVSL5WWHr3paT.pickle
Error downloading file: https://github.com/NiharikaCNR/STAT605-Project/raw/main/data/tracks/Relaxation/2e0GYT1cwyJTcWy9hiN1xZ.pickle
Error downloading file: https://github.com/NiharikaCNR/STAT605-Project/raw/main/data/tracks/Relaxation/6g11H9Qg8lcJwEIS39e6GN.pickle
Error downloading file: https://github.com/NiharikaCNR/STAT605-Project/raw/main/data/tracks/Relaxation/6QNrpzKEYLzQsBqQQphfue.pickle
Error downloading file: https://github.com/NiharikaCNR/STAT605-Project/raw/main/data/tracks/Relaxation/4lMmoawRGvO419cZgRP9mV.pickle
Error downloading file: https://github.com/NiharikaCNR/STAT605-Project/raw/main/data/tracks/Relaxation/36ohYATGnjB8KVRhsglPDP.pickle
Error downloading file: https://github.com/NiharikaCNR/STAT605-Project/raw/main/data/tracks/Relaxation/5CPNW8gaWplZXw9ltkTqQu.pickle
Error downloading file: https://github.com/NiharikaCNR/STAT605-Project/raw/main/data/tracks/Relaxation/679ajBE0hA1KXeV4ksYifn.pickle
Error downloading file: https://github.com/NiharikaCNR/STAT605-Project/raw/main/data/tracks/Relaxation/1JuU4qEEZgSZbXotwMRpQF.pickle
Error downloading file: https://github.com/NiharikaCNR/STAT605-Project/raw/main/data/tracks/Relaxation/2p2mFunyYlzwWAOomLVEKt.pickle
Error downloading file: https://github.com/NiharikaCNR/STAT605-Project/raw/main/data/tracks/Relaxation/4zXfPzjyYjS59WBpaBJSbs.pickle
Error downloading file: https://github.com/NiharikaCNR/STAT605-Project/raw/main/data/tracks/Relaxation/357UXnSLfG3RTRrRMc7YiU.pickle
Error downloading file: https://github.com/NiharikaCNR/STAT605-Project/raw/main/data/tracks/Relaxation/3Y1uYjKIPFZ4PBNOYkTFqR.pickle
Error downloading file: https://github.com/NiharikaCNR/STAT605-Project/raw/main/data/tracks/Relaxation/1fNzrF4LItKYRmCquXrMVE.pickle
Error downloading file: https://github.com/NiharikaCNR/STAT605-Project/raw/main/data/tracks/Relaxation/7xvgRpkb45ZJXd6jkguIrr.pickle
Error downloading file: https://github.com/NiharikaCNR/STAT605-Project/raw/main/data/tracks/Relaxation/4Kx7N7sHcJ0MamSpuDKfV5.pickle
Error downloading file: https://github.com/NiharikaCNR/STAT605-Project/raw/main/data/tracks/Relaxation/1EdOIy6n6U8Is6bv3tmPua.pickle
Error downloading file: https://github.com/NiharikaCNR/STAT605-Project/raw/main/data/tracks/Relaxation/74jdFBI7LmTV2FMdd5qTh3.pickle
Error downloading file: https://github.com/NiharikaCNR/STAT605-Project/raw/main/data/tracks/Relaxation/51cHdrCG6qyH5r9BPRK2K0.pickle
Error downloading file: https://github.com/NiharikaCNR/STAT605-Project/raw/main/data/tracks/Relaxation/25Eazeq2jR3OAXKVyn5A46.pickle
Error downloading file: https://github.com/NiharikaCNR/STAT605-Project/raw/main/data/tracks/Relaxation/09a8Ur35uRNugKT4X2Ia0W.pickle
