Error downloading file: https://github.com/NiharikaCNR/STAT605-Project/raw/main/data/tracks/Lounge/2FEUloDXMvRnyfLcsrCfkw.pickle
Error downloading file: https://github.com/NiharikaCNR/STAT605-Project/raw/main/data/tracks/Lounge/6osru1Fx1n50mRD8QWI9m1.pickle
Error downloading file: https://github.com/NiharikaCNR/STAT605-Project/raw/main/data/tracks/Lounge/3mslSmibP6M7u9RQEOZ2Zh.pickle
Error downloading file: https://github.com/NiharikaCNR/STAT605-Project/raw/main/data/tracks/Lounge/4P1bWG46ggUx3kOdnDEAfs.pickle
Error downloading file: https://github.com/NiharikaCNR/STAT605-Project/raw/main/data/tracks/Lounge/2VaOJEHR9U3Q6SlG8TZN5j.pickle
Error downloading file: https://github.com/NiharikaCNR/STAT605-Project/raw/main/data/tracks/Lounge/6Rzv2CVwDi7hYnVU5wKcXe.pickle
Error downloading file: https://github.com/NiharikaCNR/STAT605-Project/raw/main/data/tracks/Lounge/4rGJKqbPpn5HUhMKeZMFhe.pickle
Error downloading file: https://github.com/NiharikaCNR/STAT605-Project/raw/main/data/tracks/Lounge/5ROUkE55LI83kG3ZRmAnum.pickle
Error downloading file: https://github.com/NiharikaCNR/STAT605-Project/raw/main/data/tracks/Lounge/6zFCci00787rGrLkWDwog8.pickle
Error downloading file: https://github.com/NiharikaCNR/STAT605-Project/raw/main/data/tracks/Lounge/7tK5mSBltgvDJ6CBuaPvi1.pickle
Error downloading file: https://github.com/NiharikaCNR/STAT605-Project/raw/main/data/tracks/Lounge/4faQsCXVnzLa2yITblP9ow.pickle
Error downloading file: https://github.com/NiharikaCNR/STAT605-Project/raw/main/data/tracks/Lounge/3XSFQLLzrM1nDWh13A4eci.pickle
Error downloading file: https://github.com/NiharikaCNR/STAT605-Project/raw/main/data/tracks/Lounge/6zrZ7mVcznNd2Q6qB0iBrq.pickle
Error downloading file: https://github.com/NiharikaCNR/STAT605-Project/raw/main/data/tracks/Lounge/72yP0DUlWPyH8P7IoxskwN.pickle
Error downloading file: https://github.com/NiharikaCNR/STAT605-Project/raw/main/data/tracks/Lounge/72yP0DUlWPyH8P7IoxskwN.pickle
Error downloading file: https://github.com/NiharikaCNR/STAT605-Project/raw/main/data/tracks/Lounge/72yP0DUlWPyH8P7IoxskwN.pickle
Error downloading file: https://github.com/NiharikaCNR/STAT605-Project/raw/main/data/tracks/Lounge/72yP0DUlWPyH8P7IoxskwN.pickle
Error downloading file: https://github.com/NiharikaCNR/STAT605-Project/raw/main/data/tracks/Lounge/1x7NAvqHgCvhV549ls0FTE.pickle
Error downloading file: https://github.com/NiharikaCNR/STAT605-Project/raw/main/data/tracks/Lounge/3o3bRIOKDwGOdqL9HBUNrO.pickle
Error downloading file: https://github.com/NiharikaCNR/STAT605-Project/raw/main/data/tracks/Lounge/5aGti5R9GRmjkm7pRnOYTZ.pickle
Error downloading file: https://github.com/NiharikaCNR/STAT605-Project/raw/main/data/tracks/Lounge/0jcpgo5z47py0nTtl77Hi5.pickle
Error downloading file: https://github.com/NiharikaCNR/STAT605-Project/raw/main/data/tracks/Lounge/7sK0vS2FyHMb5wFGFcwUMI.pickle
Error downloading file: https://github.com/NiharikaCNR/STAT605-Project/raw/main/data/tracks/Lounge/6B3yCWrksx9PrjGwu6zDzB.pickle
Error downloading file: https://github.com/NiharikaCNR/STAT605-Project/raw/main/data/tracks/Lounge/1yUMnQ7kDd874TaPn924Lo.pickle
Error downloading file: https://github.com/NiharikaCNR/STAT605-Project/raw/main/data/tracks/Lounge/1jdOJBKLdLtSrV63ztyYdP.pickle
Error downloading file: https://github.com/NiharikaCNR/STAT605-Project/raw/main/data/tracks/Lounge/1sWWOV3HQuvJ3N2z6dtu2W.pickle
Error downloading file: https://github.com/NiharikaCNR/STAT605-Project/raw/main/data/tracks/Lounge/01XP4DU82QE56hH3l16a7S.pickle
Error downloading file: https://github.com/NiharikaCNR/STAT605-Project/raw/main/data/tracks/Lounge/0EncdyFKNletEI25jFT3Ao.pickle
Error downloading file: https://github.com/NiharikaCNR/STAT605-Project/raw/main/data/tracks/Lounge/4Cesp17kIKOhUwQnqzdbG6.pickle
Error downloading file: https://github.com/NiharikaCNR/STAT605-Project/raw/main/data/tracks/Lounge/7gmBN587F9l6jUfcXnqGuq.pickle
Error downloading file: https://github.com/NiharikaCNR/STAT605-Project/raw/main/data/tracks/Lounge/3dpNm5Z9JFt5It1gAWfvZX.pickle
Error downloading file: https://github.com/NiharikaCNR/STAT605-Project/raw/main/data/tracks/Lounge/4gdyc5TGWtKD0N7OUtddzp.pickle
Error downloading file: https://github.com/NiharikaCNR/STAT605-Project/raw/main/data/tracks/Lounge/63KBUxunksAInY8IP2e15L.pickle
Error downloading file: https://github.com/NiharikaCNR/STAT605-Project/raw/main/data/tracks/Lounge/6zX73swV0JYKmOUSBpqLSt.pickle
Error downloading file: https://github.com/NiharikaCNR/STAT605-Project/raw/main/data/tracks/Lounge/2REjRtNDCn61o7cafbTCaA.pickle
Error downloading file: https://github.com/NiharikaCNR/STAT605-Project/raw/main/data/tracks/Lounge/0oSTB0VWnqK9w6RskAwPe0.pickle
Error downloading file: https://github.com/NiharikaCNR/STAT605-Project/raw/main/data/tracks/Lounge/4NFD9ea0uH0MtoC30yNYE1.pickle
Error downloading file: https://github.com/NiharikaCNR/STAT605-Project/raw/main/data/tracks/Lounge/3K00Ib1shkOEiAXU5pec6e.pickle
Error downloading file: https://github.com/NiharikaCNR/STAT605-Project/raw/main/data/tracks/Lounge/3K00Ib1shkOEiAXU5pec6e.pickle
Error downloading file: https://github.com/NiharikaCNR/STAT605-Project/raw/main/data/tracks/Lounge/3K00Ib1shkOEiAXU5pec6e.pickle
Error downloading file: https://github.com/NiharikaCNR/STAT605-Project/raw/main/data/tracks/Lounge/3K00Ib1shkOEiAXU5pec6e.pickle
Error downloading file: https://github.com/NiharikaCNR/STAT605-Project/raw/main/data/tracks/Lounge/3K00Ib1shkOEiAXU5pec6e.pickle
Error downloading file: https://github.com/NiharikaCNR/STAT605-Project/raw/main/data/tracks/Lounge/3K00Ib1shkOEiAXU5pec6e.pickle
Error downloading file: https://github.com/NiharikaCNR/STAT605-Project/raw/main/data/tracks/Lounge/3K00Ib1shkOEiAXU5pec6e.pickle
Error downloading file: https://github.com/NiharikaCNR/STAT605-Project/raw/main/data/tracks/Lounge/3K00Ib1shkOEiAXU5pec6e.pickle
Error downloading file: https://github.com/NiharikaCNR/STAT605-Project/raw/main/data/tracks/Lounge/3K00Ib1shkOEiAXU5pec6e.pickle
Error downloading file: https://github.com/NiharikaCNR/STAT605-Project/raw/main/data/tracks/Lounge/39LLxExYz6ewLAcYrzQQyP.pickle
Error downloading file: https://github.com/NiharikaCNR/STAT605-Project/raw/main/data/tracks/Lounge/5snyhxAh55A2wlNRH7VVZJ.pickle
Error downloading file: https://github.com/NiharikaCNR/STAT605-Project/raw/main/data/tracks/Lounge/3cTFrGzNLKkICaD4IRERKN.pickle
Error downloading file: https://github.com/NiharikaCNR/STAT605-Project/raw/main/data/tracks/Lounge/4vOoQh9MhS9pyrbvc8LyMz.pickle
Error downloading file: https://github.com/NiharikaCNR/STAT605-Project/raw/main/data/tracks/Lounge/79ZQoLroAAQYHM9sJ1kbGh.pickle
Error downloading file: https://github.com/NiharikaCNR/STAT605-Project/raw/main/data/tracks/Lounge/0iuZMy88H6vxDA2oaJNhJg.pickle
Error downloading file: https://github.com/NiharikaCNR/STAT605-Project/raw/main/data/tracks/Lounge/6BePGk3eCan4FqaW2X8Qy3.pickle
Error downloading file: https://github.com/NiharikaCNR/STAT605-Project/raw/main/data/tracks/Lounge/02CygBCQOIyEuhNZqHHcNx.pickle
Error downloading file: https://github.com/NiharikaCNR/STAT605-Project/raw/main/data/tracks/Lounge/66tkDkPsznE5zIHNt4QkXB.pickle
Error downloading file: https://github.com/NiharikaCNR/STAT605-Project/raw/main/data/tracks/Lounge/61Ivix5DTnDPVjp1dgLyov.pickle
Error downloading file: https://github.com/NiharikaCNR/STAT605-Project/raw/main/data/tracks/Lounge/4E6cwWJWZw2zWf7VFbH7wf.pickle
Error downloading file: https://github.com/NiharikaCNR/STAT605-Project/raw/main/data/tracks/Lounge/2s2PGt2yeQly8auhPuHGIn.pickle
Error downloading file: https://github.com/NiharikaCNR/STAT605-Project/raw/main/data/tracks/Lounge/7eBpUuPnDTfbeP1P4P93CS.pickle
Error downloading file: https://github.com/NiharikaCNR/STAT605-Project/raw/main/data/tracks/Lounge/0xcodadlWJxKIj8REEN3GK.pickle
Error downloading file: https://github.com/NiharikaCNR/STAT605-Project/raw/main/data/tracks/Lounge/5j7x0N6j0TH6Tq6RuiKtnj.pickle
Error downloading file: https://github.com/NiharikaCNR/STAT605-Project/raw/main/data/tracks/Lounge/0xknACiHrVed7KEML5oNuU.pickle
Error downloading file: https://github.com/NiharikaCNR/STAT605-Project/raw/main/data/tracks/Lounge/2tCQYWs43KyIximDIklg7z.pickle
Error downloading file: https://github.com/NiharikaCNR/STAT605-Project/raw/main/data/tracks/Lounge/0b02ZHphmQGm0lRtHyDDTH.pickle
Error downloading file: https://github.com/NiharikaCNR/STAT605-Project/raw/main/data/tracks/Lounge/0UZS8SBXA00YYxkwrjQqTp.pickle
Error downloading file: https://github.com/NiharikaCNR/STAT605-Project/raw/main/data/tracks/Lounge/3yMuP1l8BqhaylxWkuCLBm.pickle
Error downloading file: https://github.com/NiharikaCNR/STAT605-Project/raw/main/data/tracks/Lounge/3T72t9omDieTDzkz1zWBT5.pickle
Error downloading file: https://github.com/NiharikaCNR/STAT605-Project/raw/main/data/tracks/Lounge/7c1af0RQtOuR1eU4qC3WZW.pickle
Error downloading file: https://github.com/NiharikaCNR/STAT605-Project/raw/main/data/tracks/Lounge/7c1af0RQtOuR1eU4qC3WZW.pickle
Error downloading file: https://github.com/NiharikaCNR/STAT605-Project/raw/main/data/tracks/Lounge/7c1af0RQtOuR1eU4qC3WZW.pickle
Error downloading file: https://github.com/NiharikaCNR/STAT605-Project/raw/main/data/tracks/Lounge/7c1af0RQtOuR1eU4qC3WZW.pickle
Error downloading file: https://github.com/NiharikaCNR/STAT605-Project/raw/main/data/tracks/Lounge/59eGhJgJcVsTS1m2WnChed.pickle
Error downloading file: https://github.com/NiharikaCNR/STAT605-Project/raw/main/data/tracks/Lounge/0Z3kppxLytZRAz7upUHwRo.pickle
Error downloading file: https://github.com/NiharikaCNR/STAT605-Project/raw/main/data/tracks/Lounge/1VvXCb924kXOIHY3ycqy36.pickle
Error downloading file: https://github.com/NiharikaCNR/STAT605-Project/raw/main/data/tracks/Lounge/7o3sxkom9x3OiMYBAGw2qy.pickle
Error downloading file: https://github.com/NiharikaCNR/STAT605-Project/raw/main/data/tracks/Lounge/3q3zmz8AausTiErq0xfEsy.pickle
Error downloading file: https://github.com/NiharikaCNR/STAT605-Project/raw/main/data/tracks/Lounge/05GvwwTLLID738BbKN1ze0.pickle
Error downloading file: https://github.com/NiharikaCNR/STAT605-Project/raw/main/data/tracks/Lounge/05GvwwTLLID738BbKN1ze0.pickle
Error downloading file: https://github.com/NiharikaCNR/STAT605-Project/raw/main/data/tracks/Lounge/05GvwwTLLID738BbKN1ze0.pickle
Error downloading file: https://github.com/NiharikaCNR/STAT605-Project/raw/main/data/tracks/Lounge/05GvwwTLLID738BbKN1ze0.pickle
Error downloading file: https://github.com/NiharikaCNR/STAT605-Project/raw/main/data/tracks/Lounge/05GvwwTLLID738BbKN1ze0.pickle
Error downloading file: https://github.com/NiharikaCNR/STAT605-Project/raw/main/data/tracks/Lounge/05GvwwTLLID738BbKN1ze0.pickle
Error downloading file: https://github.com/NiharikaCNR/STAT605-Project/raw/main/data/tracks/Lounge/05GvwwTLLID738BbKN1ze0.pickle
Error downloading file: https://github.com/NiharikaCNR/STAT605-Project/raw/main/data/tracks/Lounge/05GvwwTLLID738BbKN1ze0.pickle
Error downloading file: https://github.com/NiharikaCNR/STAT605-Project/raw/main/data/tracks/Lounge/05GvwwTLLID738BbKN1ze0.pickle
Error downloading file: https://github.com/NiharikaCNR/STAT605-Project/raw/main/data/tracks/Lounge/05GvwwTLLID738BbKN1ze0.pickle
Error downloading file: https://github.com/NiharikaCNR/STAT605-Project/raw/main/data/tracks/Lounge/05GvwwTLLID738BbKN1ze0.pickle
Error downloading file: https://github.com/NiharikaCNR/STAT605-Project/raw/main/data/tracks/Lounge/05GvwwTLLID738BbKN1ze0.pickle
Error downloading file: https://github.com/NiharikaCNR/STAT605-Project/raw/main/data/tracks/Lounge/05GvwwTLLID738BbKN1ze0.pickle
Error downloading file: https://github.com/NiharikaCNR/STAT605-Project/raw/main/data/tracks/Lounge/05GvwwTLLID738BbKN1ze0.pickle
Error downloading file: https://github.com/NiharikaCNR/STAT605-Project/raw/main/data/tracks/Lounge/05GvwwTLLID738BbKN1ze0.pickle
Error downloading file: https://github.com/NiharikaCNR/STAT605-Project/raw/main/data/tracks/Lounge/05GvwwTLLID738BbKN1ze0.pickle
Error downloading file: https://github.com/NiharikaCNR/STAT605-Project/raw/main/data/tracks/Lounge/05GvwwTLLID738BbKN1ze0.pickle
Error downloading file: https://github.com/NiharikaCNR/STAT605-Project/raw/main/data/tracks/Lounge/05GvwwTLLID738BbKN1ze0.pickle
Error downloading file: https://github.com/NiharikaCNR/STAT605-Project/raw/main/data/tracks/Lounge/05GvwwTLLID738BbKN1ze0.pickle
Error downloading file: https://github.com/NiharikaCNR/STAT605-Project/raw/main/data/tracks/Lounge/05GvwwTLLID738BbKN1ze0.pickle
Error downloading file: https://github.com/NiharikaCNR/STAT605-Project/raw/main/data/tracks/Lounge/05GvwwTLLID738BbKN1ze0.pickle
Error downloading file: https://github.com/NiharikaCNR/STAT605-Project/raw/main/data/tracks/Lounge/05GvwwTLLID738BbKN1ze0.pickle
Error downloading file: https://github.com/NiharikaCNR/STAT605-Project/raw/main/data/tracks/Lounge/05GvwwTLLID738BbKN1ze0.pickle
Error downloading file: https://github.com/NiharikaCNR/STAT605-Project/raw/main/data/tracks/Lounge/05GvwwTLLID738BbKN1ze0.pickle
Error downloading file: https://github.com/NiharikaCNR/STAT605-Project/raw/main/data/tracks/Lounge/05GvwwTLLID738BbKN1ze0.pickle
Error downloading file: https://github.com/NiharikaCNR/STAT605-Project/raw/main/data/tracks/Lounge/0SbDNXZYqfsMarINcb72X5.pickle
Error downloading file: https://github.com/NiharikaCNR/STAT605-Project/raw/main/data/tracks/Lounge/0f91Dvbc5tc6DN7e2QaNyC.pickle
Error downloading file: https://github.com/NiharikaCNR/STAT605-Project/raw/main/data/tracks/Lounge/0o6NlHNV7Tet6yh9BC6BGd.pickle
Error downloading file: https://github.com/NiharikaCNR/STAT605-Project/raw/main/data/tracks/Lounge/0yLdNVWF3Srea0uzk55zFn.pickle
Error downloading file: https://github.com/NiharikaCNR/STAT605-Project/raw/main/data/tracks/Lounge/16MQETUgqXwY4lZcyRafU3.pickle
Error downloading file: https://github.com/NiharikaCNR/STAT605-Project/raw/main/data/tracks/Lounge/1KEXxYtfNyK08g2Pc4gcSh.pickle
Error downloading file: https://github.com/NiharikaCNR/STAT605-Project/raw/main/data/tracks/Lounge/1hgX0ZmmP7IRRjUFCIBrnQ.pickle
Error downloading file: https://github.com/NiharikaCNR/STAT605-Project/raw/main/data/tracks/Lounge/1jyIQoMPkCD6Pz1x1pzZs5.pickle
Error downloading file: https://github.com/NiharikaCNR/STAT605-Project/raw/main/data/tracks/Lounge/1t0Jmqg1pKVBbxjQFZebeR.pickle
Error downloading file: https://github.com/NiharikaCNR/STAT605-Project/raw/main/data/tracks/Lounge/1ueoRX8nwY3DTryhGVfqp6.pickle
Error downloading file: https://github.com/NiharikaCNR/STAT605-Project/raw/main/data/tracks/Lounge/27qGyy5X3rkrIQ6XXx8r5V.pickle
Error downloading file: https://github.com/NiharikaCNR/STAT605-Project/raw/main/data/tracks/Lounge/2TVxnKdb3tqe1nhQWwwZCO.pickle
Error downloading file: https://github.com/NiharikaCNR/STAT605-Project/raw/main/data/tracks/Lounge/2TktkzfozZifbQhXjT6I33.pickle
Error downloading file: https://github.com/NiharikaCNR/STAT605-Project/raw/main/data/tracks/Lounge/2nSpe6yeULSw6pu4DEJAN0.pickle
Error downloading file: https://github.com/NiharikaCNR/STAT605-Project/raw/main/data/tracks/Lounge/32cwP8NCIBrDj0mTcqZfYv.pickle
Error downloading file: https://github.com/NiharikaCNR/STAT605-Project/raw/main/data/tracks/Lounge/36Qq8d5qOwIwI8MSj3CXQ0.pickle
Error downloading file: https://github.com/NiharikaCNR/STAT605-Project/raw/main/data/tracks/Lounge/3JvKfv6T31zO0ini8iNItO.pickle
Error downloading file: https://github.com/NiharikaCNR/STAT605-Project/raw/main/data/tracks/Lounge/3VpxEo6vMpi4rQ6t2WVVkK.pickle
Error downloading file: https://github.com/NiharikaCNR/STAT605-Project/raw/main/data/tracks/Lounge/3uUuGVFu1V7jTQL60S1r8z.pickle
Error downloading file: https://github.com/NiharikaCNR/STAT605-Project/raw/main/data/tracks/Lounge/3uUuGVFu1V7jTQL60S1r8z.pickle
Error downloading file: https://github.com/NiharikaCNR/STAT605-Project/raw/main/data/tracks/Lounge/3uUuGVFu1V7jTQL60S1r8z.pickle
Error downloading file: https://github.com/NiharikaCNR/STAT605-Project/raw/main/data/tracks/Lounge/3uUuGVFu1V7jTQL60S1r8z.pickle
Error downloading file: https://github.com/NiharikaCNR/STAT605-Project/raw/main/data/tracks/Lounge/3uUuGVFu1V7jTQL60S1r8z.pickle
Error downloading file: https://github.com/NiharikaCNR/STAT605-Project/raw/main/data/tracks/Lounge/3uUuGVFu1V7jTQL60S1r8z.pickle
Error downloading file: https://github.com/NiharikaCNR/STAT605-Project/raw/main/data/tracks/Lounge/3uUuGVFu1V7jTQL60S1r8z.pickle
Error downloading file: https://github.com/NiharikaCNR/STAT605-Project/raw/main/data/tracks/Lounge/3uUuGVFu1V7jTQL60S1r8z.pickle
Error downloading file: https://github.com/NiharikaCNR/STAT605-Project/raw/main/data/tracks/Lounge/3uUuGVFu1V7jTQL60S1r8z.pickle
Error downloading file: https://github.com/NiharikaCNR/STAT605-Project/raw/main/data/tracks/Lounge/3uUuGVFu1V7jTQL60S1r8z.pickle
Error downloading file: https://github.com/NiharikaCNR/STAT605-Project/raw/main/data/tracks/Lounge/3uUuGVFu1V7jTQL60S1r8z.pickle
Error downloading file: https://github.com/NiharikaCNR/STAT605-Project/raw/main/data/tracks/Lounge/3uUuGVFu1V7jTQL60S1r8z.pickle
Error downloading file: https://github.com/NiharikaCNR/STAT605-Project/raw/main/data/tracks/Lounge/3uUuGVFu1V7jTQL60S1r8z.pickle
Error downloading file: https://github.com/NiharikaCNR/STAT605-Project/raw/main/data/tracks/Lounge/3uUuGVFu1V7jTQL60S1r8z.pickle
Error downloading file: https://github.com/NiharikaCNR/STAT605-Project/raw/main/data/tracks/Lounge/3uUuGVFu1V7jTQL60S1r8z.pickle
Error downloading file: https://github.com/NiharikaCNR/STAT605-Project/raw/main/data/tracks/Lounge/3uUuGVFu1V7jTQL60S1r8z.pickle
Error downloading file: https://github.com/NiharikaCNR/STAT605-Project/raw/main/data/tracks/Lounge/4DWyAq9ExNPogDaduac3Ym.pickle
Error downloading file: https://github.com/NiharikaCNR/STAT605-Project/raw/main/data/tracks/Lounge/5INKoLuvsbws7oBfS2rmEp.pickle
Error downloading file: https://github.com/NiharikaCNR/STAT605-Project/raw/main/data/tracks/Lounge/5QrhTxjhRFYqYjQeT0tqEa.pickle
Error downloading file: https://github.com/NiharikaCNR/STAT605-Project/raw/main/data/tracks/Lounge/5RgFlk1fcClZd0Y4SGYhqH.pickle
Error downloading file: https://github.com/NiharikaCNR/STAT605-Project/raw/main/data/tracks/Lounge/5Va8gy236vQYMFonFTTOem.pickle
Error downloading file: https://github.com/NiharikaCNR/STAT605-Project/raw/main/data/tracks/Lounge/5n9DJWUiwuKuPE9sCVbQ0n.pickle
Error downloading file: https://github.com/NiharikaCNR/STAT605-Project/raw/main/data/tracks/Lounge/5n9DJWUiwuKuPE9sCVbQ0n.pickle
Error downloading file: https://github.com/NiharikaCNR/STAT605-Project/raw/main/data/tracks/Lounge/5n9DJWUiwuKuPE9sCVbQ0n.pickle
Error downloading file: https://github.com/NiharikaCNR/STAT605-Project/raw/main/data/tracks/Lounge/5n9DJWUiwuKuPE9sCVbQ0n.pickle
Error downloading file: https://github.com/NiharikaCNR/STAT605-Project/raw/main/data/tracks/Lounge/697PUOx3HS3gRbe5nCRux3.pickle
Error downloading file: https://github.com/NiharikaCNR/STAT605-Project/raw/main/data/tracks/Lounge/6f5ExP43esnvdKPddwKXJH.pickle
Error downloading file: https://github.com/NiharikaCNR/STAT605-Project/raw/main/data/tracks/Lounge/6jGnykaS6TkWp15utXSAeI.pickle
Error downloading file: https://github.com/NiharikaCNR/STAT605-Project/raw/main/data/tracks/Lounge/6zSpb8dQRaw0M1dK8PBwQz.pickle
Error downloading file: https://github.com/NiharikaCNR/STAT605-Project/raw/main/data/tracks/Lounge/6zSpb8dQRaw0M1dK8PBwQz.pickle
Error downloading file: https://github.com/NiharikaCNR/STAT605-Project/raw/main/data/tracks/Lounge/6zSpb8dQRaw0M1dK8PBwQz.pickle
Error downloading file: https://github.com/NiharikaCNR/STAT605-Project/raw/main/data/tracks/Lounge/6zSpb8dQRaw0M1dK8PBwQz.pickle
Error downloading file: https://github.com/NiharikaCNR/STAT605-Project/raw/main/data/tracks/Lounge/74UYdNAk3qSD6U4V5DShef.pickle
Error downloading file: https://github.com/NiharikaCNR/STAT605-Project/raw/main/data/tracks/Lounge/75JFxkI2RXiU7L9VXzMkle.pickle
Error downloading file: https://github.com/NiharikaCNR/STAT605-Project/raw/main/data/tracks/Lounge/78WVLOP9pN0G3gRLFy1rAa.pickle
Error downloading file: https://github.com/NiharikaCNR/STAT605-Project/raw/main/data/tracks/Lounge/7pKfPomDEeI4TPT6EOYjn9.pickle
Error downloading file: https://github.com/NiharikaCNR/STAT605-Project/raw/main/data/tracks/Lounge/7sfpydlJrHpTi533idUuZV.pickle
Error downloading file: https://github.com/NiharikaCNR/STAT605-Project/raw/main/data/tracks/Lounge/7vHshinTU8161w69EPbabY.pickle
Error downloading file: https://github.com/NiharikaCNR/STAT605-Project/raw/main/data/tracks/Lounge/2qfEcCkEo5NscA9GL7ER72.pickle
Error downloading file: https://github.com/NiharikaCNR/STAT605-Project/raw/main/data/tracks/Lounge/0azC730Exh71aQlOt9Zj3y.pickle
Error downloading file: https://github.com/NiharikaCNR/STAT605-Project/raw/main/data/tracks/Lounge/7ef4DlsgrMEH11cDZd32M6.pickle
Error downloading file: https://github.com/NiharikaCNR/STAT605-Project/raw/main/data/tracks/Lounge/7ef4DlsgrMEH11cDZd32M6.pickle
Error downloading file: https://github.com/NiharikaCNR/STAT605-Project/raw/main/data/tracks/Lounge/7ef4DlsgrMEH11cDZd32M6.pickle
Error downloading file: https://github.com/NiharikaCNR/STAT605-Project/raw/main/data/tracks/Lounge/7ef4DlsgrMEH11cDZd32M6.pickle
Error downloading file: https://github.com/NiharikaCNR/STAT605-Project/raw/main/data/tracks/Lounge/40iJIUlhi6renaREYGeIDS.pickle
Error downloading file: https://github.com/NiharikaCNR/STAT605-Project/raw/main/data/tracks/Lounge/7MXVkk9YMctZqd1Srtv4MB.pickle
Error downloading file: https://github.com/NiharikaCNR/STAT605-Project/raw/main/data/tracks/Lounge/1bDbXMyjaUIooNwFE9wn0N.pickle
Error downloading file: https://github.com/NiharikaCNR/STAT605-Project/raw/main/data/tracks/Lounge/40VHrQeS00gz6vcGPoJuBA.pickle
Error downloading file: https://github.com/NiharikaCNR/STAT605-Project/raw/main/data/tracks/Lounge/1SKPmfSYaPsETbRHaiA18G.pickle
Error downloading file: https://github.com/NiharikaCNR/STAT605-Project/raw/main/data/tracks/Lounge/6QPKYGnAW9QozVz2dSWqRg.pickle
Error downloading file: https://github.com/NiharikaCNR/STAT605-Project/raw/main/data/tracks/Lounge/6Vc5wAMmXdKIAM7WUoEb7N.pickle
Error downloading file: https://github.com/NiharikaCNR/STAT605-Project/raw/main/data/tracks/Lounge/0mUyMawtxj1CJ76kn9gIZK.pickle
Error downloading file: https://github.com/NiharikaCNR/STAT605-Project/raw/main/data/tracks/Lounge/1mvfvDZOybiEgS1ecJxt9W.pickle
Error downloading file: https://github.com/NiharikaCNR/STAT605-Project/raw/main/data/tracks/Lounge/5uyw6qVn71nKSBVyBl3Ytv.pickle
Error downloading file: https://github.com/NiharikaCNR/STAT605-Project/raw/main/data/tracks/Lounge/6vECYJHxYmm3Ydt3fF01pE.pickle
