Error downloading file: https://github.com/NiharikaCNR/STAT605-Project/raw/main/data/tracks/Americana/2qWKpYIleSvBT6aUMXoia5.pickle
Error downloading file: https://github.com/NiharikaCNR/STAT605-Project/raw/main/data/tracks/Americana/5WsxLkPL1QRKRfCed6qTTn.pickle
Error downloading file: https://github.com/NiharikaCNR/STAT605-Project/raw/main/data/tracks/Americana/13umsa4HEerLke8Y8lhakp.pickle
Error downloading file: https://github.com/NiharikaCNR/STAT605-Project/raw/main/data/tracks/Americana/1Wg6dLYXgqxs0YtQS6ifco.pickle
Error downloading file: https://github.com/NiharikaCNR/STAT605-Project/raw/main/data/tracks/Americana/4PwWESSlTwzvw9B7bmtTLS.pickle
Error downloading file: https://github.com/NiharikaCNR/STAT605-Project/raw/main/data/tracks/Americana/2mDdkeVuUsyIepwzLCxuu6.pickle
Error downloading file: https://github.com/NiharikaCNR/STAT605-Project/raw/main/data/tracks/Americana/0kGfertL7siLSc1AmF3L5D.pickle
Error downloading file: https://github.com/NiharikaCNR/STAT605-Project/raw/main/data/tracks/Americana/3E0VKSvZp76kvBU2WwwBul.pickle
Error downloading file: https://github.com/NiharikaCNR/STAT605-Project/raw/main/data/tracks/Americana/5X8hjt33EdQ8KUaUzcTNQv.pickle
Error downloading file: https://github.com/NiharikaCNR/STAT605-Project/raw/main/data/tracks/Americana/4hDxqXmufOdDFlqnUqcamD.pickle
Error downloading file: https://github.com/NiharikaCNR/STAT605-Project/raw/main/data/tracks/Americana/4hDxqXmufOdDFlqnUqcamD.pickle
Error downloading file: https://github.com/NiharikaCNR/STAT605-Project/raw/main/data/tracks/Americana/4hDxqXmufOdDFlqnUqcamD.pickle
Error downloading file: https://github.com/NiharikaCNR/STAT605-Project/raw/main/data/tracks/Americana/4hDxqXmufOdDFlqnUqcamD.pickle
Error downloading file: https://github.com/NiharikaCNR/STAT605-Project/raw/main/data/tracks/Americana/5sRyU2xqnQvCzL6L0OMD37.pickle
Error downloading file: https://github.com/NiharikaCNR/STAT605-Project/raw/main/data/tracks/Americana/3t8IB18uEO2pebnfLUv7B0.pickle
Error downloading file: https://github.com/NiharikaCNR/STAT605-Project/raw/main/data/tracks/Americana/4W3UeFjutmOG80XCTgioWT.pickle
Error downloading file: https://github.com/NiharikaCNR/STAT605-Project/raw/main/data/tracks/Americana/4lizDGXpBCg6o9B90eA5pH.pickle
Error downloading file: https://github.com/NiharikaCNR/STAT605-Project/raw/main/data/tracks/Americana/5nVK0rgBaHqRioBoWBWS8f.pickle
Error downloading file: https://github.com/NiharikaCNR/STAT605-Project/raw/main/data/tracks/Americana/5nVK0rgBaHqRioBoWBWS8f.pickle
Error downloading file: https://github.com/NiharikaCNR/STAT605-Project/raw/main/data/tracks/Americana/5nVK0rgBaHqRioBoWBWS8f.pickle
Error downloading file: https://github.com/NiharikaCNR/STAT605-Project/raw/main/data/tracks/Americana/5nVK0rgBaHqRioBoWBWS8f.pickle
Error downloading file: https://github.com/NiharikaCNR/STAT605-Project/raw/main/data/tracks/Americana/604TjuOvRI4BTt9rlRrCqs.pickle
Error downloading file: https://github.com/NiharikaCNR/STAT605-Project/raw/main/data/tracks/Americana/0XEUKN8CnHAKNmWmK1FG0d.pickle
Error downloading file: https://github.com/NiharikaCNR/STAT605-Project/raw/main/data/tracks/Americana/1l8TpQdbsiQvMB9SuPsaiv.pickle
Error downloading file: https://github.com/NiharikaCNR/STAT605-Project/raw/main/data/tracks/Americana/1d5rF8M1TjLgNMVUm6eloa.pickle
Error downloading file: https://github.com/NiharikaCNR/STAT605-Project/raw/main/data/tracks/Americana/3GgvAt2Cyp7GRhYy9Luus1.pickle
Error downloading file: https://github.com/NiharikaCNR/STAT605-Project/raw/main/data/tracks/Americana/3sRTVE6B8rQkr5z3qmEqSK.pickle
Error downloading file: https://github.com/NiharikaCNR/STAT605-Project/raw/main/data/tracks/Americana/4QTV3dLUyYu5vFPEFvA1jg.pickle
Error downloading file: https://github.com/NiharikaCNR/STAT605-Project/raw/main/data/tracks/Americana/646NxfLugCOxvB8V2bpHu2.pickle
Error downloading file: https://github.com/NiharikaCNR/STAT605-Project/raw/main/data/tracks/Americana/56DWjPH75uA1iaaI3JySxj.pickle
Error downloading file: https://github.com/NiharikaCNR/STAT605-Project/raw/main/data/tracks/Americana/5GsJeLkjrKbBBR85RVe6Uw.pickle
Error downloading file: https://github.com/NiharikaCNR/STAT605-Project/raw/main/data/tracks/Americana/0OWhKvvsHptt6vnnNUSM9a.pickle
Error downloading file: https://github.com/NiharikaCNR/STAT605-Project/raw/main/data/tracks/Americana/3mlMGktVNhAatqEUrLpIWC.pickle
Error downloading file: https://github.com/NiharikaCNR/STAT605-Project/raw/main/data/tracks/Americana/78i6AUQv9Hp1BAQY6VCaCP.pickle
Error downloading file: https://github.com/NiharikaCNR/STAT605-Project/raw/main/data/tracks/Americana/6684GUHy1jpyhJVzpz5OFr.pickle
Error downloading file: https://github.com/NiharikaCNR/STAT605-Project/raw/main/data/tracks/Americana/19JaV7E0D3yNvkiIuIKse3.pickle
Error downloading file: https://github.com/NiharikaCNR/STAT605-Project/raw/main/data/tracks/Americana/08aCW0RGOaR53En8g7e3HJ.pickle
Error downloading file: https://github.com/NiharikaCNR/STAT605-Project/raw/main/data/tracks/Americana/5L1BHZ2uApRTpP95yGykjv.pickle
Error downloading file: https://github.com/NiharikaCNR/STAT605-Project/raw/main/data/tracks/Americana/0pghPocTwFg6ckBUs52SQ8.pickle
Error downloading file: https://github.com/NiharikaCNR/STAT605-Project/raw/main/data/tracks/Americana/6B7CjVsjJoMpzjnvy3LNAk.pickle
Error downloading file: https://github.com/NiharikaCNR/STAT605-Project/raw/main/data/tracks/Americana/4vu8ZGHW0NhsYuA7b3g5OX.pickle
Error downloading file: https://github.com/NiharikaCNR/STAT605-Project/raw/main/data/tracks/Americana/6oBosRU0yrsD5UkuMUhAvp.pickle
Error downloading file: https://github.com/NiharikaCNR/STAT605-Project/raw/main/data/tracks/Americana/51ueZKM83MTRv9rgiDfI6Y.pickle
Error downloading file: https://github.com/NiharikaCNR/STAT605-Project/raw/main/data/tracks/Americana/1KueOLeUZpaNRK2InckxVT.pickle
Error downloading file: https://github.com/NiharikaCNR/STAT605-Project/raw/main/data/tracks/Americana/23EgnmfkdOsDK96ftbVv0Q.pickle
Error downloading file: https://github.com/NiharikaCNR/STAT605-Project/raw/main/data/tracks/Americana/5KMWwtJv3Ll2ROZfMerQs0.pickle
Error downloading file: https://github.com/NiharikaCNR/STAT605-Project/raw/main/data/tracks/Americana/4OfCkjpcpqKgr9igYyOSHm.pickle
Error downloading file: https://github.com/NiharikaCNR/STAT605-Project/raw/main/data/tracks/Americana/6jDm8LTMY13EzzIu5FNzYq.pickle
Error downloading file: https://github.com/NiharikaCNR/STAT605-Project/raw/main/data/tracks/Americana/7jb1ZSirsHV1H2cLTNbqDX.pickle
Error downloading file: https://github.com/NiharikaCNR/STAT605-Project/raw/main/data/tracks/Americana/0CEyCdEWwN1w92O76mQHmN.pickle
Error downloading file: https://github.com/NiharikaCNR/STAT605-Project/raw/main/data/tracks/Americana/0CEyCdEWwN1w92O76mQHmN.pickle
Error downloading file: https://github.com/NiharikaCNR/STAT605-Project/raw/main/data/tracks/Americana/0CEyCdEWwN1w92O76mQHmN.pickle
Error downloading file: https://github.com/NiharikaCNR/STAT605-Project/raw/main/data/tracks/Americana/0CEyCdEWwN1w92O76mQHmN.pickle
Error downloading file: https://github.com/NiharikaCNR/STAT605-Project/raw/main/data/tracks/Americana/1StMd0fcQFpwrkYTJuHj8z.pickle
Error downloading file: https://github.com/NiharikaCNR/STAT605-Project/raw/main/data/tracks/Americana/5l4KZmLaiImt906CJxl5nv.pickle
Error downloading file: https://github.com/NiharikaCNR/STAT605-Project/raw/main/data/tracks/Americana/6hZ3wAZGh5yQcZMxDXnTL3.pickle
Error downloading file: https://github.com/NiharikaCNR/STAT605-Project/raw/main/data/tracks/Americana/7pwv5cbW7hj4HVv3US4XUT.pickle
Error downloading file: https://github.com/NiharikaCNR/STAT605-Project/raw/main/data/tracks/Americana/78Vj1c5mgrddm7aQN0A3fs.pickle
Error downloading file: https://github.com/NiharikaCNR/STAT605-Project/raw/main/data/tracks/Americana/4Ly3chvUwMe19RTKm8YtFP.pickle
Error downloading file: https://github.com/NiharikaCNR/STAT605-Project/raw/main/data/tracks/Americana/3JRKgmK00uNLQzXGcLUaZ3.pickle
Error downloading file: https://github.com/NiharikaCNR/STAT605-Project/raw/main/data/tracks/Americana/3ftFR3uG7hCJJ7kQOlSAlg.pickle
Error downloading file: https://github.com/NiharikaCNR/STAT605-Project/raw/main/data/tracks/Americana/6LLb6rVMgQnGNZwwHSxTzn.pickle
Error downloading file: https://github.com/NiharikaCNR/STAT605-Project/raw/main/data/tracks/Americana/7m4pa6QJVZ5T4vf33pvLTm.pickle
Error downloading file: https://github.com/NiharikaCNR/STAT605-Project/raw/main/data/tracks/Americana/7m4pa6QJVZ5T4vf33pvLTm.pickle
Error downloading file: https://github.com/NiharikaCNR/STAT605-Project/raw/main/data/tracks/Americana/7m4pa6QJVZ5T4vf33pvLTm.pickle
Error downloading file: https://github.com/NiharikaCNR/STAT605-Project/raw/main/data/tracks/Americana/7m4pa6QJVZ5T4vf33pvLTm.pickle
Error downloading file: https://github.com/NiharikaCNR/STAT605-Project/raw/main/data/tracks/Americana/0Vtik6x9dLUPNoyIoJZm9I.pickle
Error downloading file: https://github.com/NiharikaCNR/STAT605-Project/raw/main/data/tracks/Americana/1BIX2BQa6BroVxG6O97UWk.pickle
Error downloading file: https://github.com/NiharikaCNR/STAT605-Project/raw/main/data/tracks/Americana/1BIX2BQa6BroVxG6O97UWk.pickle
Error downloading file: https://github.com/NiharikaCNR/STAT605-Project/raw/main/data/tracks/Americana/1BIX2BQa6BroVxG6O97UWk.pickle
Error downloading file: https://github.com/NiharikaCNR/STAT605-Project/raw/main/data/tracks/Americana/1BIX2BQa6BroVxG6O97UWk.pickle
Error downloading file: https://github.com/NiharikaCNR/STAT605-Project/raw/main/data/tracks/Americana/7bg9GsxzCq4pj0wjmCz4Ke.pickle
Error downloading file: https://github.com/NiharikaCNR/STAT605-Project/raw/main/data/tracks/Americana/5jAwx5j4pI1iy9cm1ZmwM4.pickle
Error downloading file: https://github.com/NiharikaCNR/STAT605-Project/raw/main/data/tracks/Americana/1FudW4lBMbxG1BVP7Ko1DT.pickle
Error downloading file: https://github.com/NiharikaCNR/STAT605-Project/raw/main/data/tracks/Americana/2a69GIAmyBciRjmCquCDPZ.pickle
Error downloading file: https://github.com/NiharikaCNR/STAT605-Project/raw/main/data/tracks/Americana/4V4wsqkdFEQ4weme7FlnNC.pickle
Error downloading file: https://github.com/NiharikaCNR/STAT605-Project/raw/main/data/tracks/Americana/6Xw7qv0H03e7bPBIH6tMQQ.pickle
Error downloading file: https://github.com/NiharikaCNR/STAT605-Project/raw/main/data/tracks/Americana/5TvvW8KOV3bK82KuzsPYan.pickle
Error downloading file: https://github.com/NiharikaCNR/STAT605-Project/raw/main/data/tracks/Americana/3y4Uza6K58JXQ7RYya8ZI5.pickle
Error downloading file: https://github.com/NiharikaCNR/STAT605-Project/raw/main/data/tracks/Americana/1UKobFsdqNXQb8OthimCKe.pickle
Error downloading file: https://github.com/NiharikaCNR/STAT605-Project/raw/main/data/tracks/Americana/4uYwlMp841PLJmj1gJJwIq.pickle
Error downloading file: https://github.com/NiharikaCNR/STAT605-Project/raw/main/data/tracks/Americana/40lm5PFVQopOYaIXmyWNS9.pickle
Error downloading file: https://github.com/NiharikaCNR/STAT605-Project/raw/main/data/tracks/Americana/3RkQ3UwOyPqpIiIvGVewuU.pickle
Error downloading file: https://github.com/NiharikaCNR/STAT605-Project/raw/main/data/tracks/Americana/7vCAPGfk46iIyikreugUay.pickle
Error downloading file: https://github.com/NiharikaCNR/STAT605-Project/raw/main/data/tracks/Americana/5ELbcZndp49XTIblVA1yaV.pickle
Error downloading file: https://github.com/NiharikaCNR/STAT605-Project/raw/main/data/tracks/Americana/0hhzJEusz6r7f0eL1Uc8kw.pickle
Error downloading file: https://github.com/NiharikaCNR/STAT605-Project/raw/main/data/tracks/Americana/3QmUhaY5KZiOuaUH8H71LG.pickle
Error downloading file: https://github.com/NiharikaCNR/STAT605-Project/raw/main/data/tracks/Americana/1KKTKUFmFLZmEhbUyj47jN.pickle
Error downloading file: https://github.com/NiharikaCNR/STAT605-Project/raw/main/data/tracks/Americana/1tmCPGkgKKurSN1onKcaJt.pickle
Error downloading file: https://github.com/NiharikaCNR/STAT605-Project/raw/main/data/tracks/Americana/5pD6DyYeglUby2x5CXrqfA.pickle
Error downloading file: https://github.com/NiharikaCNR/STAT605-Project/raw/main/data/tracks/Americana/5FBjLI91XAAfkJIObf6lvV.pickle
Error downloading file: https://github.com/NiharikaCNR/STAT605-Project/raw/main/data/tracks/Americana/2lkN8FQoHTHjMTe3A3u3Mo.pickle
Error downloading file: https://github.com/NiharikaCNR/STAT605-Project/raw/main/data/tracks/Americana/2Eo7TdfVIqgXlKZyBhztwB.pickle
Error downloading file: https://github.com/NiharikaCNR/STAT605-Project/raw/main/data/tracks/Americana/1V2bcJqB4I8kkwmlv7vf6a.pickle
Error downloading file: https://github.com/NiharikaCNR/STAT605-Project/raw/main/data/tracks/Americana/3GpbXVvjDnjOAfsiC4Xe4b.pickle
Error downloading file: https://github.com/NiharikaCNR/STAT605-Project/raw/main/data/tracks/Americana/3xBZCCKtrZlb6s69HCXD8K.pickle
Error downloading file: https://github.com/NiharikaCNR/STAT605-Project/raw/main/data/tracks/Americana/59EupkPF0AA5nu0qDo5FlK.pickle
Error downloading file: https://github.com/NiharikaCNR/STAT605-Project/raw/main/data/tracks/Americana/4YJ1KDI6tUSapyD6XTAg8i.pickle
Error downloading file: https://github.com/NiharikaCNR/STAT605-Project/raw/main/data/tracks/Americana/5ldIPwQS9zj3UpUdPQ7CB4.pickle
Error downloading file: https://github.com/NiharikaCNR/STAT605-Project/raw/main/data/tracks/Americana/4H1POasJbrLNaQirsIH29e.pickle
Error downloading file: https://github.com/NiharikaCNR/STAT605-Project/raw/main/data/tracks/Americana/1s2Wyk3QM2qZ9J863GFd3n.pickle
Error downloading file: https://github.com/NiharikaCNR/STAT605-Project/raw/main/data/tracks/Americana/4nLc4sEvpD7tnfsqJDILE0.pickle
Error downloading file: https://github.com/NiharikaCNR/STAT605-Project/raw/main/data/tracks/Americana/1A6P8IxzNyBRsQualaNXNY.pickle
Error downloading file: https://github.com/NiharikaCNR/STAT605-Project/raw/main/data/tracks/Americana/3JWJiLDqawZtilIo7p0rJ9.pickle
Error downloading file: https://github.com/NiharikaCNR/STAT605-Project/raw/main/data/tracks/Americana/1HJrJjCNgviyQYC6rYoBYS.pickle
Error downloading file: https://github.com/NiharikaCNR/STAT605-Project/raw/main/data/tracks/Americana/5HuaHij4kVpfEVv93MYCeW.pickle
Error downloading file: https://github.com/NiharikaCNR/STAT605-Project/raw/main/data/tracks/Americana/561F1zqRwGPCTMRsLsXVtL.pickle
Error downloading file: https://github.com/NiharikaCNR/STAT605-Project/raw/main/data/tracks/Americana/0Ll60pqkEBHqzdeclRHdnl.pickle
Error downloading file: https://github.com/NiharikaCNR/STAT605-Project/raw/main/data/tracks/Americana/3VyJGPYr2DF9gdBNosSao4.pickle
Error downloading file: https://github.com/NiharikaCNR/STAT605-Project/raw/main/data/tracks/Americana/4K1imZQQ0yKtJ40vGmUajS.pickle
Error downloading file: https://github.com/NiharikaCNR/STAT605-Project/raw/main/data/tracks/Americana/3ZE3wv8V3w2T2f7nOCjV0N.pickle
Error downloading file: https://github.com/NiharikaCNR/STAT605-Project/raw/main/data/tracks/Americana/7xRemq7GLu0Tbqe9OckG87.pickle
Error downloading file: https://github.com/NiharikaCNR/STAT605-Project/raw/main/data/tracks/Americana/7cyOTirNS1rXygPulz9WR3.pickle
Error downloading file: https://github.com/NiharikaCNR/STAT605-Project/raw/main/data/tracks/Americana/3uCkIqD0VzQUijbs8WIizs.pickle
Error downloading file: https://github.com/NiharikaCNR/STAT605-Project/raw/main/data/tracks/Americana/3eiTlfmClIHJS7Vq4IwkBZ.pickle
Error downloading file: https://github.com/NiharikaCNR/STAT605-Project/raw/main/data/tracks/Americana/0waQPHO2e0G3NK8QtOBM1b.pickle
Error downloading file: https://github.com/NiharikaCNR/STAT605-Project/raw/main/data/tracks/Americana/5qYp7YDkLAaSd1nBWejkAD.pickle
Error downloading file: https://github.com/NiharikaCNR/STAT605-Project/raw/main/data/tracks/Americana/3omXshBamrREltcf24gYDC.pickle
Error downloading file: https://github.com/NiharikaCNR/STAT605-Project/raw/main/data/tracks/Americana/168mDRF95TUgri1Kbl9GYA.pickle
Error downloading file: https://github.com/NiharikaCNR/STAT605-Project/raw/main/data/tracks/Americana/168mDRF95TUgri1Kbl9GYA.pickle
Error downloading file: https://github.com/NiharikaCNR/STAT605-Project/raw/main/data/tracks/Americana/168mDRF95TUgri1Kbl9GYA.pickle
Error downloading file: https://github.com/NiharikaCNR/STAT605-Project/raw/main/data/tracks/Americana/168mDRF95TUgri1Kbl9GYA.pickle
Error downloading file: https://github.com/NiharikaCNR/STAT605-Project/raw/main/data/tracks/Americana/2obblQ6tcePeOEVJV6nEGD.pickle
Error downloading file: https://github.com/NiharikaCNR/STAT605-Project/raw/main/data/tracks/Americana/2LkaNhCrNVmcYgXJeLVmsw.pickle
Error downloading file: https://github.com/NiharikaCNR/STAT605-Project/raw/main/data/tracks/Americana/0cPvRrV9PBBHVfHoGBlFdO.pickle
Error downloading file: https://github.com/NiharikaCNR/STAT605-Project/raw/main/data/tracks/Americana/0fbR95FEaJUxiQYaqZZukv.pickle
Error downloading file: https://github.com/NiharikaCNR/STAT605-Project/raw/main/data/tracks/Americana/0iOZM63lendWRTTeKhZBSC.pickle
Error downloading file: https://github.com/NiharikaCNR/STAT605-Project/raw/main/data/tracks/Americana/6gwMhuVPNWwFTTKHKRtJun.pickle
Error downloading file: https://github.com/NiharikaCNR/STAT605-Project/raw/main/data/tracks/Americana/2sbF2F1fIKylqW79XFLbH8.pickle
Error downloading file: https://github.com/NiharikaCNR/STAT605-Project/raw/main/data/tracks/Americana/3pYB28IRzhtR5cHXLINchp.pickle
Error downloading file: https://github.com/NiharikaCNR/STAT605-Project/raw/main/data/tracks/Americana/1BWsOxeMx83OrKGCV4gxly.pickle
Error downloading file: https://github.com/NiharikaCNR/STAT605-Project/raw/main/data/tracks/Americana/3cw3Z7mS55gd3NUjh4k0bL.pickle
Error downloading file: https://github.com/NiharikaCNR/STAT605-Project/raw/main/data/tracks/Americana/0VU5k3vCrpqDgUygMjiFYj.pickle
Error downloading file: https://github.com/NiharikaCNR/STAT605-Project/raw/main/data/tracks/Americana/0i19MAZbyn8uTir7FprXId.pickle
Error downloading file: https://github.com/NiharikaCNR/STAT605-Project/raw/main/data/tracks/Americana/5tZGN34gCAwk7Rz3RXy3Dv.pickle
Error downloading file: https://github.com/NiharikaCNR/STAT605-Project/raw/main/data/tracks/Americana/7Kho44itYaCQZvZQVV2SLW.pickle
Error downloading file: https://github.com/NiharikaCNR/STAT605-Project/raw/main/data/tracks/Americana/5UDqWOgDdixYMAgAyNbpgh.pickle
Error downloading file: https://github.com/NiharikaCNR/STAT605-Project/raw/main/data/tracks/Americana/0Dp07EA5ybveKSUE27CuEd.pickle
Error downloading file: https://github.com/NiharikaCNR/STAT605-Project/raw/main/data/tracks/Americana/3wcluZHyfuTzIXHfwXVAIE.pickle
Error downloading file: https://github.com/NiharikaCNR/STAT605-Project/raw/main/data/tracks/Americana/2tgQaL85WoRfgEa4hFQgrE.pickle
Error downloading file: https://github.com/NiharikaCNR/STAT605-Project/raw/main/data/tracks/Americana/7G59EUBvMPfIy1FTuobrqj.pickle
Error downloading file: https://github.com/NiharikaCNR/STAT605-Project/raw/main/data/tracks/Americana/0qCQg5TkfBfkTsQP3IhAmC.pickle
Error downloading file: https://github.com/NiharikaCNR/STAT605-Project/raw/main/data/tracks/Americana/42TtHTxWk782ZBiqyOi2d1.pickle
Error downloading file: https://github.com/NiharikaCNR/STAT605-Project/raw/main/data/tracks/Americana/1pmYAWY7Kwaj84U3xZxLML.pickle
Error downloading file: https://github.com/NiharikaCNR/STAT605-Project/raw/main/data/tracks/Americana/4uTTd2SlalZoG0zVgI63kH.pickle
Error downloading file: https://github.com/NiharikaCNR/STAT605-Project/raw/main/data/tracks/Americana/4DFMZUoz6TBh8JVqmw6Drv.pickle
Error downloading file: https://github.com/NiharikaCNR/STAT605-Project/raw/main/data/tracks/Americana/72geHhNU5UA2hU1QgUzXdE.pickle
Error downloading file: https://github.com/NiharikaCNR/STAT605-Project/raw/main/data/tracks/Americana/2Dct3GykKZ58hpWRFfe2Qd.pickle
Error downloading file: https://github.com/NiharikaCNR/STAT605-Project/raw/main/data/tracks/Americana/06gD2ZtK3Dzc1BYqWExQJJ.pickle
Error downloading file: https://github.com/NiharikaCNR/STAT605-Project/raw/main/data/tracks/Americana/1HSK85Escjg7ClgwgnMI0G.pickle
Error downloading file: https://github.com/NiharikaCNR/STAT605-Project/raw/main/data/tracks/Americana/4mBYupeEa1e5Ep2HU7xToZ.pickle
Error downloading file: https://github.com/NiharikaCNR/STAT605-Project/raw/main/data/tracks/Americana/3TWffuE2fuzzl1qC2W2V6j.pickle
Error downloading file: https://github.com/NiharikaCNR/STAT605-Project/raw/main/data/tracks/Americana/68wI8QNqMeIraj7Ix16hS3.pickle
Error downloading file: https://github.com/NiharikaCNR/STAT605-Project/raw/main/data/tracks/Americana/7ekj86VgKXB5XFTwVYnTQP.pickle
Error downloading file: https://github.com/NiharikaCNR/STAT605-Project/raw/main/data/tracks/Americana/2PXumYrwMjU2lF5yxFVYhs.pickle
Error downloading file: https://github.com/NiharikaCNR/STAT605-Project/raw/main/data/tracks/Americana/42Wvzdf5yRnjE3C6XjYYVV.pickle
Error downloading file: https://github.com/NiharikaCNR/STAT605-Project/raw/main/data/tracks/Americana/7r5X8KL8y0CpZZErtmOmNo.pickle
Error downloading file: https://github.com/NiharikaCNR/STAT605-Project/raw/main/data/tracks/Americana/6ZW6Q3Fzt9fGzC4nbhA5pf.pickle
Error downloading file: https://github.com/NiharikaCNR/STAT605-Project/raw/main/data/tracks/Americana/6ZW6Q3Fzt9fGzC4nbhA5pf.pickle
Error downloading file: https://github.com/NiharikaCNR/STAT605-Project/raw/main/data/tracks/Americana/6ZW6Q3Fzt9fGzC4nbhA5pf.pickle
Error downloading file: https://github.com/NiharikaCNR/STAT605-Project/raw/main/data/tracks/Americana/6ZW6Q3Fzt9fGzC4nbhA5pf.pickle
Error downloading file: https://github.com/NiharikaCNR/STAT605-Project/raw/main/data/tracks/Americana/18GiV1BaXzPVYpp9rmOg0E.pickle
Error downloading file: https://github.com/NiharikaCNR/STAT605-Project/raw/main/data/tracks/Americana/0sDqo9UPzPUtu9wEkI3zRB.pickle
Error downloading file: https://github.com/NiharikaCNR/STAT605-Project/raw/main/data/tracks/Americana/359krpyCKcFF8SFvqWES9L.pickle
Error downloading file: https://github.com/NiharikaCNR/STAT605-Project/raw/main/data/tracks/Americana/3gaH1EhTC53WZeFRj3hGtp.pickle
Error downloading file: https://github.com/NiharikaCNR/STAT605-Project/raw/main/data/tracks/Americana/0ju1jP0cSPJ8tmojYBEI89.pickle
Error downloading file: https://github.com/NiharikaCNR/STAT605-Project/raw/main/data/tracks/Americana/52vA3CYKZqZVdQnzRrdZt6.pickle
Error downloading file: https://github.com/NiharikaCNR/STAT605-Project/raw/main/data/tracks/Americana/2WOjLF83vqjit2Zh4B69V3.pickle
Error downloading file: https://github.com/NiharikaCNR/STAT605-Project/raw/main/data/tracks/Americana/2nAHmQV9WKA6c1emQilxih.pickle
Error downloading file: https://github.com/NiharikaCNR/STAT605-Project/raw/main/data/tracks/Americana/3iltRlox3jEeSKuqdW88EK.pickle
Error downloading file: https://github.com/NiharikaCNR/STAT605-Project/raw/main/data/tracks/Americana/0ewrI06EIDMGXvgJxuyF3U.pickle
Error downloading file: https://github.com/NiharikaCNR/STAT605-Project/raw/main/data/tracks/Americana/3xSdEH8yjB0hiCcj9CG0xR.pickle
Error downloading file: https://github.com/NiharikaCNR/STAT605-Project/raw/main/data/tracks/Americana/53dyuOtRb9WMz5puNHodZN.pickle
Error downloading file: https://github.com/NiharikaCNR/STAT605-Project/raw/main/data/tracks/Americana/340t55txxJWQmTFK7wARZh.pickle
Error downloading file: https://github.com/NiharikaCNR/STAT605-Project/raw/main/data/tracks/Americana/1SjsVdSXpwm1kTdYEHoPIT.pickle
Error downloading file: https://github.com/NiharikaCNR/STAT605-Project/raw/main/data/tracks/Americana/3Iju4sprTb8as0be1A41q6.pickle
Error downloading file: https://github.com/NiharikaCNR/STAT605-Project/raw/main/data/tracks/Americana/5Js5edLzibx0GcazYl7v85.pickle
Error downloading file: https://github.com/NiharikaCNR/STAT605-Project/raw/main/data/tracks/Americana/4ZFG2gSdhUDzk24hyyVx9X.pickle
Error downloading file: https://github.com/NiharikaCNR/STAT605-Project/raw/main/data/tracks/Americana/3n1jiJwByYaX3XsmdVul0D.pickle
Error downloading file: https://github.com/NiharikaCNR/STAT605-Project/raw/main/data/tracks/Americana/7FFHR2hpewYDlFJOogREND.pickle
Error downloading file: https://github.com/NiharikaCNR/STAT605-Project/raw/main/data/tracks/Americana/4Q5mUPPX8sxZIstOIxPOyA.pickle
Error downloading file: https://github.com/NiharikaCNR/STAT605-Project/raw/main/data/tracks/Americana/0wI8V8CJREA3ZojGPvM7yQ.pickle
Error downloading file: https://github.com/NiharikaCNR/STAT605-Project/raw/main/data/tracks/Americana/5JmPEM8bSll0vER2dileMA.pickle
Error downloading file: https://github.com/NiharikaCNR/STAT605-Project/raw/main/data/tracks/Americana/39hWv5A21PJvLhcrCHV37f.pickle
Error downloading file: https://github.com/NiharikaCNR/STAT605-Project/raw/main/data/tracks/Americana/3kp1DqoICwe4Vhf2zVzpUW.pickle
Error downloading file: https://github.com/NiharikaCNR/STAT605-Project/raw/main/data/tracks/Americana/3J75eyKzON6jJFlBhmTW32.pickle
Error downloading file: https://github.com/NiharikaCNR/STAT605-Project/raw/main/data/tracks/Americana/0b0bblC9e8Xxrq5rfq3omD.pickle
Error downloading file: https://github.com/NiharikaCNR/STAT605-Project/raw/main/data/tracks/Americana/2Z11imgAXFzb4lBGvPH985.pickle
Error downloading file: https://github.com/NiharikaCNR/STAT605-Project/raw/main/data/tracks/Americana/4pnTpNaNryIMAG1dn39pYS.pickle
Error downloading file: https://github.com/NiharikaCNR/STAT605-Project/raw/main/data/tracks/Americana/3K07bGe8iljQ3mOKArHLDo.pickle
Error downloading file: https://github.com/NiharikaCNR/STAT605-Project/raw/main/data/tracks/Americana/2fDHuS1PTkHBbCWWZF1ph9.pickle
Error downloading file: https://github.com/NiharikaCNR/STAT605-Project/raw/main/data/tracks/Americana/3s9ri7hKv6ijDn2k89veEU.pickle
Error downloading file: https://github.com/NiharikaCNR/STAT605-Project/raw/main/data/tracks/Americana/5IRWgQiN0c2i4U97iE3OoY.pickle
Error downloading file: https://github.com/NiharikaCNR/STAT605-Project/raw/main/data/tracks/Americana/2hitsKa8SthKhRJBXUHbIv.pickle
Error downloading file: https://github.com/NiharikaCNR/STAT605-Project/raw/main/data/tracks/Americana/1GcVa4jFySlun4jLSuMhiq.pickle
Error downloading file: https://github.com/NiharikaCNR/STAT605-Project/raw/main/data/tracks/Americana/3rQnmsnyKJ2ytIv4LxkDmT.pickle
Error downloading file: https://github.com/NiharikaCNR/STAT605-Project/raw/main/data/tracks/Americana/6hNZ5O5riDfxd2wWNgkjVn.pickle
Error downloading file: https://github.com/NiharikaCNR/STAT605-Project/raw/main/data/tracks/Americana/0sbp0HWRgERSS73s5mJgYV.pickle
Error downloading file: https://github.com/NiharikaCNR/STAT605-Project/raw/main/data/tracks/Americana/4Z92RMiyJpUrApZi3LtpJ6.pickle
Error downloading file: https://github.com/NiharikaCNR/STAT605-Project/raw/main/data/tracks/Americana/62EcdBCqjB62CxnhgBkkJT.pickle
Error downloading file: https://github.com/NiharikaCNR/STAT605-Project/raw/main/data/tracks/Americana/7z6pDIQFv510mRKfyEjHR1.pickle
Error downloading file: https://github.com/NiharikaCNR/STAT605-Project/raw/main/data/tracks/Americana/1ku4L6AywP1gY36BKYRvg0.pickle
Error downloading file: https://github.com/NiharikaCNR/STAT605-Project/raw/main/data/tracks/Americana/4ubYnxmt3qW3wZdqMZbqOh.pickle
Error downloading file: https://github.com/NiharikaCNR/STAT605-Project/raw/main/data/tracks/Americana/1sueD22EyCamMjdQu9Kuo3.pickle
Error downloading file: https://github.com/NiharikaCNR/STAT605-Project/raw/main/data/tracks/Americana/3M97fwKZfzvQ8xppMoQ7a0.pickle
Error downloading file: https://github.com/NiharikaCNR/STAT605-Project/raw/main/data/tracks/Americana/4aGG4VOWGv9RwlYQNsBrkE.pickle
Error downloading file: https://github.com/NiharikaCNR/STAT605-Project/raw/main/data/tracks/Americana/3hQ51c9dPj9FcSdOHhrfkq.pickle
Error downloading file: https://github.com/NiharikaCNR/STAT605-Project/raw/main/data/tracks/Americana/62ZRHYSOIT9WeZnz18kTHS.pickle
Error downloading file: https://github.com/NiharikaCNR/STAT605-Project/raw/main/data/tracks/Americana/2hsf7VvrBm44soR5rtDVXw.pickle
Error downloading file: https://github.com/NiharikaCNR/STAT605-Project/raw/main/data/tracks/Americana/22HHKW1Z3NhxUFV0tOV6Iv.pickle
Error downloading file: https://github.com/NiharikaCNR/STAT605-Project/raw/main/data/tracks/Americana/7obb4s6A7gf0Lc2AGxodMy.pickle
Error downloading file: https://github.com/NiharikaCNR/STAT605-Project/raw/main/data/tracks/Americana/33ezCcBwVw2SsAvOsFyJSG.pickle
Error downloading file: https://github.com/NiharikaCNR/STAT605-Project/raw/main/data/tracks/Americana/0M2YcHazq97wv6kEiTMy5e.pickle
Error downloading file: https://github.com/NiharikaCNR/STAT605-Project/raw/main/data/tracks/Americana/4RGxUjaCmVtD30pIhtEi7w.pickle
Error downloading file: https://github.com/NiharikaCNR/STAT605-Project/raw/main/data/tracks/Americana/0DQqzCHlPyKQXfF8uL01SI.pickle
Error downloading file: https://github.com/NiharikaCNR/STAT605-Project/raw/main/data/tracks/Americana/0SjnBEHZVXgCKvOrpvzL2k.pickle
Error downloading file: https://github.com/NiharikaCNR/STAT605-Project/raw/main/data/tracks/Americana/0pQskrTITgmCMyr85tb9qq.pickle
Error downloading file: https://github.com/NiharikaCNR/STAT605-Project/raw/main/data/tracks/Americana/0qAMjeQFyd1qD0LDiV8gWp.pickle
Error downloading file: https://github.com/NiharikaCNR/STAT605-Project/raw/main/data/tracks/Americana/19Shlms2uTnOjIUg50TXzd.pickle
Error downloading file: https://github.com/NiharikaCNR/STAT605-Project/raw/main/data/tracks/Americana/1oht5GevPN9t1T3kG1m1GO.pickle
Error downloading file: https://github.com/NiharikaCNR/STAT605-Project/raw/main/data/tracks/Americana/1wHSxWBfPr3GO31y8KGrWe.pickle
Error downloading file: https://github.com/NiharikaCNR/STAT605-Project/raw/main/data/tracks/Americana/24AlaGqIZd2nUspgzc2ph1.pickle
Error downloading file: https://github.com/NiharikaCNR/STAT605-Project/raw/main/data/tracks/Americana/2DnJjbjNTV9Nd5NOa1KGba.pickle
Error downloading file: https://github.com/NiharikaCNR/STAT605-Project/raw/main/data/tracks/Americana/2EWpa5XnAuSn0sIkSSIhYk.pickle
Error downloading file: https://github.com/NiharikaCNR/STAT605-Project/raw/main/data/tracks/Americana/2KCvGoSEjZV9KOKyExD7o3.pickle
Error downloading file: https://github.com/NiharikaCNR/STAT605-Project/raw/main/data/tracks/Americana/2ixkIrn45mNfdLDLHuyfRt.pickle
Error downloading file: https://github.com/NiharikaCNR/STAT605-Project/raw/main/data/tracks/Americana/2vubFQgAJO5SeuVa7ytIHc.pickle
Error downloading file: https://github.com/NiharikaCNR/STAT605-Project/raw/main/data/tracks/Americana/2x0supcZhd6NEH1nem9DnR.pickle
Error downloading file: https://github.com/NiharikaCNR/STAT605-Project/raw/main/data/tracks/Americana/37i6z8YqVrsvlx9jAaF6Rf.pickle
Error downloading file: https://github.com/NiharikaCNR/STAT605-Project/raw/main/data/tracks/Americana/3NJzkMApQqAudLSgYb5Bz2.pickle
Error downloading file: https://github.com/NiharikaCNR/STAT605-Project/raw/main/data/tracks/Americana/3lh3iiiJeiBXHSZw6u0kh6.pickle
Error downloading file: https://github.com/NiharikaCNR/STAT605-Project/raw/main/data/tracks/Americana/4IU1RL4BKvFyXtbTwaHAvW.pickle
Error downloading file: https://github.com/NiharikaCNR/STAT605-Project/raw/main/data/tracks/Americana/4JwjzS9WFkWlpzGCwh82fn.pickle
Error downloading file: https://github.com/NiharikaCNR/STAT605-Project/raw/main/data/tracks/Americana/4w6PEs8WP6Uat3lQsjL5Qs.pickle
Error downloading file: https://github.com/NiharikaCNR/STAT605-Project/raw/main/data/tracks/Americana/50LqU2nhdE3fmWOuqOjpjz.pickle
Error downloading file: https://github.com/NiharikaCNR/STAT605-Project/raw/main/data/tracks/Americana/5l9c6bJmzvftumhz4TMPgk.pickle
Error downloading file: https://github.com/NiharikaCNR/STAT605-Project/raw/main/data/tracks/Americana/62M9yafZsSRzlsphzeJPGo.pickle
Error downloading file: https://github.com/NiharikaCNR/STAT605-Project/raw/main/data/tracks/Americana/6BlVZ6vUaW5vbmDlYV7zfM.pickle
Error downloading file: https://github.com/NiharikaCNR/STAT605-Project/raw/main/data/tracks/Americana/72Z17vmmeQKAg8bptWvpVG.pickle
Error downloading file: https://github.com/NiharikaCNR/STAT605-Project/raw/main/data/tracks/Americana/730PcccFA4ePtZmzpypwoD.pickle
Error downloading file: https://github.com/NiharikaCNR/STAT605-Project/raw/main/data/tracks/Americana/7AL6qzIDHIX7pEUWrzNiIs.pickle
Error downloading file: https://github.com/NiharikaCNR/STAT605-Project/raw/main/data/tracks/Americana/7iN1s7xHE4ifF5povM6A48.pickle
Error downloading file: https://github.com/NiharikaCNR/STAT605-Project/raw/main/data/tracks/Americana/7pKfPomDEeI4TPT6EOYjn9.pickle
Error downloading file: https://github.com/NiharikaCNR/STAT605-Project/raw/main/data/tracks/Americana/0qdQUeKVyevrbKhAo0ibxS.pickle
Error downloading file: https://github.com/NiharikaCNR/STAT605-Project/raw/main/data/tracks/Americana/6K1BMBzqN51P5OV2ij7WwU.pickle
Error downloading file: https://github.com/NiharikaCNR/STAT605-Project/raw/main/data/tracks/Americana/3i7XRi2UyvGTdJawJRkVhd.pickle
Error downloading file: https://github.com/NiharikaCNR/STAT605-Project/raw/main/data/tracks/Americana/2NAOqvZIf7onZ4kDLU560I.pickle
Error downloading file: https://github.com/NiharikaCNR/STAT605-Project/raw/main/data/tracks/Americana/4fyqGylwyCpUTbgzYJ6RXN.pickle
Error downloading file: https://github.com/NiharikaCNR/STAT605-Project/raw/main/data/tracks/Americana/0Ppp8AhUasTiQxp4RHwyj5.pickle
Error downloading file: https://github.com/NiharikaCNR/STAT605-Project/raw/main/data/tracks/Americana/6Tv21RLLA1Dt6OtPNz8QDq.pickle
Error downloading file: https://github.com/NiharikaCNR/STAT605-Project/raw/main/data/tracks/Americana/5uyw6qVn71nKSBVyBl3Ytv.pickle
Error downloading file: https://github.com/NiharikaCNR/STAT605-Project/raw/main/data/tracks/Americana/6Q4GtzdnpQohD8JtEzRW1R.pickle
Error downloading file: https://github.com/NiharikaCNR/STAT605-Project/raw/main/data/tracks/Americana/3I8Y491lACYzJTM8fmIWdI.pickle
Error downloading file: https://github.com/NiharikaCNR/STAT605-Project/raw/main/data/tracks/Americana/3dsZCq57TheazHh1GVAJwO.pickle
Error downloading file: https://github.com/NiharikaCNR/STAT605-Project/raw/main/data/tracks/Americana/1vlDwedZUvYaxt2FXoYGaJ.pickle
Error downloading file: https://github.com/NiharikaCNR/STAT605-Project/raw/main/data/tracks/Americana/1Lp6ewfK7ABZWemResfRyK.pickle
Error downloading file: https://github.com/NiharikaCNR/STAT605-Project/raw/main/data/tracks/Americana/3l9eg9RtisizG12a1D6nZl.pickle
Error downloading file: https://github.com/NiharikaCNR/STAT605-Project/raw/main/data/tracks/Americana/3AhXZa8sUQht0UEdBJgpGc.pickle
