Error downloading file: https://github.com/NiharikaCNR/STAT605-Project/raw/main/data/tracks/Opera/4opjWVKT2xmlkgn1ejStcY.pickle
Error downloading file: https://github.com/NiharikaCNR/STAT605-Project/raw/main/data/tracks/Opera/1u0l8zWpQeMYStFkc2mLD7.pickle
Error downloading file: https://github.com/NiharikaCNR/STAT605-Project/raw/main/data/tracks/Opera/6ZimCGmTrqKyUnidBoLG13.pickle
Error downloading file: https://github.com/NiharikaCNR/STAT605-Project/raw/main/data/tracks/Opera/1chTrqszWQEOP4RsNuOZf7.pickle
Error downloading file: https://github.com/NiharikaCNR/STAT605-Project/raw/main/data/tracks/Opera/2e8MxBgVWMSQmxb2zcuCoq.pickle
Error downloading file: https://github.com/NiharikaCNR/STAT605-Project/raw/main/data/tracks/Opera/6LVohr4fZrk9iAYgZhEnVF.pickle
Error downloading file: https://github.com/NiharikaCNR/STAT605-Project/raw/main/data/tracks/Opera/6t4VHEcJ7Kek9pgGHlDp6R.pickle
Error downloading file: https://github.com/NiharikaCNR/STAT605-Project/raw/main/data/tracks/Opera/1EXDjOpV3Lbiv8CzJ7caHs.pickle
Error downloading file: https://github.com/NiharikaCNR/STAT605-Project/raw/main/data/tracks/Opera/6s2vYgLML3ClOtlJhYyYKR.pickle
Error downloading file: https://github.com/NiharikaCNR/STAT605-Project/raw/main/data/tracks/Opera/22MfEGdH3Noyx9GfyZWpFz.pickle
Error downloading file: https://github.com/NiharikaCNR/STAT605-Project/raw/main/data/tracks/Opera/7jURkEKDVEm9sHueqUX0ko.pickle
Error downloading file: https://github.com/NiharikaCNR/STAT605-Project/raw/main/data/tracks/Opera/5ooCfBqZyTB5CTdu1x7S77.pickle
Error downloading file: https://github.com/NiharikaCNR/STAT605-Project/raw/main/data/tracks/Opera/6gLDnzjpM0AwOeh9NmmHE0.pickle
Error downloading file: https://github.com/NiharikaCNR/STAT605-Project/raw/main/data/tracks/Opera/3JsH3qnwhYGs20PBMsCgNx.pickle
Error downloading file: https://github.com/NiharikaCNR/STAT605-Project/raw/main/data/tracks/Opera/2UdCQIDwFvGhslUYZH5tRR.pickle
Error downloading file: https://github.com/NiharikaCNR/STAT605-Project/raw/main/data/tracks/Opera/6Al4eNOERy6uxX8yieyPnl.pickle
Error downloading file: https://github.com/NiharikaCNR/STAT605-Project/raw/main/data/tracks/Opera/6KCmJ8VI6VYNRNubSqi0Ck.pickle
Error downloading file: https://github.com/NiharikaCNR/STAT605-Project/raw/main/data/tracks/Opera/0NFchYXJVNxHb693dpIs0t.pickle
Error downloading file: https://github.com/NiharikaCNR/STAT605-Project/raw/main/data/tracks/Opera/28wJwHEsUOnSDfoYi9OPkz.pickle
Error downloading file: https://github.com/NiharikaCNR/STAT605-Project/raw/main/data/tracks/Opera/5Dr69idwPV2vBivHWuK0bO.pickle
Error downloading file: https://github.com/NiharikaCNR/STAT605-Project/raw/main/data/tracks/Opera/5FRsalFMNTPxCPEzpoVCF4.pickle
Error downloading file: https://github.com/NiharikaCNR/STAT605-Project/raw/main/data/tracks/Opera/6NmcxJuphyJDjZOw43qyk7.pickle
Error downloading file: https://github.com/NiharikaCNR/STAT605-Project/raw/main/data/tracks/Opera/0yZnMCqDkrPVry2nuan3Iz.pickle
Error downloading file: https://github.com/NiharikaCNR/STAT605-Project/raw/main/data/tracks/Opera/06am46cX3Z6YlSsg0TyVHA.pickle
Error downloading file: https://github.com/NiharikaCNR/STAT605-Project/raw/main/data/tracks/Opera/6kHWawEbq5Vcyp8nSHhGjs.pickle
Error downloading file: https://github.com/NiharikaCNR/STAT605-Project/raw/main/data/tracks/Opera/07hoGJ3E62DqcZlyjgjsV6.pickle
Error downloading file: https://github.com/NiharikaCNR/STAT605-Project/raw/main/data/tracks/Opera/2SFnEPu8UwVXLdTRKZrHcc.pickle
Error downloading file: https://github.com/NiharikaCNR/STAT605-Project/raw/main/data/tracks/Opera/1A2UmLDZzDmpdzUjEkCc3z.pickle
Error downloading file: https://github.com/NiharikaCNR/STAT605-Project/raw/main/data/tracks/Opera/1dmi9lVthTKjuemmO8ucWm.pickle
Error downloading file: https://github.com/NiharikaCNR/STAT605-Project/raw/main/data/tracks/Opera/12UQIJePnGeLmpVReYpG2w.pickle
Error downloading file: https://github.com/NiharikaCNR/STAT605-Project/raw/main/data/tracks/Opera/5gNyrx8elXaXXs3vFC1ufZ.pickle
Error downloading file: https://github.com/NiharikaCNR/STAT605-Project/raw/main/data/tracks/Opera/1bzpeB0U0zwZkWzfRDjwl6.pickle
Error downloading file: https://github.com/NiharikaCNR/STAT605-Project/raw/main/data/tracks/Opera/2fZFQe9qyQx1AX7tZ3Uztl.pickle
Error downloading file: https://github.com/NiharikaCNR/STAT605-Project/raw/main/data/tracks/Opera/68VaQ8E7fhveKNkEIdD7Q9.pickle
Error downloading file: https://github.com/NiharikaCNR/STAT605-Project/raw/main/data/tracks/Opera/0I7y3aEavUHgkt4aCreBDa.pickle
Error downloading file: https://github.com/NiharikaCNR/STAT605-Project/raw/main/data/tracks/Opera/0cYduKz7njWaJ73PGn6OGW.pickle
Error downloading file: https://github.com/NiharikaCNR/STAT605-Project/raw/main/data/tracks/Opera/50A75OZiqGkRdF904sRQXg.pickle
Error downloading file: https://github.com/NiharikaCNR/STAT605-Project/raw/main/data/tracks/Opera/1fZvEmAmWtsDSUjAgDhddU.pickle
Error downloading file: https://github.com/NiharikaCNR/STAT605-Project/raw/main/data/tracks/Opera/1otw1I6vguSWf6Pxn9m1oC.pickle
Error downloading file: https://github.com/NiharikaCNR/STAT605-Project/raw/main/data/tracks/Opera/6agaR8uXdeycsvlxtZvKMW.pickle
Error downloading file: https://github.com/NiharikaCNR/STAT605-Project/raw/main/data/tracks/Opera/2mxZKXsHBWqm5Oz8DSE1ic.pickle
Error downloading file: https://github.com/NiharikaCNR/STAT605-Project/raw/main/data/tracks/Opera/3k59feCVkWd93OpplsII3u.pickle
Error downloading file: https://github.com/NiharikaCNR/STAT605-Project/raw/main/data/tracks/Opera/59eTbibtvvBIGj27eN3zqq.pickle
Error downloading file: https://github.com/NiharikaCNR/STAT605-Project/raw/main/data/tracks/Opera/2oLjhx7w8Hyd3gry9cCXr7.pickle
Error downloading file: https://github.com/NiharikaCNR/STAT605-Project/raw/main/data/tracks/Opera/5zhuWncJsBKrQ1HhmAKNAg.pickle
Error downloading file: https://github.com/NiharikaCNR/STAT605-Project/raw/main/data/tracks/Opera/1lZZ6vSkW9X3kC8SLIQHkm.pickle
Error downloading file: https://github.com/NiharikaCNR/STAT605-Project/raw/main/data/tracks/Opera/0CJuLeZpCdqrqoCMXWZw8k.pickle
Error downloading file: https://github.com/NiharikaCNR/STAT605-Project/raw/main/data/tracks/Opera/7ueP5u2qkdZbIPN2YA6LR0.pickle
Error downloading file: https://github.com/NiharikaCNR/STAT605-Project/raw/main/data/tracks/Opera/3RIgHHpnFKj5Rni1shokDj.pickle
Error downloading file: https://github.com/NiharikaCNR/STAT605-Project/raw/main/data/tracks/Opera/6ixkZ2Q9gQeh52C6GxbETg.pickle
Error downloading file: https://github.com/NiharikaCNR/STAT605-Project/raw/main/data/tracks/Opera/7vFv0yFGMJW3qVXbAd9BK9.pickle
Error downloading file: https://github.com/NiharikaCNR/STAT605-Project/raw/main/data/tracks/Opera/1rIKgCH4H52lrvDcz50hS8.pickle
Error downloading file: https://github.com/NiharikaCNR/STAT605-Project/raw/main/data/tracks/Opera/2bZIDMpzVooosmPHn0tHnd.pickle
Error downloading file: https://github.com/NiharikaCNR/STAT605-Project/raw/main/data/tracks/Opera/2DwUdMJ5uxv20EhAildreg.pickle
Error downloading file: https://github.com/NiharikaCNR/STAT605-Project/raw/main/data/tracks/Opera/5QpaGzWp0hwB5faV8dkbAz.pickle
Error downloading file: https://github.com/NiharikaCNR/STAT605-Project/raw/main/data/tracks/Opera/4vDBJeeQCbhP9FaPPMsYkY.pickle
Error downloading file: https://github.com/NiharikaCNR/STAT605-Project/raw/main/data/tracks/Opera/3zkWCteF82vJwv0hRLba76.pickle
Error downloading file: https://github.com/NiharikaCNR/STAT605-Project/raw/main/data/tracks/Opera/1By2VQkUN0Frd8mKNV5NYC.pickle
Error downloading file: https://github.com/NiharikaCNR/STAT605-Project/raw/main/data/tracks/Opera/70eDxAyAraNTiD6lx2ZEnH.pickle
Error downloading file: https://github.com/NiharikaCNR/STAT605-Project/raw/main/data/tracks/Opera/1T7fTFxkosqEF8AZzDvm6I.pickle
Error downloading file: https://github.com/NiharikaCNR/STAT605-Project/raw/main/data/tracks/Opera/7CIERzyqIwLVKGp00YbHRO.pickle
Error downloading file: https://github.com/NiharikaCNR/STAT605-Project/raw/main/data/tracks/Opera/3rKYiySCDMUKTw5kGVVhaa.pickle
Error downloading file: https://github.com/NiharikaCNR/STAT605-Project/raw/main/data/tracks/Opera/2Z8WuEywRWYTKe1NybPQEW.pickle
Error downloading file: https://github.com/NiharikaCNR/STAT605-Project/raw/main/data/tracks/Opera/4wP6mzWZC94dYmU6OYeljf.pickle
Error downloading file: https://github.com/NiharikaCNR/STAT605-Project/raw/main/data/tracks/Opera/1upQiytDIEZfl9ItruoXuC.pickle
Error downloading file: https://github.com/NiharikaCNR/STAT605-Project/raw/main/data/tracks/Opera/4GRDiNU8fkizXz4rDX9gS5.pickle
Error downloading file: https://github.com/NiharikaCNR/STAT605-Project/raw/main/data/tracks/Opera/5stPdVFNnyEahYLpWs2akd.pickle
Error downloading file: https://github.com/NiharikaCNR/STAT605-Project/raw/main/data/tracks/Opera/5s5t0OFg9lIlBFaCI14K1i.pickle
Error downloading file: https://github.com/NiharikaCNR/STAT605-Project/raw/main/data/tracks/Opera/2xhGZ3WzOa3tir28y7Cb88.pickle
Error downloading file: https://github.com/NiharikaCNR/STAT605-Project/raw/main/data/tracks/Opera/3fVnlF4pGqWI9flVENcT28.pickle
Error downloading file: https://github.com/NiharikaCNR/STAT605-Project/raw/main/data/tracks/Opera/0W9Xvd4Qx1aZPxEi94vgRY.pickle
Error downloading file: https://github.com/NiharikaCNR/STAT605-Project/raw/main/data/tracks/Opera/3v2XiE8ztYHOsrjIBN4Xh2.pickle
Error downloading file: https://github.com/NiharikaCNR/STAT605-Project/raw/main/data/tracks/Opera/6z1kLsntE7FuzKZHZWrXYN.pickle
Error downloading file: https://github.com/NiharikaCNR/STAT605-Project/raw/main/data/tracks/Opera/1s9xuJxhYM0LdVqksjegcg.pickle
Error downloading file: https://github.com/NiharikaCNR/STAT605-Project/raw/main/data/tracks/Opera/5oyCruHORvRI8UEh9xVyam.pickle
Error downloading file: https://github.com/NiharikaCNR/STAT605-Project/raw/main/data/tracks/Opera/1kd5qplldnxu16qcZXS3Yk.pickle
Error downloading file: https://github.com/NiharikaCNR/STAT605-Project/raw/main/data/tracks/Opera/1Mf27cnAF1Q6Ko83XTM5d1.pickle
Error downloading file: https://github.com/NiharikaCNR/STAT605-Project/raw/main/data/tracks/Opera/0yqrhHrcWLMjBylHReDN5u.pickle
Error downloading file: https://github.com/NiharikaCNR/STAT605-Project/raw/main/data/tracks/Opera/2bDENJyfbxj0neGiXUFvIX.pickle
Error downloading file: https://github.com/NiharikaCNR/STAT605-Project/raw/main/data/tracks/Opera/4MflGTO2ZTcSQ12bWcyRgI.pickle
Error downloading file: https://github.com/NiharikaCNR/STAT605-Project/raw/main/data/tracks/Opera/0C80KJWvQWIGjbOiIurV1W.pickle
Error downloading file: https://github.com/NiharikaCNR/STAT605-Project/raw/main/data/tracks/Opera/7DFnq8FYhHMCylykf6ZCxA.pickle
Error downloading file: https://github.com/NiharikaCNR/STAT605-Project/raw/main/data/tracks/Opera/65FftemJ1DbbZ45DUfHJXE.pickle
Error downloading file: https://github.com/NiharikaCNR/STAT605-Project/raw/main/data/tracks/Opera/7oOOI85fVQvVnK5ynNMdW7.pickle
Error downloading file: https://github.com/NiharikaCNR/STAT605-Project/raw/main/data/tracks/Opera/4Wj52fsynPssW52HDQuzrt.pickle
Error downloading file: https://github.com/NiharikaCNR/STAT605-Project/raw/main/data/tracks/Opera/5WI2ltQIdwgzf1SNE76JyR.pickle
Error downloading file: https://github.com/NiharikaCNR/STAT605-Project/raw/main/data/tracks/Opera/6MYJv37Mpj5njLLbxKWNun.pickle
Error downloading file: https://github.com/NiharikaCNR/STAT605-Project/raw/main/data/tracks/Opera/2NPHU2WJaI3rrtCNNuQ8L1.pickle
Error downloading file: https://github.com/NiharikaCNR/STAT605-Project/raw/main/data/tracks/Opera/2iVQMhKnFZqomOhcGv340f.pickle
Error downloading file: https://github.com/NiharikaCNR/STAT605-Project/raw/main/data/tracks/Opera/6gPd6brcBXlbGdy1obe234.pickle
Error downloading file: https://github.com/NiharikaCNR/STAT605-Project/raw/main/data/tracks/Opera/2kjPvFgVIGki2BRlOHvQQr.pickle
Error downloading file: https://github.com/NiharikaCNR/STAT605-Project/raw/main/data/tracks/Opera/0LSzBkkQZZkwV656r6etLg.pickle
Error downloading file: https://github.com/NiharikaCNR/STAT605-Project/raw/main/data/tracks/Opera/4GssB27iJeqmfGxS94Tfij.pickle
Error downloading file: https://github.com/NiharikaCNR/STAT605-Project/raw/main/data/tracks/Opera/1nbMkRhfldXcmCyB83x8lK.pickle
Error downloading file: https://github.com/NiharikaCNR/STAT605-Project/raw/main/data/tracks/Opera/3cxZT78mZDyLsLPJKcTu3U.pickle
Error downloading file: https://github.com/NiharikaCNR/STAT605-Project/raw/main/data/tracks/Opera/1wYZZtamWTQAoj8B812uKQ.pickle
Error downloading file: https://github.com/NiharikaCNR/STAT605-Project/raw/main/data/tracks/Opera/3gmEzilP9BzF45wIMvA16l.pickle
Error downloading file: https://github.com/NiharikaCNR/STAT605-Project/raw/main/data/tracks/Opera/0bh6At266xJmoJ5P9o6UJM.pickle
Error downloading file: https://github.com/NiharikaCNR/STAT605-Project/raw/main/data/tracks/Opera/0OToXGn66H9YBHxOJgZsR5.pickle
Error downloading file: https://github.com/NiharikaCNR/STAT605-Project/raw/main/data/tracks/Opera/7MDodkSe7ZQM45Vj9vOMUt.pickle
Error downloading file: https://github.com/NiharikaCNR/STAT605-Project/raw/main/data/tracks/Opera/47KATRrmUQd5VJZZuoG2uj.pickle
Error downloading file: https://github.com/NiharikaCNR/STAT605-Project/raw/main/data/tracks/Opera/6hKpIzJWHQduwojjkWG8zt.pickle
Error downloading file: https://github.com/NiharikaCNR/STAT605-Project/raw/main/data/tracks/Opera/4MYl2TdloNHxQUkdQSgWcP.pickle
Error downloading file: https://github.com/NiharikaCNR/STAT605-Project/raw/main/data/tracks/Opera/5O9Dz0h08LuBi0aVvDcylh.pickle
Error downloading file: https://github.com/NiharikaCNR/STAT605-Project/raw/main/data/tracks/Opera/3PXkCLjfTwH0fpolS9yELH.pickle
Error downloading file: https://github.com/NiharikaCNR/STAT605-Project/raw/main/data/tracks/Opera/2cppGOIz0cuDnKoGzrDsJQ.pickle
Error downloading file: https://github.com/NiharikaCNR/STAT605-Project/raw/main/data/tracks/Opera/3zmduBNsQ6BPDTZAkXzG5K.pickle
Error downloading file: https://github.com/NiharikaCNR/STAT605-Project/raw/main/data/tracks/Opera/6fd3mZrsVbe7N6whWrlZYv.pickle
Error downloading file: https://github.com/NiharikaCNR/STAT605-Project/raw/main/data/tracks/Opera/3vzKFyAsVtOhTxQe21mxk9.pickle
Error downloading file: https://github.com/NiharikaCNR/STAT605-Project/raw/main/data/tracks/Opera/3xgK660fsZH7ZDcOMfIdfB.pickle
Error downloading file: https://github.com/NiharikaCNR/STAT605-Project/raw/main/data/tracks/Opera/3BvheqhKGQgFMSiiJh6ayj.pickle
Error downloading file: https://github.com/NiharikaCNR/STAT605-Project/raw/main/data/tracks/Opera/5rZkRaL4AjykFgw49KULyo.pickle
Error downloading file: https://github.com/NiharikaCNR/STAT605-Project/raw/main/data/tracks/Opera/7oB0QBEnGRIJjvlDc8YnM6.pickle
Error downloading file: https://github.com/NiharikaCNR/STAT605-Project/raw/main/data/tracks/Opera/3YlrH4ydAKkxuej6F4Nnkl.pickle
Error downloading file: https://github.com/NiharikaCNR/STAT605-Project/raw/main/data/tracks/Opera/56s2s5e8WuBsWVKnmz6J9L.pickle
Error downloading file: https://github.com/NiharikaCNR/STAT605-Project/raw/main/data/tracks/Opera/2wA4C7X7O9hMjuemyHwLgd.pickle
Error downloading file: https://github.com/NiharikaCNR/STAT605-Project/raw/main/data/tracks/Opera/6hs3SDnbO3f6VQuPO4KBEb.pickle
Error downloading file: https://github.com/NiharikaCNR/STAT605-Project/raw/main/data/tracks/Opera/2sBKLT7bFa38yVAYxYltUX.pickle
Error downloading file: https://github.com/NiharikaCNR/STAT605-Project/raw/main/data/tracks/Opera/3pzBD8BVdrv7VJ7glRYshl.pickle
Error downloading file: https://github.com/NiharikaCNR/STAT605-Project/raw/main/data/tracks/Opera/3pzBD8BVdrv7VJ7glRYshl.pickle
Error downloading file: https://github.com/NiharikaCNR/STAT605-Project/raw/main/data/tracks/Opera/3pzBD8BVdrv7VJ7glRYshl.pickle
Error downloading file: https://github.com/NiharikaCNR/STAT605-Project/raw/main/data/tracks/Opera/3pzBD8BVdrv7VJ7glRYshl.pickle
Error downloading file: https://github.com/NiharikaCNR/STAT605-Project/raw/main/data/tracks/Opera/3pzBD8BVdrv7VJ7glRYshl.pickle
Error downloading file: https://github.com/NiharikaCNR/STAT605-Project/raw/main/data/tracks/Opera/3pzBD8BVdrv7VJ7glRYshl.pickle
Error downloading file: https://github.com/NiharikaCNR/STAT605-Project/raw/main/data/tracks/Opera/3pzBD8BVdrv7VJ7glRYshl.pickle
Error downloading file: https://github.com/NiharikaCNR/STAT605-Project/raw/main/data/tracks/Opera/3pzBD8BVdrv7VJ7glRYshl.pickle
Error downloading file: https://github.com/NiharikaCNR/STAT605-Project/raw/main/data/tracks/Opera/3pzBD8BVdrv7VJ7glRYshl.pickle
Error downloading file: https://github.com/NiharikaCNR/STAT605-Project/raw/main/data/tracks/Opera/5YLnfy7R2kueN0BRPkjiEG.pickle
Error downloading file: https://github.com/NiharikaCNR/STAT605-Project/raw/main/data/tracks/Opera/5rrXkymfQdhNBgBZ3BUVbB.pickle
Error downloading file: https://github.com/NiharikaCNR/STAT605-Project/raw/main/data/tracks/Opera/12jjuxN1gxlm29cqL5M6MW.pickle
Error downloading file: https://github.com/NiharikaCNR/STAT605-Project/raw/main/data/tracks/Opera/76Lq3l4TEzt2javAjXezAr.pickle
Error downloading file: https://github.com/NiharikaCNR/STAT605-Project/raw/main/data/tracks/Opera/03GJQ4KeNYCyr2P7N45ajo.pickle
Error downloading file: https://github.com/NiharikaCNR/STAT605-Project/raw/main/data/tracks/Opera/3EKj57pZTbNfbIKryAl5Dw.pickle
Error downloading file: https://github.com/NiharikaCNR/STAT605-Project/raw/main/data/tracks/Opera/2JK7amLLxtXYavB4DJeF0Y.pickle
Error downloading file: https://github.com/NiharikaCNR/STAT605-Project/raw/main/data/tracks/Opera/5mKiwDDrwG22qKKVL6JZqF.pickle
Error downloading file: https://github.com/NiharikaCNR/STAT605-Project/raw/main/data/tracks/Opera/7FcxEutyfHTCKlN2MltRAh.pickle
Error downloading file: https://github.com/NiharikaCNR/STAT605-Project/raw/main/data/tracks/Opera/7I1fHMDNlHobS8SBUJAUDt.pickle
Error downloading file: https://github.com/NiharikaCNR/STAT605-Project/raw/main/data/tracks/Opera/4dygMGhvfENVhwRXmAscbl.pickle
Error downloading file: https://github.com/NiharikaCNR/STAT605-Project/raw/main/data/tracks/Opera/7lMFAK8dv0QkWpIlZcWQlJ.pickle
Error downloading file: https://github.com/NiharikaCNR/STAT605-Project/raw/main/data/tracks/Opera/6wpHmxmxPa3N3Gi3aGdTJL.pickle
Error downloading file: https://github.com/NiharikaCNR/STAT605-Project/raw/main/data/tracks/Opera/5obizLK9E8CZ76pq71ZEiH.pickle
Error downloading file: https://github.com/NiharikaCNR/STAT605-Project/raw/main/data/tracks/Opera/5j2a0vY6DWx8BQav0NUNDe.pickle
Error downloading file: https://github.com/NiharikaCNR/STAT605-Project/raw/main/data/tracks/Opera/5VToMJACRoeT0YZNs5CYyp.pickle
Error downloading file: https://github.com/NiharikaCNR/STAT605-Project/raw/main/data/tracks/Opera/02oW7CYWjfiCs1rZs7GNes.pickle
Error downloading file: https://github.com/NiharikaCNR/STAT605-Project/raw/main/data/tracks/Opera/0g5EKLgdKvNlln7TNqBByK.pickle
Error downloading file: https://github.com/NiharikaCNR/STAT605-Project/raw/main/data/tracks/Opera/0nJBiQvsxTbxTz5JHcvTBu.pickle
Error downloading file: https://github.com/NiharikaCNR/STAT605-Project/raw/main/data/tracks/Opera/0uyZ5ckiIUbFZd3P6RWmrj.pickle
Error downloading file: https://github.com/NiharikaCNR/STAT605-Project/raw/main/data/tracks/Opera/19tcE6o8eB6nVstELNnDyr.pickle
Error downloading file: https://github.com/NiharikaCNR/STAT605-Project/raw/main/data/tracks/Opera/1RNwniZkJqdw9LMkkyynjx.pickle
Error downloading file: https://github.com/NiharikaCNR/STAT605-Project/raw/main/data/tracks/Opera/1dGr1c8CrMLDpV6mPbImSI.pickle
Error downloading file: https://github.com/NiharikaCNR/STAT605-Project/raw/main/data/tracks/Opera/2K7xn816oNHJZ0aVqdQsha.pickle
Error downloading file: https://github.com/NiharikaCNR/STAT605-Project/raw/main/data/tracks/Opera/2K87XMYnUMqLcX3zvtAF4G.pickle
Error downloading file: https://github.com/NiharikaCNR/STAT605-Project/raw/main/data/tracks/Opera/2hjAc6x8EoSLhGxRNg8KEw.pickle
Error downloading file: https://github.com/NiharikaCNR/STAT605-Project/raw/main/data/tracks/Opera/37f4ITSlgPX81ad2EvmVQr.pickle
Error downloading file: https://github.com/NiharikaCNR/STAT605-Project/raw/main/data/tracks/Opera/3FA9wGCQWqyoqWDPhsGtO1.pickle
Error downloading file: https://github.com/NiharikaCNR/STAT605-Project/raw/main/data/tracks/Opera/3iSgRJUrMKHLglnrQrQ6kO.pickle
Error downloading file: https://github.com/NiharikaCNR/STAT605-Project/raw/main/data/tracks/Opera/3vv9phIu6Y1vX3jcqaGz5Z.pickle
Error downloading file: https://github.com/NiharikaCNR/STAT605-Project/raw/main/data/tracks/Opera/41P6Tnd8KIHqON0QIydx6a.pickle
Error downloading file: https://github.com/NiharikaCNR/STAT605-Project/raw/main/data/tracks/Opera/4BHzQ9C00ceJxfG16AlNWb.pickle
Error downloading file: https://github.com/NiharikaCNR/STAT605-Project/raw/main/data/tracks/Opera/4XBtYPGMAYJkuJu2w4pmYl.pickle
Error downloading file: https://github.com/NiharikaCNR/STAT605-Project/raw/main/data/tracks/Opera/4lIxdJw6W3Fg4vUIYCB0S5.pickle
Error downloading file: https://github.com/NiharikaCNR/STAT605-Project/raw/main/data/tracks/Opera/4v52HuhZqVV0eNpP6vzH5I.pickle
Error downloading file: https://github.com/NiharikaCNR/STAT605-Project/raw/main/data/tracks/Opera/52izjvF7wwveRG1rDJsGWe.pickle
Error downloading file: https://github.com/NiharikaCNR/STAT605-Project/raw/main/data/tracks/Opera/5imShWWzwqfAJ9gXFpGAQh.pickle
Error downloading file: https://github.com/NiharikaCNR/STAT605-Project/raw/main/data/tracks/Opera/6NPVjNh8Jhru9xOmyQigds.pickle
Error downloading file: https://github.com/NiharikaCNR/STAT605-Project/raw/main/data/tracks/Opera/6iBWazas8QsDtBnjlXkrXk.pickle
Error downloading file: https://github.com/NiharikaCNR/STAT605-Project/raw/main/data/tracks/Opera/738SQjONa0q63yhLxvg3m1.pickle
Error downloading file: https://github.com/NiharikaCNR/STAT605-Project/raw/main/data/tracks/Opera/7Chqf4yGnQlLWAWic9b0ET.pickle
Error downloading file: https://github.com/NiharikaCNR/STAT605-Project/raw/main/data/tracks/Opera/7hCNBVRhHzcsRAv0TQnOzq.pickle
Error downloading file: https://github.com/NiharikaCNR/STAT605-Project/raw/main/data/tracks/Opera/1i1fxkWeaMmKEB4T7zqbzK.pickle
Error downloading file: https://github.com/NiharikaCNR/STAT605-Project/raw/main/data/tracks/Opera/7x5xYW5W42OGPAdHUyyguy.pickle
Error downloading file: https://github.com/NiharikaCNR/STAT605-Project/raw/main/data/tracks/Opera/0l0CvurVUrr2w3Jj1hOVFc.pickle
Error downloading file: https://github.com/NiharikaCNR/STAT605-Project/raw/main/data/tracks/Opera/2R4AlwtrrkMaRKojcTIzmL.pickle
Error downloading file: https://github.com/NiharikaCNR/STAT605-Project/raw/main/data/tracks/Opera/5KbTBSGUvgDg75gIVhUaAW.pickle
Error downloading file: https://github.com/NiharikaCNR/STAT605-Project/raw/main/data/tracks/Opera/2pIUpMhHL6L9Z5lnKxJJr9.pickle
Error downloading file: https://github.com/NiharikaCNR/STAT605-Project/raw/main/data/tracks/Opera/086sjLPEqdKBgTxbTeCLCv.pickle
Error downloading file: https://github.com/NiharikaCNR/STAT605-Project/raw/main/data/tracks/Opera/0HAqq2GcQKyi3s87GuN7jU.pickle
Error downloading file: https://github.com/NiharikaCNR/STAT605-Project/raw/main/data/tracks/Opera/3B5UbSndRz907IZhhmUfLi.pickle
Error downloading file: https://github.com/NiharikaCNR/STAT605-Project/raw/main/data/tracks/Opera/1MDoll6jK4rrk2BcFRP5i7.pickle
Error downloading file: https://github.com/NiharikaCNR/STAT605-Project/raw/main/data/tracks/Opera/5VYS23P3A31Rn6CtsGTEOR.pickle
Error downloading file: https://github.com/NiharikaCNR/STAT605-Project/raw/main/data/tracks/Opera/2YlZnw2ikdb837oKMKjBkW.pickle
Error downloading file: https://github.com/NiharikaCNR/STAT605-Project/raw/main/data/tracks/Opera/1HbcclMpw0q2WDWpdGCKdS.pickle
Error downloading file: https://github.com/NiharikaCNR/STAT605-Project/raw/main/data/tracks/Opera/7ejeQLLLGjVriLS7cojERB.pickle
Error downloading file: https://github.com/NiharikaCNR/STAT605-Project/raw/main/data/tracks/Opera/7IL8PSVwLOJxqYne6azxQv.pickle
Error downloading file: https://github.com/NiharikaCNR/STAT605-Project/raw/main/data/tracks/Opera/3s9eWdn8IymCPvVLcKpjww.pickle
Error downloading file: https://github.com/NiharikaCNR/STAT605-Project/raw/main/data/tracks/Opera/4LloVtxNZpeh7q7xdi1DQc.pickle
Error downloading file: https://github.com/NiharikaCNR/STAT605-Project/raw/main/data/tracks/Opera/5vUNRJsvEOUsz4sbKkJpFr.pickle
Error downloading file: https://github.com/NiharikaCNR/STAT605-Project/raw/main/data/tracks/Opera/7cpCU3Denug5NGZsSpQl8v.pickle
Error downloading file: https://github.com/NiharikaCNR/STAT605-Project/raw/main/data/tracks/Opera/08PjS6opdc0vLlaf0Z7YIl.pickle
