Error downloading file: https://github.com/NiharikaCNR/STAT605-Project/raw/main/data/tracks/Punk/2uXkW8uJcOIhlbUatEPLPs.pickle
Error downloading file: https://github.com/NiharikaCNR/STAT605-Project/raw/main/data/tracks/Punk/5E5HYgxGMp3BPakHGfKfIB.pickle
Error downloading file: https://github.com/NiharikaCNR/STAT605-Project/raw/main/data/tracks/Punk/6EZDbjz2X5XzgIZCtbsrXh.pickle
Error downloading file: https://github.com/NiharikaCNR/STAT605-Project/raw/main/data/tracks/Punk/1XT5kxg6Tk0ukCO2vBQN4v.pickle
Error downloading file: https://github.com/NiharikaCNR/STAT605-Project/raw/main/data/tracks/Punk/21T9lWigjSIMg9uD6ZfRnQ.pickle
Error downloading file: https://github.com/NiharikaCNR/STAT605-Project/raw/main/data/tracks/Punk/7ATyLePQnHxFk5kzxWCcsh.pickle
Error downloading file: https://github.com/NiharikaCNR/STAT605-Project/raw/main/data/tracks/Punk/61MZN0yyMWSEwrLPUUGfgJ.pickle
Error downloading file: https://github.com/NiharikaCNR/STAT605-Project/raw/main/data/tracks/Punk/7bx4zW72qdZKBb8p6g80jb.pickle
Error downloading file: https://github.com/NiharikaCNR/STAT605-Project/raw/main/data/tracks/Punk/7sPEGLqEhyHDLGrz4EeLm2.pickle
Error downloading file: https://github.com/NiharikaCNR/STAT605-Project/raw/main/data/tracks/Punk/0DPdnWavHdhB5hJ6O0qS6d.pickle
Error downloading file: https://github.com/NiharikaCNR/STAT605-Project/raw/main/data/tracks/Punk/6RTh5BDes7y6KwC0rxW8WG.pickle
Error downloading file: https://github.com/NiharikaCNR/STAT605-Project/raw/main/data/tracks/Punk/0WghYc6JU0HbCvsgGlyqId.pickle
Error downloading file: https://github.com/NiharikaCNR/STAT605-Project/raw/main/data/tracks/Punk/40N9Zf8HGajGhzthuI3BaM.pickle
Error downloading file: https://github.com/NiharikaCNR/STAT605-Project/raw/main/data/tracks/Punk/02PbIkn24emrkP1LDBymUp.pickle
Error downloading file: https://github.com/NiharikaCNR/STAT605-Project/raw/main/data/tracks/Punk/49xISBZpODXRwd7vVxGL93.pickle
Error downloading file: https://github.com/NiharikaCNR/STAT605-Project/raw/main/data/tracks/Punk/2oAmk8u71pk22FAW9330gP.pickle
Error downloading file: https://github.com/NiharikaCNR/STAT605-Project/raw/main/data/tracks/Punk/5IXeOf1hqORwp8b6c1Asqa.pickle
Error downloading file: https://github.com/NiharikaCNR/STAT605-Project/raw/main/data/tracks/Punk/5IXeOf1hqORwp8b6c1Asqa.pickle
Error downloading file: https://github.com/NiharikaCNR/STAT605-Project/raw/main/data/tracks/Punk/5IXeOf1hqORwp8b6c1Asqa.pickle
Error downloading file: https://github.com/NiharikaCNR/STAT605-Project/raw/main/data/tracks/Punk/5IXeOf1hqORwp8b6c1Asqa.pickle
Error downloading file: https://github.com/NiharikaCNR/STAT605-Project/raw/main/data/tracks/Punk/3mNecsYFb6LQg7822DPXCP.pickle
Error downloading file: https://github.com/NiharikaCNR/STAT605-Project/raw/main/data/tracks/Punk/3mNecsYFb6LQg7822DPXCP.pickle
Error downloading file: https://github.com/NiharikaCNR/STAT605-Project/raw/main/data/tracks/Punk/3mNecsYFb6LQg7822DPXCP.pickle
Error downloading file: https://github.com/NiharikaCNR/STAT605-Project/raw/main/data/tracks/Punk/3mNecsYFb6LQg7822DPXCP.pickle
Error downloading file: https://github.com/NiharikaCNR/STAT605-Project/raw/main/data/tracks/Punk/4Qjv4VFulw2xS9P5EVLvOp.pickle
Error downloading file: https://github.com/NiharikaCNR/STAT605-Project/raw/main/data/tracks/Punk/4Qjv4VFulw2xS9P5EVLvOp.pickle
Error downloading file: https://github.com/NiharikaCNR/STAT605-Project/raw/main/data/tracks/Punk/4Qjv4VFulw2xS9P5EVLvOp.pickle
Error downloading file: https://github.com/NiharikaCNR/STAT605-Project/raw/main/data/tracks/Punk/4Qjv4VFulw2xS9P5EVLvOp.pickle
Error downloading file: https://github.com/NiharikaCNR/STAT605-Project/raw/main/data/tracks/Punk/7IfckgnBsIdP4XE4tfWEDN.pickle
Error downloading file: https://github.com/NiharikaCNR/STAT605-Project/raw/main/data/tracks/Punk/3LUhdkixxrrqv3nfNfkINe.pickle
Error downloading file: https://github.com/NiharikaCNR/STAT605-Project/raw/main/data/tracks/Punk/7xkSwLmSHDlnNuiePDgp22.pickle
Error downloading file: https://github.com/NiharikaCNR/STAT605-Project/raw/main/data/tracks/Punk/2XynYulas10Wmef4Gqrxw9.pickle
Error downloading file: https://github.com/NiharikaCNR/STAT605-Project/raw/main/data/tracks/Punk/2zJDq0UXhz3mUvmncn4GA1.pickle
Error downloading file: https://github.com/NiharikaCNR/STAT605-Project/raw/main/data/tracks/Punk/2zJDq0UXhz3mUvmncn4GA1.pickle
Error downloading file: https://github.com/NiharikaCNR/STAT605-Project/raw/main/data/tracks/Punk/2zJDq0UXhz3mUvmncn4GA1.pickle
Error downloading file: https://github.com/NiharikaCNR/STAT605-Project/raw/main/data/tracks/Punk/2zJDq0UXhz3mUvmncn4GA1.pickle
Error downloading file: https://github.com/NiharikaCNR/STAT605-Project/raw/main/data/tracks/Punk/5o37x6LpNSec4jSfPIChsQ.pickle
Error downloading file: https://github.com/NiharikaCNR/STAT605-Project/raw/main/data/tracks/Punk/30cHDhxUqgnHq78hv5UjMx.pickle
Error downloading file: https://github.com/NiharikaCNR/STAT605-Project/raw/main/data/tracks/Punk/3Gmzz9nQJHhtDSqLZhBgrt.pickle
Error downloading file: https://github.com/NiharikaCNR/STAT605-Project/raw/main/data/tracks/Punk/3Gmzz9nQJHhtDSqLZhBgrt.pickle
Error downloading file: https://github.com/NiharikaCNR/STAT605-Project/raw/main/data/tracks/Punk/3Gmzz9nQJHhtDSqLZhBgrt.pickle
Error downloading file: https://github.com/NiharikaCNR/STAT605-Project/raw/main/data/tracks/Punk/3Gmzz9nQJHhtDSqLZhBgrt.pickle
Error downloading file: https://github.com/NiharikaCNR/STAT605-Project/raw/main/data/tracks/Punk/2vcgd86VuJbv5jbzn4zau4.pickle
Error downloading file: https://github.com/NiharikaCNR/STAT605-Project/raw/main/data/tracks/Punk/6X39BP7h0IGcDFnf0PHHOb.pickle
Error downloading file: https://github.com/NiharikaCNR/STAT605-Project/raw/main/data/tracks/Punk/6X39BP7h0IGcDFnf0PHHOb.pickle
Error downloading file: https://github.com/NiharikaCNR/STAT605-Project/raw/main/data/tracks/Punk/6X39BP7h0IGcDFnf0PHHOb.pickle
Error downloading file: https://github.com/NiharikaCNR/STAT605-Project/raw/main/data/tracks/Punk/6X39BP7h0IGcDFnf0PHHOb.pickle
Error downloading file: https://github.com/NiharikaCNR/STAT605-Project/raw/main/data/tracks/Punk/0HDsndV2bSC8ffeF1St9L4.pickle
Error downloading file: https://github.com/NiharikaCNR/STAT605-Project/raw/main/data/tracks/Punk/2wVWGFVkL5I3JGsoWBx2AZ.pickle
Error downloading file: https://github.com/NiharikaCNR/STAT605-Project/raw/main/data/tracks/Punk/2wVWGFVkL5I3JGsoWBx2AZ.pickle
Error downloading file: https://github.com/NiharikaCNR/STAT605-Project/raw/main/data/tracks/Punk/2wVWGFVkL5I3JGsoWBx2AZ.pickle
Error downloading file: https://github.com/NiharikaCNR/STAT605-Project/raw/main/data/tracks/Punk/2wVWGFVkL5I3JGsoWBx2AZ.pickle
Error downloading file: https://github.com/NiharikaCNR/STAT605-Project/raw/main/data/tracks/Punk/6nXtGWUzOGxfI7q5hUa6Jj.pickle
Error downloading file: https://github.com/NiharikaCNR/STAT605-Project/raw/main/data/tracks/Punk/1XuccRABkfUVB4FjSVhjL1.pickle
Error downloading file: https://github.com/NiharikaCNR/STAT605-Project/raw/main/data/tracks/Punk/5JcaA4A9ZoXthwEnxOxWvP.pickle
Error downloading file: https://github.com/NiharikaCNR/STAT605-Project/raw/main/data/tracks/Punk/6MQQhRfedFeOUydGYXurNj.pickle
Error downloading file: https://github.com/NiharikaCNR/STAT605-Project/raw/main/data/tracks/Punk/1Afo69VKVJqAkhuxHyHnZ1.pickle
Error downloading file: https://github.com/NiharikaCNR/STAT605-Project/raw/main/data/tracks/Punk/72zjYe2aysOkIR7l6KQIhR.pickle
Error downloading file: https://github.com/NiharikaCNR/STAT605-Project/raw/main/data/tracks/Punk/3GUQHwDdoziJz9wTcBC1TZ.pickle
Error downloading file: https://github.com/NiharikaCNR/STAT605-Project/raw/main/data/tracks/Punk/2lgUEHBeAM9b0gpkwzLW6H.pickle
Error downloading file: https://github.com/NiharikaCNR/STAT605-Project/raw/main/data/tracks/Punk/7LeRrm1Cg4yCLe3YtrxC3n.pickle
Error downloading file: https://github.com/NiharikaCNR/STAT605-Project/raw/main/data/tracks/Punk/3ZTvrQhqEqHvYThM5CV6WE.pickle
Error downloading file: https://github.com/NiharikaCNR/STAT605-Project/raw/main/data/tracks/Punk/49iTK9So8pHaCmVT9Pf1Q3.pickle
Error downloading file: https://github.com/NiharikaCNR/STAT605-Project/raw/main/data/tracks/Punk/61aCEeinXGhvUkDthsjlfS.pickle
Error downloading file: https://github.com/NiharikaCNR/STAT605-Project/raw/main/data/tracks/Punk/2qty9Rb1JDsE0rFm07PDa8.pickle
Error downloading file: https://github.com/NiharikaCNR/STAT605-Project/raw/main/data/tracks/Punk/23atyJacJVHvB9RHBNhr35.pickle
Error downloading file: https://github.com/NiharikaCNR/STAT605-Project/raw/main/data/tracks/Punk/1egQB7JmuDdaWdWtODlrja.pickle
Error downloading file: https://github.com/NiharikaCNR/STAT605-Project/raw/main/data/tracks/Punk/2vBvV18PwrlUhTm9jaxhh6.pickle
Error downloading file: https://github.com/NiharikaCNR/STAT605-Project/raw/main/data/tracks/Punk/7Maah4iF4aIZjw08qPXmbk.pickle
Error downloading file: https://github.com/NiharikaCNR/STAT605-Project/raw/main/data/tracks/Punk/6kpBcTVx7kzWMvZ6z0ZCUY.pickle
Error downloading file: https://github.com/NiharikaCNR/STAT605-Project/raw/main/data/tracks/Punk/0bGImSqDB2ebdeoCidUC8o.pickle
Error downloading file: https://github.com/NiharikaCNR/STAT605-Project/raw/main/data/tracks/Punk/5dt0dBcBTgGb7Gt5hNTG91.pickle
Error downloading file: https://github.com/NiharikaCNR/STAT605-Project/raw/main/data/tracks/Punk/0wZuFLzQhVAJU9JSmdixTE.pickle
Error downloading file: https://github.com/NiharikaCNR/STAT605-Project/raw/main/data/tracks/Punk/3tZwKujD64Ad6vlDVxZOrg.pickle
Error downloading file: https://github.com/NiharikaCNR/STAT605-Project/raw/main/data/tracks/Punk/3hNP4CAPMC8LR4osLFUi4Q.pickle
Error downloading file: https://github.com/NiharikaCNR/STAT605-Project/raw/main/data/tracks/Punk/3HUB8GPbaGpIpjRoONLJP4.pickle
Error downloading file: https://github.com/NiharikaCNR/STAT605-Project/raw/main/data/tracks/Punk/0jRY4XO556pn1zHZAoY3ph.pickle
Error downloading file: https://github.com/NiharikaCNR/STAT605-Project/raw/main/data/tracks/Punk/2qtqIinDwJQzsUofMtkH0D.pickle
Error downloading file: https://github.com/NiharikaCNR/STAT605-Project/raw/main/data/tracks/Punk/27dTFzAAiUrJ2C2hxRcCd5.pickle
Error downloading file: https://github.com/NiharikaCNR/STAT605-Project/raw/main/data/tracks/Punk/4jFLw7QqWlv3lZr980HyYW.pickle
Error downloading file: https://github.com/NiharikaCNR/STAT605-Project/raw/main/data/tracks/Punk/1UhuXpOqTP6F7cF0L56HZl.pickle
Error downloading file: https://github.com/NiharikaCNR/STAT605-Project/raw/main/data/tracks/Punk/7tCM27lwL3wcS87BMI8Dtu.pickle
Error downloading file: https://github.com/NiharikaCNR/STAT605-Project/raw/main/data/tracks/Punk/4J9hz9Y2EvXHDT2wZTEDQZ.pickle
Error downloading file: https://github.com/NiharikaCNR/STAT605-Project/raw/main/data/tracks/Punk/60a0Rd6pjrkxjPbaKzXjfq.pickle
Error downloading file: https://github.com/NiharikaCNR/STAT605-Project/raw/main/data/tracks/Punk/5z6xHjCZr7a7AIcy8sPBKy.pickle
Error downloading file: https://github.com/NiharikaCNR/STAT605-Project/raw/main/data/tracks/Punk/5W8YXBz9MTIDyrpYaCg2Ky.pickle
Error downloading file: https://github.com/NiharikaCNR/STAT605-Project/raw/main/data/tracks/Punk/5M5ySjWYS4s6hi2pEvEwb5.pickle
Error downloading file: https://github.com/NiharikaCNR/STAT605-Project/raw/main/data/tracks/Punk/1FIWe0EWWE6D8soz2ZsMuM.pickle
Error downloading file: https://github.com/NiharikaCNR/STAT605-Project/raw/main/data/tracks/Punk/1ru5R5iSawvuMELqKXxLjS.pickle
Error downloading file: https://github.com/NiharikaCNR/STAT605-Project/raw/main/data/tracks/Punk/1ru5R5iSawvuMELqKXxLjS.pickle
Error downloading file: https://github.com/NiharikaCNR/STAT605-Project/raw/main/data/tracks/Punk/1ru5R5iSawvuMELqKXxLjS.pickle
Error downloading file: https://github.com/NiharikaCNR/STAT605-Project/raw/main/data/tracks/Punk/1ru5R5iSawvuMELqKXxLjS.pickle
Error downloading file: https://github.com/NiharikaCNR/STAT605-Project/raw/main/data/tracks/Punk/1ru5R5iSawvuMELqKXxLjS.pickle
Error downloading file: https://github.com/NiharikaCNR/STAT605-Project/raw/main/data/tracks/Punk/1ru5R5iSawvuMELqKXxLjS.pickle
Error downloading file: https://github.com/NiharikaCNR/STAT605-Project/raw/main/data/tracks/Punk/1ru5R5iSawvuMELqKXxLjS.pickle
Error downloading file: https://github.com/NiharikaCNR/STAT605-Project/raw/main/data/tracks/Punk/1ru5R5iSawvuMELqKXxLjS.pickle
Error downloading file: https://github.com/NiharikaCNR/STAT605-Project/raw/main/data/tracks/Punk/1ru5R5iSawvuMELqKXxLjS.pickle
Error downloading file: https://github.com/NiharikaCNR/STAT605-Project/raw/main/data/tracks/Punk/1ru5R5iSawvuMELqKXxLjS.pickle
Error downloading file: https://github.com/NiharikaCNR/STAT605-Project/raw/main/data/tracks/Punk/1ru5R5iSawvuMELqKXxLjS.pickle
Error downloading file: https://github.com/NiharikaCNR/STAT605-Project/raw/main/data/tracks/Punk/1ru5R5iSawvuMELqKXxLjS.pickle
Error downloading file: https://github.com/NiharikaCNR/STAT605-Project/raw/main/data/tracks/Punk/1ru5R5iSawvuMELqKXxLjS.pickle
Error downloading file: https://github.com/NiharikaCNR/STAT605-Project/raw/main/data/tracks/Punk/1ru5R5iSawvuMELqKXxLjS.pickle
Error downloading file: https://github.com/NiharikaCNR/STAT605-Project/raw/main/data/tracks/Punk/1ru5R5iSawvuMELqKXxLjS.pickle
Error downloading file: https://github.com/NiharikaCNR/STAT605-Project/raw/main/data/tracks/Punk/1ru5R5iSawvuMELqKXxLjS.pickle
Error downloading file: https://github.com/NiharikaCNR/STAT605-Project/raw/main/data/tracks/Punk/7cz70nyRXlCJOE85whEkgU.pickle
Error downloading file: https://github.com/NiharikaCNR/STAT605-Project/raw/main/data/tracks/Punk/3B4q6KbHbGV51HO3GznBFF.pickle
Error downloading file: https://github.com/NiharikaCNR/STAT605-Project/raw/main/data/tracks/Punk/3B4q6KbHbGV51HO3GznBFF.pickle
Error downloading file: https://github.com/NiharikaCNR/STAT605-Project/raw/main/data/tracks/Punk/3B4q6KbHbGV51HO3GznBFF.pickle
Error downloading file: https://github.com/NiharikaCNR/STAT605-Project/raw/main/data/tracks/Punk/3B4q6KbHbGV51HO3GznBFF.pickle
Error downloading file: https://github.com/NiharikaCNR/STAT605-Project/raw/main/data/tracks/Punk/3SFXsFpeGmBTtQvKiwYMDA.pickle
Error downloading file: https://github.com/NiharikaCNR/STAT605-Project/raw/main/data/tracks/Punk/63T7DJ1AFDD6Bn8VzG6JE8.pickle
Error downloading file: https://github.com/NiharikaCNR/STAT605-Project/raw/main/data/tracks/Punk/2PzU4IB8Dr6mxV3lHuaG34.pickle
Error downloading file: https://github.com/NiharikaCNR/STAT605-Project/raw/main/data/tracks/Punk/1Y373MqadDRtclJNdnUXVc.pickle
Error downloading file: https://github.com/NiharikaCNR/STAT605-Project/raw/main/data/tracks/Punk/6CHENx8iqzMwavTIz8s0gm.pickle
Error downloading file: https://github.com/NiharikaCNR/STAT605-Project/raw/main/data/tracks/Punk/1Gwu3d6lZjL99kw4dcFCsq.pickle
Error downloading file: https://github.com/NiharikaCNR/STAT605-Project/raw/main/data/tracks/Punk/1yvArCvZLTHiawRdWKSAWj.pickle
Error downloading file: https://github.com/NiharikaCNR/STAT605-Project/raw/main/data/tracks/Punk/1yvArCvZLTHiawRdWKSAWj.pickle
Error downloading file: https://github.com/NiharikaCNR/STAT605-Project/raw/main/data/tracks/Punk/1yvArCvZLTHiawRdWKSAWj.pickle
Error downloading file: https://github.com/NiharikaCNR/STAT605-Project/raw/main/data/tracks/Punk/1yvArCvZLTHiawRdWKSAWj.pickle
Error downloading file: https://github.com/NiharikaCNR/STAT605-Project/raw/main/data/tracks/Punk/5qMq8ITRVuTwqd2pDL0gff.pickle
Error downloading file: https://github.com/NiharikaCNR/STAT605-Project/raw/main/data/tracks/Punk/6llEdJDzgf748LMz3j49ps.pickle
Error downloading file: https://github.com/NiharikaCNR/STAT605-Project/raw/main/data/tracks/Punk/2Q5wSOwq6BDSu7sSVMNrtT.pickle
Error downloading file: https://github.com/NiharikaCNR/STAT605-Project/raw/main/data/tracks/Punk/6ITuEsxEy2qPhqMowdDAeI.pickle
Error downloading file: https://github.com/NiharikaCNR/STAT605-Project/raw/main/data/tracks/Punk/1BJhCk0ZnFYUbobYINT6UE.pickle
Error downloading file: https://github.com/NiharikaCNR/STAT605-Project/raw/main/data/tracks/Punk/3z5ggGtcs4t8pizW521gW9.pickle
Error downloading file: https://github.com/NiharikaCNR/STAT605-Project/raw/main/data/tracks/Punk/2dGj0K0iIrgb3ie1QSLtSL.pickle
Error downloading file: https://github.com/NiharikaCNR/STAT605-Project/raw/main/data/tracks/Punk/2EC9IJj7g0mN1Q5VrZkiYY.pickle
Error downloading file: https://github.com/NiharikaCNR/STAT605-Project/raw/main/data/tracks/Punk/3GGOKTfxgyluPvAFnB30zE.pickle
Error downloading file: https://github.com/NiharikaCNR/STAT605-Project/raw/main/data/tracks/Punk/6xxXrNJnnsQNLdgNk8S4y8.pickle
Error downloading file: https://github.com/NiharikaCNR/STAT605-Project/raw/main/data/tracks/Punk/3Vi93V7o1tT28Cut4gSWi3.pickle
Error downloading file: https://github.com/NiharikaCNR/STAT605-Project/raw/main/data/tracks/Punk/3HhaSocKwTptze7PySNZlW.pickle
Error downloading file: https://github.com/NiharikaCNR/STAT605-Project/raw/main/data/tracks/Punk/2HbuhhxdEVbqdaJlLxOCfW.pickle
Error downloading file: https://github.com/NiharikaCNR/STAT605-Project/raw/main/data/tracks/Punk/1GAIibUEoZjvG4QsrabVWc.pickle
Error downloading file: https://github.com/NiharikaCNR/STAT605-Project/raw/main/data/tracks/Punk/2qjH6wZfR0g11ZiT7KqyRO.pickle
Error downloading file: https://github.com/NiharikaCNR/STAT605-Project/raw/main/data/tracks/Punk/1FkoVC85Ds3mFoK0fVqEqP.pickle
Error downloading file: https://github.com/NiharikaCNR/STAT605-Project/raw/main/data/tracks/Punk/1FkoVC85Ds3mFoK0fVqEqP.pickle
Error downloading file: https://github.com/NiharikaCNR/STAT605-Project/raw/main/data/tracks/Punk/1FkoVC85Ds3mFoK0fVqEqP.pickle
Error downloading file: https://github.com/NiharikaCNR/STAT605-Project/raw/main/data/tracks/Punk/1FkoVC85Ds3mFoK0fVqEqP.pickle
Error downloading file: https://github.com/NiharikaCNR/STAT605-Project/raw/main/data/tracks/Punk/1FkoVC85Ds3mFoK0fVqEqP.pickle
Error downloading file: https://github.com/NiharikaCNR/STAT605-Project/raw/main/data/tracks/Punk/1FkoVC85Ds3mFoK0fVqEqP.pickle
Error downloading file: https://github.com/NiharikaCNR/STAT605-Project/raw/main/data/tracks/Punk/1FkoVC85Ds3mFoK0fVqEqP.pickle
Error downloading file: https://github.com/NiharikaCNR/STAT605-Project/raw/main/data/tracks/Punk/1FkoVC85Ds3mFoK0fVqEqP.pickle
Error downloading file: https://github.com/NiharikaCNR/STAT605-Project/raw/main/data/tracks/Punk/1FkoVC85Ds3mFoK0fVqEqP.pickle
Error downloading file: https://github.com/NiharikaCNR/STAT605-Project/raw/main/data/tracks/Punk/1FkoVC85Ds3mFoK0fVqEqP.pickle
Error downloading file: https://github.com/NiharikaCNR/STAT605-Project/raw/main/data/tracks/Punk/1FkoVC85Ds3mFoK0fVqEqP.pickle
Error downloading file: https://github.com/NiharikaCNR/STAT605-Project/raw/main/data/tracks/Punk/1FkoVC85Ds3mFoK0fVqEqP.pickle
Error downloading file: https://github.com/NiharikaCNR/STAT605-Project/raw/main/data/tracks/Punk/1FkoVC85Ds3mFoK0fVqEqP.pickle
Error downloading file: https://github.com/NiharikaCNR/STAT605-Project/raw/main/data/tracks/Punk/1FkoVC85Ds3mFoK0fVqEqP.pickle
Error downloading file: https://github.com/NiharikaCNR/STAT605-Project/raw/main/data/tracks/Punk/1FkoVC85Ds3mFoK0fVqEqP.pickle
Error downloading file: https://github.com/NiharikaCNR/STAT605-Project/raw/main/data/tracks/Punk/1FkoVC85Ds3mFoK0fVqEqP.pickle
Error downloading file: https://github.com/NiharikaCNR/STAT605-Project/raw/main/data/tracks/Punk/1oTo3ijRbaDAtrjJrGAPSw.pickle
Error downloading file: https://github.com/NiharikaCNR/STAT605-Project/raw/main/data/tracks/Punk/2BGNomqCxEDcXyxf8bg27k.pickle
Error downloading file: https://github.com/NiharikaCNR/STAT605-Project/raw/main/data/tracks/Punk/34miSNKQ0xN7EG8zzzaFzI.pickle
Error downloading file: https://github.com/NiharikaCNR/STAT605-Project/raw/main/data/tracks/Punk/39shmbIHICJ2Wxnk1fPSdz.pickle
Error downloading file: https://github.com/NiharikaCNR/STAT605-Project/raw/main/data/tracks/Punk/39shmbIHICJ2Wxnk1fPSdz.pickle
Error downloading file: https://github.com/NiharikaCNR/STAT605-Project/raw/main/data/tracks/Punk/39shmbIHICJ2Wxnk1fPSdz.pickle
Error downloading file: https://github.com/NiharikaCNR/STAT605-Project/raw/main/data/tracks/Punk/39shmbIHICJ2Wxnk1fPSdz.pickle
Error downloading file: https://github.com/NiharikaCNR/STAT605-Project/raw/main/data/tracks/Punk/3mwvKOyMmG77zZRunnxp9E.pickle
Error downloading file: https://github.com/NiharikaCNR/STAT605-Project/raw/main/data/tracks/Punk/5fpq1wF8xa5tSSlcKHdmGQ.pickle
Error downloading file: https://github.com/NiharikaCNR/STAT605-Project/raw/main/data/tracks/Punk/64yrDBpcdwEdNY9loyEGbX.pickle
Error downloading file: https://github.com/NiharikaCNR/STAT605-Project/raw/main/data/tracks/Punk/6L89mwZXSOwYl76YXfX13s.pickle
Error downloading file: https://github.com/NiharikaCNR/STAT605-Project/raw/main/data/tracks/Punk/6L89mwZXSOwYl76YXfX13s.pickle
Error downloading file: https://github.com/NiharikaCNR/STAT605-Project/raw/main/data/tracks/Punk/6L89mwZXSOwYl76YXfX13s.pickle
Error downloading file: https://github.com/NiharikaCNR/STAT605-Project/raw/main/data/tracks/Punk/6L89mwZXSOwYl76YXfX13s.pickle
Error downloading file: https://github.com/NiharikaCNR/STAT605-Project/raw/main/data/tracks/Punk/6L89mwZXSOwYl76YXfX13s.pickle
Error downloading file: https://github.com/NiharikaCNR/STAT605-Project/raw/main/data/tracks/Punk/6L89mwZXSOwYl76YXfX13s.pickle
Error downloading file: https://github.com/NiharikaCNR/STAT605-Project/raw/main/data/tracks/Punk/6L89mwZXSOwYl76YXfX13s.pickle
Error downloading file: https://github.com/NiharikaCNR/STAT605-Project/raw/main/data/tracks/Punk/6L89mwZXSOwYl76YXfX13s.pickle
Error downloading file: https://github.com/NiharikaCNR/STAT605-Project/raw/main/data/tracks/Punk/6L89mwZXSOwYl76YXfX13s.pickle
Error downloading file: https://github.com/NiharikaCNR/STAT605-Project/raw/main/data/tracks/Punk/21Qsj3cMVCx2xF2EVVNbEu.pickle
Error downloading file: https://github.com/NiharikaCNR/STAT605-Project/raw/main/data/tracks/Punk/21Qsj3cMVCx2xF2EVVNbEu.pickle
Error downloading file: https://github.com/NiharikaCNR/STAT605-Project/raw/main/data/tracks/Punk/21Qsj3cMVCx2xF2EVVNbEu.pickle
Error downloading file: https://github.com/NiharikaCNR/STAT605-Project/raw/main/data/tracks/Punk/21Qsj3cMVCx2xF2EVVNbEu.pickle
Error downloading file: https://github.com/NiharikaCNR/STAT605-Project/raw/main/data/tracks/Punk/2jkyPVk1nbpsZD0KAS98Zw.pickle
