Error downloading file: https://github.com/NiharikaCNR/STAT605-Project/raw/main/data/tracks/Orchestral/07jd1t8gNBj1AvaemHNF19.pickle
Error downloading file: https://github.com/NiharikaCNR/STAT605-Project/raw/main/data/tracks/Orchestral/60TmG8cFPMBo7kTTFOLiAB.pickle
Error downloading file: https://github.com/NiharikaCNR/STAT605-Project/raw/main/data/tracks/Orchestral/3NYCaxkggl0Hh8vQptSUvV.pickle
Error downloading file: https://github.com/NiharikaCNR/STAT605-Project/raw/main/data/tracks/Orchestral/05oFyvdztPdpwSwpoclD4c.pickle
Error downloading file: https://github.com/NiharikaCNR/STAT605-Project/raw/main/data/tracks/Orchestral/0WnVjkW8k8Zo37JAI7K8zF.pickle
Error downloading file: https://github.com/NiharikaCNR/STAT605-Project/raw/main/data/tracks/Orchestral/1D2QnxvMOac95EG9C0KbsJ.pickle
Error downloading file: https://github.com/NiharikaCNR/STAT605-Project/raw/main/data/tracks/Orchestral/4TgtcH6P25PBYU4y0WfGZE.pickle
Error downloading file: https://github.com/NiharikaCNR/STAT605-Project/raw/main/data/tracks/Orchestral/0E0xI4AgMNU7UkwBt3FCVN.pickle
Error downloading file: https://github.com/NiharikaCNR/STAT605-Project/raw/main/data/tracks/Orchestral/6Br4baYuVyuNOmQRhuMqFI.pickle
Error downloading file: https://github.com/NiharikaCNR/STAT605-Project/raw/main/data/tracks/Orchestral/2u9VGZmVz7Rm01SfDgzcfA.pickle
Error downloading file: https://github.com/NiharikaCNR/STAT605-Project/raw/main/data/tracks/Orchestral/2fuiA0FQANMrcr2jXMc0nP.pickle
Error downloading file: https://github.com/NiharikaCNR/STAT605-Project/raw/main/data/tracks/Orchestral/3IoqMnXkCRPWcEGr0C5S9e.pickle
Error downloading file: https://github.com/NiharikaCNR/STAT605-Project/raw/main/data/tracks/Orchestral/5A51C7Ank2IRW0TmhYkeoK.pickle
Error downloading file: https://github.com/NiharikaCNR/STAT605-Project/raw/main/data/tracks/Orchestral/5A51C7Ank2IRW0TmhYkeoK.pickle
Error downloading file: https://github.com/NiharikaCNR/STAT605-Project/raw/main/data/tracks/Orchestral/5A51C7Ank2IRW0TmhYkeoK.pickle
Error downloading file: https://github.com/NiharikaCNR/STAT605-Project/raw/main/data/tracks/Orchestral/5A51C7Ank2IRW0TmhYkeoK.pickle
Error downloading file: https://github.com/NiharikaCNR/STAT605-Project/raw/main/data/tracks/Orchestral/5lZKq1z5jpVu7ha6zklvXS.pickle
Error downloading file: https://github.com/NiharikaCNR/STAT605-Project/raw/main/data/tracks/Orchestral/5Y2g2734P6TcuJJmDwz9QO.pickle
Error downloading file: https://github.com/NiharikaCNR/STAT605-Project/raw/main/data/tracks/Orchestral/6WbiLUdYqdtaRVskHDFLdp.pickle
Error downloading file: https://github.com/NiharikaCNR/STAT605-Project/raw/main/data/tracks/Orchestral/6StjE2hce01PzynfEkfKvo.pickle
Error downloading file: https://github.com/NiharikaCNR/STAT605-Project/raw/main/data/tracks/Orchestral/6BdrHOEmokkSxTyxCojD6r.pickle
Error downloading file: https://github.com/NiharikaCNR/STAT605-Project/raw/main/data/tracks/Orchestral/1fZvEmAmWtsDSUjAgDhddU.pickle
Error downloading file: https://github.com/NiharikaCNR/STAT605-Project/raw/main/data/tracks/Orchestral/71I9xjigtEcEYcbZgtvG1J.pickle
Error downloading file: https://github.com/NiharikaCNR/STAT605-Project/raw/main/data/tracks/Orchestral/5eQLcYDijgzO4G48T3x0yW.pickle
Error downloading file: https://github.com/NiharikaCNR/STAT605-Project/raw/main/data/tracks/Orchestral/78sadk681kINGMrxXw1iDl.pickle
Error downloading file: https://github.com/NiharikaCNR/STAT605-Project/raw/main/data/tracks/Orchestral/0tLAHnsZ7J1qq0sx2YxcIF.pickle
Error downloading file: https://github.com/NiharikaCNR/STAT605-Project/raw/main/data/tracks/Orchestral/0idneCZwC12SSxWzCZHCwP.pickle
Error downloading file: https://github.com/NiharikaCNR/STAT605-Project/raw/main/data/tracks/Orchestral/4Ax5jY9LSYfCY6DHZnnkj5.pickle
Error downloading file: https://github.com/NiharikaCNR/STAT605-Project/raw/main/data/tracks/Orchestral/2WU5ezRzy3mJO4d9MdqW5X.pickle
Error downloading file: https://github.com/NiharikaCNR/STAT605-Project/raw/main/data/tracks/Orchestral/5n44Y1e8exufbm9mmAvopf.pickle
Error downloading file: https://github.com/NiharikaCNR/STAT605-Project/raw/main/data/tracks/Orchestral/3nSglalUiJYQfUsnzvI5Px.pickle
Error downloading file: https://github.com/NiharikaCNR/STAT605-Project/raw/main/data/tracks/Orchestral/0yEqye80GWZNezY119XJuk.pickle
Error downloading file: https://github.com/NiharikaCNR/STAT605-Project/raw/main/data/tracks/Orchestral/7y7zF5PJTUxiSpqxOWrntI.pickle
Error downloading file: https://github.com/NiharikaCNR/STAT605-Project/raw/main/data/tracks/Orchestral/2ZUUturolW3VpzXWzPEy2X.pickle
Error downloading file: https://github.com/NiharikaCNR/STAT605-Project/raw/main/data/tracks/Orchestral/2mMarfkPpZPPKV5AUGdz58.pickle
Error downloading file: https://github.com/NiharikaCNR/STAT605-Project/raw/main/data/tracks/Orchestral/03xmrRjCk1q7WdpQSYJZPL.pickle
Error downloading file: https://github.com/NiharikaCNR/STAT605-Project/raw/main/data/tracks/Orchestral/59eTbibtvvBIGj27eN3zqq.pickle
Error downloading file: https://github.com/NiharikaCNR/STAT605-Project/raw/main/data/tracks/Orchestral/59eTbibtvvBIGj27eN3zqq.pickle
Error downloading file: https://github.com/NiharikaCNR/STAT605-Project/raw/main/data/tracks/Orchestral/59eTbibtvvBIGj27eN3zqq.pickle
Error downloading file: https://github.com/NiharikaCNR/STAT605-Project/raw/main/data/tracks/Orchestral/59eTbibtvvBIGj27eN3zqq.pickle
Error downloading file: https://github.com/NiharikaCNR/STAT605-Project/raw/main/data/tracks/Orchestral/59eTbibtvvBIGj27eN3zqq.pickle
Error downloading file: https://github.com/NiharikaCNR/STAT605-Project/raw/main/data/tracks/Orchestral/59eTbibtvvBIGj27eN3zqq.pickle
Error downloading file: https://github.com/NiharikaCNR/STAT605-Project/raw/main/data/tracks/Orchestral/59eTbibtvvBIGj27eN3zqq.pickle
Error downloading file: https://github.com/NiharikaCNR/STAT605-Project/raw/main/data/tracks/Orchestral/59eTbibtvvBIGj27eN3zqq.pickle
Error downloading file: https://github.com/NiharikaCNR/STAT605-Project/raw/main/data/tracks/Orchestral/59eTbibtvvBIGj27eN3zqq.pickle
Error downloading file: https://github.com/NiharikaCNR/STAT605-Project/raw/main/data/tracks/Orchestral/7j4G2lqrTZdDlHgR27A9r3.pickle
Error downloading file: https://github.com/NiharikaCNR/STAT605-Project/raw/main/data/tracks/Orchestral/7j4G2lqrTZdDlHgR27A9r3.pickle
Error downloading file: https://github.com/NiharikaCNR/STAT605-Project/raw/main/data/tracks/Orchestral/7j4G2lqrTZdDlHgR27A9r3.pickle
Error downloading file: https://github.com/NiharikaCNR/STAT605-Project/raw/main/data/tracks/Orchestral/7j4G2lqrTZdDlHgR27A9r3.pickle
Error downloading file: https://github.com/NiharikaCNR/STAT605-Project/raw/main/data/tracks/Orchestral/019V57NOngssFoGhD0IwgC.pickle
Error downloading file: https://github.com/NiharikaCNR/STAT605-Project/raw/main/data/tracks/Orchestral/6a4A00EF2xOOIMXRetisKS.pickle
Error downloading file: https://github.com/NiharikaCNR/STAT605-Project/raw/main/data/tracks/Orchestral/7B4HbpZCSfLzKGapKzlUPD.pickle
Error downloading file: https://github.com/NiharikaCNR/STAT605-Project/raw/main/data/tracks/Orchestral/4MUN6PQPplQDajjx7NCcdr.pickle
Error downloading file: https://github.com/NiharikaCNR/STAT605-Project/raw/main/data/tracks/Orchestral/6qEikx8igvtqWCYELJwugM.pickle
Error downloading file: https://github.com/NiharikaCNR/STAT605-Project/raw/main/data/tracks/Orchestral/1j9hygHMlSWI9PlopV0uqI.pickle
Error downloading file: https://github.com/NiharikaCNR/STAT605-Project/raw/main/data/tracks/Orchestral/2ZssT3XEX1cObqahy9YrQM.pickle
Error downloading file: https://github.com/NiharikaCNR/STAT605-Project/raw/main/data/tracks/Orchestral/6aNpo6grTqx0bV9g7eF9B1.pickle
Error downloading file: https://github.com/NiharikaCNR/STAT605-Project/raw/main/data/tracks/Orchestral/0jlcj6mnbJNDyVorVeN0Sr.pickle
Error downloading file: https://github.com/NiharikaCNR/STAT605-Project/raw/main/data/tracks/Orchestral/5K9ka2I5o2T0tmFSpysNqW.pickle
Error downloading file: https://github.com/NiharikaCNR/STAT605-Project/raw/main/data/tracks/Orchestral/0qpmIPWHjZLqgov5wzdESA.pickle
Error downloading file: https://github.com/NiharikaCNR/STAT605-Project/raw/main/data/tracks/Orchestral/4FG6rFZso1U2a0glSk7WCy.pickle
Error downloading file: https://github.com/NiharikaCNR/STAT605-Project/raw/main/data/tracks/Orchestral/03eqdlquKzJQg9LYngD6HO.pickle
Error downloading file: https://github.com/NiharikaCNR/STAT605-Project/raw/main/data/tracks/Orchestral/4jIn1jQ7Wm0CHBUpgKv9uG.pickle
Error downloading file: https://github.com/NiharikaCNR/STAT605-Project/raw/main/data/tracks/Orchestral/6IZF8hi9J6EtFDLQqOlSbu.pickle
Error downloading file: https://github.com/NiharikaCNR/STAT605-Project/raw/main/data/tracks/Orchestral/5Zf25eS8E1znm9mez4cGsm.pickle
Error downloading file: https://github.com/NiharikaCNR/STAT605-Project/raw/main/data/tracks/Orchestral/7fqz3bC1dYp9stkASdOZZX.pickle
Error downloading file: https://github.com/NiharikaCNR/STAT605-Project/raw/main/data/tracks/Orchestral/0NxCQL5OFodinhM1GO5dxi.pickle
Error downloading file: https://github.com/NiharikaCNR/STAT605-Project/raw/main/data/tracks/Orchestral/1joFnRAR5U4kQb34ubZ7sD.pickle
Error downloading file: https://github.com/NiharikaCNR/STAT605-Project/raw/main/data/tracks/Orchestral/0DxTEuqiERU7W4Cfy6IeLa.pickle
Error downloading file: https://github.com/NiharikaCNR/STAT605-Project/raw/main/data/tracks/Orchestral/0DxTEuqiERU7W4Cfy6IeLa.pickle
Error downloading file: https://github.com/NiharikaCNR/STAT605-Project/raw/main/data/tracks/Orchestral/0DxTEuqiERU7W4Cfy6IeLa.pickle
Error downloading file: https://github.com/NiharikaCNR/STAT605-Project/raw/main/data/tracks/Orchestral/0DxTEuqiERU7W4Cfy6IeLa.pickle
Error downloading file: https://github.com/NiharikaCNR/STAT605-Project/raw/main/data/tracks/Orchestral/39uLYYZytVUwcjgeYLI409.pickle
Error downloading file: https://github.com/NiharikaCNR/STAT605-Project/raw/main/data/tracks/Orchestral/0rNpm25xLsckCS9JPAgpwP.pickle
Error downloading file: https://github.com/NiharikaCNR/STAT605-Project/raw/main/data/tracks/Orchestral/2DCB7vBKleDUerpJErGyr2.pickle
Error downloading file: https://github.com/NiharikaCNR/STAT605-Project/raw/main/data/tracks/Orchestral/0mD1a7haZKdX9I0oPywrMb.pickle
Error downloading file: https://github.com/NiharikaCNR/STAT605-Project/raw/main/data/tracks/Orchestral/5xwizYZCXpF45lBvzBPB9R.pickle
Error downloading file: https://github.com/NiharikaCNR/STAT605-Project/raw/main/data/tracks/Orchestral/3qzNMOAMWvzMtl3aPv9rOB.pickle
Error downloading file: https://github.com/NiharikaCNR/STAT605-Project/raw/main/data/tracks/Orchestral/123zFAGx0F5ScgrLrCWGDX.pickle
Error downloading file: https://github.com/NiharikaCNR/STAT605-Project/raw/main/data/tracks/Orchestral/630zE7N1xPxdK2Zz4S3rPA.pickle
Error downloading file: https://github.com/NiharikaCNR/STAT605-Project/raw/main/data/tracks/Orchestral/0PMAlHB4OYyLjqHVvhD3hV.pickle
Error downloading file: https://github.com/NiharikaCNR/STAT605-Project/raw/main/data/tracks/Orchestral/0XsJ1vRgCSdvtaNj4mWRFj.pickle
Error downloading file: https://github.com/NiharikaCNR/STAT605-Project/raw/main/data/tracks/Orchestral/0XsJ1vRgCSdvtaNj4mWRFj.pickle
Error downloading file: https://github.com/NiharikaCNR/STAT605-Project/raw/main/data/tracks/Orchestral/0XsJ1vRgCSdvtaNj4mWRFj.pickle
Error downloading file: https://github.com/NiharikaCNR/STAT605-Project/raw/main/data/tracks/Orchestral/0XsJ1vRgCSdvtaNj4mWRFj.pickle
Error downloading file: https://github.com/NiharikaCNR/STAT605-Project/raw/main/data/tracks/Orchestral/1BbQIyPnuhVIlJEqPcY3Ug.pickle
Error downloading file: https://github.com/NiharikaCNR/STAT605-Project/raw/main/data/tracks/Orchestral/1upQiytDIEZfl9ItruoXuC.pickle
Error downloading file: https://github.com/NiharikaCNR/STAT605-Project/raw/main/data/tracks/Orchestral/3GecLjGMqzjmgkvy2v41Wf.pickle
Error downloading file: https://github.com/NiharikaCNR/STAT605-Project/raw/main/data/tracks/Orchestral/3Oc4Rm86Pq6K5eAGKaeC3f.pickle
Error downloading file: https://github.com/NiharikaCNR/STAT605-Project/raw/main/data/tracks/Orchestral/0fpqOyC5DLDe5gAYKBB6X7.pickle
Error downloading file: https://github.com/NiharikaCNR/STAT605-Project/raw/main/data/tracks/Orchestral/419qlOGNXoyICx4jO0hqaj.pickle
Error downloading file: https://github.com/NiharikaCNR/STAT605-Project/raw/main/data/tracks/Orchestral/3Nd9wTStUxHHBWkbrENCVL.pickle
Error downloading file: https://github.com/NiharikaCNR/STAT605-Project/raw/main/data/tracks/Orchestral/2osMu8c4ahjQGQ7gsRQw8I.pickle
Error downloading file: https://github.com/NiharikaCNR/STAT605-Project/raw/main/data/tracks/Orchestral/2osMu8c4ahjQGQ7gsRQw8I.pickle
Error downloading file: https://github.com/NiharikaCNR/STAT605-Project/raw/main/data/tracks/Orchestral/2osMu8c4ahjQGQ7gsRQw8I.pickle
Error downloading file: https://github.com/NiharikaCNR/STAT605-Project/raw/main/data/tracks/Orchestral/2osMu8c4ahjQGQ7gsRQw8I.pickle
Error downloading file: https://github.com/NiharikaCNR/STAT605-Project/raw/main/data/tracks/Orchestral/0hZBK2IS2uKdWVwEWXX1vB.pickle
Error downloading file: https://github.com/NiharikaCNR/STAT605-Project/raw/main/data/tracks/Orchestral/1cd7Pft3rfZ0hmaOLI0EDB.pickle
Error downloading file: https://github.com/NiharikaCNR/STAT605-Project/raw/main/data/tracks/Orchestral/1cd7Pft3rfZ0hmaOLI0EDB.pickle
Error downloading file: https://github.com/NiharikaCNR/STAT605-Project/raw/main/data/tracks/Orchestral/1cd7Pft3rfZ0hmaOLI0EDB.pickle
Error downloading file: https://github.com/NiharikaCNR/STAT605-Project/raw/main/data/tracks/Orchestral/1cd7Pft3rfZ0hmaOLI0EDB.pickle
Error downloading file: https://github.com/NiharikaCNR/STAT605-Project/raw/main/data/tracks/Orchestral/3Lsdp3mbD27MjxvTeFm0v3.pickle
Error downloading file: https://github.com/NiharikaCNR/STAT605-Project/raw/main/data/tracks/Orchestral/5BwR0cMZm1z1QJqvJl3pWU.pickle
Error downloading file: https://github.com/NiharikaCNR/STAT605-Project/raw/main/data/tracks/Orchestral/1EuTbsgvXSfwiCeM8kuHbA.pickle
Error downloading file: https://github.com/NiharikaCNR/STAT605-Project/raw/main/data/tracks/Orchestral/050MkMtpGzrf4Dgx0PWXcH.pickle
Error downloading file: https://github.com/NiharikaCNR/STAT605-Project/raw/main/data/tracks/Orchestral/4BlM6AO7TOtqxcY9qMHIuc.pickle
Error downloading file: https://github.com/NiharikaCNR/STAT605-Project/raw/main/data/tracks/Orchestral/4BlM6AO7TOtqxcY9qMHIuc.pickle
Error downloading file: https://github.com/NiharikaCNR/STAT605-Project/raw/main/data/tracks/Orchestral/4BlM6AO7TOtqxcY9qMHIuc.pickle
Error downloading file: https://github.com/NiharikaCNR/STAT605-Project/raw/main/data/tracks/Orchestral/4BlM6AO7TOtqxcY9qMHIuc.pickle
Error downloading file: https://github.com/NiharikaCNR/STAT605-Project/raw/main/data/tracks/Orchestral/7kUljt0NM5sISL3OGNVxYd.pickle
Error downloading file: https://github.com/NiharikaCNR/STAT605-Project/raw/main/data/tracks/Orchestral/0kbLBB45YGGWNu3AUL6FIL.pickle
Error downloading file: https://github.com/NiharikaCNR/STAT605-Project/raw/main/data/tracks/Orchestral/75OrTolKEnimJj625JUIft.pickle
Error downloading file: https://github.com/NiharikaCNR/STAT605-Project/raw/main/data/tracks/Orchestral/3RorE8qv9x9Fz7AD30gkSB.pickle
Error downloading file: https://github.com/NiharikaCNR/STAT605-Project/raw/main/data/tracks/Orchestral/2kAwInoNljoVi4SsYCnFeo.pickle
Error downloading file: https://github.com/NiharikaCNR/STAT605-Project/raw/main/data/tracks/Orchestral/6VnSkysUFuLEayG0LIQlVF.pickle
Error downloading file: https://github.com/NiharikaCNR/STAT605-Project/raw/main/data/tracks/Orchestral/2DmlTLFphBLAIACKPsLAQH.pickle
Error downloading file: https://github.com/NiharikaCNR/STAT605-Project/raw/main/data/tracks/Orchestral/2DmlTLFphBLAIACKPsLAQH.pickle
Error downloading file: https://github.com/NiharikaCNR/STAT605-Project/raw/main/data/tracks/Orchestral/2DmlTLFphBLAIACKPsLAQH.pickle
Error downloading file: https://github.com/NiharikaCNR/STAT605-Project/raw/main/data/tracks/Orchestral/2DmlTLFphBLAIACKPsLAQH.pickle
Error downloading file: https://github.com/NiharikaCNR/STAT605-Project/raw/main/data/tracks/Orchestral/4tg3hSmrBwoul3VpjS66VU.pickle
Error downloading file: https://github.com/NiharikaCNR/STAT605-Project/raw/main/data/tracks/Orchestral/4u4VElxO7JM4IR4jR4TL1s.pickle
Error downloading file: https://github.com/NiharikaCNR/STAT605-Project/raw/main/data/tracks/Orchestral/0ZxF4MFrFmi4agsWGQKKrn.pickle
Error downloading file: https://github.com/NiharikaCNR/STAT605-Project/raw/main/data/tracks/Orchestral/2q6fxAvSpqXR4jx9Ne7RGz.pickle
Error downloading file: https://github.com/NiharikaCNR/STAT605-Project/raw/main/data/tracks/Orchestral/7u5XBHnht6dyoRXRBb5soK.pickle
Error downloading file: https://github.com/NiharikaCNR/STAT605-Project/raw/main/data/tracks/Orchestral/56pKYnSA0CyayMJWcEU5kH.pickle
Error downloading file: https://github.com/NiharikaCNR/STAT605-Project/raw/main/data/tracks/Orchestral/5dqE6Tv6bWU2XCN2qdAB2n.pickle
Error downloading file: https://github.com/NiharikaCNR/STAT605-Project/raw/main/data/tracks/Orchestral/77k50byLXJO3kaDDd27HVj.pickle
Error downloading file: https://github.com/NiharikaCNR/STAT605-Project/raw/main/data/tracks/Orchestral/5QFdOfeQlX8gp7ick31XRG.pickle
Error downloading file: https://github.com/NiharikaCNR/STAT605-Project/raw/main/data/tracks/Orchestral/3Dgmyz32dxvtxvUTPS0CUI.pickle
Error downloading file: https://github.com/NiharikaCNR/STAT605-Project/raw/main/data/tracks/Orchestral/3Dgmyz32dxvtxvUTPS0CUI.pickle
Error downloading file: https://github.com/NiharikaCNR/STAT605-Project/raw/main/data/tracks/Orchestral/3Dgmyz32dxvtxvUTPS0CUI.pickle
Error downloading file: https://github.com/NiharikaCNR/STAT605-Project/raw/main/data/tracks/Orchestral/3Dgmyz32dxvtxvUTPS0CUI.pickle
Error downloading file: https://github.com/NiharikaCNR/STAT605-Project/raw/main/data/tracks/Orchestral/2jliyCiGz19fl2SgCfK4T2.pickle
Error downloading file: https://github.com/NiharikaCNR/STAT605-Project/raw/main/data/tracks/Orchestral/7oB0QBEnGRIJjvlDc8YnM6.pickle
Error downloading file: https://github.com/NiharikaCNR/STAT605-Project/raw/main/data/tracks/Orchestral/77O9eTcQpYwCnANBQHjGDQ.pickle
Error downloading file: https://github.com/NiharikaCNR/STAT605-Project/raw/main/data/tracks/Orchestral/3o9br9LskOEbwc5irxfHqR.pickle
Error downloading file: https://github.com/NiharikaCNR/STAT605-Project/raw/main/data/tracks/Orchestral/3o9br9LskOEbwc5irxfHqR.pickle
Error downloading file: https://github.com/NiharikaCNR/STAT605-Project/raw/main/data/tracks/Orchestral/3o9br9LskOEbwc5irxfHqR.pickle
Error downloading file: https://github.com/NiharikaCNR/STAT605-Project/raw/main/data/tracks/Orchestral/3o9br9LskOEbwc5irxfHqR.pickle
Error downloading file: https://github.com/NiharikaCNR/STAT605-Project/raw/main/data/tracks/Orchestral/7iOSeHfKU2EhSKcX7TbjKG.pickle
Error downloading file: https://github.com/NiharikaCNR/STAT605-Project/raw/main/data/tracks/Orchestral/5smzwOCtNpDrH9Fn4DaqiZ.pickle
Error downloading file: https://github.com/NiharikaCNR/STAT605-Project/raw/main/data/tracks/Orchestral/4SHOcnOm5P3XhORP04HcPn.pickle
Error downloading file: https://github.com/NiharikaCNR/STAT605-Project/raw/main/data/tracks/Orchestral/3JdD9wqvohYMjK6BmEHtTP.pickle
Error downloading file: https://github.com/NiharikaCNR/STAT605-Project/raw/main/data/tracks/Orchestral/5NGtFXVpXSvwunEIGeviY3.pickle
Error downloading file: https://github.com/NiharikaCNR/STAT605-Project/raw/main/data/tracks/Orchestral/5u5aVJKjSMJr4zesMPz7bL.pickle
Error downloading file: https://github.com/NiharikaCNR/STAT605-Project/raw/main/data/tracks/Orchestral/61dYvvfIRtIDFuqZypPAta.pickle
Error downloading file: https://github.com/NiharikaCNR/STAT605-Project/raw/main/data/tracks/Orchestral/7MdZQXUBijQxcBkYz4G1Z5.pickle
Error downloading file: https://github.com/NiharikaCNR/STAT605-Project/raw/main/data/tracks/Orchestral/7nGA1sRfLDWXYb3VPstnZf.pickle
Error downloading file: https://github.com/NiharikaCNR/STAT605-Project/raw/main/data/tracks/Orchestral/086sjLPEqdKBgTxbTeCLCv.pickle
Error downloading file: https://github.com/NiharikaCNR/STAT605-Project/raw/main/data/tracks/Orchestral/22ECnbNX6WlUzr7gZelnlW.pickle
Error downloading file: https://github.com/NiharikaCNR/STAT605-Project/raw/main/data/tracks/Orchestral/0V5cvmTKsYmF5FmGGEAfmS.pickle
Error downloading file: https://github.com/NiharikaCNR/STAT605-Project/raw/main/data/tracks/Orchestral/1BncfTJAWxrsxyT9culBrj.pickle
Error downloading file: https://github.com/NiharikaCNR/STAT605-Project/raw/main/data/tracks/Orchestral/5lm18pjbwdth6ENVllxjfl.pickle
Error downloading file: https://github.com/NiharikaCNR/STAT605-Project/raw/main/data/tracks/Orchestral/5mrxUVYEyowgATPU35aZay.pickle
Error downloading file: https://github.com/NiharikaCNR/STAT605-Project/raw/main/data/tracks/Orchestral/5mrxUVYEyowgATPU35aZay.pickle
Error downloading file: https://github.com/NiharikaCNR/STAT605-Project/raw/main/data/tracks/Orchestral/5mrxUVYEyowgATPU35aZay.pickle
Error downloading file: https://github.com/NiharikaCNR/STAT605-Project/raw/main/data/tracks/Orchestral/5mrxUVYEyowgATPU35aZay.pickle
Error downloading file: https://github.com/NiharikaCNR/STAT605-Project/raw/main/data/tracks/Orchestral/1m5quxLLbU42bqjgo33Y9j.pickle
Error downloading file: https://github.com/NiharikaCNR/STAT605-Project/raw/main/data/tracks/Orchestral/0NA09EJ4C7LwvI7CvtpdnV.pickle
