Error downloading file: https://github.com/NiharikaCNR/STAT605-Project/raw/main/data/tracks/Nature/41ngfIhPv1DkwHozVjH5Yc.pickle
Error downloading file: https://github.com/NiharikaCNR/STAT605-Project/raw/main/data/tracks/Nature/23Hpf0InC4WVSmg9KaNxIy.pickle
Error downloading file: https://github.com/NiharikaCNR/STAT605-Project/raw/main/data/tracks/Nature/7rgTZWgO5JEPrLCmhy1ABE.pickle
Error downloading file: https://github.com/NiharikaCNR/STAT605-Project/raw/main/data/tracks/Nature/0lvURQCoBLWmVYbXlOu3Mh.pickle
Error downloading file: https://github.com/NiharikaCNR/STAT605-Project/raw/main/data/tracks/Nature/4Pvq68Y0K9k6dYkyP4HBcv.pickle
Error downloading file: https://github.com/NiharikaCNR/STAT605-Project/raw/main/data/tracks/Nature/0SlsmPh8FGXhfdR3fCb14g.pickle
Error downloading file: https://github.com/NiharikaCNR/STAT605-Project/raw/main/data/tracks/Nature/0mlUW1sZLOlLSy6XetboEZ.pickle
Error downloading file: https://github.com/NiharikaCNR/STAT605-Project/raw/main/data/tracks/Nature/0obt0uwGoJXkktxoSylXVz.pickle
Error downloading file: https://github.com/NiharikaCNR/STAT605-Project/raw/main/data/tracks/Nature/2IP5Zk9blC6qFzjoq1svyS.pickle
Error downloading file: https://github.com/NiharikaCNR/STAT605-Project/raw/main/data/tracks/Nature/4Fq1o5T3jMFTewig8vzd0H.pickle
Error downloading file: https://github.com/NiharikaCNR/STAT605-Project/raw/main/data/tracks/Nature/3DkJyqUOfk9eFg2f6Maqgw.pickle
Error downloading file: https://github.com/NiharikaCNR/STAT605-Project/raw/main/data/tracks/Nature/5SZN94c5Neyb7tUNMGmykq.pickle
Error downloading file: https://github.com/NiharikaCNR/STAT605-Project/raw/main/data/tracks/Nature/5SZN94c5Neyb7tUNMGmykq.pickle
Error downloading file: https://github.com/NiharikaCNR/STAT605-Project/raw/main/data/tracks/Nature/5SZN94c5Neyb7tUNMGmykq.pickle
Error downloading file: https://github.com/NiharikaCNR/STAT605-Project/raw/main/data/tracks/Nature/5SZN94c5Neyb7tUNMGmykq.pickle
Error downloading file: https://github.com/NiharikaCNR/STAT605-Project/raw/main/data/tracks/Nature/2C9TaqPP3rgZriyjBxAlIT.pickle
Error downloading file: https://github.com/NiharikaCNR/STAT605-Project/raw/main/data/tracks/Nature/3oVqA93MPShAdao5iIKlE7.pickle
Error downloading file: https://github.com/NiharikaCNR/STAT605-Project/raw/main/data/tracks/Nature/70ZhYH2joI9RCE45TG52sS.pickle
Error downloading file: https://github.com/NiharikaCNR/STAT605-Project/raw/main/data/tracks/Nature/1jMqE6saRqcpmglq4B2Bcd.pickle
Error downloading file: https://github.com/NiharikaCNR/STAT605-Project/raw/main/data/tracks/Nature/6bYHF7Tt9cS59RbcezAbSa.pickle
Error downloading file: https://github.com/NiharikaCNR/STAT605-Project/raw/main/data/tracks/Nature/4cEsckil1CQNUFuPczf6qg.pickle
Error downloading file: https://github.com/NiharikaCNR/STAT605-Project/raw/main/data/tracks/Nature/1jkmpUX6l6X2irM8oADsYk.pickle
Error downloading file: https://github.com/NiharikaCNR/STAT605-Project/raw/main/data/tracks/Nature/1jkmpUX6l6X2irM8oADsYk.pickle
Error downloading file: https://github.com/NiharikaCNR/STAT605-Project/raw/main/data/tracks/Nature/1jkmpUX6l6X2irM8oADsYk.pickle
Error downloading file: https://github.com/NiharikaCNR/STAT605-Project/raw/main/data/tracks/Nature/1jkmpUX6l6X2irM8oADsYk.pickle
Error downloading file: https://github.com/NiharikaCNR/STAT605-Project/raw/main/data/tracks/Nature/5KuUhoDmQ6NvwHUAHhVmHB.pickle
Error downloading file: https://github.com/NiharikaCNR/STAT605-Project/raw/main/data/tracks/Nature/50aaV3mWCv0U8c4AV5bx74.pickle
Error downloading file: https://github.com/NiharikaCNR/STAT605-Project/raw/main/data/tracks/Nature/6tt0D6TOjjqiKairumDzV0.pickle
Error downloading file: https://github.com/NiharikaCNR/STAT605-Project/raw/main/data/tracks/Nature/67Ve2zd7xWIs506XCAm8AF.pickle
Error downloading file: https://github.com/NiharikaCNR/STAT605-Project/raw/main/data/tracks/Nature/4Q4U1L0JkRfwyo5H0h1FDj.pickle
Error downloading file: https://github.com/NiharikaCNR/STAT605-Project/raw/main/data/tracks/Nature/0TMAHzkIZ24xlR3V9uHuqW.pickle
Error downloading file: https://github.com/NiharikaCNR/STAT605-Project/raw/main/data/tracks/Nature/7Cxw4X1IKYrl5qZbdwYS2b.pickle
Error downloading file: https://github.com/NiharikaCNR/STAT605-Project/raw/main/data/tracks/Nature/5ZEAJo9nALzp17aYoPYkx2.pickle
Error downloading file: https://github.com/NiharikaCNR/STAT605-Project/raw/main/data/tracks/Nature/43NV147Vcu8AflWcA24u2m.pickle
Error downloading file: https://github.com/NiharikaCNR/STAT605-Project/raw/main/data/tracks/Nature/3bCmDqflFBHijgJfvtqev5.pickle
Error downloading file: https://github.com/NiharikaCNR/STAT605-Project/raw/main/data/tracks/Nature/57zYO8q3f19ksGdHcCFpk9.pickle
Error downloading file: https://github.com/NiharikaCNR/STAT605-Project/raw/main/data/tracks/Nature/38HvJkH21S2bRciZHohv68.pickle
Error downloading file: https://github.com/NiharikaCNR/STAT605-Project/raw/main/data/tracks/Nature/7ruylcpwEbeCl3HfB9SSyM.pickle
Error downloading file: https://github.com/NiharikaCNR/STAT605-Project/raw/main/data/tracks/Nature/1KIC8wPFEZvACivBF5dy1y.pickle
Error downloading file: https://github.com/NiharikaCNR/STAT605-Project/raw/main/data/tracks/Nature/4Wtytfcgk9Giy8Hea4DG1i.pickle
Error downloading file: https://github.com/NiharikaCNR/STAT605-Project/raw/main/data/tracks/Nature/5o4VEfYefIh1veVb7Myr0n.pickle
Error downloading file: https://github.com/NiharikaCNR/STAT605-Project/raw/main/data/tracks/Nature/5Zf25eS8E1znm9mez4cGsm.pickle
Error downloading file: https://github.com/NiharikaCNR/STAT605-Project/raw/main/data/tracks/Nature/76tRYb7dbjdnALo9kaVQEq.pickle
Error downloading file: https://github.com/NiharikaCNR/STAT605-Project/raw/main/data/tracks/Nature/5VnaOLeK1lKfULuNwet8ck.pickle
Error downloading file: https://github.com/NiharikaCNR/STAT605-Project/raw/main/data/tracks/Nature/2OxkLdXTpN1Swp92nnujPs.pickle
Error downloading file: https://github.com/NiharikaCNR/STAT605-Project/raw/main/data/tracks/Nature/4kh3Hjy1RPkAbKZpHi5k17.pickle
Error downloading file: https://github.com/NiharikaCNR/STAT605-Project/raw/main/data/tracks/Nature/30le0rSu3t2XDWUqVJpksU.pickle
Error downloading file: https://github.com/NiharikaCNR/STAT605-Project/raw/main/data/tracks/Nature/4DxtQrlRQrlS4WVaFYtL4n.pickle
Error downloading file: https://github.com/NiharikaCNR/STAT605-Project/raw/main/data/tracks/Nature/16Aoy96Xo1Y1xnNW5Q0rnu.pickle
Error downloading file: https://github.com/NiharikaCNR/STAT605-Project/raw/main/data/tracks/Nature/20AEQnFt9dyIwCa8Cpqhkv.pickle
Error downloading file: https://github.com/NiharikaCNR/STAT605-Project/raw/main/data/tracks/Nature/3m3IcXx0tjp9tgkisn60YE.pickle
Error downloading file: https://github.com/NiharikaCNR/STAT605-Project/raw/main/data/tracks/Nature/6NKq6vxkIJgcpV3aERGfAC.pickle
Error downloading file: https://github.com/NiharikaCNR/STAT605-Project/raw/main/data/tracks/Nature/3ODEuZjfxec5fYnzVhxANv.pickle
Error downloading file: https://github.com/NiharikaCNR/STAT605-Project/raw/main/data/tracks/Nature/10Fb5CydCmYW3lqQGjNb04.pickle
Error downloading file: https://github.com/NiharikaCNR/STAT605-Project/raw/main/data/tracks/Nature/0t8d8BXPvYEKvA85iZwcr8.pickle
Error downloading file: https://github.com/NiharikaCNR/STAT605-Project/raw/main/data/tracks/Nature/6JrKGnF3Z7sISyz3AnoUhy.pickle
Error downloading file: https://github.com/NiharikaCNR/STAT605-Project/raw/main/data/tracks/Nature/1VbhGNRnt0YhS7KUjE4YoF.pickle
Error downloading file: https://github.com/NiharikaCNR/STAT605-Project/raw/main/data/tracks/Nature/0srGfXXqmeISaT3uSoaoXM.pickle
Error downloading file: https://github.com/NiharikaCNR/STAT605-Project/raw/main/data/tracks/Nature/6G7zxqKAXgLtjQS7FZeCxI.pickle
Error downloading file: https://github.com/NiharikaCNR/STAT605-Project/raw/main/data/tracks/Nature/04kA8VUSmsOlVbU1GS6PMA.pickle
Error downloading file: https://github.com/NiharikaCNR/STAT605-Project/raw/main/data/tracks/Nature/0Ns5tSsua1n1y2DqdsyA3n.pickle
Error downloading file: https://github.com/NiharikaCNR/STAT605-Project/raw/main/data/tracks/Nature/0SCU2sxYeI8IBCSH3xbDqU.pickle
Error downloading file: https://github.com/NiharikaCNR/STAT605-Project/raw/main/data/tracks/Nature/0W3rMFPtH1fEC8vLqEh81q.pickle
Error downloading file: https://github.com/NiharikaCNR/STAT605-Project/raw/main/data/tracks/Nature/0viSy6TWGgy9zPLmndwfBc.pickle
Error downloading file: https://github.com/NiharikaCNR/STAT605-Project/raw/main/data/tracks/Nature/1HTIdH7cCCB0ntHoWz0lc3.pickle
Error downloading file: https://github.com/NiharikaCNR/STAT605-Project/raw/main/data/tracks/Nature/1oZUlfQ2IsTyfKqb3hIBJl.pickle
Error downloading file: https://github.com/NiharikaCNR/STAT605-Project/raw/main/data/tracks/Nature/2F2qB62J5Hn13gQwHlzc0i.pickle
Error downloading file: https://github.com/NiharikaCNR/STAT605-Project/raw/main/data/tracks/Nature/2JJt5CoU98unJweXm216p8.pickle
Error downloading file: https://github.com/NiharikaCNR/STAT605-Project/raw/main/data/tracks/Nature/2QW4nN5l0XAjc8sjtpexk6.pickle
Error downloading file: https://github.com/NiharikaCNR/STAT605-Project/raw/main/data/tracks/Nature/2ROMyVs1JVRdQV1bvBfJtv.pickle
Error downloading file: https://github.com/NiharikaCNR/STAT605-Project/raw/main/data/tracks/Nature/2jhPKFv3QmEtzMAr6x7dlI.pickle
Error downloading file: https://github.com/NiharikaCNR/STAT605-Project/raw/main/data/tracks/Nature/2q6kkTw0zCCVplPVNtgttA.pickle
Error downloading file: https://github.com/NiharikaCNR/STAT605-Project/raw/main/data/tracks/Nature/2qdYTYFk5rogBGujeXrM0T.pickle
Error downloading file: https://github.com/NiharikaCNR/STAT605-Project/raw/main/data/tracks/Nature/2soqFOYm27yBs9PwK8Dlau.pickle
Error downloading file: https://github.com/NiharikaCNR/STAT605-Project/raw/main/data/tracks/Nature/32g6Adp62Rwl9kzqBHZCLL.pickle
Error downloading file: https://github.com/NiharikaCNR/STAT605-Project/raw/main/data/tracks/Nature/4GfDzOMBopSli26xyPja2T.pickle
Error downloading file: https://github.com/NiharikaCNR/STAT605-Project/raw/main/data/tracks/Nature/4HIms9Wrmz7A1aLOlSCLq8.pickle
Error downloading file: https://github.com/NiharikaCNR/STAT605-Project/raw/main/data/tracks/Nature/4L85mtTxK1oisPz4RR9Lx3.pickle
Error downloading file: https://github.com/NiharikaCNR/STAT605-Project/raw/main/data/tracks/Nature/4O4LzR3BRTMI2tyD8OZLy1.pickle
Error downloading file: https://github.com/NiharikaCNR/STAT605-Project/raw/main/data/tracks/Nature/4bc3Qxd87ghi2v1hkecTLQ.pickle
Error downloading file: https://github.com/NiharikaCNR/STAT605-Project/raw/main/data/tracks/Nature/4zi52VdR1sACyNs7KG0EXr.pickle
Error downloading file: https://github.com/NiharikaCNR/STAT605-Project/raw/main/data/tracks/Nature/52axQA66Aegvyd8PXmpbev.pickle
Error downloading file: https://github.com/NiharikaCNR/STAT605-Project/raw/main/data/tracks/Nature/57nvVBzV3ec8uO1DHVpuL3.pickle
Error downloading file: https://github.com/NiharikaCNR/STAT605-Project/raw/main/data/tracks/Nature/5lHWmc0zS97ujhQbFuiBVu.pickle
Error downloading file: https://github.com/NiharikaCNR/STAT605-Project/raw/main/data/tracks/Nature/69ViuvFWPQtBMun0XFlbeG.pickle
Error downloading file: https://github.com/NiharikaCNR/STAT605-Project/raw/main/data/tracks/Nature/6hkPpt5DoyE0LsjzBPvpCm.pickle
Error downloading file: https://github.com/NiharikaCNR/STAT605-Project/raw/main/data/tracks/Nature/6ljvp3iCqgP2ihbPENAHlU.pickle
Error downloading file: https://github.com/NiharikaCNR/STAT605-Project/raw/main/data/tracks/Nature/6oNpiKDtVBg6UcRGyNt0Rr.pickle
Error downloading file: https://github.com/NiharikaCNR/STAT605-Project/raw/main/data/tracks/Nature/6tQmBhIxaoa0hROLP7Yz3T.pickle
Error downloading file: https://github.com/NiharikaCNR/STAT605-Project/raw/main/data/tracks/Nature/7Kpwz4hauy7CmSicbSjEJh.pickle
Error downloading file: https://github.com/NiharikaCNR/STAT605-Project/raw/main/data/tracks/Nature/7nTJjogr0O2EAjRb4jDIuH.pickle
Error downloading file: https://github.com/NiharikaCNR/STAT605-Project/raw/main/data/tracks/Nature/7usEplF9AbtjtiIitonSXJ.pickle
Error downloading file: https://github.com/NiharikaCNR/STAT605-Project/raw/main/data/tracks/Nature/7xEiNehUCI946LK7ne3yXp.pickle
Error downloading file: https://github.com/NiharikaCNR/STAT605-Project/raw/main/data/tracks/Nature/6JXipaQpflSAuYIg5cDQ6w.pickle
Error downloading file: https://github.com/NiharikaCNR/STAT605-Project/raw/main/data/tracks/Nature/6JXipaQpflSAuYIg5cDQ6w.pickle
Error downloading file: https://github.com/NiharikaCNR/STAT605-Project/raw/main/data/tracks/Nature/6JXipaQpflSAuYIg5cDQ6w.pickle
Error downloading file: https://github.com/NiharikaCNR/STAT605-Project/raw/main/data/tracks/Nature/6JXipaQpflSAuYIg5cDQ6w.pickle
Error downloading file: https://github.com/NiharikaCNR/STAT605-Project/raw/main/data/tracks/Nature/1o6NbOV0dqkjeaXFiTMJOO.pickle
Error downloading file: https://github.com/NiharikaCNR/STAT605-Project/raw/main/data/tracks/Nature/2V0zmL125nc9w25OBdc2oT.pickle
Error downloading file: https://github.com/NiharikaCNR/STAT605-Project/raw/main/data/tracks/Nature/65QjGjNoFbSEza40LZbgYW.pickle
Error downloading file: https://github.com/NiharikaCNR/STAT605-Project/raw/main/data/tracks/Nature/65QjGjNoFbSEza40LZbgYW.pickle
Error downloading file: https://github.com/NiharikaCNR/STAT605-Project/raw/main/data/tracks/Nature/65QjGjNoFbSEza40LZbgYW.pickle
Error downloading file: https://github.com/NiharikaCNR/STAT605-Project/raw/main/data/tracks/Nature/65QjGjNoFbSEza40LZbgYW.pickle
Error downloading file: https://github.com/NiharikaCNR/STAT605-Project/raw/main/data/tracks/Nature/23fsf9brDyIPR87QhQyFci.pickle
Error downloading file: https://github.com/NiharikaCNR/STAT605-Project/raw/main/data/tracks/Nature/7fuHFq2yWlOoBEhAeTHpKr.pickle
Error downloading file: https://github.com/NiharikaCNR/STAT605-Project/raw/main/data/tracks/Nature/0dCUcvksazRPUy1ld5xab6.pickle
Error downloading file: https://github.com/NiharikaCNR/STAT605-Project/raw/main/data/tracks/Nature/1gBPQ6xYTOszzZWng02LZZ.pickle
Error downloading file: https://github.com/NiharikaCNR/STAT605-Project/raw/main/data/tracks/Nature/7rbdKNARg0eWP3H1bvkZbi.pickle
Error downloading file: https://github.com/NiharikaCNR/STAT605-Project/raw/main/data/tracks/Nature/2jYioAcAHOTxS4IPu0zZxO.pickle
Error downloading file: https://github.com/NiharikaCNR/STAT605-Project/raw/main/data/tracks/Nature/3lwYGB4DxrEGE8uJ7JeKPx.pickle
Error downloading file: https://github.com/NiharikaCNR/STAT605-Project/raw/main/data/tracks/Nature/4mLnypSRwLgf9i2qsaBHkd.pickle
Error downloading file: https://github.com/NiharikaCNR/STAT605-Project/raw/main/data/tracks/Nature/4rpZd4h0WnZqDr67kLE3KR.pickle
Error downloading file: https://github.com/NiharikaCNR/STAT605-Project/raw/main/data/tracks/Nature/5wTruvb8ryeFw3c63pYlpD.pickle
Error downloading file: https://github.com/NiharikaCNR/STAT605-Project/raw/main/data/tracks/Nature/2LoApskCgehKJwVbl81Ktd.pickle
