Error downloading file: https://github.com/NiharikaCNR/STAT605-Project/raw/main/data/tracks/Barbershop/7s8spWIA65WP6vG18bXDP1.pickle
Error downloading file: https://github.com/NiharikaCNR/STAT605-Project/raw/main/data/tracks/Barbershop/5QHrCl8kOMIFOWYQQzHXFH.pickle
Error downloading file: https://github.com/NiharikaCNR/STAT605-Project/raw/main/data/tracks/Barbershop/3cnDBECxm9WUoGJVquJ26l.pickle
Error downloading file: https://github.com/NiharikaCNR/STAT605-Project/raw/main/data/tracks/Barbershop/16Ks4wN2wG2wGlDMm5Tphe.pickle
Error downloading file: https://github.com/NiharikaCNR/STAT605-Project/raw/main/data/tracks/Barbershop/5eDo6xh2Y06uhh4n8mXZZJ.pickle
Error downloading file: https://github.com/NiharikaCNR/STAT605-Project/raw/main/data/tracks/Barbershop/4tqMwK19FgS6MGf9djUjJA.pickle
Error downloading file: https://github.com/NiharikaCNR/STAT605-Project/raw/main/data/tracks/Barbershop/2K8lk9eDCxC9qKsiTrxTyz.pickle
Error downloading file: https://github.com/NiharikaCNR/STAT605-Project/raw/main/data/tracks/Barbershop/5aMgN8OXDv0nJUWq1v37kv.pickle
Error downloading file: https://github.com/NiharikaCNR/STAT605-Project/raw/main/data/tracks/Barbershop/101gpYTR6udtwff6zc2dYa.pickle
Error downloading file: https://github.com/NiharikaCNR/STAT605-Project/raw/main/data/tracks/Barbershop/5qQulNXlTAhtnoENRaKo7K.pickle
Error downloading file: https://github.com/NiharikaCNR/STAT605-Project/raw/main/data/tracks/Barbershop/58ZPZzTln24CpsxIDkgXRu.pickle
Error downloading file: https://github.com/NiharikaCNR/STAT605-Project/raw/main/data/tracks/Barbershop/1bZtIdKIaccBlRSzRExGwM.pickle
Error downloading file: https://github.com/NiharikaCNR/STAT605-Project/raw/main/data/tracks/Barbershop/0zbeEBe7DDaRM8KParjIBq.pickle
Error downloading file: https://github.com/NiharikaCNR/STAT605-Project/raw/main/data/tracks/Barbershop/3jJrIGb23RxyJMqMvrrX38.pickle
Error downloading file: https://github.com/NiharikaCNR/STAT605-Project/raw/main/data/tracks/Barbershop/38IssLq5FtkbpZRpNpcT1T.pickle
Error downloading file: https://github.com/NiharikaCNR/STAT605-Project/raw/main/data/tracks/Barbershop/00h9HFDaBasvU6MrvixRTo.pickle
Error downloading file: https://github.com/NiharikaCNR/STAT605-Project/raw/main/data/tracks/Barbershop/6kUd98yHlrfokElPuSHH3s.pickle
Error downloading file: https://github.com/NiharikaCNR/STAT605-Project/raw/main/data/tracks/Barbershop/2gKufIT5lJeu3u6c2Avbzm.pickle
Error downloading file: https://github.com/NiharikaCNR/STAT605-Project/raw/main/data/tracks/Barbershop/5MfdKQUnEjnqNVnj4Fmsm5.pickle
Error downloading file: https://github.com/NiharikaCNR/STAT605-Project/raw/main/data/tracks/Barbershop/1KpmJ0qMfQb96BqjJQwIap.pickle
Error downloading file: https://github.com/NiharikaCNR/STAT605-Project/raw/main/data/tracks/Barbershop/1MEeJoz0bLDxoPCdfzsUdx.pickle
Error downloading file: https://github.com/NiharikaCNR/STAT605-Project/raw/main/data/tracks/Barbershop/6hu1xWLYlUYjh7QOIldZl3.pickle
Error downloading file: https://github.com/NiharikaCNR/STAT605-Project/raw/main/data/tracks/Barbershop/4IExJnjUh0OLugrOWilLCP.pickle
Error downloading file: https://github.com/NiharikaCNR/STAT605-Project/raw/main/data/tracks/Barbershop/2elwuVGPrE6EDLgiiNJR6R.pickle
Error downloading file: https://github.com/NiharikaCNR/STAT605-Project/raw/main/data/tracks/Barbershop/2lMRebjS1GEHAKaA9XJ6Ub.pickle
Error downloading file: https://github.com/NiharikaCNR/STAT605-Project/raw/main/data/tracks/Barbershop/3DQ7GcE9EqAYHOWXDetWa4.pickle
Error downloading file: https://github.com/NiharikaCNR/STAT605-Project/raw/main/data/tracks/Barbershop/4UFJwDn67ILf1x5ETETXUj.pickle
Error downloading file: https://github.com/NiharikaCNR/STAT605-Project/raw/main/data/tracks/Barbershop/1s1kY9duH0g4jKHrxxjTkX.pickle
Error downloading file: https://github.com/NiharikaCNR/STAT605-Project/raw/main/data/tracks/Barbershop/7Lfp7FsKI4buEJYbMlt7QU.pickle
Error downloading file: https://github.com/NiharikaCNR/STAT605-Project/raw/main/data/tracks/Barbershop/7demHL0GXA6YmTNqw3Btz8.pickle
Error downloading file: https://github.com/NiharikaCNR/STAT605-Project/raw/main/data/tracks/Barbershop/0Ip2pWYQmo8NUxKql20QPk.pickle
Error downloading file: https://github.com/NiharikaCNR/STAT605-Project/raw/main/data/tracks/Barbershop/6C7aTTCUWRK7dD379yUT3W.pickle
Error downloading file: https://github.com/NiharikaCNR/STAT605-Project/raw/main/data/tracks/Barbershop/3SQhmctWreNM0X6Zkm2K5R.pickle
Error downloading file: https://github.com/NiharikaCNR/STAT605-Project/raw/main/data/tracks/Barbershop/0Ubp7kMZ6MWZIL8qkloYub.pickle
Error downloading file: https://github.com/NiharikaCNR/STAT605-Project/raw/main/data/tracks/Barbershop/4xlpJ99yL9xYQtzG6c3hwk.pickle
Error downloading file: https://github.com/NiharikaCNR/STAT605-Project/raw/main/data/tracks/Barbershop/5YfSIDiYVBXBacTLlbnPKc.pickle
Error downloading file: https://github.com/NiharikaCNR/STAT605-Project/raw/main/data/tracks/Barbershop/617uJqZrXJJypEuaALXutM.pickle
Error downloading file: https://github.com/NiharikaCNR/STAT605-Project/raw/main/data/tracks/Barbershop/4MqtBTeI5NwIdvf2ErUz5F.pickle
Error downloading file: https://github.com/NiharikaCNR/STAT605-Project/raw/main/data/tracks/Barbershop/5d6ZRqgbz26Sg4bk1oifQw.pickle
Error downloading file: https://github.com/NiharikaCNR/STAT605-Project/raw/main/data/tracks/Barbershop/1h2NZP7rlDgelQ0r1tCOzs.pickle
Error downloading file: https://github.com/NiharikaCNR/STAT605-Project/raw/main/data/tracks/Barbershop/08m7pwirwY6h90JE8dZ3D3.pickle
Error downloading file: https://github.com/NiharikaCNR/STAT605-Project/raw/main/data/tracks/Barbershop/3qz0e03PIaalwcCGwaJHMs.pickle
Error downloading file: https://github.com/NiharikaCNR/STAT605-Project/raw/main/data/tracks/Barbershop/75MzeS5tyJDX7a5ZytcqS8.pickle
Error downloading file: https://github.com/NiharikaCNR/STAT605-Project/raw/main/data/tracks/Barbershop/4NnJxkpRJzfKMJM1H3VlYt.pickle
Error downloading file: https://github.com/NiharikaCNR/STAT605-Project/raw/main/data/tracks/Barbershop/79K5pAjftYuDRdxRksHddu.pickle
Error downloading file: https://github.com/NiharikaCNR/STAT605-Project/raw/main/data/tracks/Barbershop/2UhkB6rKxTdWJj3wiYkcyx.pickle
Error downloading file: https://github.com/NiharikaCNR/STAT605-Project/raw/main/data/tracks/Barbershop/2BgekYyyiCcvina0Ihoii9.pickle
Error downloading file: https://github.com/NiharikaCNR/STAT605-Project/raw/main/data/tracks/Barbershop/0zUrqiVhuc5siPuEGmi3l6.pickle
Error downloading file: https://github.com/NiharikaCNR/STAT605-Project/raw/main/data/tracks/Barbershop/4NazHwfKb4e9WSkFM2OC52.pickle
Error downloading file: https://github.com/NiharikaCNR/STAT605-Project/raw/main/data/tracks/Barbershop/07JOGpEHBICoVjcIjF4ROY.pickle
Error downloading file: https://github.com/NiharikaCNR/STAT605-Project/raw/main/data/tracks/Barbershop/0VL7bjfwdWsGOOwhGjEe7c.pickle
Error downloading file: https://github.com/NiharikaCNR/STAT605-Project/raw/main/data/tracks/Barbershop/3qYNCi2R5PBer8Ypj4JyIR.pickle
Error downloading file: https://github.com/NiharikaCNR/STAT605-Project/raw/main/data/tracks/Barbershop/41i8T9OsxytM0m2UkZWPYC.pickle
Error downloading file: https://github.com/NiharikaCNR/STAT605-Project/raw/main/data/tracks/Barbershop/47fBL9Hqjq2kFIrg8c1wQi.pickle
Error downloading file: https://github.com/NiharikaCNR/STAT605-Project/raw/main/data/tracks/Barbershop/1xsCrfWhIiFWjcQqN5px74.pickle
Error downloading file: https://github.com/NiharikaCNR/STAT605-Project/raw/main/data/tracks/Barbershop/11OHCOmCIIefE4AgZRn0x5.pickle
Error downloading file: https://github.com/NiharikaCNR/STAT605-Project/raw/main/data/tracks/Barbershop/7s6yBXW6U0NzEMUSvesOzK.pickle
Error downloading file: https://github.com/NiharikaCNR/STAT605-Project/raw/main/data/tracks/Barbershop/5cWKBOUUemcjynxC5hS7yP.pickle
Error downloading file: https://github.com/NiharikaCNR/STAT605-Project/raw/main/data/tracks/Barbershop/5XUiqQLF5mSkBs16ohiEXQ.pickle
Error downloading file: https://github.com/NiharikaCNR/STAT605-Project/raw/main/data/tracks/Barbershop/6sZAFmZ4nd9vzlQxniH2ZF.pickle
Error downloading file: https://github.com/NiharikaCNR/STAT605-Project/raw/main/data/tracks/Barbershop/1q7njNe2QfE0xbZMtTOT2m.pickle
Error downloading file: https://github.com/NiharikaCNR/STAT605-Project/raw/main/data/tracks/Barbershop/74hKkSJTY4Z6P6BRV1641u.pickle
Error downloading file: https://github.com/NiharikaCNR/STAT605-Project/raw/main/data/tracks/Barbershop/1rBIYkgvWp4cJAZ8gKmw00.pickle
Error downloading file: https://github.com/NiharikaCNR/STAT605-Project/raw/main/data/tracks/Barbershop/5H0RXTeRWDKTrQNMWNPm7Y.pickle
Error downloading file: https://github.com/NiharikaCNR/STAT605-Project/raw/main/data/tracks/Barbershop/05OCYhoEeasqAJXKtYxRZi.pickle
Error downloading file: https://github.com/NiharikaCNR/STAT605-Project/raw/main/data/tracks/Barbershop/73uI3NKaD0DFQ78jAyNGsW.pickle
Error downloading file: https://github.com/NiharikaCNR/STAT605-Project/raw/main/data/tracks/Barbershop/1hcs4ZGMVsnKgBRawd1cCA.pickle
Error downloading file: https://github.com/NiharikaCNR/STAT605-Project/raw/main/data/tracks/Barbershop/3IrcXSg255PDIIu0UjzRLh.pickle
Error downloading file: https://github.com/NiharikaCNR/STAT605-Project/raw/main/data/tracks/Barbershop/56C5JzYMVoeaWIcgcutdWI.pickle
Error downloading file: https://github.com/NiharikaCNR/STAT605-Project/raw/main/data/tracks/Barbershop/40Cm3xxLnHUK8y2TVF4Jyp.pickle
Error downloading file: https://github.com/NiharikaCNR/STAT605-Project/raw/main/data/tracks/Barbershop/0a4npNaaH0FuAVkH2ORqpH.pickle
Error downloading file: https://github.com/NiharikaCNR/STAT605-Project/raw/main/data/tracks/Barbershop/3owKZYdWWzNcThn3NLRkb3.pickle
Error downloading file: https://github.com/NiharikaCNR/STAT605-Project/raw/main/data/tracks/Barbershop/1SQUpaFHUAG42eIawsuSlj.pickle
Error downloading file: https://github.com/NiharikaCNR/STAT605-Project/raw/main/data/tracks/Barbershop/6uJXOi796U1D8iW9fj2ZGn.pickle
Error downloading file: https://github.com/NiharikaCNR/STAT605-Project/raw/main/data/tracks/Barbershop/6i8SZ4NIrYeyrbBOoRSC9z.pickle
Error downloading file: https://github.com/NiharikaCNR/STAT605-Project/raw/main/data/tracks/Barbershop/7hxZF4jETnE5Q75rKQnMjE.pickle
Error downloading file: https://github.com/NiharikaCNR/STAT605-Project/raw/main/data/tracks/Barbershop/1INWPr855fwWdAOeecbu0W.pickle
Error downloading file: https://github.com/NiharikaCNR/STAT605-Project/raw/main/data/tracks/Barbershop/6pyex9B1kBoRIuabBAc4m8.pickle
Error downloading file: https://github.com/NiharikaCNR/STAT605-Project/raw/main/data/tracks/Barbershop/0x61kbCcvC8WqSihmQMgdA.pickle
Error downloading file: https://github.com/NiharikaCNR/STAT605-Project/raw/main/data/tracks/Barbershop/7H7NyZ3G075GqPx2evsfeb.pickle
Error downloading file: https://github.com/NiharikaCNR/STAT605-Project/raw/main/data/tracks/Barbershop/0BJTbkmrB2Y4E9M8qVzbYZ.pickle
