Error downloading file: https://github.com/NiharikaCNR/STAT605-Project/raw/main/data/tracks/Avant-Garde/27ViQppP3LZPCJl2A0w9kp.pickle
Error downloading file: https://github.com/NiharikaCNR/STAT605-Project/raw/main/data/tracks/Avant-Garde/3NYCaxkggl0Hh8vQptSUvV.pickle
Error downloading file: https://github.com/NiharikaCNR/STAT605-Project/raw/main/data/tracks/Avant-Garde/21T9lWigjSIMg9uD6ZfRnQ.pickle
Error downloading file: https://github.com/NiharikaCNR/STAT605-Project/raw/main/data/tracks/Avant-Garde/0wwbxSLnXXws3sD0AKMfUT.pickle
Error downloading file: https://github.com/NiharikaCNR/STAT605-Project/raw/main/data/tracks/Avant-Garde/3QMmsuQyB2m4XAkM3VkKTR.pickle
Error downloading file: https://github.com/NiharikaCNR/STAT605-Project/raw/main/data/tracks/Avant-Garde/1zkQJfNo2KpqqCKOOvWPF4.pickle
Error downloading file: https://github.com/NiharikaCNR/STAT605-Project/raw/main/data/tracks/Avant-Garde/6amZm52SfS7d6oCEu9NDMl.pickle
Error downloading file: https://github.com/NiharikaCNR/STAT605-Project/raw/main/data/tracks/Avant-Garde/4tPFEWRuNQhibDQSGB2PVE.pickle
Error downloading file: https://github.com/NiharikaCNR/STAT605-Project/raw/main/data/tracks/Avant-Garde/0XDv7SLyMkGcAnb12fMHa1.pickle
Error downloading file: https://github.com/NiharikaCNR/STAT605-Project/raw/main/data/tracks/Avant-Garde/4B9lC39ZaRFEku3aneRmAE.pickle
Error downloading file: https://github.com/NiharikaCNR/STAT605-Project/raw/main/data/tracks/Avant-Garde/5Nb2FhpX5DjmvybICaqDoU.pickle
Error downloading file: https://github.com/NiharikaCNR/STAT605-Project/raw/main/data/tracks/Avant-Garde/1TzO5EpM43HmjrLjraXj89.pickle
Error downloading file: https://github.com/NiharikaCNR/STAT605-Project/raw/main/data/tracks/Avant-Garde/3tuaOXGEQ8FigsBxCVs6ym.pickle
Error downloading file: https://github.com/NiharikaCNR/STAT605-Project/raw/main/data/tracks/Avant-Garde/1KDB5DROHzxkOtCdxaDt2N.pickle
Error downloading file: https://github.com/NiharikaCNR/STAT605-Project/raw/main/data/tracks/Avant-Garde/0sAVYHgKRKG7k9akb7xnjE.pickle
Error downloading file: https://github.com/NiharikaCNR/STAT605-Project/raw/main/data/tracks/Avant-Garde/6vUD4r17csixgwR84VhpCF.pickle
Error downloading file: https://github.com/NiharikaCNR/STAT605-Project/raw/main/data/tracks/Avant-Garde/0oU1wL8FqgKwTPa50nACdd.pickle
Error downloading file: https://github.com/NiharikaCNR/STAT605-Project/raw/main/data/tracks/Avant-Garde/5t2HOfJViZZxp0B7u6lXvV.pickle
Error downloading file: https://github.com/NiharikaCNR/STAT605-Project/raw/main/data/tracks/Avant-Garde/29QxWOqd1z0HynG72mAEqn.pickle
Error downloading file: https://github.com/NiharikaCNR/STAT605-Project/raw/main/data/tracks/Avant-Garde/2vULfNEAOjjRyjj6hs0kBm.pickle
Error downloading file: https://github.com/NiharikaCNR/STAT605-Project/raw/main/data/tracks/Avant-Garde/4ijNab1GM0JSZoe0I2KCOd.pickle
Error downloading file: https://github.com/NiharikaCNR/STAT605-Project/raw/main/data/tracks/Avant-Garde/02RkunUrCBLE5J6jY56QH3.pickle
Error downloading file: https://github.com/NiharikaCNR/STAT605-Project/raw/main/data/tracks/Avant-Garde/2Zfo8pTcTuxMlzcNZhtfUC.pickle
Error downloading file: https://github.com/NiharikaCNR/STAT605-Project/raw/main/data/tracks/Avant-Garde/4pNDusZhcM2Cl0gMtSzGgn.pickle
Error downloading file: https://github.com/NiharikaCNR/STAT605-Project/raw/main/data/tracks/Avant-Garde/6oGmvO8bgRMLjD7y3F2IUY.pickle
Error downloading file: https://github.com/NiharikaCNR/STAT605-Project/raw/main/data/tracks/Avant-Garde/5uDu2qOoDou7cFXsipAo8l.pickle
Error downloading file: https://github.com/NiharikaCNR/STAT605-Project/raw/main/data/tracks/Avant-Garde/5ygfRsuvxriEa1e8FPLxlx.pickle
Error downloading file: https://github.com/NiharikaCNR/STAT605-Project/raw/main/data/tracks/Avant-Garde/0jFxflfnQGqqZKKgo2KE1R.pickle
Error downloading file: https://github.com/NiharikaCNR/STAT605-Project/raw/main/data/tracks/Avant-Garde/5uMjUPBdhtjqXOQq8NU4LF.pickle
Error downloading file: https://github.com/NiharikaCNR/STAT605-Project/raw/main/data/tracks/Avant-Garde/6Dv23ECX3PxZXzxFKGOVDc.pickle
Error downloading file: https://github.com/NiharikaCNR/STAT605-Project/raw/main/data/tracks/Avant-Garde/5FgQkEcqMXCqFdcsEx143b.pickle
Error downloading file: https://github.com/NiharikaCNR/STAT605-Project/raw/main/data/tracks/Avant-Garde/2N0bUYn3p2m5zOYTMi4lFv.pickle
Error downloading file: https://github.com/NiharikaCNR/STAT605-Project/raw/main/data/tracks/Avant-Garde/1IQmZ2Hz0HEtb8rwXNci4i.pickle
Error downloading file: https://github.com/NiharikaCNR/STAT605-Project/raw/main/data/tracks/Avant-Garde/5Lc1uQAvtbvn3bl2CYmJan.pickle
Error downloading file: https://github.com/NiharikaCNR/STAT605-Project/raw/main/data/tracks/Avant-Garde/6ExtKbeSIXmeYBZgfBoJYK.pickle
Error downloading file: https://github.com/NiharikaCNR/STAT605-Project/raw/main/data/tracks/Avant-Garde/6kHetuCiokmiYqE9bhtNJ1.pickle
Error downloading file: https://github.com/NiharikaCNR/STAT605-Project/raw/main/data/tracks/Avant-Garde/1ArJ1Lz2mC09wQRAGkDqOT.pickle
Error downloading file: https://github.com/NiharikaCNR/STAT605-Project/raw/main/data/tracks/Avant-Garde/7K9cVxTK7qMEz5tSLR9zCT.pickle
Error downloading file: https://github.com/NiharikaCNR/STAT605-Project/raw/main/data/tracks/Avant-Garde/7vMYlYEwHJzoty4G6rk1Sy.pickle
Error downloading file: https://github.com/NiharikaCNR/STAT605-Project/raw/main/data/tracks/Avant-Garde/23aDP04QX8MAHA99FLaPtN.pickle
Error downloading file: https://github.com/NiharikaCNR/STAT605-Project/raw/main/data/tracks/Avant-Garde/2VzRmb0GCPDBv6FddHGu7s.pickle
Error downloading file: https://github.com/NiharikaCNR/STAT605-Project/raw/main/data/tracks/Avant-Garde/6BD4u2tOTHMlACAZ8gX0Gs.pickle
Error downloading file: https://github.com/NiharikaCNR/STAT605-Project/raw/main/data/tracks/Avant-Garde/7kRwrcpzMVZpG2M4nEduS4.pickle
Error downloading file: https://github.com/NiharikaCNR/STAT605-Project/raw/main/data/tracks/Avant-Garde/3PlISmMU7prdRBG6zLcGfi.pickle
Error downloading file: https://github.com/NiharikaCNR/STAT605-Project/raw/main/data/tracks/Avant-Garde/5CAmEnsH5Cqvuo6Qxh6b0D.pickle
Error downloading file: https://github.com/NiharikaCNR/STAT605-Project/raw/main/data/tracks/Avant-Garde/3PJMsxg6rz9FOo6xNiASXz.pickle
Error downloading file: https://github.com/NiharikaCNR/STAT605-Project/raw/main/data/tracks/Avant-Garde/1QFh8OH1e78dGd3VyJZCAC.pickle
Error downloading file: https://github.com/NiharikaCNR/STAT605-Project/raw/main/data/tracks/Avant-Garde/3SelopnR6OJ9pS2NIH5RHI.pickle
Error downloading file: https://github.com/NiharikaCNR/STAT605-Project/raw/main/data/tracks/Avant-Garde/1r8oPEXqnhUVgkUkJNqEuF.pickle
Error downloading file: https://github.com/NiharikaCNR/STAT605-Project/raw/main/data/tracks/Avant-Garde/7dOZxMY4U4YZ3eFwOTABXK.pickle
Error downloading file: https://github.com/NiharikaCNR/STAT605-Project/raw/main/data/tracks/Avant-Garde/3qLZ866ZfaK0B0R5FIqXLG.pickle
Error downloading file: https://github.com/NiharikaCNR/STAT605-Project/raw/main/data/tracks/Avant-Garde/4820SC1xnUaabzzYQTDkP2.pickle
Error downloading file: https://github.com/NiharikaCNR/STAT605-Project/raw/main/data/tracks/Avant-Garde/2BndJYJQ17UcEeUFJP5JmY.pickle
Error downloading file: https://github.com/NiharikaCNR/STAT605-Project/raw/main/data/tracks/Avant-Garde/1ZnXuijpwEBjhNxpEnb8WH.pickle
Error downloading file: https://github.com/NiharikaCNR/STAT605-Project/raw/main/data/tracks/Avant-Garde/1LwP9g1Hjbs64jXM2Qsxry.pickle
Error downloading file: https://github.com/NiharikaCNR/STAT605-Project/raw/main/data/tracks/Avant-Garde/3kKVqFF4pv4EXeQe428zl2.pickle
Error downloading file: https://github.com/NiharikaCNR/STAT605-Project/raw/main/data/tracks/Avant-Garde/6HxU7SRfbM1LLK3TTNohAY.pickle
Error downloading file: https://github.com/NiharikaCNR/STAT605-Project/raw/main/data/tracks/Avant-Garde/2u7vy4E7raAt291mJwxxK4.pickle
Error downloading file: https://github.com/NiharikaCNR/STAT605-Project/raw/main/data/tracks/Avant-Garde/2gG3ivmsfylVXLyIJvLXyN.pickle
Error downloading file: https://github.com/NiharikaCNR/STAT605-Project/raw/main/data/tracks/Avant-Garde/2vRdgBjvjF6LHaWVssDeGN.pickle
Error downloading file: https://github.com/NiharikaCNR/STAT605-Project/raw/main/data/tracks/Avant-Garde/7DbbEaULNuEe95sxVJFwXQ.pickle
Error downloading file: https://github.com/NiharikaCNR/STAT605-Project/raw/main/data/tracks/Avant-Garde/24ZRVI5AXuSYxZgqXQa7ui.pickle
Error downloading file: https://github.com/NiharikaCNR/STAT605-Project/raw/main/data/tracks/Avant-Garde/2u7J292h3IjJlWSs4VBYkf.pickle
Error downloading file: https://github.com/NiharikaCNR/STAT605-Project/raw/main/data/tracks/Avant-Garde/5guasiYhIKTJC84TNsazSm.pickle
Error downloading file: https://github.com/NiharikaCNR/STAT605-Project/raw/main/data/tracks/Avant-Garde/0CLbmkYmQIWiEwnsbOkLpd.pickle
Error downloading file: https://github.com/NiharikaCNR/STAT605-Project/raw/main/data/tracks/Avant-Garde/7hs0Q5T9oyYMuGg4EQZenj.pickle
Error downloading file: https://github.com/NiharikaCNR/STAT605-Project/raw/main/data/tracks/Avant-Garde/2Wac2hlUTjfiUu27sLHGIi.pickle
Error downloading file: https://github.com/NiharikaCNR/STAT605-Project/raw/main/data/tracks/Avant-Garde/6vTtCOimcPs5H1Jr9d0Aep.pickle
Error downloading file: https://github.com/NiharikaCNR/STAT605-Project/raw/main/data/tracks/Avant-Garde/4kOy7M6eT5kYJCZxh0c6Lh.pickle
Error downloading file: https://github.com/NiharikaCNR/STAT605-Project/raw/main/data/tracks/Avant-Garde/0EjtZmOLT6WLShJRHCFWVU.pickle
Error downloading file: https://github.com/NiharikaCNR/STAT605-Project/raw/main/data/tracks/Avant-Garde/2AX5E86cn9n2dgioZEjirI.pickle
Error downloading file: https://github.com/NiharikaCNR/STAT605-Project/raw/main/data/tracks/Avant-Garde/7AL6qzIDHIX7pEUWrzNiIs.pickle
Error downloading file: https://github.com/NiharikaCNR/STAT605-Project/raw/main/data/tracks/Avant-Garde/5WZSFvCa9sw3lDufP9w8nb.pickle
Error downloading file: https://github.com/NiharikaCNR/STAT605-Project/raw/main/data/tracks/Avant-Garde/4N92mYGzWCFp8X925TUdSI.pickle
Error downloading file: https://github.com/NiharikaCNR/STAT605-Project/raw/main/data/tracks/Avant-Garde/4Lj5cpFVJHOhg63hAmVb2c.pickle
Error downloading file: https://github.com/NiharikaCNR/STAT605-Project/raw/main/data/tracks/Avant-Garde/7hyAAjHZaDWSPDzlUYNUIa.pickle
Error downloading file: https://github.com/NiharikaCNR/STAT605-Project/raw/main/data/tracks/Avant-Garde/5R1zMU359iUA56GRA2a8Oe.pickle
Error downloading file: https://github.com/NiharikaCNR/STAT605-Project/raw/main/data/tracks/Avant-Garde/5Nn2Dj7OQsGL6pgQ9iIzPp.pickle
